[2021-03-12 08:06:39,499] {taskinstance.py:851} INFO - Dependencies all met for <TaskInstance: conversion_flow.taskSchemaConv 2021-03-12T08:06:35+00:00 [queued]>
[2021-03-12 08:06:39,506] {taskinstance.py:851} INFO - Dependencies all met for <TaskInstance: conversion_flow.taskSchemaConv 2021-03-12T08:06:35+00:00 [queued]>
[2021-03-12 08:06:39,507] {taskinstance.py:1042} INFO - 
--------------------------------------------------------------------------------
[2021-03-12 08:06:39,507] {taskinstance.py:1043} INFO - Starting attempt 1 of 1
[2021-03-12 08:06:39,507] {taskinstance.py:1044} INFO - 
--------------------------------------------------------------------------------
[2021-03-12 08:06:39,511] {taskinstance.py:1063} INFO - Executing <Task(PythonOperator): taskSchemaConv> on 2021-03-12T08:06:35+00:00
[2021-03-12 08:06:39,512] {standard_task_runner.py:52} INFO - Started process 237 to run task
[2021-03-12 08:06:39,515] {standard_task_runner.py:76} INFO - Running: ['airflow', 'tasks', 'run', 'conversion_flow', 'taskSchemaConv', '2021-03-12T08:06:35+00:00', '--job-id', '33', '--pool', 'default_pool', '--raw', '--subdir', '/srv/app/src/ckanext-mysql2mongodb/ckanext/mysql2mongodb/data_conv/dag/conversion_flow.py', '--cfg-path', '/tmp/tmpcjrw4kfl', '--error-file', '/tmp/tmpnd0emvzb']
[2021-03-12 08:06:39,515] {standard_task_runner.py:77} INFO - Job 33: Subtask taskSchemaConv
[2021-03-12 08:06:39,537] {logging_mixin.py:104} INFO - Running <TaskInstance: conversion_flow.taskSchemaConv 2021-03-12T08:06:35+00:00 [running]> on host 83c843b036e0
[2021-03-12 08:06:39,558] {taskinstance.py:1257} INFO - Exporting the following env vars:
AIRFLOW_CTX_DAG_OWNER=airflow
AIRFLOW_CTX_DAG_ID=conversion_flow
AIRFLOW_CTX_TASK_ID=taskSchemaConv
AIRFLOW_CTX_EXECUTION_DATE=2021-03-12T08:06:35+00:00
AIRFLOW_CTX_DAG_RUN_ID=conversion_flow1615536395.373682
[2021-03-12 08:06:42,040] {logging_mixin.py:104} INFO - Generate MySQL database sakila successfully!
[2021-03-12 08:06:42,069] {logging_mixin.py:104} INFO - Save schema from sakila database to MongoDB successfully!
[2021-03-12 08:06:42,101] {logging_mixin.py:104} INFO - Write JSON data to MongoDB collection schema_view successfully!
[2021-03-12 08:06:42,101] {logging_mixin.py:104} INFO - Save schema view from sakila database to MongoDB successfully!
[2021-03-12 08:06:42,285] {logging_mixin.py:104} INFO - Connected to MySQL Server version  8.0.22
[2021-03-12 08:06:42,525] {python.py:118} INFO - Done. Returned value was: None
[2021-03-12 08:06:42,530] {taskinstance.py:1166} INFO - Marking task as SUCCESS. dag_id=conversion_flow, task_id=taskSchemaConv, execution_date=20210312T080635, start_date=20210312T080639, end_date=20210312T080642
[2021-03-12 08:06:42,546] {taskinstance.py:1220} INFO - 1 downstream tasks scheduled from follow-on schedule check
[2021-03-12 08:06:42,576] {local_task_job.py:146} INFO - Task exited with return code 0
