[2021-03-12 10:33:20,177] {taskinstance.py:851} INFO - Dependencies all met for <TaskInstance: conversion_flow.taskPrepare 2021-03-12T10:33:19+00:00 [queued]>
[2021-03-12 10:33:20,185] {taskinstance.py:851} INFO - Dependencies all met for <TaskInstance: conversion_flow.taskPrepare 2021-03-12T10:33:19+00:00 [queued]>
[2021-03-12 10:33:20,185] {taskinstance.py:1042} INFO - 
--------------------------------------------------------------------------------
[2021-03-12 10:33:20,185] {taskinstance.py:1043} INFO - Starting attempt 1 of 1
[2021-03-12 10:33:20,185] {taskinstance.py:1044} INFO - 
--------------------------------------------------------------------------------
[2021-03-12 10:33:20,190] {taskinstance.py:1063} INFO - Executing <Task(PythonOperator): taskPrepare> on 2021-03-12T10:33:19+00:00
[2021-03-12 10:33:20,191] {standard_task_runner.py:52} INFO - Started process 803 to run task
[2021-03-12 10:33:20,193] {standard_task_runner.py:76} INFO - Running: ['airflow', 'tasks', 'run', 'conversion_flow', 'taskPrepare', '2021-03-12T10:33:19+00:00', '--job-id', '13', '--pool', 'default_pool', '--raw', '--subdir', '/srv/app/src/ckanext-mysql2mongodb/ckanext/mysql2mongodb/data_conv/dag/conversion_flow.py', '--cfg-path', '/tmp/tmpem3tz4hs', '--error-file', '/tmp/tmpp5uj2g1r']
[2021-03-12 10:33:20,194] {standard_task_runner.py:77} INFO - Job 13: Subtask taskPrepare
[2021-03-12 10:33:20,217] {logging_mixin.py:104} INFO - Running <TaskInstance: conversion_flow.taskPrepare 2021-03-12T10:33:19+00:00 [running]> on host 345538432daf
[2021-03-12 10:33:20,237] {taskinstance.py:1257} INFO - Exporting the following env vars:
AIRFLOW_CTX_DAG_OWNER=airflow
AIRFLOW_CTX_DAG_ID=conversion_flow
AIRFLOW_CTX_TASK_ID=taskPrepare
AIRFLOW_CTX_EXECUTION_DATE=2021-03-12T10:33:19+00:00
AIRFLOW_CTX_DAG_RUN_ID=conversion_flow1615545198.950674
[2021-03-12 10:33:20,279] {logging_mixin.py:104} INFO - Connected to MySQL Server version  8.0.22
[2021-03-12 10:33:20,368] {python.py:118} INFO - Done. Returned value was: True
[2021-03-12 10:33:20,379] {taskinstance.py:1166} INFO - Marking task as SUCCESS. dag_id=conversion_flow, task_id=taskPrepare, execution_date=20210312T103319, start_date=20210312T103320, end_date=20210312T103320
[2021-03-12 10:33:20,394] {taskinstance.py:1220} INFO - 1 downstream tasks scheduled from follow-on schedule check
[2021-03-12 10:33:20,405] {local_task_job.py:146} INFO - Task exited with return code 0
