[2021-03-12 07:56:12,895] {taskinstance.py:851} INFO - Dependencies all met for <TaskInstance: conversion_flow.taskDataConv 2021-03-12T07:56:03+00:00 [queued]>
[2021-03-12 07:56:12,904] {taskinstance.py:851} INFO - Dependencies all met for <TaskInstance: conversion_flow.taskDataConv 2021-03-12T07:56:03+00:00 [queued]>
[2021-03-12 07:56:12,904] {taskinstance.py:1042} INFO - 
--------------------------------------------------------------------------------
[2021-03-12 07:56:12,904] {taskinstance.py:1043} INFO - Starting attempt 1 of 1
[2021-03-12 07:56:12,904] {taskinstance.py:1044} INFO - 
--------------------------------------------------------------------------------
[2021-03-12 07:56:12,909] {taskinstance.py:1063} INFO - Executing <Task(PythonOperator): taskDataConv> on 2021-03-12T07:56:03+00:00
[2021-03-12 07:56:12,910] {standard_task_runner.py:52} INFO - Started process 433 to run task
[2021-03-12 07:56:12,913] {standard_task_runner.py:76} INFO - Running: ['airflow', 'tasks', 'run', 'conversion_flow', 'taskDataConv', '2021-03-12T07:56:03+00:00', '--job-id', '29', '--pool', 'default_pool', '--raw', '--subdir', '/srv/app/src/ckanext-mysql2mongodb/ckanext/mysql2mongodb/data_conv/dag/conversion_flow.py', '--cfg-path', '/tmp/tmpwihgceip', '--error-file', '/tmp/tmppzmhx62g']
[2021-03-12 07:56:12,913] {standard_task_runner.py:77} INFO - Job 29: Subtask taskDataConv
[2021-03-12 07:56:12,938] {logging_mixin.py:104} INFO - Running <TaskInstance: conversion_flow.taskDataConv 2021-03-12T07:56:03+00:00 [running]> on host 83c843b036e0
[2021-03-12 07:56:12,959] {taskinstance.py:1257} INFO - Exporting the following env vars:
AIRFLOW_CTX_DAG_OWNER=airflow
AIRFLOW_CTX_DAG_ID=conversion_flow
AIRFLOW_CTX_TASK_ID=taskDataConv
AIRFLOW_CTX_EXECUTION_DATE=2021-03-12T07:56:03+00:00
AIRFLOW_CTX_DAG_RUN_ID=conversion_flow1615535763.509049
[2021-03-12 07:56:13,057] {logging_mixin.py:104} INFO - Connected to MySQL Server version  8.0.22
[2021-03-12 07:56:13,060] {logging_mixin.py:104} INFO - MySQL connection is closed!
[2021-03-12 07:56:13,079] {logging_mixin.py:104} INFO - Write JSON data to MongoDB collection actor successfully!
[2021-03-12 07:56:13,082] {logging_mixin.py:104} INFO - Connected to MySQL Server version  8.0.22
[2021-03-12 07:56:13,086] {logging_mixin.py:104} INFO - MySQL connection is closed!
[2021-03-12 07:56:13,127] {logging_mixin.py:104} INFO - Write JSON data to MongoDB collection address successfully!
[2021-03-12 07:56:13,130] {logging_mixin.py:104} INFO - Connected to MySQL Server version  8.0.22
[2021-03-12 07:56:13,132] {logging_mixin.py:104} INFO - MySQL connection is closed!
[2021-03-12 07:56:13,146] {logging_mixin.py:104} INFO - Write JSON data to MongoDB collection category successfully!
[2021-03-12 07:56:13,149] {logging_mixin.py:104} INFO - Connected to MySQL Server version  8.0.22
[2021-03-12 07:56:13,151] {logging_mixin.py:104} INFO - MySQL connection is closed!
[2021-03-12 07:56:13,179] {logging_mixin.py:104} INFO - Write JSON data to MongoDB collection city successfully!
[2021-03-12 07:56:13,182] {logging_mixin.py:104} INFO - Connected to MySQL Server version  8.0.22
[2021-03-12 07:56:13,183] {logging_mixin.py:104} INFO - MySQL connection is closed!
[2021-03-12 07:56:13,197] {logging_mixin.py:104} INFO - Write JSON data to MongoDB collection country successfully!
[2021-03-12 07:56:13,199] {logging_mixin.py:104} INFO - Connected to MySQL Server version  8.0.22
[2021-03-12 07:56:13,202] {logging_mixin.py:104} INFO - MySQL connection is closed!
[2021-03-12 07:56:13,240] {logging_mixin.py:104} INFO - Write JSON data to MongoDB collection customer successfully!
[2021-03-12 07:56:13,243] {logging_mixin.py:104} INFO - Connected to MySQL Server version  8.0.22
[2021-03-12 07:56:13,249] {logging_mixin.py:104} INFO - MySQL connection is closed!
[2021-03-12 07:56:13,340] {logging_mixin.py:104} INFO - Write JSON data to MongoDB collection film successfully!
[2021-03-12 07:56:13,343] {logging_mixin.py:104} INFO - Connected to MySQL Server version  8.0.22
[2021-03-12 07:56:13,351] {logging_mixin.py:104} INFO - MySQL connection is closed!
[2021-03-12 07:56:13,505] {logging_mixin.py:104} INFO - Write JSON data to MongoDB collection film_actor successfully!
[2021-03-12 07:56:13,509] {logging_mixin.py:104} INFO - Connected to MySQL Server version  8.0.22
[2021-03-12 07:56:13,512] {logging_mixin.py:104} INFO - MySQL connection is closed!
[2021-03-12 07:56:13,547] {logging_mixin.py:104} INFO - Write JSON data to MongoDB collection film_category successfully!
[2021-03-12 07:56:13,550] {logging_mixin.py:104} INFO - Connected to MySQL Server version  8.0.22
[2021-03-12 07:56:13,552] {logging_mixin.py:104} INFO - MySQL connection is closed!
[2021-03-12 07:56:13,591] {logging_mixin.py:104} INFO - Write JSON data to MongoDB collection film_text successfully!
[2021-03-12 07:56:13,594] {logging_mixin.py:104} INFO - Connected to MySQL Server version  8.0.22
[2021-03-12 07:56:13,604] {logging_mixin.py:104} INFO - MySQL connection is closed!
[2021-03-12 07:56:13,759] {logging_mixin.py:104} INFO - Write JSON data to MongoDB collection inventory successfully!
[2021-03-12 07:56:13,765] {logging_mixin.py:104} INFO - Connected to MySQL Server version  8.0.22
[2021-03-12 07:56:13,768] {logging_mixin.py:104} INFO - MySQL connection is closed!
[2021-03-12 07:56:13,786] {logging_mixin.py:104} INFO - Write JSON data to MongoDB collection language successfully!
[2021-03-12 07:56:13,791] {logging_mixin.py:104} INFO - Connected to MySQL Server version  8.0.22
[2021-03-12 07:56:13,909] {logging_mixin.py:104} INFO - MySQL connection is closed!
[2021-03-12 07:56:14,809] {logging_mixin.py:104} INFO - Write JSON data to MongoDB collection payment successfully!
[2021-03-12 07:56:14,819] {logging_mixin.py:104} INFO - Connected to MySQL Server version  8.0.22
[2021-03-12 07:56:14,860] {logging_mixin.py:104} INFO - MySQL connection is closed!
[2021-03-12 07:56:15,593] {logging_mixin.py:104} INFO - Write JSON data to MongoDB collection rental successfully!
[2021-03-12 07:56:15,601] {logging_mixin.py:104} INFO - Connected to MySQL Server version  8.0.22
[2021-03-12 07:56:15,602] {logging_mixin.py:104} INFO - MySQL connection is closed!
[2021-03-12 07:56:15,615] {logging_mixin.py:104} INFO - Write JSON data to MongoDB collection staff successfully!
[2021-03-12 07:56:15,618] {logging_mixin.py:104} INFO - Connected to MySQL Server version  8.0.22
[2021-03-12 07:56:15,620] {logging_mixin.py:104} INFO - MySQL connection is closed!
[2021-03-12 07:56:15,645] {logging_mixin.py:104} INFO - Write JSON data to MongoDB collection store successfully!
[2021-03-12 07:56:15,645] {logging_mixin.py:104} INFO - Time for migrating MySQL to MongoDB: 2594.2
[2021-03-12 07:56:15,649] {logging_mixin.py:104} INFO - Connected to MySQL Server version  8.0.22
[2021-03-12 07:56:15,655] {logging_mixin.py:104} INFO - Disconnected to MySQL Server version  8.0.22
[2021-03-12 07:56:15,658] {logging_mixin.py:104} INFO - Connected to MySQL Server version  8.0.22
[2021-03-12 07:56:15,658] {logging_mixin.py:104} INFO - Create validated table successfully!
[2021-03-12 07:56:15,865] {logging_mixin.py:104} INFO - Insert done!
[2021-03-12 07:56:15,976] {logging_mixin.py:104} INFO - Insert done!
[2021-03-12 07:56:15,996] {logging_mixin.py:104} INFO - Insert done!
[2021-03-12 07:56:16,101] {logging_mixin.py:104} INFO - Insert done!
[2021-03-12 07:56:16,127] {logging_mixin.py:104} INFO - Insert done!
[2021-03-12 07:56:16,219] {logging_mixin.py:104} INFO - Insert done!
[2021-03-12 07:56:16,405] {logging_mixin.py:104} INFO - Insert done!
[2021-03-12 07:56:17,011] {logging_mixin.py:104} INFO - Insert done!
[2021-03-12 07:56:17,168] {logging_mixin.py:104} INFO - Insert done!
[2021-03-12 07:56:17,334] {logging_mixin.py:104} INFO - Insert done!
[2021-03-12 07:56:17,880] {logging_mixin.py:104} INFO - Insert done!
[2021-03-12 07:56:17,899] {logging_mixin.py:104} INFO - Insert done!
[2021-03-12 07:56:20,147] {logging_mixin.py:104} INFO - Insert done!
[2021-03-12 07:56:22,372] {logging_mixin.py:104} INFO - Insert done!
[2021-03-12 07:56:22,400] {logging_mixin.py:104} INFO - Insert done!
[2021-03-12 07:56:22,414] {logging_mixin.py:104} INFO - Insert done!
[2021-03-12 07:56:23,333] {logging_mixin.py:104} INFO - Disconnected to MySQL Server version  8.0.22
[2021-03-12 07:56:23,335] {logging_mixin.py:104} INFO - Connected to MySQL Server version  8.0.22
[2021-03-12 07:56:23,338] {logging_mixin.py:104} INFO - Connected to MySQL Server version  8.0.22
[2021-03-12 07:56:23,349] {logging_mixin.py:104} INFO - 200 200 200
[2021-03-12 07:56:23,351] {logging_mixin.py:104} INFO - 603 603 603
[2021-03-12 07:56:23,353] {logging_mixin.py:104} INFO - 16 16 16
[2021-03-12 07:56:23,354] {logging_mixin.py:104} INFO - 600 600 600
[2021-03-12 07:56:23,358] {logging_mixin.py:104} INFO - 109 109 109
[2021-03-12 07:56:23,360] {logging_mixin.py:104} INFO - 599 599 599
[2021-03-12 07:56:23,363] {logging_mixin.py:104} INFO - 1000 1000 1000
[2021-03-12 07:56:23,365] {logging_mixin.py:104} INFO - 5462 5462 5462
[2021-03-12 07:56:23,366] {logging_mixin.py:104} INFO - 1000 1000 1000
[2021-03-12 07:56:23,368] {logging_mixin.py:104} INFO - 1000 1000 1000
[2021-03-12 07:56:23,370] {logging_mixin.py:104} INFO - 4581 4581 4581
[2021-03-12 07:56:23,372] {logging_mixin.py:104} INFO - 6 6 6
[2021-03-12 07:56:23,374] {logging_mixin.py:104} INFO - 16049 16049 16049
[2021-03-12 07:56:23,378] {logging_mixin.py:104} INFO - 16044 16044 16044
[2021-03-12 07:56:23,380] {logging_mixin.py:104} INFO - 2 2 2
[2021-03-12 07:56:23,382] {logging_mixin.py:104} INFO - 2 2 2
[2021-03-12 07:56:35,371] {logging_mixin.py:104} INFO - Convert relations successfully!
[2021-03-12 07:56:35,394] {python.py:118} INFO - Done. Returned value was: None
[2021-03-12 07:56:35,400] {taskinstance.py:1166} INFO - Marking task as SUCCESS. dag_id=conversion_flow, task_id=taskDataConv, execution_date=20210312T075603, start_date=20210312T075612, end_date=20210312T075635
[2021-03-12 07:56:35,418] {taskinstance.py:1220} INFO - 1 downstream tasks scheduled from follow-on schedule check
[2021-03-12 07:56:35,451] {local_task_job.py:146} INFO - Task exited with return code 0
