[2021-03-12 10:33:25,388] {taskinstance.py:851} INFO - Dependencies all met for <TaskInstance: conversion_flow.taskDataConv 2021-03-12T10:33:19+00:00 [queued]>
[2021-03-12 10:33:25,396] {taskinstance.py:851} INFO - Dependencies all met for <TaskInstance: conversion_flow.taskDataConv 2021-03-12T10:33:19+00:00 [queued]>
[2021-03-12 10:33:25,396] {taskinstance.py:1042} INFO - 
--------------------------------------------------------------------------------
[2021-03-12 10:33:25,396] {taskinstance.py:1043} INFO - Starting attempt 1 of 1
[2021-03-12 10:33:25,396] {taskinstance.py:1044} INFO - 
--------------------------------------------------------------------------------
[2021-03-12 10:33:25,400] {taskinstance.py:1063} INFO - Executing <Task(PythonOperator): taskDataConv> on 2021-03-12T10:33:19+00:00
[2021-03-12 10:33:25,402] {standard_task_runner.py:52} INFO - Started process 875 to run task
[2021-03-12 10:33:25,404] {standard_task_runner.py:76} INFO - Running: ['airflow', 'tasks', 'run', 'conversion_flow', 'taskDataConv', '2021-03-12T10:33:19+00:00', '--job-id', '15', '--pool', 'default_pool', '--raw', '--subdir', '/srv/app/src/ckanext-mysql2mongodb/ckanext/mysql2mongodb/data_conv/dag/conversion_flow.py', '--cfg-path', '/tmp/tmpk6xtzqcr', '--error-file', '/tmp/tmpuhd8g7r4']
[2021-03-12 10:33:25,404] {standard_task_runner.py:77} INFO - Job 15: Subtask taskDataConv
[2021-03-12 10:33:25,427] {logging_mixin.py:104} INFO - Running <TaskInstance: conversion_flow.taskDataConv 2021-03-12T10:33:19+00:00 [running]> on host 345538432daf
[2021-03-12 10:33:25,446] {taskinstance.py:1257} INFO - Exporting the following env vars:
AIRFLOW_CTX_DAG_OWNER=airflow
AIRFLOW_CTX_DAG_ID=conversion_flow
AIRFLOW_CTX_TASK_ID=taskDataConv
AIRFLOW_CTX_EXECUTION_DATE=2021-03-12T10:33:19+00:00
AIRFLOW_CTX_DAG_RUN_ID=conversion_flow1615545198.950674
[2021-03-12 10:33:25,536] {logging_mixin.py:104} INFO - Connected to MySQL Server version  8.0.22
[2021-03-12 10:33:25,538] {logging_mixin.py:104} INFO - MySQL connection is closed!
[2021-03-12 10:33:25,557] {logging_mixin.py:104} INFO - Write JSON data to MongoDB collection actor successfully!
[2021-03-12 10:33:25,560] {logging_mixin.py:104} INFO - Connected to MySQL Server version  8.0.22
[2021-03-12 10:33:25,562] {logging_mixin.py:104} INFO - MySQL connection is closed!
[2021-03-12 10:33:25,599] {logging_mixin.py:104} INFO - Write JSON data to MongoDB collection address successfully!
[2021-03-12 10:33:25,602] {logging_mixin.py:104} INFO - Connected to MySQL Server version  8.0.22
[2021-03-12 10:33:25,603] {logging_mixin.py:104} INFO - MySQL connection is closed!
[2021-03-12 10:33:25,613] {logging_mixin.py:104} INFO - Write JSON data to MongoDB collection category successfully!
[2021-03-12 10:33:25,616] {logging_mixin.py:104} INFO - Connected to MySQL Server version  8.0.22
[2021-03-12 10:33:25,617] {logging_mixin.py:104} INFO - MySQL connection is closed!
[2021-03-12 10:33:25,644] {logging_mixin.py:104} INFO - Write JSON data to MongoDB collection city successfully!
[2021-03-12 10:33:25,648] {logging_mixin.py:104} INFO - Connected to MySQL Server version  8.0.22
[2021-03-12 10:33:25,648] {logging_mixin.py:104} INFO - MySQL connection is closed!
[2021-03-12 10:33:25,662] {logging_mixin.py:104} INFO - Write JSON data to MongoDB collection country successfully!
[2021-03-12 10:33:25,666] {logging_mixin.py:104} INFO - Connected to MySQL Server version  8.0.22
[2021-03-12 10:33:25,668] {logging_mixin.py:104} INFO - MySQL connection is closed!
[2021-03-12 10:33:25,707] {logging_mixin.py:104} INFO - Write JSON data to MongoDB collection customer successfully!
[2021-03-12 10:33:25,710] {logging_mixin.py:104} INFO - Connected to MySQL Server version  8.0.22
[2021-03-12 10:33:25,715] {logging_mixin.py:104} INFO - MySQL connection is closed!
[2021-03-12 10:33:25,828] {logging_mixin.py:104} INFO - Write JSON data to MongoDB collection film successfully!
[2021-03-12 10:33:25,833] {logging_mixin.py:104} INFO - Connected to MySQL Server version  8.0.22
[2021-03-12 10:33:25,841] {logging_mixin.py:104} INFO - MySQL connection is closed!
[2021-03-12 10:33:26,007] {logging_mixin.py:104} INFO - Write JSON data to MongoDB collection film_actor successfully!
[2021-03-12 10:33:26,011] {logging_mixin.py:104} INFO - Connected to MySQL Server version  8.0.22
[2021-03-12 10:33:26,014] {logging_mixin.py:104} INFO - MySQL connection is closed!
[2021-03-12 10:33:26,054] {logging_mixin.py:104} INFO - Write JSON data to MongoDB collection film_category successfully!
[2021-03-12 10:33:26,057] {logging_mixin.py:104} INFO - Connected to MySQL Server version  8.0.22
[2021-03-12 10:33:26,059] {logging_mixin.py:104} INFO - MySQL connection is closed!
[2021-03-12 10:33:26,098] {logging_mixin.py:104} INFO - Write JSON data to MongoDB collection film_text successfully!
[2021-03-12 10:33:26,102] {logging_mixin.py:104} INFO - Connected to MySQL Server version  8.0.22
[2021-03-12 10:33:26,113] {logging_mixin.py:104} INFO - MySQL connection is closed!
[2021-03-12 10:33:26,286] {logging_mixin.py:104} INFO - Write JSON data to MongoDB collection inventory successfully!
[2021-03-12 10:33:26,290] {logging_mixin.py:104} INFO - Connected to MySQL Server version  8.0.22
[2021-03-12 10:33:26,291] {logging_mixin.py:104} INFO - MySQL connection is closed!
[2021-03-12 10:33:26,302] {logging_mixin.py:104} INFO - Write JSON data to MongoDB collection language successfully!
[2021-03-12 10:33:26,305] {logging_mixin.py:104} INFO - Connected to MySQL Server version  8.0.22
[2021-03-12 10:33:26,378] {logging_mixin.py:104} INFO - MySQL connection is closed!
[2021-03-12 10:33:27,124] {logging_mixin.py:104} INFO - Write JSON data to MongoDB collection payment successfully!
[2021-03-12 10:33:27,134] {logging_mixin.py:104} INFO - Connected to MySQL Server version  8.0.22
[2021-03-12 10:33:27,181] {logging_mixin.py:104} INFO - MySQL connection is closed!
[2021-03-12 10:33:27,894] {logging_mixin.py:104} INFO - Write JSON data to MongoDB collection rental successfully!
[2021-03-12 10:33:27,902] {logging_mixin.py:104} INFO - Connected to MySQL Server version  8.0.22
[2021-03-12 10:33:27,903] {logging_mixin.py:104} INFO - MySQL connection is closed!
[2021-03-12 10:33:27,914] {logging_mixin.py:104} INFO - Write JSON data to MongoDB collection staff successfully!
[2021-03-12 10:33:27,917] {logging_mixin.py:104} INFO - Connected to MySQL Server version  8.0.22
[2021-03-12 10:33:27,918] {logging_mixin.py:104} INFO - MySQL connection is closed!
[2021-03-12 10:33:27,928] {logging_mixin.py:104} INFO - Write JSON data to MongoDB collection store successfully!
[2021-03-12 10:33:27,928] {logging_mixin.py:104} INFO - Time for migrating MySQL to MongoDB: 2397.5
[2021-03-12 10:33:27,931] {logging_mixin.py:104} INFO - Connected to MySQL Server version  8.0.22
[2021-03-12 10:33:28,028] {logging_mixin.py:104} INFO - Disconnected to MySQL Server version  8.0.22
[2021-03-12 10:33:28,031] {logging_mixin.py:104} INFO - Connected to MySQL Server version  8.0.22
[2021-03-12 10:33:28,031] {logging_mixin.py:104} INFO - Create validated table successfully!
[2021-03-12 10:33:28,256] {logging_mixin.py:104} INFO - Insert done!
[2021-03-12 10:33:28,358] {logging_mixin.py:104} INFO - Insert done!
[2021-03-12 10:33:28,373] {logging_mixin.py:104} INFO - Insert done!
[2021-03-12 10:33:28,453] {logging_mixin.py:104} INFO - Insert done!
[2021-03-12 10:33:28,476] {logging_mixin.py:104} INFO - Insert done!
[2021-03-12 10:33:28,571] {logging_mixin.py:104} INFO - Insert done!
[2021-03-12 10:33:28,765] {logging_mixin.py:104} INFO - Insert done!
[2021-03-12 10:33:29,339] {logging_mixin.py:104} INFO - Insert done!
[2021-03-12 10:33:29,498] {logging_mixin.py:104} INFO - Insert done!
[2021-03-12 10:33:29,650] {logging_mixin.py:104} INFO - Insert done!
[2021-03-12 10:33:30,162] {logging_mixin.py:104} INFO - Insert done!
[2021-03-12 10:33:30,178] {logging_mixin.py:104} INFO - Insert done!
[2021-03-12 10:33:32,424] {logging_mixin.py:104} INFO - Insert done!
[2021-03-12 10:33:34,470] {logging_mixin.py:104} INFO - Insert done!
[2021-03-12 10:33:34,502] {logging_mixin.py:104} INFO - Insert done!
[2021-03-12 10:33:34,516] {logging_mixin.py:104} INFO - Insert done!
[2021-03-12 10:33:35,519] {logging_mixin.py:104} INFO - Disconnected to MySQL Server version  8.0.22
[2021-03-12 10:33:35,522] {logging_mixin.py:104} INFO - Connected to MySQL Server version  8.0.22
[2021-03-12 10:33:35,526] {logging_mixin.py:104} INFO - Connected to MySQL Server version  8.0.22
[2021-03-12 10:33:35,539] {logging_mixin.py:104} INFO - 200 200 200
[2021-03-12 10:33:35,541] {logging_mixin.py:104} INFO - 603 603 603
[2021-03-12 10:33:35,543] {logging_mixin.py:104} INFO - 16 16 16
[2021-03-12 10:33:35,545] {logging_mixin.py:104} INFO - 600 600 600
[2021-03-12 10:33:35,547] {logging_mixin.py:104} INFO - 109 109 109
[2021-03-12 10:33:35,550] {logging_mixin.py:104} INFO - 599 599 599
[2021-03-12 10:33:35,553] {logging_mixin.py:104} INFO - 1000 1000 1000
[2021-03-12 10:33:35,554] {logging_mixin.py:104} INFO - 5462 5462 5462
[2021-03-12 10:33:35,556] {logging_mixin.py:104} INFO - 1000 1000 1000
[2021-03-12 10:33:35,557] {logging_mixin.py:104} INFO - 1000 1000 1000
[2021-03-12 10:33:35,561] {logging_mixin.py:104} INFO - 4581 4581 4581
[2021-03-12 10:33:35,563] {logging_mixin.py:104} INFO - 6 6 6
[2021-03-12 10:33:35,575] {logging_mixin.py:104} INFO - 16049 16049 16049
[2021-03-12 10:33:35,579] {logging_mixin.py:104} INFO - 16044 16044 16044
[2021-03-12 10:33:35,581] {logging_mixin.py:104} INFO - 2 2 2
[2021-03-12 10:33:35,583] {logging_mixin.py:104} INFO - 2 2 2
[2021-03-12 10:33:47,302] {logging_mixin.py:104} INFO - Convert relations successfully!
[2021-03-12 10:33:47,627] {python.py:118} INFO - Done. Returned value was: None
[2021-03-12 10:33:47,636] {taskinstance.py:1166} INFO - Marking task as SUCCESS. dag_id=conversion_flow, task_id=taskDataConv, execution_date=20210312T103319, start_date=20210312T103325, end_date=20210312T103347
[2021-03-12 10:33:47,660] {taskinstance.py:1220} INFO - 1 downstream tasks scheduled from follow-on schedule check
[2021-03-12 10:33:47,668] {local_task_job.py:146} INFO - Task exited with return code 0
