[2021-03-12 11:09:51,760] {taskinstance.py:851} INFO - Dependencies all met for <TaskInstance: conversion_flow.taskDataConv 2021-03-12T11:09:46+00:00 [queued]>
[2021-03-12 11:09:51,769] {taskinstance.py:851} INFO - Dependencies all met for <TaskInstance: conversion_flow.taskDataConv 2021-03-12T11:09:46+00:00 [queued]>
[2021-03-12 11:09:51,769] {taskinstance.py:1042} INFO - 
--------------------------------------------------------------------------------
[2021-03-12 11:09:51,769] {taskinstance.py:1043} INFO - Starting attempt 1 of 1
[2021-03-12 11:09:51,769] {taskinstance.py:1044} INFO - 
--------------------------------------------------------------------------------
[2021-03-12 11:09:51,775] {taskinstance.py:1063} INFO - Executing <Task(PythonOperator): taskDataConv> on 2021-03-12T11:09:46+00:00
[2021-03-12 11:09:51,779] {standard_task_runner.py:52} INFO - Started process 1076 to run task
[2021-03-12 11:09:51,782] {standard_task_runner.py:76} INFO - Running: ['airflow', 'tasks', 'run', 'conversion_flow', 'taskDataConv', '2021-03-12T11:09:46+00:00', '--job-id', '6', '--pool', 'default_pool', '--raw', '--subdir', '/srv/app/src/ckanext-mysql2mongodb/ckanext/mysql2mongodb/data_conv/dag/conversion_flow.py', '--cfg-path', '/tmp/tmpkqziszuq', '--error-file', '/tmp/tmpfhdhy_nq']
[2021-03-12 11:09:51,783] {standard_task_runner.py:77} INFO - Job 6: Subtask taskDataConv
[2021-03-12 11:09:51,809] {logging_mixin.py:104} INFO - Running <TaskInstance: conversion_flow.taskDataConv 2021-03-12T11:09:46+00:00 [running]> on host 6299f34f884f
[2021-03-12 11:09:51,832] {taskinstance.py:1257} INFO - Exporting the following env vars:
AIRFLOW_CTX_DAG_OWNER=airflow
AIRFLOW_CTX_DAG_ID=conversion_flow
AIRFLOW_CTX_TASK_ID=taskDataConv
AIRFLOW_CTX_EXECUTION_DATE=2021-03-12T11:09:46+00:00
AIRFLOW_CTX_DAG_RUN_ID=conversion_flow1615547386.409436
[2021-03-12 11:09:51,902] {logging_mixin.py:104} INFO - Time for migrating MySQL to MongoDB: 0.1
[2021-03-12 11:09:51,908] {logging_mixin.py:104} INFO - Connected to MySQL Server version  8.0.22
[2021-03-12 11:09:51,912] {logging_mixin.py:104} INFO - Disconnected to MySQL Server version  8.0.22
[2021-03-12 11:09:51,915] {logging_mixin.py:104} INFO - Connected to MySQL Server version  8.0.22
[2021-03-12 11:09:51,915] {logging_mixin.py:104} INFO - Create validated table successfully!
[2021-03-12 11:09:51,916] {logging_mixin.py:104} INFO - Disconnected to MySQL Server version  8.0.22
[2021-03-12 11:09:51,918] {logging_mixin.py:104} INFO - Connected to MySQL Server version  8.0.22
[2021-03-12 11:09:51,921] {logging_mixin.py:104} INFO - Connected to MySQL Server version  8.0.22
[2021-03-12 11:09:51,925] {logging_mixin.py:104} INFO - Convert relations successfully!
[2021-03-12 11:09:51,991] {python.py:118} INFO - Done. Returned value was: None
[2021-03-12 11:09:51,998] {taskinstance.py:1166} INFO - Marking task as SUCCESS. dag_id=conversion_flow, task_id=taskDataConv, execution_date=20210312T110946, start_date=20210312T110951, end_date=20210312T110951
[2021-03-12 11:09:52,017] {taskinstance.py:1220} INFO - 1 downstream tasks scheduled from follow-on schedule check
[2021-03-12 11:09:52,034] {local_task_job.py:146} INFO - Task exited with return code 0
