[2021-03-12 11:23:23,362] {taskinstance.py:851} INFO - Dependencies all met for <TaskInstance: conversion_flow.taskSchemaConv 2021-03-12T11:23:18+00:00 [queued]>
[2021-03-12 11:23:23,372] {taskinstance.py:851} INFO - Dependencies all met for <TaskInstance: conversion_flow.taskSchemaConv 2021-03-12T11:23:18+00:00 [queued]>
[2021-03-12 11:23:23,372] {taskinstance.py:1042} INFO - 
--------------------------------------------------------------------------------
[2021-03-12 11:23:23,373] {taskinstance.py:1043} INFO - Starting attempt 1 of 1
[2021-03-12 11:23:23,373] {taskinstance.py:1044} INFO - 
--------------------------------------------------------------------------------
[2021-03-12 11:23:23,379] {taskinstance.py:1063} INFO - Executing <Task(PythonOperator): taskSchemaConv> on 2021-03-12T11:23:18+00:00
[2021-03-12 11:23:23,380] {standard_task_runner.py:52} INFO - Started process 2879 to run task
[2021-03-12 11:23:23,383] {standard_task_runner.py:76} INFO - Running: ['airflow', 'tasks', 'run', 'conversion_flow', 'taskSchemaConv', '2021-03-12T11:23:18+00:00', '--job-id', '14', '--pool', 'default_pool', '--raw', '--subdir', '/srv/app/src/ckanext-mysql2mongodb/ckanext/mysql2mongodb/data_conv/dag/conversion_flow.py', '--cfg-path', '/tmp/tmp6xn1p6o7', '--error-file', '/tmp/tmprjgg76x2']
[2021-03-12 11:23:23,384] {standard_task_runner.py:77} INFO - Job 14: Subtask taskSchemaConv
[2021-03-12 11:23:23,410] {logging_mixin.py:104} INFO - Running <TaskInstance: conversion_flow.taskSchemaConv 2021-03-12T11:23:18+00:00 [running]> on host 6299f34f884f
[2021-03-12 11:23:23,437] {taskinstance.py:1257} INFO - Exporting the following env vars:
AIRFLOW_CTX_DAG_OWNER=airflow
AIRFLOW_CTX_DAG_ID=conversion_flow
AIRFLOW_CTX_TASK_ID=taskSchemaConv
AIRFLOW_CTX_EXECUTION_DATE=2021-03-12T11:23:18+00:00
AIRFLOW_CTX_DAG_RUN_ID=conversion_flow1615548198.567747
[2021-03-12 11:23:26,440] {logging_mixin.py:104} INFO - Generate MySQL database sakila successfully!
[2021-03-12 11:23:26,471] {logging_mixin.py:104} INFO - Save schema from sakila database to MongoDB successfully!
[2021-03-12 11:23:26,519] {logging_mixin.py:104} INFO - Write JSON data to MongoDB collection schema_view successfully!
[2021-03-12 11:23:26,519] {logging_mixin.py:104} INFO - Save schema view from sakila database to MongoDB successfully!
[2021-03-12 11:23:26,737] {logging_mixin.py:104} INFO - Connected to MySQL Server version  8.0.22
[2021-03-12 11:23:27,028] {python.py:118} INFO - Done. Returned value was: None
[2021-03-12 11:23:27,035] {taskinstance.py:1166} INFO - Marking task as SUCCESS. dag_id=conversion_flow, task_id=taskSchemaConv, execution_date=20210312T112318, start_date=20210312T112323, end_date=20210312T112327
[2021-03-12 11:23:27,051] {taskinstance.py:1220} INFO - 1 downstream tasks scheduled from follow-on schedule check
[2021-03-12 11:23:27,094] {local_task_job.py:146} INFO - Task exited with return code 0
