[2021-03-12 08:52:44,556] {taskinstance.py:851} INFO - Dependencies all met for <TaskInstance: conversion_flow.taskPrepare 2021-03-12T08:52:43+00:00 [queued]>
[2021-03-12 08:52:44,564] {taskinstance.py:851} INFO - Dependencies all met for <TaskInstance: conversion_flow.taskPrepare 2021-03-12T08:52:43+00:00 [queued]>
[2021-03-12 08:52:44,564] {taskinstance.py:1042} INFO - 
--------------------------------------------------------------------------------
[2021-03-12 08:52:44,564] {taskinstance.py:1043} INFO - Starting attempt 1 of 1
[2021-03-12 08:52:44,564] {taskinstance.py:1044} INFO - 
--------------------------------------------------------------------------------
[2021-03-12 08:52:44,569] {taskinstance.py:1063} INFO - Executing <Task(PythonOperator): taskPrepare> on 2021-03-12T08:52:43+00:00
[2021-03-12 08:52:44,571] {standard_task_runner.py:52} INFO - Started process 471 to run task
[2021-03-12 08:52:44,573] {standard_task_runner.py:76} INFO - Running: ['airflow', 'tasks', 'run', 'conversion_flow', 'taskPrepare', '2021-03-12T08:52:43+00:00', '--job-id', '3', '--pool', 'default_pool', '--raw', '--subdir', '/srv/app/src/ckanext-mysql2mongodb/ckanext/mysql2mongodb/data_conv/dag/conversion_flow.py', '--cfg-path', '/tmp/tmpnobw2710', '--error-file', '/tmp/tmpmcky3zu7']
[2021-03-12 08:52:44,574] {standard_task_runner.py:77} INFO - Job 3: Subtask taskPrepare
[2021-03-12 08:52:44,596] {logging_mixin.py:104} INFO - Running <TaskInstance: conversion_flow.taskPrepare 2021-03-12T08:52:43+00:00 [running]> on host ba9f3097ecdf
[2021-03-12 08:52:44,617] {taskinstance.py:1257} INFO - Exporting the following env vars:
AIRFLOW_CTX_DAG_OWNER=airflow
AIRFLOW_CTX_DAG_ID=conversion_flow
AIRFLOW_CTX_TASK_ID=taskPrepare
AIRFLOW_CTX_EXECUTION_DATE=2021-03-12T08:52:43+00:00
AIRFLOW_CTX_DAG_RUN_ID=conversion_flow1615539163.517102
[2021-03-12 08:52:44,672] {logging_mixin.py:104} INFO - Connected to MySQL Server version  8.0.22
[2021-03-12 08:52:46,431] {python.py:118} INFO - Done. Returned value was: True
[2021-03-12 08:52:46,453] {taskinstance.py:1166} INFO - Marking task as SUCCESS. dag_id=conversion_flow, task_id=taskPrepare, execution_date=20210312T085243, start_date=20210312T085244, end_date=20210312T085246
[2021-03-12 08:52:46,483] {taskinstance.py:1220} INFO - 1 downstream tasks scheduled from follow-on schedule check
[2021-03-12 08:52:46,508] {local_task_job.py:146} INFO - Task exited with return code 0
