[2021-03-12 08:07:08,573] {taskinstance.py:851} INFO - Dependencies all met for <TaskInstance: conversion_flow.taskUploadResult 2021-03-12T08:06:35+00:00 [queued]>
[2021-03-12 08:07:08,581] {taskinstance.py:851} INFO - Dependencies all met for <TaskInstance: conversion_flow.taskUploadResult 2021-03-12T08:06:35+00:00 [queued]>
[2021-03-12 08:07:08,581] {taskinstance.py:1042} INFO - 
--------------------------------------------------------------------------------
[2021-03-12 08:07:08,581] {taskinstance.py:1043} INFO - Starting attempt 1 of 1
[2021-03-12 08:07:08,581] {taskinstance.py:1044} INFO - 
--------------------------------------------------------------------------------
[2021-03-12 08:07:08,586] {taskinstance.py:1063} INFO - Executing <Task(PythonOperator): taskUploadResult> on 2021-03-12T08:06:35+00:00
[2021-03-12 08:07:08,588] {standard_task_runner.py:52} INFO - Started process 637 to run task
[2021-03-12 08:07:08,590] {standard_task_runner.py:76} INFO - Running: ['airflow', 'tasks', 'run', 'conversion_flow', 'taskUploadResult', '2021-03-12T08:06:35+00:00', '--job-id', '35', '--pool', 'default_pool', '--raw', '--subdir', '/srv/app/src/ckanext-mysql2mongodb/ckanext/mysql2mongodb/data_conv/dag/conversion_flow.py', '--cfg-path', '/tmp/tmpl8uso3ez', '--error-file', '/tmp/tmp2jp0rufn']
[2021-03-12 08:07:08,591] {standard_task_runner.py:77} INFO - Job 35: Subtask taskUploadResult
[2021-03-12 08:07:08,624] {logging_mixin.py:104} INFO - Running <TaskInstance: conversion_flow.taskUploadResult 2021-03-12T08:06:35+00:00 [running]> on host 83c843b036e0
[2021-03-12 08:07:08,648] {taskinstance.py:1257} INFO - Exporting the following env vars:
AIRFLOW_CTX_DAG_OWNER=airflow
AIRFLOW_CTX_DAG_ID=conversion_flow
AIRFLOW_CTX_TASK_ID=taskUploadResult
AIRFLOW_CTX_EXECUTION_DATE=2021-03-12T08:06:35+00:00
AIRFLOW_CTX_DAG_RUN_ID=conversion_flow1615536395.373682
[2021-03-12 08:07:08,958] {python.py:118} INFO - Done. Returned value was: None
[2021-03-12 08:07:08,969] {taskinstance.py:1166} INFO - Marking task as SUCCESS. dag_id=conversion_flow, task_id=taskUploadResult, execution_date=20210312T080635, start_date=20210312T080708, end_date=20210312T080708
[2021-03-12 08:07:08,985] {taskinstance.py:1220} INFO - 0 downstream tasks scheduled from follow-on schedule check
[2021-03-12 08:07:09,005] {local_task_job.py:146} INFO - Task exited with return code 0
