[2021-03-12 07:56:08,252] {taskinstance.py:851} INFO - Dependencies all met for <TaskInstance: conversion_flow.taskSchemaConv 2021-03-12T07:56:03+00:00 [queued]>
[2021-03-12 07:56:08,267] {taskinstance.py:851} INFO - Dependencies all met for <TaskInstance: conversion_flow.taskSchemaConv 2021-03-12T07:56:03+00:00 [queued]>
[2021-03-12 07:56:08,267] {taskinstance.py:1042} INFO - 
--------------------------------------------------------------------------------
[2021-03-12 07:56:08,267] {taskinstance.py:1043} INFO - Starting attempt 1 of 1
[2021-03-12 07:56:08,268] {taskinstance.py:1044} INFO - 
--------------------------------------------------------------------------------
[2021-03-12 07:56:08,274] {taskinstance.py:1063} INFO - Executing <Task(PythonOperator): taskSchemaConv> on 2021-03-12T07:56:03+00:00
[2021-03-12 07:56:08,276] {standard_task_runner.py:52} INFO - Started process 353 to run task
[2021-03-12 07:56:08,280] {standard_task_runner.py:76} INFO - Running: ['airflow', 'tasks', 'run', 'conversion_flow', 'taskSchemaConv', '2021-03-12T07:56:03+00:00', '--job-id', '28', '--pool', 'default_pool', '--raw', '--subdir', '/srv/app/src/ckanext-mysql2mongodb/ckanext/mysql2mongodb/data_conv/dag/conversion_flow.py', '--cfg-path', '/tmp/tmpko6y0ugo', '--error-file', '/tmp/tmpd4uw_c0u']
[2021-03-12 07:56:08,282] {standard_task_runner.py:77} INFO - Job 28: Subtask taskSchemaConv
[2021-03-12 07:56:08,313] {logging_mixin.py:104} INFO - Running <TaskInstance: conversion_flow.taskSchemaConv 2021-03-12T07:56:03+00:00 [running]> on host 83c843b036e0
[2021-03-12 07:56:08,339] {taskinstance.py:1257} INFO - Exporting the following env vars:
AIRFLOW_CTX_DAG_OWNER=airflow
AIRFLOW_CTX_DAG_ID=conversion_flow
AIRFLOW_CTX_TASK_ID=taskSchemaConv
AIRFLOW_CTX_EXECUTION_DATE=2021-03-12T07:56:03+00:00
AIRFLOW_CTX_DAG_RUN_ID=conversion_flow1615535763.509049
[2021-03-12 07:56:11,254] {logging_mixin.py:104} INFO - Generate MySQL database sakila successfully!
[2021-03-12 07:56:11,281] {logging_mixin.py:104} INFO - Save schema from sakila database to MongoDB successfully!
[2021-03-12 07:56:11,320] {logging_mixin.py:104} INFO - Write JSON data to MongoDB collection schema_view successfully!
[2021-03-12 07:56:11,320] {logging_mixin.py:104} INFO - Save schema view from sakila database to MongoDB successfully!
[2021-03-12 07:56:11,518] {logging_mixin.py:104} INFO - Connected to MySQL Server version  8.0.22
[2021-03-12 07:56:11,811] {python.py:118} INFO - Done. Returned value was: None
[2021-03-12 07:56:11,819] {taskinstance.py:1166} INFO - Marking task as SUCCESS. dag_id=conversion_flow, task_id=taskSchemaConv, execution_date=20210312T075603, start_date=20210312T075608, end_date=20210312T075611
[2021-03-12 07:56:11,845] {taskinstance.py:1220} INFO - 1 downstream tasks scheduled from follow-on schedule check
[2021-03-12 07:56:11,862] {local_task_job.py:146} INFO - Task exited with return code 0
