[2021-03-08 03:06:21,217] {scheduler_job.py:182} INFO - Started process (PID=88) to work on /usr/local/lib/python3.6/dist-packages/airflow/example_dags/example_external_task_marker_dag.py
[2021-03-08 03:06:21,218] {scheduler_job.py:629} INFO - Processing file /usr/local/lib/python3.6/dist-packages/airflow/example_dags/example_external_task_marker_dag.py for tasks to queue
[2021-03-08 03:06:21,218] {logging_mixin.py:104} INFO - [2021-03-08 03:06:21,218] {dagbag.py:448} INFO - Filling up the DagBag from /usr/local/lib/python3.6/dist-packages/airflow/example_dags/example_external_task_marker_dag.py
[2021-03-08 03:06:21,227] {scheduler_job.py:639} INFO - DAG(s) dict_keys(['example_external_task_marker_parent', 'example_external_task_marker_child']) retrieved from /usr/local/lib/python3.6/dist-packages/airflow/example_dags/example_external_task_marker_dag.py
[2021-03-08 03:06:21,234] {logging_mixin.py:104} INFO - [2021-03-08 03:06:21,234] {dag.py:1818} INFO - Sync 2 DAGs
[2021-03-08 03:06:21,245] {logging_mixin.py:104} INFO - [2021-03-08 03:06:21,245] {dag.py:2273} INFO - Setting next_dagrun for example_external_task_marker_child to None
[2021-03-08 03:06:21,246] {logging_mixin.py:104} INFO - [2021-03-08 03:06:21,245] {dag.py:2273} INFO - Setting next_dagrun for example_external_task_marker_parent to None
[2021-03-08 03:06:21,251] {scheduler_job.py:190} INFO - Processing /usr/local/lib/python3.6/dist-packages/airflow/example_dags/example_external_task_marker_dag.py took 0.036 seconds
[2021-03-08 03:06:51,483] {scheduler_job.py:182} INFO - Started process (PID=146) to work on /usr/local/lib/python3.6/dist-packages/airflow/example_dags/example_external_task_marker_dag.py
[2021-03-08 03:06:51,484] {scheduler_job.py:629} INFO - Processing file /usr/local/lib/python3.6/dist-packages/airflow/example_dags/example_external_task_marker_dag.py for tasks to queue
[2021-03-08 03:06:51,484] {logging_mixin.py:104} INFO - [2021-03-08 03:06:51,484] {dagbag.py:448} INFO - Filling up the DagBag from /usr/local/lib/python3.6/dist-packages/airflow/example_dags/example_external_task_marker_dag.py
[2021-03-08 03:06:51,490] {scheduler_job.py:639} INFO - DAG(s) dict_keys(['example_external_task_marker_parent', 'example_external_task_marker_child']) retrieved from /usr/local/lib/python3.6/dist-packages/airflow/example_dags/example_external_task_marker_dag.py
[2021-03-08 03:06:51,499] {logging_mixin.py:104} INFO - [2021-03-08 03:06:51,499] {dag.py:1818} INFO - Sync 2 DAGs
[2021-03-08 03:06:51,506] {logging_mixin.py:104} INFO - [2021-03-08 03:06:51,506] {dag.py:2273} INFO - Setting next_dagrun for example_external_task_marker_child to None
[2021-03-08 03:06:51,506] {logging_mixin.py:104} INFO - [2021-03-08 03:06:51,506] {dag.py:2273} INFO - Setting next_dagrun for example_external_task_marker_parent to None
[2021-03-08 03:06:51,514] {scheduler_job.py:190} INFO - Processing /usr/local/lib/python3.6/dist-packages/airflow/example_dags/example_external_task_marker_dag.py took 0.032 seconds
[2021-03-08 03:07:22,339] {scheduler_job.py:182} INFO - Started process (PID=206) to work on /usr/local/lib/python3.6/dist-packages/airflow/example_dags/example_external_task_marker_dag.py
[2021-03-08 03:07:22,339] {scheduler_job.py:629} INFO - Processing file /usr/local/lib/python3.6/dist-packages/airflow/example_dags/example_external_task_marker_dag.py for tasks to queue
[2021-03-08 03:07:22,340] {logging_mixin.py:104} INFO - [2021-03-08 03:07:22,340] {dagbag.py:448} INFO - Filling up the DagBag from /usr/local/lib/python3.6/dist-packages/airflow/example_dags/example_external_task_marker_dag.py
[2021-03-08 03:07:22,346] {scheduler_job.py:639} INFO - DAG(s) dict_keys(['example_external_task_marker_parent', 'example_external_task_marker_child']) retrieved from /usr/local/lib/python3.6/dist-packages/airflow/example_dags/example_external_task_marker_dag.py
[2021-03-08 03:07:22,354] {logging_mixin.py:104} INFO - [2021-03-08 03:07:22,354] {dag.py:1818} INFO - Sync 2 DAGs
[2021-03-08 03:07:22,361] {logging_mixin.py:104} INFO - [2021-03-08 03:07:22,361] {dag.py:2273} INFO - Setting next_dagrun for example_external_task_marker_child to None
[2021-03-08 03:07:22,362] {logging_mixin.py:104} INFO - [2021-03-08 03:07:22,362] {dag.py:2273} INFO - Setting next_dagrun for example_external_task_marker_parent to None
[2021-03-08 03:07:22,366] {scheduler_job.py:190} INFO - Processing /usr/local/lib/python3.6/dist-packages/airflow/example_dags/example_external_task_marker_dag.py took 0.029 seconds
[2021-03-08 03:07:53,151] {scheduler_job.py:182} INFO - Started process (PID=265) to work on /usr/local/lib/python3.6/dist-packages/airflow/example_dags/example_external_task_marker_dag.py
[2021-03-08 03:07:53,152] {scheduler_job.py:629} INFO - Processing file /usr/local/lib/python3.6/dist-packages/airflow/example_dags/example_external_task_marker_dag.py for tasks to queue
[2021-03-08 03:07:53,152] {logging_mixin.py:104} INFO - [2021-03-08 03:07:53,152] {dagbag.py:448} INFO - Filling up the DagBag from /usr/local/lib/python3.6/dist-packages/airflow/example_dags/example_external_task_marker_dag.py
[2021-03-08 03:07:53,158] {scheduler_job.py:639} INFO - DAG(s) dict_keys(['example_external_task_marker_parent', 'example_external_task_marker_child']) retrieved from /usr/local/lib/python3.6/dist-packages/airflow/example_dags/example_external_task_marker_dag.py
[2021-03-08 03:07:53,166] {logging_mixin.py:104} INFO - [2021-03-08 03:07:53,166] {dag.py:1818} INFO - Sync 2 DAGs
[2021-03-08 03:07:53,173] {logging_mixin.py:104} INFO - [2021-03-08 03:07:53,173] {dag.py:2273} INFO - Setting next_dagrun for example_external_task_marker_child to None
[2021-03-08 03:07:53,173] {logging_mixin.py:104} INFO - [2021-03-08 03:07:53,173] {dag.py:2273} INFO - Setting next_dagrun for example_external_task_marker_parent to None
[2021-03-08 03:07:53,177] {scheduler_job.py:190} INFO - Processing /usr/local/lib/python3.6/dist-packages/airflow/example_dags/example_external_task_marker_dag.py took 0.027 seconds
[2021-03-08 03:08:24,139] {scheduler_job.py:182} INFO - Started process (PID=325) to work on /usr/local/lib/python3.6/dist-packages/airflow/example_dags/example_external_task_marker_dag.py
[2021-03-08 03:08:24,141] {scheduler_job.py:629} INFO - Processing file /usr/local/lib/python3.6/dist-packages/airflow/example_dags/example_external_task_marker_dag.py for tasks to queue
[2021-03-08 03:08:24,142] {logging_mixin.py:104} INFO - [2021-03-08 03:08:24,142] {dagbag.py:448} INFO - Filling up the DagBag from /usr/local/lib/python3.6/dist-packages/airflow/example_dags/example_external_task_marker_dag.py
[2021-03-08 03:08:24,160] {scheduler_job.py:639} INFO - DAG(s) dict_keys(['example_external_task_marker_parent', 'example_external_task_marker_child']) retrieved from /usr/local/lib/python3.6/dist-packages/airflow/example_dags/example_external_task_marker_dag.py
[2021-03-08 03:08:24,173] {logging_mixin.py:104} INFO - [2021-03-08 03:08:24,173] {dag.py:1818} INFO - Sync 2 DAGs
[2021-03-08 03:08:24,181] {logging_mixin.py:104} INFO - [2021-03-08 03:08:24,181] {dag.py:2273} INFO - Setting next_dagrun for example_external_task_marker_child to None
[2021-03-08 03:08:24,182] {logging_mixin.py:104} INFO - [2021-03-08 03:08:24,182] {dag.py:2273} INFO - Setting next_dagrun for example_external_task_marker_parent to None
[2021-03-08 03:08:24,186] {scheduler_job.py:190} INFO - Processing /usr/local/lib/python3.6/dist-packages/airflow/example_dags/example_external_task_marker_dag.py took 0.051 seconds
[2021-03-08 03:08:54,908] {scheduler_job.py:182} INFO - Started process (PID=385) to work on /usr/local/lib/python3.6/dist-packages/airflow/example_dags/example_external_task_marker_dag.py
[2021-03-08 03:08:54,910] {scheduler_job.py:629} INFO - Processing file /usr/local/lib/python3.6/dist-packages/airflow/example_dags/example_external_task_marker_dag.py for tasks to queue
[2021-03-08 03:08:54,911] {logging_mixin.py:104} INFO - [2021-03-08 03:08:54,911] {dagbag.py:448} INFO - Filling up the DagBag from /usr/local/lib/python3.6/dist-packages/airflow/example_dags/example_external_task_marker_dag.py
[2021-03-08 03:08:54,928] {scheduler_job.py:639} INFO - DAG(s) dict_keys(['example_external_task_marker_parent', 'example_external_task_marker_child']) retrieved from /usr/local/lib/python3.6/dist-packages/airflow/example_dags/example_external_task_marker_dag.py
[2021-03-08 03:08:54,940] {logging_mixin.py:104} INFO - [2021-03-08 03:08:54,940] {dag.py:1818} INFO - Sync 2 DAGs
[2021-03-08 03:08:54,947] {logging_mixin.py:104} INFO - [2021-03-08 03:08:54,946] {dag.py:2273} INFO - Setting next_dagrun for example_external_task_marker_child to None
[2021-03-08 03:08:54,947] {logging_mixin.py:104} INFO - [2021-03-08 03:08:54,947] {dag.py:2273} INFO - Setting next_dagrun for example_external_task_marker_parent to None
[2021-03-08 03:08:54,951] {scheduler_job.py:190} INFO - Processing /usr/local/lib/python3.6/dist-packages/airflow/example_dags/example_external_task_marker_dag.py took 0.048 seconds
[2021-03-08 03:09:25,695] {scheduler_job.py:182} INFO - Started process (PID=446) to work on /usr/local/lib/python3.6/dist-packages/airflow/example_dags/example_external_task_marker_dag.py
[2021-03-08 03:09:25,695] {scheduler_job.py:629} INFO - Processing file /usr/local/lib/python3.6/dist-packages/airflow/example_dags/example_external_task_marker_dag.py for tasks to queue
[2021-03-08 03:09:25,696] {logging_mixin.py:104} INFO - [2021-03-08 03:09:25,696] {dagbag.py:448} INFO - Filling up the DagBag from /usr/local/lib/python3.6/dist-packages/airflow/example_dags/example_external_task_marker_dag.py
[2021-03-08 03:09:25,702] {scheduler_job.py:639} INFO - DAG(s) dict_keys(['example_external_task_marker_parent', 'example_external_task_marker_child']) retrieved from /usr/local/lib/python3.6/dist-packages/airflow/example_dags/example_external_task_marker_dag.py
[2021-03-08 03:09:25,711] {logging_mixin.py:104} INFO - [2021-03-08 03:09:25,711] {dag.py:1818} INFO - Sync 2 DAGs
[2021-03-08 03:09:25,717] {logging_mixin.py:104} INFO - [2021-03-08 03:09:25,717] {dag.py:2273} INFO - Setting next_dagrun for example_external_task_marker_child to None
[2021-03-08 03:09:25,718] {logging_mixin.py:104} INFO - [2021-03-08 03:09:25,718] {dag.py:2273} INFO - Setting next_dagrun for example_external_task_marker_parent to None
[2021-03-08 03:09:25,721] {scheduler_job.py:190} INFO - Processing /usr/local/lib/python3.6/dist-packages/airflow/example_dags/example_external_task_marker_dag.py took 0.028 seconds
[2021-03-08 03:09:56,489] {scheduler_job.py:182} INFO - Started process (PID=505) to work on /usr/local/lib/python3.6/dist-packages/airflow/example_dags/example_external_task_marker_dag.py
[2021-03-08 03:09:56,490] {scheduler_job.py:629} INFO - Processing file /usr/local/lib/python3.6/dist-packages/airflow/example_dags/example_external_task_marker_dag.py for tasks to queue
[2021-03-08 03:09:56,490] {logging_mixin.py:104} INFO - [2021-03-08 03:09:56,490] {dagbag.py:448} INFO - Filling up the DagBag from /usr/local/lib/python3.6/dist-packages/airflow/example_dags/example_external_task_marker_dag.py
[2021-03-08 03:09:56,496] {scheduler_job.py:639} INFO - DAG(s) dict_keys(['example_external_task_marker_parent', 'example_external_task_marker_child']) retrieved from /usr/local/lib/python3.6/dist-packages/airflow/example_dags/example_external_task_marker_dag.py
[2021-03-08 03:09:56,508] {logging_mixin.py:104} INFO - [2021-03-08 03:09:56,508] {dag.py:1818} INFO - Sync 2 DAGs
[2021-03-08 03:09:56,516] {logging_mixin.py:104} INFO - [2021-03-08 03:09:56,516] {dag.py:2273} INFO - Setting next_dagrun for example_external_task_marker_child to None
[2021-03-08 03:09:56,517] {logging_mixin.py:104} INFO - [2021-03-08 03:09:56,517] {dag.py:2273} INFO - Setting next_dagrun for example_external_task_marker_parent to None
[2021-03-08 03:09:56,529] {scheduler_job.py:190} INFO - Processing /usr/local/lib/python3.6/dist-packages/airflow/example_dags/example_external_task_marker_dag.py took 0.041 seconds
[2021-03-08 03:10:27,367] {scheduler_job.py:182} INFO - Started process (PID=564) to work on /usr/local/lib/python3.6/dist-packages/airflow/example_dags/example_external_task_marker_dag.py
[2021-03-08 03:10:27,369] {scheduler_job.py:629} INFO - Processing file /usr/local/lib/python3.6/dist-packages/airflow/example_dags/example_external_task_marker_dag.py for tasks to queue
[2021-03-08 03:10:27,370] {logging_mixin.py:104} INFO - [2021-03-08 03:10:27,370] {dagbag.py:448} INFO - Filling up the DagBag from /usr/local/lib/python3.6/dist-packages/airflow/example_dags/example_external_task_marker_dag.py
[2021-03-08 03:10:27,389] {scheduler_job.py:639} INFO - DAG(s) dict_keys(['example_external_task_marker_parent', 'example_external_task_marker_child']) retrieved from /usr/local/lib/python3.6/dist-packages/airflow/example_dags/example_external_task_marker_dag.py
[2021-03-08 03:10:27,400] {logging_mixin.py:104} INFO - [2021-03-08 03:10:27,400] {dag.py:1818} INFO - Sync 2 DAGs
[2021-03-08 03:10:27,406] {logging_mixin.py:104} INFO - [2021-03-08 03:10:27,406] {dag.py:2273} INFO - Setting next_dagrun for example_external_task_marker_child to None
[2021-03-08 03:10:27,407] {logging_mixin.py:104} INFO - [2021-03-08 03:10:27,407] {dag.py:2273} INFO - Setting next_dagrun for example_external_task_marker_parent to None
[2021-03-08 03:10:27,414] {scheduler_job.py:190} INFO - Processing /usr/local/lib/python3.6/dist-packages/airflow/example_dags/example_external_task_marker_dag.py took 0.052 seconds
[2021-03-08 03:10:58,136] {scheduler_job.py:182} INFO - Started process (PID=623) to work on /usr/local/lib/python3.6/dist-packages/airflow/example_dags/example_external_task_marker_dag.py
[2021-03-08 03:10:58,138] {scheduler_job.py:629} INFO - Processing file /usr/local/lib/python3.6/dist-packages/airflow/example_dags/example_external_task_marker_dag.py for tasks to queue
[2021-03-08 03:10:58,140] {logging_mixin.py:104} INFO - [2021-03-08 03:10:58,140] {dagbag.py:448} INFO - Filling up the DagBag from /usr/local/lib/python3.6/dist-packages/airflow/example_dags/example_external_task_marker_dag.py
[2021-03-08 03:10:58,159] {scheduler_job.py:639} INFO - DAG(s) dict_keys(['example_external_task_marker_parent', 'example_external_task_marker_child']) retrieved from /usr/local/lib/python3.6/dist-packages/airflow/example_dags/example_external_task_marker_dag.py
[2021-03-08 03:10:58,173] {logging_mixin.py:104} INFO - [2021-03-08 03:10:58,173] {dag.py:1818} INFO - Sync 2 DAGs
[2021-03-08 03:10:58,180] {logging_mixin.py:104} INFO - [2021-03-08 03:10:58,180] {dag.py:2273} INFO - Setting next_dagrun for example_external_task_marker_child to None
[2021-03-08 03:10:58,181] {logging_mixin.py:104} INFO - [2021-03-08 03:10:58,181] {dag.py:2273} INFO - Setting next_dagrun for example_external_task_marker_parent to None
[2021-03-08 03:10:58,185] {scheduler_job.py:190} INFO - Processing /usr/local/lib/python3.6/dist-packages/airflow/example_dags/example_external_task_marker_dag.py took 0.054 seconds
[2021-03-08 03:11:28,727] {scheduler_job.py:182} INFO - Started process (PID=682) to work on /usr/local/lib/python3.6/dist-packages/airflow/example_dags/example_external_task_marker_dag.py
[2021-03-08 03:11:28,729] {scheduler_job.py:629} INFO - Processing file /usr/local/lib/python3.6/dist-packages/airflow/example_dags/example_external_task_marker_dag.py for tasks to queue
[2021-03-08 03:11:28,730] {logging_mixin.py:104} INFO - [2021-03-08 03:11:28,730] {dagbag.py:448} INFO - Filling up the DagBag from /usr/local/lib/python3.6/dist-packages/airflow/example_dags/example_external_task_marker_dag.py
[2021-03-08 03:11:28,748] {scheduler_job.py:639} INFO - DAG(s) dict_keys(['example_external_task_marker_parent', 'example_external_task_marker_child']) retrieved from /usr/local/lib/python3.6/dist-packages/airflow/example_dags/example_external_task_marker_dag.py
[2021-03-08 03:11:28,763] {logging_mixin.py:104} INFO - [2021-03-08 03:11:28,763] {dag.py:1818} INFO - Sync 2 DAGs
[2021-03-08 03:11:28,771] {logging_mixin.py:104} INFO - [2021-03-08 03:11:28,771] {dag.py:2273} INFO - Setting next_dagrun for example_external_task_marker_child to None
[2021-03-08 03:11:28,771] {logging_mixin.py:104} INFO - [2021-03-08 03:11:28,771] {dag.py:2273} INFO - Setting next_dagrun for example_external_task_marker_parent to None
[2021-03-08 03:11:28,778] {scheduler_job.py:190} INFO - Processing /usr/local/lib/python3.6/dist-packages/airflow/example_dags/example_external_task_marker_dag.py took 0.056 seconds
[2021-03-08 03:17:39,742] {scheduler_job.py:182} INFO - Started process (PID=36) to work on /usr/local/lib/python3.6/dist-packages/airflow/example_dags/example_external_task_marker_dag.py
[2021-03-08 03:17:39,743] {scheduler_job.py:629} INFO - Processing file /usr/local/lib/python3.6/dist-packages/airflow/example_dags/example_external_task_marker_dag.py for tasks to queue
[2021-03-08 03:17:39,743] {logging_mixin.py:104} INFO - [2021-03-08 03:17:39,743] {dagbag.py:448} INFO - Filling up the DagBag from /usr/local/lib/python3.6/dist-packages/airflow/example_dags/example_external_task_marker_dag.py
[2021-03-08 03:17:39,751] {scheduler_job.py:639} INFO - DAG(s) dict_keys(['example_external_task_marker_parent', 'example_external_task_marker_child']) retrieved from /usr/local/lib/python3.6/dist-packages/airflow/example_dags/example_external_task_marker_dag.py
[2021-03-08 03:17:39,761] {logging_mixin.py:104} INFO - [2021-03-08 03:17:39,761] {dag.py:1818} INFO - Sync 2 DAGs
[2021-03-08 03:17:39,770] {logging_mixin.py:104} INFO - [2021-03-08 03:17:39,770] {dag.py:2273} INFO - Setting next_dagrun for example_external_task_marker_child to None
[2021-03-08 03:17:39,770] {logging_mixin.py:104} INFO - [2021-03-08 03:17:39,770] {dag.py:2273} INFO - Setting next_dagrun for example_external_task_marker_parent to None
[2021-03-08 03:17:39,776] {scheduler_job.py:190} INFO - Processing /usr/local/lib/python3.6/dist-packages/airflow/example_dags/example_external_task_marker_dag.py took 0.036 seconds
[2021-03-08 03:18:13,611] {scheduler_job.py:182} INFO - Started process (PID=44) to work on /usr/local/lib/python3.6/dist-packages/airflow/example_dags/example_external_task_marker_dag.py
[2021-03-08 03:18:13,611] {scheduler_job.py:629} INFO - Processing file /usr/local/lib/python3.6/dist-packages/airflow/example_dags/example_external_task_marker_dag.py for tasks to queue
[2021-03-08 03:18:13,612] {logging_mixin.py:104} INFO - [2021-03-08 03:18:13,612] {dagbag.py:448} INFO - Filling up the DagBag from /usr/local/lib/python3.6/dist-packages/airflow/example_dags/example_external_task_marker_dag.py
[2021-03-08 03:18:13,619] {scheduler_job.py:639} INFO - DAG(s) dict_keys(['example_external_task_marker_parent', 'example_external_task_marker_child']) retrieved from /usr/local/lib/python3.6/dist-packages/airflow/example_dags/example_external_task_marker_dag.py
[2021-03-08 03:18:13,636] {logging_mixin.py:104} INFO - [2021-03-08 03:18:13,635] {dag.py:1818} INFO - Sync 2 DAGs
[2021-03-08 03:18:13,645] {logging_mixin.py:104} INFO - [2021-03-08 03:18:13,645] {dag.py:2273} INFO - Setting next_dagrun for example_external_task_marker_child to None
[2021-03-08 03:18:13,646] {logging_mixin.py:104} INFO - [2021-03-08 03:18:13,646] {dag.py:2273} INFO - Setting next_dagrun for example_external_task_marker_parent to None
[2021-03-08 03:18:13,654] {scheduler_job.py:190} INFO - Processing /usr/local/lib/python3.6/dist-packages/airflow/example_dags/example_external_task_marker_dag.py took 0.045 seconds
[2021-03-08 03:18:44,329] {scheduler_job.py:182} INFO - Started process (PID=131) to work on /usr/local/lib/python3.6/dist-packages/airflow/example_dags/example_external_task_marker_dag.py
[2021-03-08 03:18:44,329] {scheduler_job.py:629} INFO - Processing file /usr/local/lib/python3.6/dist-packages/airflow/example_dags/example_external_task_marker_dag.py for tasks to queue
[2021-03-08 03:18:44,330] {logging_mixin.py:104} INFO - [2021-03-08 03:18:44,330] {dagbag.py:448} INFO - Filling up the DagBag from /usr/local/lib/python3.6/dist-packages/airflow/example_dags/example_external_task_marker_dag.py
[2021-03-08 03:18:44,338] {scheduler_job.py:639} INFO - DAG(s) dict_keys(['example_external_task_marker_parent', 'example_external_task_marker_child']) retrieved from /usr/local/lib/python3.6/dist-packages/airflow/example_dags/example_external_task_marker_dag.py
[2021-03-08 03:18:44,351] {logging_mixin.py:104} INFO - [2021-03-08 03:18:44,351] {dag.py:1818} INFO - Sync 2 DAGs
[2021-03-08 03:18:44,359] {logging_mixin.py:104} INFO - [2021-03-08 03:18:44,359] {dag.py:2273} INFO - Setting next_dagrun for example_external_task_marker_child to None
[2021-03-08 03:18:44,359] {logging_mixin.py:104} INFO - [2021-03-08 03:18:44,359] {dag.py:2273} INFO - Setting next_dagrun for example_external_task_marker_parent to None
[2021-03-08 03:18:44,364] {scheduler_job.py:190} INFO - Processing /usr/local/lib/python3.6/dist-packages/airflow/example_dags/example_external_task_marker_dag.py took 0.037 seconds
[2021-03-08 03:19:14,961] {scheduler_job.py:182} INFO - Started process (PID=189) to work on /usr/local/lib/python3.6/dist-packages/airflow/example_dags/example_external_task_marker_dag.py
[2021-03-08 03:19:14,961] {scheduler_job.py:629} INFO - Processing file /usr/local/lib/python3.6/dist-packages/airflow/example_dags/example_external_task_marker_dag.py for tasks to queue
[2021-03-08 03:19:14,962] {logging_mixin.py:104} INFO - [2021-03-08 03:19:14,962] {dagbag.py:448} INFO - Filling up the DagBag from /usr/local/lib/python3.6/dist-packages/airflow/example_dags/example_external_task_marker_dag.py
[2021-03-08 03:19:14,970] {scheduler_job.py:639} INFO - DAG(s) dict_keys(['example_external_task_marker_parent', 'example_external_task_marker_child']) retrieved from /usr/local/lib/python3.6/dist-packages/airflow/example_dags/example_external_task_marker_dag.py
[2021-03-08 03:19:14,982] {logging_mixin.py:104} INFO - [2021-03-08 03:19:14,982] {dag.py:1818} INFO - Sync 2 DAGs
[2021-03-08 03:19:14,992] {logging_mixin.py:104} INFO - [2021-03-08 03:19:14,992] {dag.py:2273} INFO - Setting next_dagrun for example_external_task_marker_child to None
[2021-03-08 03:19:14,992] {logging_mixin.py:104} INFO - [2021-03-08 03:19:14,992] {dag.py:2273} INFO - Setting next_dagrun for example_external_task_marker_parent to None
[2021-03-08 03:19:14,997] {scheduler_job.py:190} INFO - Processing /usr/local/lib/python3.6/dist-packages/airflow/example_dags/example_external_task_marker_dag.py took 0.038 seconds
[2021-03-08 03:19:45,644] {scheduler_job.py:182} INFO - Started process (PID=31) to work on /usr/local/lib/python3.6/dist-packages/airflow/example_dags/example_external_task_marker_dag.py
[2021-03-08 03:19:45,645] {scheduler_job.py:629} INFO - Processing file /usr/local/lib/python3.6/dist-packages/airflow/example_dags/example_external_task_marker_dag.py for tasks to queue
[2021-03-08 03:19:45,645] {logging_mixin.py:104} INFO - [2021-03-08 03:19:45,645] {dagbag.py:448} INFO - Filling up the DagBag from /usr/local/lib/python3.6/dist-packages/airflow/example_dags/example_external_task_marker_dag.py
[2021-03-08 03:19:45,656] {scheduler_job.py:639} INFO - DAG(s) dict_keys(['example_external_task_marker_parent', 'example_external_task_marker_child']) retrieved from /usr/local/lib/python3.6/dist-packages/airflow/example_dags/example_external_task_marker_dag.py
[2021-03-08 03:19:45,688] {logging_mixin.py:104} INFO - [2021-03-08 03:19:45,688] {dag.py:1818} INFO - Sync 2 DAGs
[2021-03-08 03:19:45,701] {logging_mixin.py:104} INFO - [2021-03-08 03:19:45,701] {dag.py:2273} INFO - Setting next_dagrun for example_external_task_marker_child to None
[2021-03-08 03:19:45,702] {logging_mixin.py:104} INFO - [2021-03-08 03:19:45,701] {dag.py:2273} INFO - Setting next_dagrun for example_external_task_marker_parent to None
[2021-03-08 03:19:45,729] {scheduler_job.py:190} INFO - Processing /usr/local/lib/python3.6/dist-packages/airflow/example_dags/example_external_task_marker_dag.py took 0.087 seconds
[2021-03-08 03:20:16,494] {scheduler_job.py:182} INFO - Started process (PID=118) to work on /usr/local/lib/python3.6/dist-packages/airflow/example_dags/example_external_task_marker_dag.py
[2021-03-08 03:20:16,495] {scheduler_job.py:629} INFO - Processing file /usr/local/lib/python3.6/dist-packages/airflow/example_dags/example_external_task_marker_dag.py for tasks to queue
[2021-03-08 03:20:16,495] {logging_mixin.py:104} INFO - [2021-03-08 03:20:16,495] {dagbag.py:448} INFO - Filling up the DagBag from /usr/local/lib/python3.6/dist-packages/airflow/example_dags/example_external_task_marker_dag.py
[2021-03-08 03:20:16,503] {scheduler_job.py:639} INFO - DAG(s) dict_keys(['example_external_task_marker_parent', 'example_external_task_marker_child']) retrieved from /usr/local/lib/python3.6/dist-packages/airflow/example_dags/example_external_task_marker_dag.py
[2021-03-08 03:20:16,519] {logging_mixin.py:104} INFO - [2021-03-08 03:20:16,519] {dag.py:1818} INFO - Sync 2 DAGs
[2021-03-08 03:20:16,530] {logging_mixin.py:104} INFO - [2021-03-08 03:20:16,530] {dag.py:2273} INFO - Setting next_dagrun for example_external_task_marker_child to None
[2021-03-08 03:20:16,531] {logging_mixin.py:104} INFO - [2021-03-08 03:20:16,531] {dag.py:2273} INFO - Setting next_dagrun for example_external_task_marker_parent to None
[2021-03-08 03:20:16,538] {scheduler_job.py:190} INFO - Processing /usr/local/lib/python3.6/dist-packages/airflow/example_dags/example_external_task_marker_dag.py took 0.046 seconds
[2021-03-08 03:20:47,212] {scheduler_job.py:182} INFO - Started process (PID=175) to work on /usr/local/lib/python3.6/dist-packages/airflow/example_dags/example_external_task_marker_dag.py
[2021-03-08 03:20:47,214] {scheduler_job.py:629} INFO - Processing file /usr/local/lib/python3.6/dist-packages/airflow/example_dags/example_external_task_marker_dag.py for tasks to queue
[2021-03-08 03:20:47,214] {logging_mixin.py:104} INFO - [2021-03-08 03:20:47,214] {dagbag.py:448} INFO - Filling up the DagBag from /usr/local/lib/python3.6/dist-packages/airflow/example_dags/example_external_task_marker_dag.py
[2021-03-08 03:20:47,220] {scheduler_job.py:639} INFO - DAG(s) dict_keys(['example_external_task_marker_parent', 'example_external_task_marker_child']) retrieved from /usr/local/lib/python3.6/dist-packages/airflow/example_dags/example_external_task_marker_dag.py
[2021-03-08 03:20:47,233] {logging_mixin.py:104} INFO - [2021-03-08 03:20:47,233] {dag.py:1818} INFO - Sync 2 DAGs
[2021-03-08 03:20:47,241] {logging_mixin.py:104} INFO - [2021-03-08 03:20:47,241] {dag.py:2273} INFO - Setting next_dagrun for example_external_task_marker_child to None
[2021-03-08 03:20:47,242] {logging_mixin.py:104} INFO - [2021-03-08 03:20:47,242] {dag.py:2273} INFO - Setting next_dagrun for example_external_task_marker_parent to None
[2021-03-08 03:20:47,247] {scheduler_job.py:190} INFO - Processing /usr/local/lib/python3.6/dist-packages/airflow/example_dags/example_external_task_marker_dag.py took 0.036 seconds
[2021-03-08 03:21:17,865] {scheduler_job.py:182} INFO - Started process (PID=233) to work on /usr/local/lib/python3.6/dist-packages/airflow/example_dags/example_external_task_marker_dag.py
[2021-03-08 03:21:17,865] {scheduler_job.py:629} INFO - Processing file /usr/local/lib/python3.6/dist-packages/airflow/example_dags/example_external_task_marker_dag.py for tasks to queue
[2021-03-08 03:21:17,866] {logging_mixin.py:104} INFO - [2021-03-08 03:21:17,866] {dagbag.py:448} INFO - Filling up the DagBag from /usr/local/lib/python3.6/dist-packages/airflow/example_dags/example_external_task_marker_dag.py
[2021-03-08 03:21:17,873] {scheduler_job.py:639} INFO - DAG(s) dict_keys(['example_external_task_marker_parent', 'example_external_task_marker_child']) retrieved from /usr/local/lib/python3.6/dist-packages/airflow/example_dags/example_external_task_marker_dag.py
[2021-03-08 03:21:17,887] {logging_mixin.py:104} INFO - [2021-03-08 03:21:17,887] {dag.py:1818} INFO - Sync 2 DAGs
[2021-03-08 03:21:17,898] {logging_mixin.py:104} INFO - [2021-03-08 03:21:17,898] {dag.py:2273} INFO - Setting next_dagrun for example_external_task_marker_child to None
[2021-03-08 03:21:17,899] {logging_mixin.py:104} INFO - [2021-03-08 03:21:17,899] {dag.py:2273} INFO - Setting next_dagrun for example_external_task_marker_parent to None
[2021-03-08 03:21:17,904] {scheduler_job.py:190} INFO - Processing /usr/local/lib/python3.6/dist-packages/airflow/example_dags/example_external_task_marker_dag.py took 0.040 seconds
[2021-03-08 03:21:48,566] {scheduler_job.py:182} INFO - Started process (PID=291) to work on /usr/local/lib/python3.6/dist-packages/airflow/example_dags/example_external_task_marker_dag.py
[2021-03-08 03:21:48,567] {scheduler_job.py:629} INFO - Processing file /usr/local/lib/python3.6/dist-packages/airflow/example_dags/example_external_task_marker_dag.py for tasks to queue
[2021-03-08 03:21:48,567] {logging_mixin.py:104} INFO - [2021-03-08 03:21:48,567] {dagbag.py:448} INFO - Filling up the DagBag from /usr/local/lib/python3.6/dist-packages/airflow/example_dags/example_external_task_marker_dag.py
[2021-03-08 03:21:48,574] {scheduler_job.py:639} INFO - DAG(s) dict_keys(['example_external_task_marker_parent', 'example_external_task_marker_child']) retrieved from /usr/local/lib/python3.6/dist-packages/airflow/example_dags/example_external_task_marker_dag.py
[2021-03-08 03:21:48,588] {logging_mixin.py:104} INFO - [2021-03-08 03:21:48,588] {dag.py:1818} INFO - Sync 2 DAGs
[2021-03-08 03:21:48,598] {logging_mixin.py:104} INFO - [2021-03-08 03:21:48,598] {dag.py:2273} INFO - Setting next_dagrun for example_external_task_marker_child to None
[2021-03-08 03:21:48,599] {logging_mixin.py:104} INFO - [2021-03-08 03:21:48,599] {dag.py:2273} INFO - Setting next_dagrun for example_external_task_marker_parent to None
[2021-03-08 03:21:48,605] {scheduler_job.py:190} INFO - Processing /usr/local/lib/python3.6/dist-packages/airflow/example_dags/example_external_task_marker_dag.py took 0.041 seconds
[2021-03-08 03:22:19,254] {scheduler_job.py:182} INFO - Started process (PID=350) to work on /usr/local/lib/python3.6/dist-packages/airflow/example_dags/example_external_task_marker_dag.py
[2021-03-08 03:22:19,255] {scheduler_job.py:629} INFO - Processing file /usr/local/lib/python3.6/dist-packages/airflow/example_dags/example_external_task_marker_dag.py for tasks to queue
[2021-03-08 03:22:19,255] {logging_mixin.py:104} INFO - [2021-03-08 03:22:19,255] {dagbag.py:448} INFO - Filling up the DagBag from /usr/local/lib/python3.6/dist-packages/airflow/example_dags/example_external_task_marker_dag.py
[2021-03-08 03:22:19,262] {scheduler_job.py:639} INFO - DAG(s) dict_keys(['example_external_task_marker_parent', 'example_external_task_marker_child']) retrieved from /usr/local/lib/python3.6/dist-packages/airflow/example_dags/example_external_task_marker_dag.py
[2021-03-08 03:22:19,274] {logging_mixin.py:104} INFO - [2021-03-08 03:22:19,274] {dag.py:1818} INFO - Sync 2 DAGs
[2021-03-08 03:22:19,282] {logging_mixin.py:104} INFO - [2021-03-08 03:22:19,282] {dag.py:2273} INFO - Setting next_dagrun for example_external_task_marker_child to None
[2021-03-08 03:22:19,283] {logging_mixin.py:104} INFO - [2021-03-08 03:22:19,283] {dag.py:2273} INFO - Setting next_dagrun for example_external_task_marker_parent to None
[2021-03-08 03:22:19,288] {scheduler_job.py:190} INFO - Processing /usr/local/lib/python3.6/dist-packages/airflow/example_dags/example_external_task_marker_dag.py took 0.036 seconds
[2021-03-08 03:22:49,906] {scheduler_job.py:182} INFO - Started process (PID=409) to work on /usr/local/lib/python3.6/dist-packages/airflow/example_dags/example_external_task_marker_dag.py
[2021-03-08 03:22:49,906] {scheduler_job.py:629} INFO - Processing file /usr/local/lib/python3.6/dist-packages/airflow/example_dags/example_external_task_marker_dag.py for tasks to queue
[2021-03-08 03:22:49,907] {logging_mixin.py:104} INFO - [2021-03-08 03:22:49,906] {dagbag.py:448} INFO - Filling up the DagBag from /usr/local/lib/python3.6/dist-packages/airflow/example_dags/example_external_task_marker_dag.py
[2021-03-08 03:22:49,913] {scheduler_job.py:639} INFO - DAG(s) dict_keys(['example_external_task_marker_parent', 'example_external_task_marker_child']) retrieved from /usr/local/lib/python3.6/dist-packages/airflow/example_dags/example_external_task_marker_dag.py
[2021-03-08 03:22:49,930] {logging_mixin.py:104} INFO - [2021-03-08 03:22:49,930] {dag.py:1818} INFO - Sync 2 DAGs
[2021-03-08 03:22:49,939] {logging_mixin.py:104} INFO - [2021-03-08 03:22:49,938] {dag.py:2273} INFO - Setting next_dagrun for example_external_task_marker_child to None
[2021-03-08 03:22:49,939] {logging_mixin.py:104} INFO - [2021-03-08 03:22:49,939] {dag.py:2273} INFO - Setting next_dagrun for example_external_task_marker_parent to None
[2021-03-08 03:22:49,945] {scheduler_job.py:190} INFO - Processing /usr/local/lib/python3.6/dist-packages/airflow/example_dags/example_external_task_marker_dag.py took 0.041 seconds
[2021-03-08 03:23:20,579] {scheduler_job.py:182} INFO - Started process (PID=469) to work on /usr/local/lib/python3.6/dist-packages/airflow/example_dags/example_external_task_marker_dag.py
[2021-03-08 03:23:20,580] {scheduler_job.py:629} INFO - Processing file /usr/local/lib/python3.6/dist-packages/airflow/example_dags/example_external_task_marker_dag.py for tasks to queue
[2021-03-08 03:23:20,580] {logging_mixin.py:104} INFO - [2021-03-08 03:23:20,580] {dagbag.py:448} INFO - Filling up the DagBag from /usr/local/lib/python3.6/dist-packages/airflow/example_dags/example_external_task_marker_dag.py
[2021-03-08 03:23:20,586] {scheduler_job.py:639} INFO - DAG(s) dict_keys(['example_external_task_marker_parent', 'example_external_task_marker_child']) retrieved from /usr/local/lib/python3.6/dist-packages/airflow/example_dags/example_external_task_marker_dag.py
[2021-03-08 03:23:20,600] {logging_mixin.py:104} INFO - [2021-03-08 03:23:20,600] {dag.py:1818} INFO - Sync 2 DAGs
[2021-03-08 03:23:20,608] {logging_mixin.py:104} INFO - [2021-03-08 03:23:20,608] {dag.py:2273} INFO - Setting next_dagrun for example_external_task_marker_child to None
[2021-03-08 03:23:20,609] {logging_mixin.py:104} INFO - [2021-03-08 03:23:20,609] {dag.py:2273} INFO - Setting next_dagrun for example_external_task_marker_parent to None
[2021-03-08 03:23:20,614] {scheduler_job.py:190} INFO - Processing /usr/local/lib/python3.6/dist-packages/airflow/example_dags/example_external_task_marker_dag.py took 0.037 seconds
[2021-03-08 03:23:51,301] {scheduler_job.py:182} INFO - Started process (PID=528) to work on /usr/local/lib/python3.6/dist-packages/airflow/example_dags/example_external_task_marker_dag.py
[2021-03-08 03:23:51,302] {scheduler_job.py:629} INFO - Processing file /usr/local/lib/python3.6/dist-packages/airflow/example_dags/example_external_task_marker_dag.py for tasks to queue
[2021-03-08 03:23:51,303] {logging_mixin.py:104} INFO - [2021-03-08 03:23:51,302] {dagbag.py:448} INFO - Filling up the DagBag from /usr/local/lib/python3.6/dist-packages/airflow/example_dags/example_external_task_marker_dag.py
[2021-03-08 03:23:51,310] {scheduler_job.py:639} INFO - DAG(s) dict_keys(['example_external_task_marker_parent', 'example_external_task_marker_child']) retrieved from /usr/local/lib/python3.6/dist-packages/airflow/example_dags/example_external_task_marker_dag.py
[2021-03-08 03:23:51,329] {logging_mixin.py:104} INFO - [2021-03-08 03:23:51,329] {dag.py:1818} INFO - Sync 2 DAGs
[2021-03-08 03:23:51,340] {logging_mixin.py:104} INFO - [2021-03-08 03:23:51,340] {dag.py:2273} INFO - Setting next_dagrun for example_external_task_marker_child to None
[2021-03-08 03:23:51,341] {logging_mixin.py:104} INFO - [2021-03-08 03:23:51,341] {dag.py:2273} INFO - Setting next_dagrun for example_external_task_marker_parent to None
[2021-03-08 03:23:51,347] {scheduler_job.py:190} INFO - Processing /usr/local/lib/python3.6/dist-packages/airflow/example_dags/example_external_task_marker_dag.py took 0.048 seconds
[2021-03-08 03:24:22,039] {scheduler_job.py:182} INFO - Started process (PID=586) to work on /usr/local/lib/python3.6/dist-packages/airflow/example_dags/example_external_task_marker_dag.py
[2021-03-08 03:24:22,039] {scheduler_job.py:629} INFO - Processing file /usr/local/lib/python3.6/dist-packages/airflow/example_dags/example_external_task_marker_dag.py for tasks to queue
[2021-03-08 03:24:22,040] {logging_mixin.py:104} INFO - [2021-03-08 03:24:22,040] {dagbag.py:448} INFO - Filling up the DagBag from /usr/local/lib/python3.6/dist-packages/airflow/example_dags/example_external_task_marker_dag.py
[2021-03-08 03:24:22,047] {scheduler_job.py:639} INFO - DAG(s) dict_keys(['example_external_task_marker_parent', 'example_external_task_marker_child']) retrieved from /usr/local/lib/python3.6/dist-packages/airflow/example_dags/example_external_task_marker_dag.py
[2021-03-08 03:24:22,061] {logging_mixin.py:104} INFO - [2021-03-08 03:24:22,061] {dag.py:1818} INFO - Sync 2 DAGs
[2021-03-08 03:24:22,069] {logging_mixin.py:104} INFO - [2021-03-08 03:24:22,069] {dag.py:2273} INFO - Setting next_dagrun for example_external_task_marker_child to None
[2021-03-08 03:24:22,070] {logging_mixin.py:104} INFO - [2021-03-08 03:24:22,070] {dag.py:2273} INFO - Setting next_dagrun for example_external_task_marker_parent to None
[2021-03-08 03:24:22,076] {scheduler_job.py:190} INFO - Processing /usr/local/lib/python3.6/dist-packages/airflow/example_dags/example_external_task_marker_dag.py took 0.039 seconds
[2021-03-08 03:24:52,734] {scheduler_job.py:182} INFO - Started process (PID=645) to work on /usr/local/lib/python3.6/dist-packages/airflow/example_dags/example_external_task_marker_dag.py
[2021-03-08 03:24:52,735] {scheduler_job.py:629} INFO - Processing file /usr/local/lib/python3.6/dist-packages/airflow/example_dags/example_external_task_marker_dag.py for tasks to queue
[2021-03-08 03:24:52,735] {logging_mixin.py:104} INFO - [2021-03-08 03:24:52,735] {dagbag.py:448} INFO - Filling up the DagBag from /usr/local/lib/python3.6/dist-packages/airflow/example_dags/example_external_task_marker_dag.py
[2021-03-08 03:24:52,741] {scheduler_job.py:639} INFO - DAG(s) dict_keys(['example_external_task_marker_parent', 'example_external_task_marker_child']) retrieved from /usr/local/lib/python3.6/dist-packages/airflow/example_dags/example_external_task_marker_dag.py
[2021-03-08 03:24:52,754] {logging_mixin.py:104} INFO - [2021-03-08 03:24:52,754] {dag.py:1818} INFO - Sync 2 DAGs
[2021-03-08 03:24:52,763] {logging_mixin.py:104} INFO - [2021-03-08 03:24:52,763] {dag.py:2273} INFO - Setting next_dagrun for example_external_task_marker_child to None
[2021-03-08 03:24:52,763] {logging_mixin.py:104} INFO - [2021-03-08 03:24:52,763] {dag.py:2273} INFO - Setting next_dagrun for example_external_task_marker_parent to None
[2021-03-08 03:24:52,768] {scheduler_job.py:190} INFO - Processing /usr/local/lib/python3.6/dist-packages/airflow/example_dags/example_external_task_marker_dag.py took 0.035 seconds
[2021-03-08 03:25:23,517] {scheduler_job.py:182} INFO - Started process (PID=712) to work on /usr/local/lib/python3.6/dist-packages/airflow/example_dags/example_external_task_marker_dag.py
[2021-03-08 03:25:23,519] {scheduler_job.py:629} INFO - Processing file /usr/local/lib/python3.6/dist-packages/airflow/example_dags/example_external_task_marker_dag.py for tasks to queue
[2021-03-08 03:25:23,521] {logging_mixin.py:104} INFO - [2021-03-08 03:25:23,521] {dagbag.py:448} INFO - Filling up the DagBag from /usr/local/lib/python3.6/dist-packages/airflow/example_dags/example_external_task_marker_dag.py
[2021-03-08 03:25:23,530] {scheduler_job.py:639} INFO - DAG(s) dict_keys(['example_external_task_marker_parent', 'example_external_task_marker_child']) retrieved from /usr/local/lib/python3.6/dist-packages/airflow/example_dags/example_external_task_marker_dag.py
[2021-03-08 03:25:23,553] {logging_mixin.py:104} INFO - [2021-03-08 03:25:23,553] {dag.py:1818} INFO - Sync 2 DAGs
[2021-03-08 03:25:23,566] {logging_mixin.py:104} INFO - [2021-03-08 03:25:23,566] {dag.py:2273} INFO - Setting next_dagrun for example_external_task_marker_child to None
[2021-03-08 03:25:23,571] {logging_mixin.py:104} INFO - [2021-03-08 03:25:23,571] {dag.py:2273} INFO - Setting next_dagrun for example_external_task_marker_parent to None
[2021-03-08 03:25:23,581] {scheduler_job.py:190} INFO - Processing /usr/local/lib/python3.6/dist-packages/airflow/example_dags/example_external_task_marker_dag.py took 0.066 seconds
[2021-03-08 03:25:54,321] {scheduler_job.py:182} INFO - Started process (PID=771) to work on /usr/local/lib/python3.6/dist-packages/airflow/example_dags/example_external_task_marker_dag.py
[2021-03-08 03:25:54,322] {scheduler_job.py:629} INFO - Processing file /usr/local/lib/python3.6/dist-packages/airflow/example_dags/example_external_task_marker_dag.py for tasks to queue
[2021-03-08 03:25:54,323] {logging_mixin.py:104} INFO - [2021-03-08 03:25:54,323] {dagbag.py:448} INFO - Filling up the DagBag from /usr/local/lib/python3.6/dist-packages/airflow/example_dags/example_external_task_marker_dag.py
[2021-03-08 03:25:54,332] {scheduler_job.py:639} INFO - DAG(s) dict_keys(['example_external_task_marker_parent', 'example_external_task_marker_child']) retrieved from /usr/local/lib/python3.6/dist-packages/airflow/example_dags/example_external_task_marker_dag.py
[2021-03-08 03:25:54,357] {logging_mixin.py:104} INFO - [2021-03-08 03:25:54,357] {dag.py:1818} INFO - Sync 2 DAGs
[2021-03-08 03:25:54,367] {logging_mixin.py:104} INFO - [2021-03-08 03:25:54,367] {dag.py:2273} INFO - Setting next_dagrun for example_external_task_marker_child to None
[2021-03-08 03:25:54,367] {logging_mixin.py:104} INFO - [2021-03-08 03:25:54,367] {dag.py:2273} INFO - Setting next_dagrun for example_external_task_marker_parent to None
[2021-03-08 03:25:54,376] {scheduler_job.py:190} INFO - Processing /usr/local/lib/python3.6/dist-packages/airflow/example_dags/example_external_task_marker_dag.py took 0.057 seconds
