[2021-03-08 03:06:16,257] {scheduler_job.py:182} INFO - Started process (PID=36) to work on /usr/local/lib/python3.6/dist-packages/airflow/example_dags/example_latest_only.py
[2021-03-08 03:06:16,257] {scheduler_job.py:629} INFO - Processing file /usr/local/lib/python3.6/dist-packages/airflow/example_dags/example_latest_only.py for tasks to queue
[2021-03-08 03:06:16,258] {logging_mixin.py:104} INFO - [2021-03-08 03:06:16,258] {dagbag.py:448} INFO - Filling up the DagBag from /usr/local/lib/python3.6/dist-packages/airflow/example_dags/example_latest_only.py
[2021-03-08 03:06:16,263] {scheduler_job.py:639} INFO - DAG(s) dict_keys(['latest_only']) retrieved from /usr/local/lib/python3.6/dist-packages/airflow/example_dags/example_latest_only.py
[2021-03-08 03:06:16,267] {logging_mixin.py:104} INFO - [2021-03-08 03:06:16,267] {dag.py:1818} INFO - Sync 1 DAGs
[2021-03-08 03:06:16,274] {logging_mixin.py:104} INFO - [2021-03-08 03:06:16,274] {dag.py:2273} INFO - Setting next_dagrun for latest_only to 2021-03-06 00:00:00+00:00
[2021-03-08 03:06:16,278] {scheduler_job.py:190} INFO - Processing /usr/local/lib/python3.6/dist-packages/airflow/example_dags/example_latest_only.py took 0.023 seconds
[2021-03-08 03:06:46,376] {scheduler_job.py:182} INFO - Started process (PID=125) to work on /usr/local/lib/python3.6/dist-packages/airflow/example_dags/example_latest_only.py
[2021-03-08 03:06:46,378] {scheduler_job.py:629} INFO - Processing file /usr/local/lib/python3.6/dist-packages/airflow/example_dags/example_latest_only.py for tasks to queue
[2021-03-08 03:06:46,379] {logging_mixin.py:104} INFO - [2021-03-08 03:06:46,379] {dagbag.py:448} INFO - Filling up the DagBag from /usr/local/lib/python3.6/dist-packages/airflow/example_dags/example_latest_only.py
[2021-03-08 03:06:46,400] {scheduler_job.py:639} INFO - DAG(s) dict_keys(['latest_only']) retrieved from /usr/local/lib/python3.6/dist-packages/airflow/example_dags/example_latest_only.py
[2021-03-08 03:06:46,412] {logging_mixin.py:104} INFO - [2021-03-08 03:06:46,412] {dag.py:1818} INFO - Sync 1 DAGs
[2021-03-08 03:06:46,421] {logging_mixin.py:104} INFO - [2021-03-08 03:06:46,421] {dag.py:2273} INFO - Setting next_dagrun for latest_only to 2021-03-06 00:00:00+00:00
[2021-03-08 03:06:46,426] {scheduler_job.py:190} INFO - Processing /usr/local/lib/python3.6/dist-packages/airflow/example_dags/example_latest_only.py took 0.055 seconds
[2021-03-08 03:07:16,700] {scheduler_job.py:182} INFO - Started process (PID=184) to work on /usr/local/lib/python3.6/dist-packages/airflow/example_dags/example_latest_only.py
[2021-03-08 03:07:16,703] {scheduler_job.py:629} INFO - Processing file /usr/local/lib/python3.6/dist-packages/airflow/example_dags/example_latest_only.py for tasks to queue
[2021-03-08 03:07:16,704] {logging_mixin.py:104} INFO - [2021-03-08 03:07:16,704] {dagbag.py:448} INFO - Filling up the DagBag from /usr/local/lib/python3.6/dist-packages/airflow/example_dags/example_latest_only.py
[2021-03-08 03:07:16,721] {scheduler_job.py:639} INFO - DAG(s) dict_keys(['latest_only']) retrieved from /usr/local/lib/python3.6/dist-packages/airflow/example_dags/example_latest_only.py
[2021-03-08 03:07:16,732] {logging_mixin.py:104} INFO - [2021-03-08 03:07:16,732] {dag.py:1818} INFO - Sync 1 DAGs
[2021-03-08 03:07:16,740] {logging_mixin.py:104} INFO - [2021-03-08 03:07:16,740] {dag.py:2273} INFO - Setting next_dagrun for latest_only to 2021-03-06 00:00:00+00:00
[2021-03-08 03:07:16,744] {scheduler_job.py:190} INFO - Processing /usr/local/lib/python3.6/dist-packages/airflow/example_dags/example_latest_only.py took 0.049 seconds
[2021-03-08 03:07:47,024] {scheduler_job.py:182} INFO - Started process (PID=244) to work on /usr/local/lib/python3.6/dist-packages/airflow/example_dags/example_latest_only.py
[2021-03-08 03:07:47,026] {scheduler_job.py:629} INFO - Processing file /usr/local/lib/python3.6/dist-packages/airflow/example_dags/example_latest_only.py for tasks to queue
[2021-03-08 03:07:47,028] {logging_mixin.py:104} INFO - [2021-03-08 03:07:47,027] {dagbag.py:448} INFO - Filling up the DagBag from /usr/local/lib/python3.6/dist-packages/airflow/example_dags/example_latest_only.py
[2021-03-08 03:07:47,045] {scheduler_job.py:639} INFO - DAG(s) dict_keys(['latest_only']) retrieved from /usr/local/lib/python3.6/dist-packages/airflow/example_dags/example_latest_only.py
[2021-03-08 03:07:47,058] {logging_mixin.py:104} INFO - [2021-03-08 03:07:47,058] {dag.py:1818} INFO - Sync 1 DAGs
[2021-03-08 03:07:47,067] {logging_mixin.py:104} INFO - [2021-03-08 03:07:47,067] {dag.py:2273} INFO - Setting next_dagrun for latest_only to 2021-03-06 00:00:00+00:00
[2021-03-08 03:07:47,071] {scheduler_job.py:190} INFO - Processing /usr/local/lib/python3.6/dist-packages/airflow/example_dags/example_latest_only.py took 0.053 seconds
[2021-03-08 03:08:17,354] {scheduler_job.py:182} INFO - Started process (PID=304) to work on /usr/local/lib/python3.6/dist-packages/airflow/example_dags/example_latest_only.py
[2021-03-08 03:08:17,357] {scheduler_job.py:629} INFO - Processing file /usr/local/lib/python3.6/dist-packages/airflow/example_dags/example_latest_only.py for tasks to queue
[2021-03-08 03:08:17,359] {logging_mixin.py:104} INFO - [2021-03-08 03:08:17,358] {dagbag.py:448} INFO - Filling up the DagBag from /usr/local/lib/python3.6/dist-packages/airflow/example_dags/example_latest_only.py
[2021-03-08 03:08:17,378] {scheduler_job.py:639} INFO - DAG(s) dict_keys(['latest_only']) retrieved from /usr/local/lib/python3.6/dist-packages/airflow/example_dags/example_latest_only.py
[2021-03-08 03:08:17,390] {logging_mixin.py:104} INFO - [2021-03-08 03:08:17,390] {dag.py:1818} INFO - Sync 1 DAGs
[2021-03-08 03:08:17,398] {logging_mixin.py:104} INFO - [2021-03-08 03:08:17,397] {dag.py:2273} INFO - Setting next_dagrun for latest_only to 2021-03-06 00:00:00+00:00
[2021-03-08 03:08:17,402] {scheduler_job.py:190} INFO - Processing /usr/local/lib/python3.6/dist-packages/airflow/example_dags/example_latest_only.py took 0.053 seconds
[2021-03-08 03:08:47,513] {scheduler_job.py:182} INFO - Started process (PID=363) to work on /usr/local/lib/python3.6/dist-packages/airflow/example_dags/example_latest_only.py
[2021-03-08 03:08:47,515] {scheduler_job.py:629} INFO - Processing file /usr/local/lib/python3.6/dist-packages/airflow/example_dags/example_latest_only.py for tasks to queue
[2021-03-08 03:08:47,517] {logging_mixin.py:104} INFO - [2021-03-08 03:08:47,517] {dagbag.py:448} INFO - Filling up the DagBag from /usr/local/lib/python3.6/dist-packages/airflow/example_dags/example_latest_only.py
[2021-03-08 03:08:47,531] {scheduler_job.py:639} INFO - DAG(s) dict_keys(['latest_only']) retrieved from /usr/local/lib/python3.6/dist-packages/airflow/example_dags/example_latest_only.py
[2021-03-08 03:08:47,542] {logging_mixin.py:104} INFO - [2021-03-08 03:08:47,542] {dag.py:1818} INFO - Sync 1 DAGs
[2021-03-08 03:08:47,550] {logging_mixin.py:104} INFO - [2021-03-08 03:08:47,549] {dag.py:2273} INFO - Setting next_dagrun for latest_only to 2021-03-06 00:00:00+00:00
[2021-03-08 03:08:47,554] {scheduler_job.py:190} INFO - Processing /usr/local/lib/python3.6/dist-packages/airflow/example_dags/example_latest_only.py took 0.046 seconds
[2021-03-08 03:09:17,809] {scheduler_job.py:182} INFO - Started process (PID=423) to work on /usr/local/lib/python3.6/dist-packages/airflow/example_dags/example_latest_only.py
[2021-03-08 03:09:17,811] {scheduler_job.py:629} INFO - Processing file /usr/local/lib/python3.6/dist-packages/airflow/example_dags/example_latest_only.py for tasks to queue
[2021-03-08 03:09:17,812] {logging_mixin.py:104} INFO - [2021-03-08 03:09:17,812] {dagbag.py:448} INFO - Filling up the DagBag from /usr/local/lib/python3.6/dist-packages/airflow/example_dags/example_latest_only.py
[2021-03-08 03:09:17,829] {scheduler_job.py:639} INFO - DAG(s) dict_keys(['latest_only']) retrieved from /usr/local/lib/python3.6/dist-packages/airflow/example_dags/example_latest_only.py
[2021-03-08 03:09:17,841] {logging_mixin.py:104} INFO - [2021-03-08 03:09:17,841] {dag.py:1818} INFO - Sync 1 DAGs
[2021-03-08 03:09:17,849] {logging_mixin.py:104} INFO - [2021-03-08 03:09:17,848] {dag.py:2273} INFO - Setting next_dagrun for latest_only to 2021-03-06 00:00:00+00:00
[2021-03-08 03:09:17,852] {scheduler_job.py:190} INFO - Processing /usr/local/lib/python3.6/dist-packages/airflow/example_dags/example_latest_only.py took 0.049 seconds
[2021-03-08 03:09:48,037] {scheduler_job.py:182} INFO - Started process (PID=484) to work on /usr/local/lib/python3.6/dist-packages/airflow/example_dags/example_latest_only.py
[2021-03-08 03:09:48,039] {scheduler_job.py:629} INFO - Processing file /usr/local/lib/python3.6/dist-packages/airflow/example_dags/example_latest_only.py for tasks to queue
[2021-03-08 03:09:48,041] {logging_mixin.py:104} INFO - [2021-03-08 03:09:48,040] {dagbag.py:448} INFO - Filling up the DagBag from /usr/local/lib/python3.6/dist-packages/airflow/example_dags/example_latest_only.py
[2021-03-08 03:09:48,058] {scheduler_job.py:639} INFO - DAG(s) dict_keys(['latest_only']) retrieved from /usr/local/lib/python3.6/dist-packages/airflow/example_dags/example_latest_only.py
[2021-03-08 03:09:48,071] {logging_mixin.py:104} INFO - [2021-03-08 03:09:48,070] {dag.py:1818} INFO - Sync 1 DAGs
[2021-03-08 03:09:48,079] {logging_mixin.py:104} INFO - [2021-03-08 03:09:48,079] {dag.py:2273} INFO - Setting next_dagrun for latest_only to 2021-03-06 00:00:00+00:00
[2021-03-08 03:09:48,084] {scheduler_job.py:190} INFO - Processing /usr/local/lib/python3.6/dist-packages/airflow/example_dags/example_latest_only.py took 0.052 seconds
[2021-03-08 03:10:18,358] {scheduler_job.py:182} INFO - Started process (PID=543) to work on /usr/local/lib/python3.6/dist-packages/airflow/example_dags/example_latest_only.py
[2021-03-08 03:10:18,359] {scheduler_job.py:629} INFO - Processing file /usr/local/lib/python3.6/dist-packages/airflow/example_dags/example_latest_only.py for tasks to queue
[2021-03-08 03:10:18,360] {logging_mixin.py:104} INFO - [2021-03-08 03:10:18,360] {dagbag.py:448} INFO - Filling up the DagBag from /usr/local/lib/python3.6/dist-packages/airflow/example_dags/example_latest_only.py
[2021-03-08 03:10:18,370] {scheduler_job.py:639} INFO - DAG(s) dict_keys(['latest_only']) retrieved from /usr/local/lib/python3.6/dist-packages/airflow/example_dags/example_latest_only.py
[2021-03-08 03:10:18,380] {logging_mixin.py:104} INFO - [2021-03-08 03:10:18,380] {dag.py:1818} INFO - Sync 1 DAGs
[2021-03-08 03:10:18,387] {logging_mixin.py:104} INFO - [2021-03-08 03:10:18,387] {dag.py:2273} INFO - Setting next_dagrun for latest_only to 2021-03-06 00:00:00+00:00
[2021-03-08 03:10:18,393] {scheduler_job.py:190} INFO - Processing /usr/local/lib/python3.6/dist-packages/airflow/example_dags/example_latest_only.py took 0.038 seconds
[2021-03-08 03:10:49,740] {scheduler_job.py:182} INFO - Started process (PID=602) to work on /usr/local/lib/python3.6/dist-packages/airflow/example_dags/example_latest_only.py
[2021-03-08 03:10:49,742] {scheduler_job.py:629} INFO - Processing file /usr/local/lib/python3.6/dist-packages/airflow/example_dags/example_latest_only.py for tasks to queue
[2021-03-08 03:10:49,743] {logging_mixin.py:104} INFO - [2021-03-08 03:10:49,743] {dagbag.py:448} INFO - Filling up the DagBag from /usr/local/lib/python3.6/dist-packages/airflow/example_dags/example_latest_only.py
[2021-03-08 03:10:49,762] {scheduler_job.py:639} INFO - DAG(s) dict_keys(['latest_only']) retrieved from /usr/local/lib/python3.6/dist-packages/airflow/example_dags/example_latest_only.py
[2021-03-08 03:10:49,773] {logging_mixin.py:104} INFO - [2021-03-08 03:10:49,773] {dag.py:1818} INFO - Sync 1 DAGs
[2021-03-08 03:10:49,780] {logging_mixin.py:104} INFO - [2021-03-08 03:10:49,780] {dag.py:2273} INFO - Setting next_dagrun for latest_only to 2021-03-06 00:00:00+00:00
[2021-03-08 03:10:49,785] {scheduler_job.py:190} INFO - Processing /usr/local/lib/python3.6/dist-packages/airflow/example_dags/example_latest_only.py took 0.051 seconds
[2021-03-08 03:11:20,301] {scheduler_job.py:182} INFO - Started process (PID=661) to work on /usr/local/lib/python3.6/dist-packages/airflow/example_dags/example_latest_only.py
[2021-03-08 03:11:20,303] {scheduler_job.py:629} INFO - Processing file /usr/local/lib/python3.6/dist-packages/airflow/example_dags/example_latest_only.py for tasks to queue
[2021-03-08 03:11:20,305] {logging_mixin.py:104} INFO - [2021-03-08 03:11:20,305] {dagbag.py:448} INFO - Filling up the DagBag from /usr/local/lib/python3.6/dist-packages/airflow/example_dags/example_latest_only.py
[2021-03-08 03:11:20,324] {scheduler_job.py:639} INFO - DAG(s) dict_keys(['latest_only']) retrieved from /usr/local/lib/python3.6/dist-packages/airflow/example_dags/example_latest_only.py
[2021-03-08 03:11:20,332] {logging_mixin.py:104} INFO - [2021-03-08 03:11:20,332] {dag.py:1818} INFO - Sync 1 DAGs
[2021-03-08 03:11:20,339] {logging_mixin.py:104} INFO - [2021-03-08 03:11:20,339] {dag.py:2273} INFO - Setting next_dagrun for latest_only to 2021-03-06 00:00:00+00:00
[2021-03-08 03:11:20,343] {scheduler_job.py:190} INFO - Processing /usr/local/lib/python3.6/dist-packages/airflow/example_dags/example_latest_only.py took 0.049 seconds
[2021-03-08 03:17:39,975] {scheduler_job.py:182} INFO - Started process (PID=46) to work on /usr/local/lib/python3.6/dist-packages/airflow/example_dags/example_latest_only.py
[2021-03-08 03:17:39,976] {scheduler_job.py:629} INFO - Processing file /usr/local/lib/python3.6/dist-packages/airflow/example_dags/example_latest_only.py for tasks to queue
[2021-03-08 03:17:39,976] {logging_mixin.py:104} INFO - [2021-03-08 03:17:39,976] {dagbag.py:448} INFO - Filling up the DagBag from /usr/local/lib/python3.6/dist-packages/airflow/example_dags/example_latest_only.py
[2021-03-08 03:17:39,984] {scheduler_job.py:639} INFO - DAG(s) dict_keys(['latest_only']) retrieved from /usr/local/lib/python3.6/dist-packages/airflow/example_dags/example_latest_only.py
[2021-03-08 03:17:39,992] {logging_mixin.py:104} INFO - [2021-03-08 03:17:39,992] {dag.py:1818} INFO - Sync 1 DAGs
[2021-03-08 03:17:40,001] {logging_mixin.py:104} INFO - [2021-03-08 03:17:40,001] {dag.py:2273} INFO - Setting next_dagrun for latest_only to 2021-03-06 00:00:00+00:00
[2021-03-08 03:17:40,007] {scheduler_job.py:190} INFO - Processing /usr/local/lib/python3.6/dist-packages/airflow/example_dags/example_latest_only.py took 0.034 seconds
[2021-03-08 03:18:13,247] {scheduler_job.py:182} INFO - Started process (PID=33) to work on /usr/local/lib/python3.6/dist-packages/airflow/example_dags/example_latest_only.py
[2021-03-08 03:18:13,247] {scheduler_job.py:629} INFO - Processing file /usr/local/lib/python3.6/dist-packages/airflow/example_dags/example_latest_only.py for tasks to queue
[2021-03-08 03:18:13,248] {logging_mixin.py:104} INFO - [2021-03-08 03:18:13,248] {dagbag.py:448} INFO - Filling up the DagBag from /usr/local/lib/python3.6/dist-packages/airflow/example_dags/example_latest_only.py
[2021-03-08 03:18:13,268] {scheduler_job.py:639} INFO - DAG(s) dict_keys(['latest_only']) retrieved from /usr/local/lib/python3.6/dist-packages/airflow/example_dags/example_latest_only.py
[2021-03-08 03:18:13,289] {logging_mixin.py:104} INFO - [2021-03-08 03:18:13,289] {dag.py:1818} INFO - Sync 1 DAGs
[2021-03-08 03:18:13,301] {logging_mixin.py:104} INFO - [2021-03-08 03:18:13,301] {dag.py:2273} INFO - Setting next_dagrun for latest_only to 2021-03-06 00:00:00+00:00
[2021-03-08 03:18:13,308] {scheduler_job.py:190} INFO - Processing /usr/local/lib/python3.6/dist-packages/airflow/example_dags/example_latest_only.py took 0.063 seconds
[2021-03-08 03:18:44,074] {scheduler_job.py:182} INFO - Started process (PID=120) to work on /usr/local/lib/python3.6/dist-packages/airflow/example_dags/example_latest_only.py
[2021-03-08 03:18:44,075] {scheduler_job.py:629} INFO - Processing file /usr/local/lib/python3.6/dist-packages/airflow/example_dags/example_latest_only.py for tasks to queue
[2021-03-08 03:18:44,075] {logging_mixin.py:104} INFO - [2021-03-08 03:18:44,075] {dagbag.py:448} INFO - Filling up the DagBag from /usr/local/lib/python3.6/dist-packages/airflow/example_dags/example_latest_only.py
[2021-03-08 03:18:44,082] {scheduler_job.py:639} INFO - DAG(s) dict_keys(['latest_only']) retrieved from /usr/local/lib/python3.6/dist-packages/airflow/example_dags/example_latest_only.py
[2021-03-08 03:18:44,095] {logging_mixin.py:104} INFO - [2021-03-08 03:18:44,095] {dag.py:1818} INFO - Sync 1 DAGs
[2021-03-08 03:18:44,104] {logging_mixin.py:104} INFO - [2021-03-08 03:18:44,104] {dag.py:2273} INFO - Setting next_dagrun for latest_only to 2021-03-06 00:00:00+00:00
[2021-03-08 03:18:44,109] {scheduler_job.py:190} INFO - Processing /usr/local/lib/python3.6/dist-packages/airflow/example_dags/example_latest_only.py took 0.036 seconds
[2021-03-08 03:19:14,740] {scheduler_job.py:182} INFO - Started process (PID=178) to work on /usr/local/lib/python3.6/dist-packages/airflow/example_dags/example_latest_only.py
[2021-03-08 03:19:14,740] {scheduler_job.py:629} INFO - Processing file /usr/local/lib/python3.6/dist-packages/airflow/example_dags/example_latest_only.py for tasks to queue
[2021-03-08 03:19:14,741] {logging_mixin.py:104} INFO - [2021-03-08 03:19:14,740] {dagbag.py:448} INFO - Filling up the DagBag from /usr/local/lib/python3.6/dist-packages/airflow/example_dags/example_latest_only.py
[2021-03-08 03:19:14,748] {scheduler_job.py:639} INFO - DAG(s) dict_keys(['latest_only']) retrieved from /usr/local/lib/python3.6/dist-packages/airflow/example_dags/example_latest_only.py
[2021-03-08 03:19:14,759] {logging_mixin.py:104} INFO - [2021-03-08 03:19:14,759] {dag.py:1818} INFO - Sync 1 DAGs
[2021-03-08 03:19:14,768] {logging_mixin.py:104} INFO - [2021-03-08 03:19:14,768] {dag.py:2273} INFO - Setting next_dagrun for latest_only to 2021-03-06 00:00:00+00:00
[2021-03-08 03:19:14,773] {scheduler_job.py:190} INFO - Processing /usr/local/lib/python3.6/dist-packages/airflow/example_dags/example_latest_only.py took 0.035 seconds
[2021-03-08 03:19:46,070] {scheduler_job.py:182} INFO - Started process (PID=41) to work on /usr/local/lib/python3.6/dist-packages/airflow/example_dags/example_latest_only.py
[2021-03-08 03:19:46,070] {scheduler_job.py:629} INFO - Processing file /usr/local/lib/python3.6/dist-packages/airflow/example_dags/example_latest_only.py for tasks to queue
[2021-03-08 03:19:46,071] {logging_mixin.py:104} INFO - [2021-03-08 03:19:46,071] {dagbag.py:448} INFO - Filling up the DagBag from /usr/local/lib/python3.6/dist-packages/airflow/example_dags/example_latest_only.py
[2021-03-08 03:19:46,079] {scheduler_job.py:639} INFO - DAG(s) dict_keys(['latest_only']) retrieved from /usr/local/lib/python3.6/dist-packages/airflow/example_dags/example_latest_only.py
[2021-03-08 03:19:46,094] {logging_mixin.py:104} INFO - [2021-03-08 03:19:46,093] {dag.py:1818} INFO - Sync 1 DAGs
[2021-03-08 03:19:46,103] {logging_mixin.py:104} INFO - [2021-03-08 03:19:46,103] {dag.py:2273} INFO - Setting next_dagrun for latest_only to 2021-03-06 00:00:00+00:00
[2021-03-08 03:19:46,110] {scheduler_job.py:190} INFO - Processing /usr/local/lib/python3.6/dist-packages/airflow/example_dags/example_latest_only.py took 0.042 seconds
[2021-03-08 03:20:16,759] {scheduler_job.py:182} INFO - Started process (PID=128) to work on /usr/local/lib/python3.6/dist-packages/airflow/example_dags/example_latest_only.py
[2021-03-08 03:20:16,759] {scheduler_job.py:629} INFO - Processing file /usr/local/lib/python3.6/dist-packages/airflow/example_dags/example_latest_only.py for tasks to queue
[2021-03-08 03:20:16,760] {logging_mixin.py:104} INFO - [2021-03-08 03:20:16,760] {dagbag.py:448} INFO - Filling up the DagBag from /usr/local/lib/python3.6/dist-packages/airflow/example_dags/example_latest_only.py
[2021-03-08 03:20:16,767] {scheduler_job.py:639} INFO - DAG(s) dict_keys(['latest_only']) retrieved from /usr/local/lib/python3.6/dist-packages/airflow/example_dags/example_latest_only.py
[2021-03-08 03:20:16,780] {logging_mixin.py:104} INFO - [2021-03-08 03:20:16,780] {dag.py:1818} INFO - Sync 1 DAGs
[2021-03-08 03:20:16,791] {logging_mixin.py:104} INFO - [2021-03-08 03:20:16,791] {dag.py:2273} INFO - Setting next_dagrun for latest_only to 2021-03-06 00:00:00+00:00
[2021-03-08 03:20:16,798] {scheduler_job.py:190} INFO - Processing /usr/local/lib/python3.6/dist-packages/airflow/example_dags/example_latest_only.py took 0.041 seconds
[2021-03-08 03:20:47,481] {scheduler_job.py:182} INFO - Started process (PID=185) to work on /usr/local/lib/python3.6/dist-packages/airflow/example_dags/example_latest_only.py
[2021-03-08 03:20:47,484] {scheduler_job.py:629} INFO - Processing file /usr/local/lib/python3.6/dist-packages/airflow/example_dags/example_latest_only.py for tasks to queue
[2021-03-08 03:20:47,484] {logging_mixin.py:104} INFO - [2021-03-08 03:20:47,484] {dagbag.py:448} INFO - Filling up the DagBag from /usr/local/lib/python3.6/dist-packages/airflow/example_dags/example_latest_only.py
[2021-03-08 03:20:47,489] {scheduler_job.py:639} INFO - DAG(s) dict_keys(['latest_only']) retrieved from /usr/local/lib/python3.6/dist-packages/airflow/example_dags/example_latest_only.py
[2021-03-08 03:20:47,502] {logging_mixin.py:104} INFO - [2021-03-08 03:20:47,502] {dag.py:1818} INFO - Sync 1 DAGs
[2021-03-08 03:20:47,511] {logging_mixin.py:104} INFO - [2021-03-08 03:20:47,511] {dag.py:2273} INFO - Setting next_dagrun for latest_only to 2021-03-06 00:00:00+00:00
[2021-03-08 03:20:47,517] {scheduler_job.py:190} INFO - Processing /usr/local/lib/python3.6/dist-packages/airflow/example_dags/example_latest_only.py took 0.037 seconds
[2021-03-08 03:21:18,153] {scheduler_job.py:182} INFO - Started process (PID=243) to work on /usr/local/lib/python3.6/dist-packages/airflow/example_dags/example_latest_only.py
[2021-03-08 03:21:18,153] {scheduler_job.py:629} INFO - Processing file /usr/local/lib/python3.6/dist-packages/airflow/example_dags/example_latest_only.py for tasks to queue
[2021-03-08 03:21:18,154] {logging_mixin.py:104} INFO - [2021-03-08 03:21:18,154] {dagbag.py:448} INFO - Filling up the DagBag from /usr/local/lib/python3.6/dist-packages/airflow/example_dags/example_latest_only.py
[2021-03-08 03:21:18,159] {scheduler_job.py:639} INFO - DAG(s) dict_keys(['latest_only']) retrieved from /usr/local/lib/python3.6/dist-packages/airflow/example_dags/example_latest_only.py
[2021-03-08 03:21:18,170] {logging_mixin.py:104} INFO - [2021-03-08 03:21:18,170] {dag.py:1818} INFO - Sync 1 DAGs
[2021-03-08 03:21:18,180] {logging_mixin.py:104} INFO - [2021-03-08 03:21:18,180] {dag.py:2273} INFO - Setting next_dagrun for latest_only to 2021-03-06 00:00:00+00:00
[2021-03-08 03:21:18,185] {scheduler_job.py:190} INFO - Processing /usr/local/lib/python3.6/dist-packages/airflow/example_dags/example_latest_only.py took 0.034 seconds
[2021-03-08 03:21:48,835] {scheduler_job.py:182} INFO - Started process (PID=301) to work on /usr/local/lib/python3.6/dist-packages/airflow/example_dags/example_latest_only.py
[2021-03-08 03:21:48,836] {scheduler_job.py:629} INFO - Processing file /usr/local/lib/python3.6/dist-packages/airflow/example_dags/example_latest_only.py for tasks to queue
[2021-03-08 03:21:48,836] {logging_mixin.py:104} INFO - [2021-03-08 03:21:48,836] {dagbag.py:448} INFO - Filling up the DagBag from /usr/local/lib/python3.6/dist-packages/airflow/example_dags/example_latest_only.py
[2021-03-08 03:21:48,842] {scheduler_job.py:639} INFO - DAG(s) dict_keys(['latest_only']) retrieved from /usr/local/lib/python3.6/dist-packages/airflow/example_dags/example_latest_only.py
[2021-03-08 03:21:48,854] {logging_mixin.py:104} INFO - [2021-03-08 03:21:48,854] {dag.py:1818} INFO - Sync 1 DAGs
[2021-03-08 03:21:48,862] {logging_mixin.py:104} INFO - [2021-03-08 03:21:48,862] {dag.py:2273} INFO - Setting next_dagrun for latest_only to 2021-03-06 00:00:00+00:00
[2021-03-08 03:21:48,868] {scheduler_job.py:190} INFO - Processing /usr/local/lib/python3.6/dist-packages/airflow/example_dags/example_latest_only.py took 0.035 seconds
[2021-03-08 03:22:19,475] {scheduler_job.py:182} INFO - Started process (PID=360) to work on /usr/local/lib/python3.6/dist-packages/airflow/example_dags/example_latest_only.py
[2021-03-08 03:22:19,475] {scheduler_job.py:629} INFO - Processing file /usr/local/lib/python3.6/dist-packages/airflow/example_dags/example_latest_only.py for tasks to queue
[2021-03-08 03:22:19,476] {logging_mixin.py:104} INFO - [2021-03-08 03:22:19,476] {dagbag.py:448} INFO - Filling up the DagBag from /usr/local/lib/python3.6/dist-packages/airflow/example_dags/example_latest_only.py
[2021-03-08 03:22:19,481] {scheduler_job.py:639} INFO - DAG(s) dict_keys(['latest_only']) retrieved from /usr/local/lib/python3.6/dist-packages/airflow/example_dags/example_latest_only.py
[2021-03-08 03:22:19,492] {logging_mixin.py:104} INFO - [2021-03-08 03:22:19,492] {dag.py:1818} INFO - Sync 1 DAGs
[2021-03-08 03:22:19,500] {logging_mixin.py:104} INFO - [2021-03-08 03:22:19,500] {dag.py:2273} INFO - Setting next_dagrun for latest_only to 2021-03-06 00:00:00+00:00
[2021-03-08 03:22:19,505] {scheduler_job.py:190} INFO - Processing /usr/local/lib/python3.6/dist-packages/airflow/example_dags/example_latest_only.py took 0.033 seconds
[2021-03-08 03:22:50,185] {scheduler_job.py:182} INFO - Started process (PID=419) to work on /usr/local/lib/python3.6/dist-packages/airflow/example_dags/example_latest_only.py
[2021-03-08 03:22:50,186] {scheduler_job.py:629} INFO - Processing file /usr/local/lib/python3.6/dist-packages/airflow/example_dags/example_latest_only.py for tasks to queue
[2021-03-08 03:22:50,186] {logging_mixin.py:104} INFO - [2021-03-08 03:22:50,186] {dagbag.py:448} INFO - Filling up the DagBag from /usr/local/lib/python3.6/dist-packages/airflow/example_dags/example_latest_only.py
[2021-03-08 03:22:50,193] {scheduler_job.py:639} INFO - DAG(s) dict_keys(['latest_only']) retrieved from /usr/local/lib/python3.6/dist-packages/airflow/example_dags/example_latest_only.py
[2021-03-08 03:22:50,206] {logging_mixin.py:104} INFO - [2021-03-08 03:22:50,206] {dag.py:1818} INFO - Sync 1 DAGs
[2021-03-08 03:22:50,215] {logging_mixin.py:104} INFO - [2021-03-08 03:22:50,215] {dag.py:2273} INFO - Setting next_dagrun for latest_only to 2021-03-06 00:00:00+00:00
[2021-03-08 03:22:50,221] {scheduler_job.py:190} INFO - Processing /usr/local/lib/python3.6/dist-packages/airflow/example_dags/example_latest_only.py took 0.037 seconds
[2021-03-08 03:23:20,814] {scheduler_job.py:182} INFO - Started process (PID=479) to work on /usr/local/lib/python3.6/dist-packages/airflow/example_dags/example_latest_only.py
[2021-03-08 03:23:20,815] {scheduler_job.py:629} INFO - Processing file /usr/local/lib/python3.6/dist-packages/airflow/example_dags/example_latest_only.py for tasks to queue
[2021-03-08 03:23:20,816] {logging_mixin.py:104} INFO - [2021-03-08 03:23:20,815] {dagbag.py:448} INFO - Filling up the DagBag from /usr/local/lib/python3.6/dist-packages/airflow/example_dags/example_latest_only.py
[2021-03-08 03:23:20,822] {scheduler_job.py:639} INFO - DAG(s) dict_keys(['latest_only']) retrieved from /usr/local/lib/python3.6/dist-packages/airflow/example_dags/example_latest_only.py
[2021-03-08 03:23:20,832] {logging_mixin.py:104} INFO - [2021-03-08 03:23:20,832] {dag.py:1818} INFO - Sync 1 DAGs
[2021-03-08 03:23:20,841] {logging_mixin.py:104} INFO - [2021-03-08 03:23:20,841] {dag.py:2273} INFO - Setting next_dagrun for latest_only to 2021-03-06 00:00:00+00:00
[2021-03-08 03:23:20,846] {scheduler_job.py:190} INFO - Processing /usr/local/lib/python3.6/dist-packages/airflow/example_dags/example_latest_only.py took 0.033 seconds
[2021-03-08 03:23:51,588] {scheduler_job.py:182} INFO - Started process (PID=538) to work on /usr/local/lib/python3.6/dist-packages/airflow/example_dags/example_latest_only.py
[2021-03-08 03:23:51,589] {scheduler_job.py:629} INFO - Processing file /usr/local/lib/python3.6/dist-packages/airflow/example_dags/example_latest_only.py for tasks to queue
[2021-03-08 03:23:51,590] {logging_mixin.py:104} INFO - [2021-03-08 03:23:51,589] {dagbag.py:448} INFO - Filling up the DagBag from /usr/local/lib/python3.6/dist-packages/airflow/example_dags/example_latest_only.py
[2021-03-08 03:23:51,595] {scheduler_job.py:639} INFO - DAG(s) dict_keys(['latest_only']) retrieved from /usr/local/lib/python3.6/dist-packages/airflow/example_dags/example_latest_only.py
[2021-03-08 03:23:51,609] {logging_mixin.py:104} INFO - [2021-03-08 03:23:51,609] {dag.py:1818} INFO - Sync 1 DAGs
[2021-03-08 03:23:51,622] {logging_mixin.py:104} INFO - [2021-03-08 03:23:51,622] {dag.py:2273} INFO - Setting next_dagrun for latest_only to 2021-03-06 00:00:00+00:00
[2021-03-08 03:23:51,630] {scheduler_job.py:190} INFO - Processing /usr/local/lib/python3.6/dist-packages/airflow/example_dags/example_latest_only.py took 0.044 seconds
[2021-03-08 03:24:22,265] {scheduler_job.py:182} INFO - Started process (PID=596) to work on /usr/local/lib/python3.6/dist-packages/airflow/example_dags/example_latest_only.py
[2021-03-08 03:24:22,266] {scheduler_job.py:629} INFO - Processing file /usr/local/lib/python3.6/dist-packages/airflow/example_dags/example_latest_only.py for tasks to queue
[2021-03-08 03:24:22,267] {logging_mixin.py:104} INFO - [2021-03-08 03:24:22,266] {dagbag.py:448} INFO - Filling up the DagBag from /usr/local/lib/python3.6/dist-packages/airflow/example_dags/example_latest_only.py
[2021-03-08 03:24:22,273] {scheduler_job.py:639} INFO - DAG(s) dict_keys(['latest_only']) retrieved from /usr/local/lib/python3.6/dist-packages/airflow/example_dags/example_latest_only.py
[2021-03-08 03:24:22,288] {logging_mixin.py:104} INFO - [2021-03-08 03:24:22,287] {dag.py:1818} INFO - Sync 1 DAGs
[2021-03-08 03:24:22,298] {logging_mixin.py:104} INFO - [2021-03-08 03:24:22,298] {dag.py:2273} INFO - Setting next_dagrun for latest_only to 2021-03-06 00:00:00+00:00
[2021-03-08 03:24:22,304] {scheduler_job.py:190} INFO - Processing /usr/local/lib/python3.6/dist-packages/airflow/example_dags/example_latest_only.py took 0.041 seconds
[2021-03-08 03:24:52,988] {scheduler_job.py:182} INFO - Started process (PID=656) to work on /usr/local/lib/python3.6/dist-packages/airflow/example_dags/example_latest_only.py
[2021-03-08 03:24:52,989] {scheduler_job.py:629} INFO - Processing file /usr/local/lib/python3.6/dist-packages/airflow/example_dags/example_latest_only.py for tasks to queue
[2021-03-08 03:24:52,989] {logging_mixin.py:104} INFO - [2021-03-08 03:24:52,989] {dagbag.py:448} INFO - Filling up the DagBag from /usr/local/lib/python3.6/dist-packages/airflow/example_dags/example_latest_only.py
[2021-03-08 03:24:52,996] {scheduler_job.py:639} INFO - DAG(s) dict_keys(['latest_only']) retrieved from /usr/local/lib/python3.6/dist-packages/airflow/example_dags/example_latest_only.py
[2021-03-08 03:24:53,008] {logging_mixin.py:104} INFO - [2021-03-08 03:24:53,008] {dag.py:1818} INFO - Sync 1 DAGs
[2021-03-08 03:24:53,016] {logging_mixin.py:104} INFO - [2021-03-08 03:24:53,016] {dag.py:2273} INFO - Setting next_dagrun for latest_only to 2021-03-06 00:00:00+00:00
[2021-03-08 03:24:53,022] {scheduler_job.py:190} INFO - Processing /usr/local/lib/python3.6/dist-packages/airflow/example_dags/example_latest_only.py took 0.036 seconds
[2021-03-08 03:25:23,845] {scheduler_job.py:182} INFO - Started process (PID=722) to work on /usr/local/lib/python3.6/dist-packages/airflow/example_dags/example_latest_only.py
[2021-03-08 03:25:23,845] {scheduler_job.py:629} INFO - Processing file /usr/local/lib/python3.6/dist-packages/airflow/example_dags/example_latest_only.py for tasks to queue
[2021-03-08 03:25:23,845] {logging_mixin.py:104} INFO - [2021-03-08 03:25:23,845] {dagbag.py:448} INFO - Filling up the DagBag from /usr/local/lib/python3.6/dist-packages/airflow/example_dags/example_latest_only.py
[2021-03-08 03:25:23,851] {scheduler_job.py:639} INFO - DAG(s) dict_keys(['latest_only']) retrieved from /usr/local/lib/python3.6/dist-packages/airflow/example_dags/example_latest_only.py
[2021-03-08 03:25:23,863] {logging_mixin.py:104} INFO - [2021-03-08 03:25:23,863] {dag.py:1818} INFO - Sync 1 DAGs
[2021-03-08 03:25:23,873] {logging_mixin.py:104} INFO - [2021-03-08 03:25:23,873] {dag.py:2273} INFO - Setting next_dagrun for latest_only to 2021-03-06 00:00:00+00:00
[2021-03-08 03:25:23,879] {scheduler_job.py:190} INFO - Processing /usr/local/lib/python3.6/dist-packages/airflow/example_dags/example_latest_only.py took 0.036 seconds
[2021-03-08 03:25:54,677] {scheduler_job.py:182} INFO - Started process (PID=781) to work on /usr/local/lib/python3.6/dist-packages/airflow/example_dags/example_latest_only.py
[2021-03-08 03:25:54,678] {scheduler_job.py:629} INFO - Processing file /usr/local/lib/python3.6/dist-packages/airflow/example_dags/example_latest_only.py for tasks to queue
[2021-03-08 03:25:54,679] {logging_mixin.py:104} INFO - [2021-03-08 03:25:54,679] {dagbag.py:448} INFO - Filling up the DagBag from /usr/local/lib/python3.6/dist-packages/airflow/example_dags/example_latest_only.py
[2021-03-08 03:25:54,687] {scheduler_job.py:639} INFO - DAG(s) dict_keys(['latest_only']) retrieved from /usr/local/lib/python3.6/dist-packages/airflow/example_dags/example_latest_only.py
[2021-03-08 03:25:54,702] {logging_mixin.py:104} INFO - [2021-03-08 03:25:54,702] {dag.py:1818} INFO - Sync 1 DAGs
[2021-03-08 03:25:54,713] {logging_mixin.py:104} INFO - [2021-03-08 03:25:54,713] {dag.py:2273} INFO - Setting next_dagrun for latest_only to 2021-03-06 00:00:00+00:00
[2021-03-08 03:25:54,721] {scheduler_job.py:190} INFO - Processing /usr/local/lib/python3.6/dist-packages/airflow/example_dags/example_latest_only.py took 0.047 seconds
