[2021-03-08 03:06:24,620] {scheduler_job.py:182} INFO - Started process (PID=91) to work on /usr/local/lib/python3.6/dist-packages/airflow/example_dags/example_bash_operator.py
[2021-03-08 03:06:24,622] {scheduler_job.py:629} INFO - Processing file /usr/local/lib/python3.6/dist-packages/airflow/example_dags/example_bash_operator.py for tasks to queue
[2021-03-08 03:06:24,623] {logging_mixin.py:104} INFO - [2021-03-08 03:06:24,623] {dagbag.py:448} INFO - Filling up the DagBag from /usr/local/lib/python3.6/dist-packages/airflow/example_dags/example_bash_operator.py
[2021-03-08 03:06:24,645] {scheduler_job.py:639} INFO - DAG(s) dict_keys(['example_bash_operator']) retrieved from /usr/local/lib/python3.6/dist-packages/airflow/example_dags/example_bash_operator.py
[2021-03-08 03:06:24,651] {logging_mixin.py:104} INFO - [2021-03-08 03:06:24,651] {dag.py:1818} INFO - Sync 1 DAGs
[2021-03-08 03:06:24,666] {logging_mixin.py:104} INFO - [2021-03-08 03:06:24,666] {dag.py:2273} INFO - Setting next_dagrun for example_bash_operator to 2021-03-06 00:00:00+00:00
[2021-03-08 03:06:24,670] {scheduler_job.py:190} INFO - Processing /usr/local/lib/python3.6/dist-packages/airflow/example_dags/example_bash_operator.py took 0.056 seconds
[2021-03-08 03:06:55,470] {scheduler_job.py:182} INFO - Started process (PID=150) to work on /usr/local/lib/python3.6/dist-packages/airflow/example_dags/example_bash_operator.py
[2021-03-08 03:06:55,472] {scheduler_job.py:629} INFO - Processing file /usr/local/lib/python3.6/dist-packages/airflow/example_dags/example_bash_operator.py for tasks to queue
[2021-03-08 03:06:55,473] {logging_mixin.py:104} INFO - [2021-03-08 03:06:55,473] {dagbag.py:448} INFO - Filling up the DagBag from /usr/local/lib/python3.6/dist-packages/airflow/example_dags/example_bash_operator.py
[2021-03-08 03:06:55,490] {scheduler_job.py:639} INFO - DAG(s) dict_keys(['example_bash_operator']) retrieved from /usr/local/lib/python3.6/dist-packages/airflow/example_dags/example_bash_operator.py
[2021-03-08 03:06:55,501] {logging_mixin.py:104} INFO - [2021-03-08 03:06:55,501] {dag.py:1818} INFO - Sync 1 DAGs
[2021-03-08 03:06:55,512] {logging_mixin.py:104} INFO - [2021-03-08 03:06:55,512] {dag.py:2273} INFO - Setting next_dagrun for example_bash_operator to 2021-03-06 00:00:00+00:00
[2021-03-08 03:06:55,516] {scheduler_job.py:190} INFO - Processing /usr/local/lib/python3.6/dist-packages/airflow/example_dags/example_bash_operator.py took 0.052 seconds
[2021-03-08 03:07:26,339] {scheduler_job.py:182} INFO - Started process (PID=210) to work on /usr/local/lib/python3.6/dist-packages/airflow/example_dags/example_bash_operator.py
[2021-03-08 03:07:26,340] {scheduler_job.py:629} INFO - Processing file /usr/local/lib/python3.6/dist-packages/airflow/example_dags/example_bash_operator.py for tasks to queue
[2021-03-08 03:07:26,340] {logging_mixin.py:104} INFO - [2021-03-08 03:07:26,340] {dagbag.py:448} INFO - Filling up the DagBag from /usr/local/lib/python3.6/dist-packages/airflow/example_dags/example_bash_operator.py
[2021-03-08 03:07:26,348] {scheduler_job.py:639} INFO - DAG(s) dict_keys(['example_bash_operator']) retrieved from /usr/local/lib/python3.6/dist-packages/airflow/example_dags/example_bash_operator.py
[2021-03-08 03:07:26,355] {logging_mixin.py:104} INFO - [2021-03-08 03:07:26,355] {dag.py:1818} INFO - Sync 1 DAGs
[2021-03-08 03:07:26,370] {logging_mixin.py:104} INFO - [2021-03-08 03:07:26,370] {dag.py:2273} INFO - Setting next_dagrun for example_bash_operator to 2021-03-06 00:00:00+00:00
[2021-03-08 03:07:26,375] {scheduler_job.py:190} INFO - Processing /usr/local/lib/python3.6/dist-packages/airflow/example_dags/example_bash_operator.py took 0.037 seconds
[2021-03-08 03:07:57,166] {scheduler_job.py:182} INFO - Started process (PID=269) to work on /usr/local/lib/python3.6/dist-packages/airflow/example_dags/example_bash_operator.py
[2021-03-08 03:07:57,166] {scheduler_job.py:629} INFO - Processing file /usr/local/lib/python3.6/dist-packages/airflow/example_dags/example_bash_operator.py for tasks to queue
[2021-03-08 03:07:57,167] {logging_mixin.py:104} INFO - [2021-03-08 03:07:57,167] {dagbag.py:448} INFO - Filling up the DagBag from /usr/local/lib/python3.6/dist-packages/airflow/example_dags/example_bash_operator.py
[2021-03-08 03:07:57,173] {scheduler_job.py:639} INFO - DAG(s) dict_keys(['example_bash_operator']) retrieved from /usr/local/lib/python3.6/dist-packages/airflow/example_dags/example_bash_operator.py
[2021-03-08 03:07:57,181] {logging_mixin.py:104} INFO - [2021-03-08 03:07:57,181] {dag.py:1818} INFO - Sync 1 DAGs
[2021-03-08 03:07:57,192] {logging_mixin.py:104} INFO - [2021-03-08 03:07:57,192] {dag.py:2273} INFO - Setting next_dagrun for example_bash_operator to 2021-03-06 00:00:00+00:00
[2021-03-08 03:07:57,196] {scheduler_job.py:190} INFO - Processing /usr/local/lib/python3.6/dist-packages/airflow/example_dags/example_bash_operator.py took 0.032 seconds
[2021-03-08 03:08:28,155] {scheduler_job.py:182} INFO - Started process (PID=329) to work on /usr/local/lib/python3.6/dist-packages/airflow/example_dags/example_bash_operator.py
[2021-03-08 03:08:28,157] {scheduler_job.py:629} INFO - Processing file /usr/local/lib/python3.6/dist-packages/airflow/example_dags/example_bash_operator.py for tasks to queue
[2021-03-08 03:08:28,159] {logging_mixin.py:104} INFO - [2021-03-08 03:08:28,158] {dagbag.py:448} INFO - Filling up the DagBag from /usr/local/lib/python3.6/dist-packages/airflow/example_dags/example_bash_operator.py
[2021-03-08 03:08:28,181] {scheduler_job.py:639} INFO - DAG(s) dict_keys(['example_bash_operator']) retrieved from /usr/local/lib/python3.6/dist-packages/airflow/example_dags/example_bash_operator.py
[2021-03-08 03:08:28,194] {logging_mixin.py:104} INFO - [2021-03-08 03:08:28,194] {dag.py:1818} INFO - Sync 1 DAGs
[2021-03-08 03:08:28,206] {logging_mixin.py:104} INFO - [2021-03-08 03:08:28,206] {dag.py:2273} INFO - Setting next_dagrun for example_bash_operator to 2021-03-06 00:00:00+00:00
[2021-03-08 03:08:28,211] {scheduler_job.py:190} INFO - Processing /usr/local/lib/python3.6/dist-packages/airflow/example_dags/example_bash_operator.py took 0.062 seconds
[2021-03-08 03:08:58,915] {scheduler_job.py:182} INFO - Started process (PID=389) to work on /usr/local/lib/python3.6/dist-packages/airflow/example_dags/example_bash_operator.py
[2021-03-08 03:08:58,917] {scheduler_job.py:629} INFO - Processing file /usr/local/lib/python3.6/dist-packages/airflow/example_dags/example_bash_operator.py for tasks to queue
[2021-03-08 03:08:58,918] {logging_mixin.py:104} INFO - [2021-03-08 03:08:58,918] {dagbag.py:448} INFO - Filling up the DagBag from /usr/local/lib/python3.6/dist-packages/airflow/example_dags/example_bash_operator.py
[2021-03-08 03:08:58,937] {scheduler_job.py:639} INFO - DAG(s) dict_keys(['example_bash_operator']) retrieved from /usr/local/lib/python3.6/dist-packages/airflow/example_dags/example_bash_operator.py
[2021-03-08 03:08:58,948] {logging_mixin.py:104} INFO - [2021-03-08 03:08:58,948] {dag.py:1818} INFO - Sync 1 DAGs
[2021-03-08 03:08:58,960] {logging_mixin.py:104} INFO - [2021-03-08 03:08:58,960] {dag.py:2273} INFO - Setting next_dagrun for example_bash_operator to 2021-03-06 00:00:00+00:00
[2021-03-08 03:08:58,964] {scheduler_job.py:190} INFO - Processing /usr/local/lib/python3.6/dist-packages/airflow/example_dags/example_bash_operator.py took 0.055 seconds
[2021-03-08 03:09:29,730] {scheduler_job.py:182} INFO - Started process (PID=450) to work on /usr/local/lib/python3.6/dist-packages/airflow/example_dags/example_bash_operator.py
[2021-03-08 03:09:29,732] {scheduler_job.py:629} INFO - Processing file /usr/local/lib/python3.6/dist-packages/airflow/example_dags/example_bash_operator.py for tasks to queue
[2021-03-08 03:09:29,734] {logging_mixin.py:104} INFO - [2021-03-08 03:09:29,733] {dagbag.py:448} INFO - Filling up the DagBag from /usr/local/lib/python3.6/dist-packages/airflow/example_dags/example_bash_operator.py
[2021-03-08 03:09:29,754] {scheduler_job.py:639} INFO - DAG(s) dict_keys(['example_bash_operator']) retrieved from /usr/local/lib/python3.6/dist-packages/airflow/example_dags/example_bash_operator.py
[2021-03-08 03:09:29,765] {logging_mixin.py:104} INFO - [2021-03-08 03:09:29,765] {dag.py:1818} INFO - Sync 1 DAGs
[2021-03-08 03:09:29,777] {logging_mixin.py:104} INFO - [2021-03-08 03:09:29,777] {dag.py:2273} INFO - Setting next_dagrun for example_bash_operator to 2021-03-06 00:00:00+00:00
[2021-03-08 03:09:29,781] {scheduler_job.py:190} INFO - Processing /usr/local/lib/python3.6/dist-packages/airflow/example_dags/example_bash_operator.py took 0.057 seconds
[2021-03-08 03:10:00,529] {scheduler_job.py:182} INFO - Started process (PID=509) to work on /usr/local/lib/python3.6/dist-packages/airflow/example_dags/example_bash_operator.py
[2021-03-08 03:10:00,532] {scheduler_job.py:629} INFO - Processing file /usr/local/lib/python3.6/dist-packages/airflow/example_dags/example_bash_operator.py for tasks to queue
[2021-03-08 03:10:00,533] {logging_mixin.py:104} INFO - [2021-03-08 03:10:00,533] {dagbag.py:448} INFO - Filling up the DagBag from /usr/local/lib/python3.6/dist-packages/airflow/example_dags/example_bash_operator.py
[2021-03-08 03:10:00,555] {scheduler_job.py:639} INFO - DAG(s) dict_keys(['example_bash_operator']) retrieved from /usr/local/lib/python3.6/dist-packages/airflow/example_dags/example_bash_operator.py
[2021-03-08 03:10:00,568] {logging_mixin.py:104} INFO - [2021-03-08 03:10:00,568] {dag.py:1818} INFO - Sync 1 DAGs
[2021-03-08 03:10:00,581] {logging_mixin.py:104} INFO - [2021-03-08 03:10:00,581] {dag.py:2273} INFO - Setting next_dagrun for example_bash_operator to 2021-03-06 00:00:00+00:00
[2021-03-08 03:10:00,586] {scheduler_job.py:190} INFO - Processing /usr/local/lib/python3.6/dist-packages/airflow/example_dags/example_bash_operator.py took 0.062 seconds
[2021-03-08 03:10:31,416] {scheduler_job.py:182} INFO - Started process (PID=568) to work on /usr/local/lib/python3.6/dist-packages/airflow/example_dags/example_bash_operator.py
[2021-03-08 03:10:31,418] {scheduler_job.py:629} INFO - Processing file /usr/local/lib/python3.6/dist-packages/airflow/example_dags/example_bash_operator.py for tasks to queue
[2021-03-08 03:10:31,419] {logging_mixin.py:104} INFO - [2021-03-08 03:10:31,419] {dagbag.py:448} INFO - Filling up the DagBag from /usr/local/lib/python3.6/dist-packages/airflow/example_dags/example_bash_operator.py
[2021-03-08 03:10:31,443] {scheduler_job.py:639} INFO - DAG(s) dict_keys(['example_bash_operator']) retrieved from /usr/local/lib/python3.6/dist-packages/airflow/example_dags/example_bash_operator.py
[2021-03-08 03:10:31,451] {logging_mixin.py:104} INFO - [2021-03-08 03:10:31,451] {dag.py:1818} INFO - Sync 1 DAGs
[2021-03-08 03:10:31,461] {logging_mixin.py:104} INFO - [2021-03-08 03:10:31,461] {dag.py:2273} INFO - Setting next_dagrun for example_bash_operator to 2021-03-06 00:00:00+00:00
[2021-03-08 03:10:31,466] {scheduler_job.py:190} INFO - Processing /usr/local/lib/python3.6/dist-packages/airflow/example_dags/example_bash_operator.py took 0.056 seconds
[2021-03-08 03:11:02,202] {scheduler_job.py:182} INFO - Started process (PID=635) to work on /usr/local/lib/python3.6/dist-packages/airflow/example_dags/example_bash_operator.py
[2021-03-08 03:11:02,204] {scheduler_job.py:629} INFO - Processing file /usr/local/lib/python3.6/dist-packages/airflow/example_dags/example_bash_operator.py for tasks to queue
[2021-03-08 03:11:02,206] {logging_mixin.py:104} INFO - [2021-03-08 03:11:02,206] {dagbag.py:448} INFO - Filling up the DagBag from /usr/local/lib/python3.6/dist-packages/airflow/example_dags/example_bash_operator.py
[2021-03-08 03:11:02,226] {scheduler_job.py:639} INFO - DAG(s) dict_keys(['example_bash_operator']) retrieved from /usr/local/lib/python3.6/dist-packages/airflow/example_dags/example_bash_operator.py
[2021-03-08 03:11:02,238] {logging_mixin.py:104} INFO - [2021-03-08 03:11:02,238] {dag.py:1818} INFO - Sync 1 DAGs
[2021-03-08 03:11:02,251] {logging_mixin.py:104} INFO - [2021-03-08 03:11:02,250] {dag.py:2273} INFO - Setting next_dagrun for example_bash_operator to 2021-03-06 00:00:00+00:00
[2021-03-08 03:11:02,255] {scheduler_job.py:190} INFO - Processing /usr/local/lib/python3.6/dist-packages/airflow/example_dags/example_bash_operator.py took 0.058 seconds
[2021-03-08 03:17:40,212] {scheduler_job.py:182} INFO - Started process (PID=58) to work on /usr/local/lib/python3.6/dist-packages/airflow/example_dags/example_bash_operator.py
[2021-03-08 03:17:40,213] {scheduler_job.py:629} INFO - Processing file /usr/local/lib/python3.6/dist-packages/airflow/example_dags/example_bash_operator.py for tasks to queue
[2021-03-08 03:17:40,213] {logging_mixin.py:104} INFO - [2021-03-08 03:17:40,213] {dagbag.py:448} INFO - Filling up the DagBag from /usr/local/lib/python3.6/dist-packages/airflow/example_dags/example_bash_operator.py
[2021-03-08 03:17:40,222] {scheduler_job.py:639} INFO - DAG(s) dict_keys(['example_bash_operator']) retrieved from /usr/local/lib/python3.6/dist-packages/airflow/example_dags/example_bash_operator.py
[2021-03-08 03:17:40,231] {logging_mixin.py:104} INFO - [2021-03-08 03:17:40,231] {dag.py:1818} INFO - Sync 1 DAGs
[2021-03-08 03:17:40,248] {logging_mixin.py:104} INFO - [2021-03-08 03:17:40,248] {dag.py:2273} INFO - Setting next_dagrun for example_bash_operator to 2021-03-06 00:00:00+00:00
[2021-03-08 03:17:40,255] {scheduler_job.py:190} INFO - Processing /usr/local/lib/python3.6/dist-packages/airflow/example_dags/example_bash_operator.py took 0.045 seconds
[2021-03-08 03:18:13,617] {scheduler_job.py:182} INFO - Started process (PID=45) to work on /usr/local/lib/python3.6/dist-packages/airflow/example_dags/example_bash_operator.py
[2021-03-08 03:18:13,618] {scheduler_job.py:629} INFO - Processing file /usr/local/lib/python3.6/dist-packages/airflow/example_dags/example_bash_operator.py for tasks to queue
[2021-03-08 03:18:13,618] {logging_mixin.py:104} INFO - [2021-03-08 03:18:13,618] {dagbag.py:448} INFO - Filling up the DagBag from /usr/local/lib/python3.6/dist-packages/airflow/example_dags/example_bash_operator.py
[2021-03-08 03:18:13,627] {scheduler_job.py:639} INFO - DAG(s) dict_keys(['example_bash_operator']) retrieved from /usr/local/lib/python3.6/dist-packages/airflow/example_dags/example_bash_operator.py
[2021-03-08 03:18:13,641] {logging_mixin.py:104} INFO - [2021-03-08 03:18:13,641] {dag.py:1818} INFO - Sync 1 DAGs
[2021-03-08 03:18:13,658] {logging_mixin.py:104} INFO - [2021-03-08 03:18:13,658] {dag.py:2273} INFO - Setting next_dagrun for example_bash_operator to 2021-03-06 00:00:00+00:00
[2021-03-08 03:18:13,666] {scheduler_job.py:190} INFO - Processing /usr/local/lib/python3.6/dist-packages/airflow/example_dags/example_bash_operator.py took 0.050 seconds
[2021-03-08 03:18:44,335] {scheduler_job.py:182} INFO - Started process (PID=132) to work on /usr/local/lib/python3.6/dist-packages/airflow/example_dags/example_bash_operator.py
[2021-03-08 03:18:44,335] {scheduler_job.py:629} INFO - Processing file /usr/local/lib/python3.6/dist-packages/airflow/example_dags/example_bash_operator.py for tasks to queue
[2021-03-08 03:18:44,336] {logging_mixin.py:104} INFO - [2021-03-08 03:18:44,336] {dagbag.py:448} INFO - Filling up the DagBag from /usr/local/lib/python3.6/dist-packages/airflow/example_dags/example_bash_operator.py
[2021-03-08 03:18:44,344] {scheduler_job.py:639} INFO - DAG(s) dict_keys(['example_bash_operator']) retrieved from /usr/local/lib/python3.6/dist-packages/airflow/example_dags/example_bash_operator.py
[2021-03-08 03:18:44,355] {logging_mixin.py:104} INFO - [2021-03-08 03:18:44,355] {dag.py:1818} INFO - Sync 1 DAGs
[2021-03-08 03:18:44,367] {logging_mixin.py:104} INFO - [2021-03-08 03:18:44,367] {dag.py:2273} INFO - Setting next_dagrun for example_bash_operator to 2021-03-06 00:00:00+00:00
[2021-03-08 03:18:44,373] {scheduler_job.py:190} INFO - Processing /usr/local/lib/python3.6/dist-packages/airflow/example_dags/example_bash_operator.py took 0.040 seconds
[2021-03-08 03:19:14,989] {scheduler_job.py:182} INFO - Started process (PID=190) to work on /usr/local/lib/python3.6/dist-packages/airflow/example_dags/example_bash_operator.py
[2021-03-08 03:19:14,989] {scheduler_job.py:629} INFO - Processing file /usr/local/lib/python3.6/dist-packages/airflow/example_dags/example_bash_operator.py for tasks to queue
[2021-03-08 03:19:14,990] {logging_mixin.py:104} INFO - [2021-03-08 03:19:14,990] {dagbag.py:448} INFO - Filling up the DagBag from /usr/local/lib/python3.6/dist-packages/airflow/example_dags/example_bash_operator.py
[2021-03-08 03:19:14,998] {scheduler_job.py:639} INFO - DAG(s) dict_keys(['example_bash_operator']) retrieved from /usr/local/lib/python3.6/dist-packages/airflow/example_dags/example_bash_operator.py
[2021-03-08 03:19:15,010] {logging_mixin.py:104} INFO - [2021-03-08 03:19:15,010] {dag.py:1818} INFO - Sync 1 DAGs
[2021-03-08 03:19:15,023] {logging_mixin.py:104} INFO - [2021-03-08 03:19:15,023] {dag.py:2273} INFO - Setting next_dagrun for example_bash_operator to 2021-03-06 00:00:00+00:00
[2021-03-08 03:19:15,029] {scheduler_job.py:190} INFO - Processing /usr/local/lib/python3.6/dist-packages/airflow/example_dags/example_bash_operator.py took 0.041 seconds
[2021-03-08 03:19:46,074] {scheduler_job.py:182} INFO - Started process (PID=42) to work on /usr/local/lib/python3.6/dist-packages/airflow/example_dags/example_bash_operator.py
[2021-03-08 03:19:46,075] {scheduler_job.py:629} INFO - Processing file /usr/local/lib/python3.6/dist-packages/airflow/example_dags/example_bash_operator.py for tasks to queue
[2021-03-08 03:19:46,075] {logging_mixin.py:104} INFO - [2021-03-08 03:19:46,075] {dagbag.py:448} INFO - Filling up the DagBag from /usr/local/lib/python3.6/dist-packages/airflow/example_dags/example_bash_operator.py
[2021-03-08 03:19:46,084] {scheduler_job.py:639} INFO - DAG(s) dict_keys(['example_bash_operator']) retrieved from /usr/local/lib/python3.6/dist-packages/airflow/example_dags/example_bash_operator.py
[2021-03-08 03:19:46,097] {logging_mixin.py:104} INFO - [2021-03-08 03:19:46,097] {dag.py:1818} INFO - Sync 1 DAGs
[2021-03-08 03:19:46,112] {logging_mixin.py:104} INFO - [2021-03-08 03:19:46,111] {dag.py:2273} INFO - Setting next_dagrun for example_bash_operator to 2021-03-06 00:00:00+00:00
[2021-03-08 03:19:46,117] {scheduler_job.py:190} INFO - Processing /usr/local/lib/python3.6/dist-packages/airflow/example_dags/example_bash_operator.py took 0.046 seconds
[2021-03-08 03:20:16,798] {scheduler_job.py:182} INFO - Started process (PID=129) to work on /usr/local/lib/python3.6/dist-packages/airflow/example_dags/example_bash_operator.py
[2021-03-08 03:20:16,799] {scheduler_job.py:629} INFO - Processing file /usr/local/lib/python3.6/dist-packages/airflow/example_dags/example_bash_operator.py for tasks to queue
[2021-03-08 03:20:16,799] {logging_mixin.py:104} INFO - [2021-03-08 03:20:16,799] {dagbag.py:448} INFO - Filling up the DagBag from /usr/local/lib/python3.6/dist-packages/airflow/example_dags/example_bash_operator.py
[2021-03-08 03:20:16,809] {scheduler_job.py:639} INFO - DAG(s) dict_keys(['example_bash_operator']) retrieved from /usr/local/lib/python3.6/dist-packages/airflow/example_dags/example_bash_operator.py
[2021-03-08 03:20:16,821] {logging_mixin.py:104} INFO - [2021-03-08 03:20:16,821] {dag.py:1818} INFO - Sync 1 DAGs
[2021-03-08 03:20:16,834] {logging_mixin.py:104} INFO - [2021-03-08 03:20:16,834] {dag.py:2273} INFO - Setting next_dagrun for example_bash_operator to 2021-03-06 00:00:00+00:00
[2021-03-08 03:20:16,839] {scheduler_job.py:190} INFO - Processing /usr/local/lib/python3.6/dist-packages/airflow/example_dags/example_bash_operator.py took 0.043 seconds
[2021-03-08 03:20:47,495] {scheduler_job.py:182} INFO - Started process (PID=186) to work on /usr/local/lib/python3.6/dist-packages/airflow/example_dags/example_bash_operator.py
[2021-03-08 03:20:47,497] {scheduler_job.py:629} INFO - Processing file /usr/local/lib/python3.6/dist-packages/airflow/example_dags/example_bash_operator.py for tasks to queue
[2021-03-08 03:20:47,498] {logging_mixin.py:104} INFO - [2021-03-08 03:20:47,498] {dagbag.py:448} INFO - Filling up the DagBag from /usr/local/lib/python3.6/dist-packages/airflow/example_dags/example_bash_operator.py
[2021-03-08 03:20:47,504] {scheduler_job.py:639} INFO - DAG(s) dict_keys(['example_bash_operator']) retrieved from /usr/local/lib/python3.6/dist-packages/airflow/example_dags/example_bash_operator.py
[2021-03-08 03:20:47,516] {logging_mixin.py:104} INFO - [2021-03-08 03:20:47,516] {dag.py:1818} INFO - Sync 1 DAGs
[2021-03-08 03:20:47,529] {logging_mixin.py:104} INFO - [2021-03-08 03:20:47,529] {dag.py:2273} INFO - Setting next_dagrun for example_bash_operator to 2021-03-06 00:00:00+00:00
[2021-03-08 03:20:47,535] {scheduler_job.py:190} INFO - Processing /usr/local/lib/python3.6/dist-packages/airflow/example_dags/example_bash_operator.py took 0.042 seconds
[2021-03-08 03:21:18,173] {scheduler_job.py:182} INFO - Started process (PID=244) to work on /usr/local/lib/python3.6/dist-packages/airflow/example_dags/example_bash_operator.py
[2021-03-08 03:21:18,173] {scheduler_job.py:629} INFO - Processing file /usr/local/lib/python3.6/dist-packages/airflow/example_dags/example_bash_operator.py for tasks to queue
[2021-03-08 03:21:18,174] {logging_mixin.py:104} INFO - [2021-03-08 03:21:18,174] {dagbag.py:448} INFO - Filling up the DagBag from /usr/local/lib/python3.6/dist-packages/airflow/example_dags/example_bash_operator.py
[2021-03-08 03:21:18,182] {scheduler_job.py:639} INFO - DAG(s) dict_keys(['example_bash_operator']) retrieved from /usr/local/lib/python3.6/dist-packages/airflow/example_dags/example_bash_operator.py
[2021-03-08 03:21:18,195] {logging_mixin.py:104} INFO - [2021-03-08 03:21:18,195] {dag.py:1818} INFO - Sync 1 DAGs
[2021-03-08 03:21:18,207] {logging_mixin.py:104} INFO - [2021-03-08 03:21:18,207] {dag.py:2273} INFO - Setting next_dagrun for example_bash_operator to 2021-03-06 00:00:00+00:00
[2021-03-08 03:21:18,213] {scheduler_job.py:190} INFO - Processing /usr/local/lib/python3.6/dist-packages/airflow/example_dags/example_bash_operator.py took 0.042 seconds
[2021-03-08 03:21:48,844] {scheduler_job.py:182} INFO - Started process (PID=302) to work on /usr/local/lib/python3.6/dist-packages/airflow/example_dags/example_bash_operator.py
[2021-03-08 03:21:48,845] {scheduler_job.py:629} INFO - Processing file /usr/local/lib/python3.6/dist-packages/airflow/example_dags/example_bash_operator.py for tasks to queue
[2021-03-08 03:21:48,845] {logging_mixin.py:104} INFO - [2021-03-08 03:21:48,845] {dagbag.py:448} INFO - Filling up the DagBag from /usr/local/lib/python3.6/dist-packages/airflow/example_dags/example_bash_operator.py
[2021-03-08 03:21:48,854] {scheduler_job.py:639} INFO - DAG(s) dict_keys(['example_bash_operator']) retrieved from /usr/local/lib/python3.6/dist-packages/airflow/example_dags/example_bash_operator.py
[2021-03-08 03:21:48,867] {logging_mixin.py:104} INFO - [2021-03-08 03:21:48,867] {dag.py:1818} INFO - Sync 1 DAGs
[2021-03-08 03:21:48,879] {logging_mixin.py:104} INFO - [2021-03-08 03:21:48,879] {dag.py:2273} INFO - Setting next_dagrun for example_bash_operator to 2021-03-06 00:00:00+00:00
[2021-03-08 03:21:48,885] {scheduler_job.py:190} INFO - Processing /usr/local/lib/python3.6/dist-packages/airflow/example_dags/example_bash_operator.py took 0.043 seconds
[2021-03-08 03:22:19,511] {scheduler_job.py:182} INFO - Started process (PID=361) to work on /usr/local/lib/python3.6/dist-packages/airflow/example_dags/example_bash_operator.py
[2021-03-08 03:22:19,511] {scheduler_job.py:629} INFO - Processing file /usr/local/lib/python3.6/dist-packages/airflow/example_dags/example_bash_operator.py for tasks to queue
[2021-03-08 03:22:19,512] {logging_mixin.py:104} INFO - [2021-03-08 03:22:19,512] {dagbag.py:448} INFO - Filling up the DagBag from /usr/local/lib/python3.6/dist-packages/airflow/example_dags/example_bash_operator.py
[2021-03-08 03:22:19,518] {scheduler_job.py:639} INFO - DAG(s) dict_keys(['example_bash_operator']) retrieved from /usr/local/lib/python3.6/dist-packages/airflow/example_dags/example_bash_operator.py
[2021-03-08 03:22:19,529] {logging_mixin.py:104} INFO - [2021-03-08 03:22:19,529] {dag.py:1818} INFO - Sync 1 DAGs
[2021-03-08 03:22:19,540] {logging_mixin.py:104} INFO - [2021-03-08 03:22:19,540] {dag.py:2273} INFO - Setting next_dagrun for example_bash_operator to 2021-03-06 00:00:00+00:00
[2021-03-08 03:22:19,546] {scheduler_job.py:190} INFO - Processing /usr/local/lib/python3.6/dist-packages/airflow/example_dags/example_bash_operator.py took 0.037 seconds
[2021-03-08 03:22:50,187] {scheduler_job.py:182} INFO - Started process (PID=420) to work on /usr/local/lib/python3.6/dist-packages/airflow/example_dags/example_bash_operator.py
[2021-03-08 03:22:50,187] {scheduler_job.py:629} INFO - Processing file /usr/local/lib/python3.6/dist-packages/airflow/example_dags/example_bash_operator.py for tasks to queue
[2021-03-08 03:22:50,187] {logging_mixin.py:104} INFO - [2021-03-08 03:22:50,187] {dagbag.py:448} INFO - Filling up the DagBag from /usr/local/lib/python3.6/dist-packages/airflow/example_dags/example_bash_operator.py
[2021-03-08 03:22:50,194] {scheduler_job.py:639} INFO - DAG(s) dict_keys(['example_bash_operator']) retrieved from /usr/local/lib/python3.6/dist-packages/airflow/example_dags/example_bash_operator.py
[2021-03-08 03:22:50,206] {logging_mixin.py:104} INFO - [2021-03-08 03:22:50,206] {dag.py:1818} INFO - Sync 1 DAGs
[2021-03-08 03:22:50,219] {logging_mixin.py:104} INFO - [2021-03-08 03:22:50,219] {dag.py:2273} INFO - Setting next_dagrun for example_bash_operator to 2021-03-06 00:00:00+00:00
[2021-03-08 03:22:50,225] {scheduler_job.py:190} INFO - Processing /usr/local/lib/python3.6/dist-packages/airflow/example_dags/example_bash_operator.py took 0.040 seconds
[2021-03-08 03:23:20,852] {scheduler_job.py:182} INFO - Started process (PID=480) to work on /usr/local/lib/python3.6/dist-packages/airflow/example_dags/example_bash_operator.py
[2021-03-08 03:23:20,853] {scheduler_job.py:629} INFO - Processing file /usr/local/lib/python3.6/dist-packages/airflow/example_dags/example_bash_operator.py for tasks to queue
[2021-03-08 03:23:20,853] {logging_mixin.py:104} INFO - [2021-03-08 03:23:20,853] {dagbag.py:448} INFO - Filling up the DagBag from /usr/local/lib/python3.6/dist-packages/airflow/example_dags/example_bash_operator.py
[2021-03-08 03:23:20,860] {scheduler_job.py:639} INFO - DAG(s) dict_keys(['example_bash_operator']) retrieved from /usr/local/lib/python3.6/dist-packages/airflow/example_dags/example_bash_operator.py
[2021-03-08 03:23:20,871] {logging_mixin.py:104} INFO - [2021-03-08 03:23:20,871] {dag.py:1818} INFO - Sync 1 DAGs
[2021-03-08 03:23:20,883] {logging_mixin.py:104} INFO - [2021-03-08 03:23:20,883] {dag.py:2273} INFO - Setting next_dagrun for example_bash_operator to 2021-03-06 00:00:00+00:00
[2021-03-08 03:23:20,888] {scheduler_job.py:190} INFO - Processing /usr/local/lib/python3.6/dist-packages/airflow/example_dags/example_bash_operator.py took 0.038 seconds
[2021-03-08 03:23:51,623] {scheduler_job.py:182} INFO - Started process (PID=539) to work on /usr/local/lib/python3.6/dist-packages/airflow/example_dags/example_bash_operator.py
[2021-03-08 03:23:51,624] {scheduler_job.py:629} INFO - Processing file /usr/local/lib/python3.6/dist-packages/airflow/example_dags/example_bash_operator.py for tasks to queue
[2021-03-08 03:23:51,624] {logging_mixin.py:104} INFO - [2021-03-08 03:23:51,624] {dagbag.py:448} INFO - Filling up the DagBag from /usr/local/lib/python3.6/dist-packages/airflow/example_dags/example_bash_operator.py
[2021-03-08 03:23:51,634] {scheduler_job.py:639} INFO - DAG(s) dict_keys(['example_bash_operator']) retrieved from /usr/local/lib/python3.6/dist-packages/airflow/example_dags/example_bash_operator.py
[2021-03-08 03:23:51,647] {logging_mixin.py:104} INFO - [2021-03-08 03:23:51,647] {dag.py:1818} INFO - Sync 1 DAGs
[2021-03-08 03:23:51,662] {logging_mixin.py:104} INFO - [2021-03-08 03:23:51,662] {dag.py:2273} INFO - Setting next_dagrun for example_bash_operator to 2021-03-06 00:00:00+00:00
[2021-03-08 03:23:51,670] {scheduler_job.py:190} INFO - Processing /usr/local/lib/python3.6/dist-packages/airflow/example_dags/example_bash_operator.py took 0.048 seconds
[2021-03-08 03:24:22,299] {scheduler_job.py:182} INFO - Started process (PID=597) to work on /usr/local/lib/python3.6/dist-packages/airflow/example_dags/example_bash_operator.py
[2021-03-08 03:24:22,300] {scheduler_job.py:629} INFO - Processing file /usr/local/lib/python3.6/dist-packages/airflow/example_dags/example_bash_operator.py for tasks to queue
[2021-03-08 03:24:22,300] {logging_mixin.py:104} INFO - [2021-03-08 03:24:22,300] {dagbag.py:448} INFO - Filling up the DagBag from /usr/local/lib/python3.6/dist-packages/airflow/example_dags/example_bash_operator.py
[2021-03-08 03:24:22,307] {scheduler_job.py:639} INFO - DAG(s) dict_keys(['example_bash_operator']) retrieved from /usr/local/lib/python3.6/dist-packages/airflow/example_dags/example_bash_operator.py
[2021-03-08 03:24:22,321] {logging_mixin.py:104} INFO - [2021-03-08 03:24:22,321] {dag.py:1818} INFO - Sync 1 DAGs
[2021-03-08 03:24:22,333] {logging_mixin.py:104} INFO - [2021-03-08 03:24:22,333] {dag.py:2273} INFO - Setting next_dagrun for example_bash_operator to 2021-03-06 00:00:00+00:00
[2021-03-08 03:24:22,338] {scheduler_job.py:190} INFO - Processing /usr/local/lib/python3.6/dist-packages/airflow/example_dags/example_bash_operator.py took 0.042 seconds
[2021-03-08 03:24:52,990] {scheduler_job.py:182} INFO - Started process (PID=657) to work on /usr/local/lib/python3.6/dist-packages/airflow/example_dags/example_bash_operator.py
[2021-03-08 03:24:52,990] {scheduler_job.py:629} INFO - Processing file /usr/local/lib/python3.6/dist-packages/airflow/example_dags/example_bash_operator.py for tasks to queue
[2021-03-08 03:24:52,991] {logging_mixin.py:104} INFO - [2021-03-08 03:24:52,991] {dagbag.py:448} INFO - Filling up the DagBag from /usr/local/lib/python3.6/dist-packages/airflow/example_dags/example_bash_operator.py
[2021-03-08 03:24:52,999] {scheduler_job.py:639} INFO - DAG(s) dict_keys(['example_bash_operator']) retrieved from /usr/local/lib/python3.6/dist-packages/airflow/example_dags/example_bash_operator.py
[2021-03-08 03:24:53,011] {logging_mixin.py:104} INFO - [2021-03-08 03:24:53,011] {dag.py:1818} INFO - Sync 1 DAGs
[2021-03-08 03:24:53,024] {logging_mixin.py:104} INFO - [2021-03-08 03:24:53,023] {dag.py:2273} INFO - Setting next_dagrun for example_bash_operator to 2021-03-06 00:00:00+00:00
[2021-03-08 03:24:53,029] {scheduler_job.py:190} INFO - Processing /usr/local/lib/python3.6/dist-packages/airflow/example_dags/example_bash_operator.py took 0.041 seconds
[2021-03-08 03:25:23,881] {scheduler_job.py:182} INFO - Started process (PID=723) to work on /usr/local/lib/python3.6/dist-packages/airflow/example_dags/example_bash_operator.py
[2021-03-08 03:25:23,882] {scheduler_job.py:629} INFO - Processing file /usr/local/lib/python3.6/dist-packages/airflow/example_dags/example_bash_operator.py for tasks to queue
[2021-03-08 03:25:23,883] {logging_mixin.py:104} INFO - [2021-03-08 03:25:23,883] {dagbag.py:448} INFO - Filling up the DagBag from /usr/local/lib/python3.6/dist-packages/airflow/example_dags/example_bash_operator.py
[2021-03-08 03:25:23,893] {scheduler_job.py:639} INFO - DAG(s) dict_keys(['example_bash_operator']) retrieved from /usr/local/lib/python3.6/dist-packages/airflow/example_dags/example_bash_operator.py
[2021-03-08 03:25:23,909] {logging_mixin.py:104} INFO - [2021-03-08 03:25:23,909] {dag.py:1818} INFO - Sync 1 DAGs
[2021-03-08 03:25:23,927] {logging_mixin.py:104} INFO - [2021-03-08 03:25:23,927] {dag.py:2273} INFO - Setting next_dagrun for example_bash_operator to 2021-03-06 00:00:00+00:00
[2021-03-08 03:25:23,934] {scheduler_job.py:190} INFO - Processing /usr/local/lib/python3.6/dist-packages/airflow/example_dags/example_bash_operator.py took 0.055 seconds
[2021-03-08 03:25:54,684] {scheduler_job.py:182} INFO - Started process (PID=782) to work on /usr/local/lib/python3.6/dist-packages/airflow/example_dags/example_bash_operator.py
[2021-03-08 03:25:54,685] {scheduler_job.py:629} INFO - Processing file /usr/local/lib/python3.6/dist-packages/airflow/example_dags/example_bash_operator.py for tasks to queue
[2021-03-08 03:25:54,685] {logging_mixin.py:104} INFO - [2021-03-08 03:25:54,685] {dagbag.py:448} INFO - Filling up the DagBag from /usr/local/lib/python3.6/dist-packages/airflow/example_dags/example_bash_operator.py
[2021-03-08 03:25:54,694] {scheduler_job.py:639} INFO - DAG(s) dict_keys(['example_bash_operator']) retrieved from /usr/local/lib/python3.6/dist-packages/airflow/example_dags/example_bash_operator.py
[2021-03-08 03:25:54,710] {logging_mixin.py:104} INFO - [2021-03-08 03:25:54,710] {dag.py:1818} INFO - Sync 1 DAGs
[2021-03-08 03:25:54,731] {logging_mixin.py:104} INFO - [2021-03-08 03:25:54,731] {dag.py:2273} INFO - Setting next_dagrun for example_bash_operator to 2021-03-06 00:00:00+00:00
[2021-03-08 03:25:54,740] {scheduler_job.py:190} INFO - Processing /usr/local/lib/python3.6/dist-packages/airflow/example_dags/example_bash_operator.py took 0.059 seconds
