[2021-03-08 03:06:22,353] {scheduler_job.py:182} INFO - Started process (PID=89) to work on /usr/local/lib/python3.6/dist-packages/airflow/example_dags/example_skip_dag.py
[2021-03-08 03:06:22,354] {scheduler_job.py:629} INFO - Processing file /usr/local/lib/python3.6/dist-packages/airflow/example_dags/example_skip_dag.py for tasks to queue
[2021-03-08 03:06:22,355] {logging_mixin.py:104} INFO - [2021-03-08 03:06:22,355] {dagbag.py:448} INFO - Filling up the DagBag from /usr/local/lib/python3.6/dist-packages/airflow/example_dags/example_skip_dag.py
[2021-03-08 03:06:22,363] {scheduler_job.py:639} INFO - DAG(s) dict_keys(['example_skip_dag']) retrieved from /usr/local/lib/python3.6/dist-packages/airflow/example_dags/example_skip_dag.py
[2021-03-08 03:06:22,368] {logging_mixin.py:104} INFO - [2021-03-08 03:06:22,368] {dag.py:1818} INFO - Sync 1 DAGs
[2021-03-08 03:06:22,378] {logging_mixin.py:104} INFO - [2021-03-08 03:06:22,378] {dag.py:2273} INFO - Setting next_dagrun for example_skip_dag to 2021-03-06 00:00:00+00:00
[2021-03-08 03:06:22,384] {scheduler_job.py:190} INFO - Processing /usr/local/lib/python3.6/dist-packages/airflow/example_dags/example_skip_dag.py took 0.033 seconds
[2021-03-08 03:06:53,190] {scheduler_job.py:182} INFO - Started process (PID=148) to work on /usr/local/lib/python3.6/dist-packages/airflow/example_dags/example_skip_dag.py
[2021-03-08 03:06:53,192] {scheduler_job.py:629} INFO - Processing file /usr/local/lib/python3.6/dist-packages/airflow/example_dags/example_skip_dag.py for tasks to queue
[2021-03-08 03:06:53,193] {logging_mixin.py:104} INFO - [2021-03-08 03:06:53,193] {dagbag.py:448} INFO - Filling up the DagBag from /usr/local/lib/python3.6/dist-packages/airflow/example_dags/example_skip_dag.py
[2021-03-08 03:06:53,210] {scheduler_job.py:639} INFO - DAG(s) dict_keys(['example_skip_dag']) retrieved from /usr/local/lib/python3.6/dist-packages/airflow/example_dags/example_skip_dag.py
[2021-03-08 03:06:53,221] {logging_mixin.py:104} INFO - [2021-03-08 03:06:53,221] {dag.py:1818} INFO - Sync 1 DAGs
[2021-03-08 03:06:53,231] {logging_mixin.py:104} INFO - [2021-03-08 03:06:53,231] {dag.py:2273} INFO - Setting next_dagrun for example_skip_dag to 2021-03-06 00:00:00+00:00
[2021-03-08 03:06:53,236] {scheduler_job.py:190} INFO - Processing /usr/local/lib/python3.6/dist-packages/airflow/example_dags/example_skip_dag.py took 0.051 seconds
[2021-03-08 03:07:24,067] {scheduler_job.py:182} INFO - Started process (PID=208) to work on /usr/local/lib/python3.6/dist-packages/airflow/example_dags/example_skip_dag.py
[2021-03-08 03:07:24,068] {scheduler_job.py:629} INFO - Processing file /usr/local/lib/python3.6/dist-packages/airflow/example_dags/example_skip_dag.py for tasks to queue
[2021-03-08 03:07:24,068] {logging_mixin.py:104} INFO - [2021-03-08 03:07:24,068] {dagbag.py:448} INFO - Filling up the DagBag from /usr/local/lib/python3.6/dist-packages/airflow/example_dags/example_skip_dag.py
[2021-03-08 03:07:24,074] {scheduler_job.py:639} INFO - DAG(s) dict_keys(['example_skip_dag']) retrieved from /usr/local/lib/python3.6/dist-packages/airflow/example_dags/example_skip_dag.py
[2021-03-08 03:07:24,082] {logging_mixin.py:104} INFO - [2021-03-08 03:07:24,082] {dag.py:1818} INFO - Sync 1 DAGs
[2021-03-08 03:07:24,088] {logging_mixin.py:104} INFO - [2021-03-08 03:07:24,088] {dag.py:2273} INFO - Setting next_dagrun for example_skip_dag to 2021-03-06 00:00:00+00:00
[2021-03-08 03:07:24,093] {scheduler_job.py:190} INFO - Processing /usr/local/lib/python3.6/dist-packages/airflow/example_dags/example_skip_dag.py took 0.028 seconds
[2021-03-08 03:07:54,915] {scheduler_job.py:182} INFO - Started process (PID=267) to work on /usr/local/lib/python3.6/dist-packages/airflow/example_dags/example_skip_dag.py
[2021-03-08 03:07:54,915] {scheduler_job.py:629} INFO - Processing file /usr/local/lib/python3.6/dist-packages/airflow/example_dags/example_skip_dag.py for tasks to queue
[2021-03-08 03:07:54,915] {logging_mixin.py:104} INFO - [2021-03-08 03:07:54,915] {dagbag.py:448} INFO - Filling up the DagBag from /usr/local/lib/python3.6/dist-packages/airflow/example_dags/example_skip_dag.py
[2021-03-08 03:07:54,921] {scheduler_job.py:639} INFO - DAG(s) dict_keys(['example_skip_dag']) retrieved from /usr/local/lib/python3.6/dist-packages/airflow/example_dags/example_skip_dag.py
[2021-03-08 03:07:54,928] {logging_mixin.py:104} INFO - [2021-03-08 03:07:54,928] {dag.py:1818} INFO - Sync 1 DAGs
[2021-03-08 03:07:54,935] {logging_mixin.py:104} INFO - [2021-03-08 03:07:54,935] {dag.py:2273} INFO - Setting next_dagrun for example_skip_dag to 2021-03-06 00:00:00+00:00
[2021-03-08 03:07:54,939] {scheduler_job.py:190} INFO - Processing /usr/local/lib/python3.6/dist-packages/airflow/example_dags/example_skip_dag.py took 0.026 seconds
[2021-03-08 03:08:25,876] {scheduler_job.py:182} INFO - Started process (PID=327) to work on /usr/local/lib/python3.6/dist-packages/airflow/example_dags/example_skip_dag.py
[2021-03-08 03:08:25,878] {scheduler_job.py:629} INFO - Processing file /usr/local/lib/python3.6/dist-packages/airflow/example_dags/example_skip_dag.py for tasks to queue
[2021-03-08 03:08:25,879] {logging_mixin.py:104} INFO - [2021-03-08 03:08:25,879] {dagbag.py:448} INFO - Filling up the DagBag from /usr/local/lib/python3.6/dist-packages/airflow/example_dags/example_skip_dag.py
[2021-03-08 03:08:25,898] {scheduler_job.py:639} INFO - DAG(s) dict_keys(['example_skip_dag']) retrieved from /usr/local/lib/python3.6/dist-packages/airflow/example_dags/example_skip_dag.py
[2021-03-08 03:08:25,912] {logging_mixin.py:104} INFO - [2021-03-08 03:08:25,912] {dag.py:1818} INFO - Sync 1 DAGs
[2021-03-08 03:08:25,920] {logging_mixin.py:104} INFO - [2021-03-08 03:08:25,920] {dag.py:2273} INFO - Setting next_dagrun for example_skip_dag to 2021-03-06 00:00:00+00:00
[2021-03-08 03:08:25,924] {scheduler_job.py:190} INFO - Processing /usr/local/lib/python3.6/dist-packages/airflow/example_dags/example_skip_dag.py took 0.054 seconds
[2021-03-08 03:08:56,639] {scheduler_job.py:182} INFO - Started process (PID=387) to work on /usr/local/lib/python3.6/dist-packages/airflow/example_dags/example_skip_dag.py
[2021-03-08 03:08:56,641] {scheduler_job.py:629} INFO - Processing file /usr/local/lib/python3.6/dist-packages/airflow/example_dags/example_skip_dag.py for tasks to queue
[2021-03-08 03:08:56,642] {logging_mixin.py:104} INFO - [2021-03-08 03:08:56,642] {dagbag.py:448} INFO - Filling up the DagBag from /usr/local/lib/python3.6/dist-packages/airflow/example_dags/example_skip_dag.py
[2021-03-08 03:08:56,663] {scheduler_job.py:639} INFO - DAG(s) dict_keys(['example_skip_dag']) retrieved from /usr/local/lib/python3.6/dist-packages/airflow/example_dags/example_skip_dag.py
[2021-03-08 03:08:56,675] {logging_mixin.py:104} INFO - [2021-03-08 03:08:56,675] {dag.py:1818} INFO - Sync 1 DAGs
[2021-03-08 03:08:56,684] {logging_mixin.py:104} INFO - [2021-03-08 03:08:56,684] {dag.py:2273} INFO - Setting next_dagrun for example_skip_dag to 2021-03-06 00:00:00+00:00
[2021-03-08 03:08:56,688] {scheduler_job.py:190} INFO - Processing /usr/local/lib/python3.6/dist-packages/airflow/example_dags/example_skip_dag.py took 0.055 seconds
[2021-03-08 03:09:27,456] {scheduler_job.py:182} INFO - Started process (PID=448) to work on /usr/local/lib/python3.6/dist-packages/airflow/example_dags/example_skip_dag.py
[2021-03-08 03:09:27,458] {scheduler_job.py:629} INFO - Processing file /usr/local/lib/python3.6/dist-packages/airflow/example_dags/example_skip_dag.py for tasks to queue
[2021-03-08 03:09:27,460] {logging_mixin.py:104} INFO - [2021-03-08 03:09:27,460] {dagbag.py:448} INFO - Filling up the DagBag from /usr/local/lib/python3.6/dist-packages/airflow/example_dags/example_skip_dag.py
[2021-03-08 03:09:27,470] {scheduler_job.py:639} INFO - DAG(s) dict_keys(['example_skip_dag']) retrieved from /usr/local/lib/python3.6/dist-packages/airflow/example_dags/example_skip_dag.py
[2021-03-08 03:09:27,480] {logging_mixin.py:104} INFO - [2021-03-08 03:09:27,480] {dag.py:1818} INFO - Sync 1 DAGs
[2021-03-08 03:09:27,488] {logging_mixin.py:104} INFO - [2021-03-08 03:09:27,488] {dag.py:2273} INFO - Setting next_dagrun for example_skip_dag to 2021-03-06 00:00:00+00:00
[2021-03-08 03:09:27,491] {scheduler_job.py:190} INFO - Processing /usr/local/lib/python3.6/dist-packages/airflow/example_dags/example_skip_dag.py took 0.041 seconds
[2021-03-08 03:09:58,246] {scheduler_job.py:182} INFO - Started process (PID=507) to work on /usr/local/lib/python3.6/dist-packages/airflow/example_dags/example_skip_dag.py
[2021-03-08 03:09:58,248] {scheduler_job.py:629} INFO - Processing file /usr/local/lib/python3.6/dist-packages/airflow/example_dags/example_skip_dag.py for tasks to queue
[2021-03-08 03:09:58,249] {logging_mixin.py:104} INFO - [2021-03-08 03:09:58,249] {dagbag.py:448} INFO - Filling up the DagBag from /usr/local/lib/python3.6/dist-packages/airflow/example_dags/example_skip_dag.py
[2021-03-08 03:09:58,270] {scheduler_job.py:639} INFO - DAG(s) dict_keys(['example_skip_dag']) retrieved from /usr/local/lib/python3.6/dist-packages/airflow/example_dags/example_skip_dag.py
[2021-03-08 03:09:58,282] {logging_mixin.py:104} INFO - [2021-03-08 03:09:58,282] {dag.py:1818} INFO - Sync 1 DAGs
[2021-03-08 03:09:58,289] {logging_mixin.py:104} INFO - [2021-03-08 03:09:58,289] {dag.py:2273} INFO - Setting next_dagrun for example_skip_dag to 2021-03-06 00:00:00+00:00
[2021-03-08 03:09:58,294] {scheduler_job.py:190} INFO - Processing /usr/local/lib/python3.6/dist-packages/airflow/example_dags/example_skip_dag.py took 0.053 seconds
[2021-03-08 03:10:29,123] {scheduler_job.py:182} INFO - Started process (PID=566) to work on /usr/local/lib/python3.6/dist-packages/airflow/example_dags/example_skip_dag.py
[2021-03-08 03:10:29,124] {scheduler_job.py:629} INFO - Processing file /usr/local/lib/python3.6/dist-packages/airflow/example_dags/example_skip_dag.py for tasks to queue
[2021-03-08 03:10:29,124] {logging_mixin.py:104} INFO - [2021-03-08 03:10:29,124] {dagbag.py:448} INFO - Filling up the DagBag from /usr/local/lib/python3.6/dist-packages/airflow/example_dags/example_skip_dag.py
[2021-03-08 03:10:29,130] {scheduler_job.py:639} INFO - DAG(s) dict_keys(['example_skip_dag']) retrieved from /usr/local/lib/python3.6/dist-packages/airflow/example_dags/example_skip_dag.py
[2021-03-08 03:10:29,137] {logging_mixin.py:104} INFO - [2021-03-08 03:10:29,137] {dag.py:1818} INFO - Sync 1 DAGs
[2021-03-08 03:10:29,143] {logging_mixin.py:104} INFO - [2021-03-08 03:10:29,143] {dag.py:2273} INFO - Setting next_dagrun for example_skip_dag to 2021-03-06 00:00:00+00:00
[2021-03-08 03:10:29,147] {scheduler_job.py:190} INFO - Processing /usr/local/lib/python3.6/dist-packages/airflow/example_dags/example_skip_dag.py took 0.025 seconds
[2021-03-08 03:10:59,931] {scheduler_job.py:182} INFO - Started process (PID=625) to work on /usr/local/lib/python3.6/dist-packages/airflow/example_dags/example_skip_dag.py
[2021-03-08 03:10:59,932] {scheduler_job.py:629} INFO - Processing file /usr/local/lib/python3.6/dist-packages/airflow/example_dags/example_skip_dag.py for tasks to queue
[2021-03-08 03:10:59,932] {logging_mixin.py:104} INFO - [2021-03-08 03:10:59,932] {dagbag.py:448} INFO - Filling up the DagBag from /usr/local/lib/python3.6/dist-packages/airflow/example_dags/example_skip_dag.py
[2021-03-08 03:10:59,937] {scheduler_job.py:639} INFO - DAG(s) dict_keys(['example_skip_dag']) retrieved from /usr/local/lib/python3.6/dist-packages/airflow/example_dags/example_skip_dag.py
[2021-03-08 03:10:59,945] {logging_mixin.py:104} INFO - [2021-03-08 03:10:59,945] {dag.py:1818} INFO - Sync 1 DAGs
[2021-03-08 03:10:59,951] {logging_mixin.py:104} INFO - [2021-03-08 03:10:59,951] {dag.py:2273} INFO - Setting next_dagrun for example_skip_dag to 2021-03-06 00:00:00+00:00
[2021-03-08 03:10:59,955] {scheduler_job.py:190} INFO - Processing /usr/local/lib/python3.6/dist-packages/airflow/example_dags/example_skip_dag.py took 0.025 seconds
[2021-03-08 03:11:30,478] {scheduler_job.py:182} INFO - Started process (PID=684) to work on /usr/local/lib/python3.6/dist-packages/airflow/example_dags/example_skip_dag.py
[2021-03-08 03:11:30,480] {scheduler_job.py:629} INFO - Processing file /usr/local/lib/python3.6/dist-packages/airflow/example_dags/example_skip_dag.py for tasks to queue
[2021-03-08 03:11:30,482] {logging_mixin.py:104} INFO - [2021-03-08 03:11:30,481] {dagbag.py:448} INFO - Filling up the DagBag from /usr/local/lib/python3.6/dist-packages/airflow/example_dags/example_skip_dag.py
[2021-03-08 03:11:30,498] {scheduler_job.py:639} INFO - DAG(s) dict_keys(['example_skip_dag']) retrieved from /usr/local/lib/python3.6/dist-packages/airflow/example_dags/example_skip_dag.py
[2021-03-08 03:11:30,510] {logging_mixin.py:104} INFO - [2021-03-08 03:11:30,510] {dag.py:1818} INFO - Sync 1 DAGs
[2021-03-08 03:11:30,518] {logging_mixin.py:104} INFO - [2021-03-08 03:11:30,518] {dag.py:2273} INFO - Setting next_dagrun for example_skip_dag to 2021-03-06 00:00:00+00:00
[2021-03-08 03:11:30,522] {scheduler_job.py:190} INFO - Processing /usr/local/lib/python3.6/dist-packages/airflow/example_dags/example_skip_dag.py took 0.050 seconds
[2021-03-08 03:17:39,979] {scheduler_job.py:182} INFO - Started process (PID=47) to work on /usr/local/lib/python3.6/dist-packages/airflow/example_dags/example_skip_dag.py
[2021-03-08 03:17:39,979] {scheduler_job.py:629} INFO - Processing file /usr/local/lib/python3.6/dist-packages/airflow/example_dags/example_skip_dag.py for tasks to queue
[2021-03-08 03:17:39,980] {logging_mixin.py:104} INFO - [2021-03-08 03:17:39,980] {dagbag.py:448} INFO - Filling up the DagBag from /usr/local/lib/python3.6/dist-packages/airflow/example_dags/example_skip_dag.py
[2021-03-08 03:17:39,987] {scheduler_job.py:639} INFO - DAG(s) dict_keys(['example_skip_dag']) retrieved from /usr/local/lib/python3.6/dist-packages/airflow/example_dags/example_skip_dag.py
[2021-03-08 03:17:39,995] {logging_mixin.py:104} INFO - [2021-03-08 03:17:39,995] {dag.py:1818} INFO - Sync 1 DAGs
[2021-03-08 03:17:40,006] {logging_mixin.py:104} INFO - [2021-03-08 03:17:40,006] {dag.py:2273} INFO - Setting next_dagrun for example_skip_dag to 2021-03-06 00:00:00+00:00
[2021-03-08 03:17:40,013] {scheduler_job.py:190} INFO - Processing /usr/local/lib/python3.6/dist-packages/airflow/example_dags/example_skip_dag.py took 0.037 seconds
[2021-03-08 03:18:13,562] {scheduler_job.py:182} INFO - Started process (PID=42) to work on /usr/local/lib/python3.6/dist-packages/airflow/example_dags/example_skip_dag.py
[2021-03-08 03:18:13,563] {scheduler_job.py:629} INFO - Processing file /usr/local/lib/python3.6/dist-packages/airflow/example_dags/example_skip_dag.py for tasks to queue
[2021-03-08 03:18:13,563] {logging_mixin.py:104} INFO - [2021-03-08 03:18:13,563] {dagbag.py:448} INFO - Filling up the DagBag from /usr/local/lib/python3.6/dist-packages/airflow/example_dags/example_skip_dag.py
[2021-03-08 03:18:13,571] {scheduler_job.py:639} INFO - DAG(s) dict_keys(['example_skip_dag']) retrieved from /usr/local/lib/python3.6/dist-packages/airflow/example_dags/example_skip_dag.py
[2021-03-08 03:18:13,583] {logging_mixin.py:104} INFO - [2021-03-08 03:18:13,583] {dag.py:1818} INFO - Sync 1 DAGs
[2021-03-08 03:18:13,594] {logging_mixin.py:104} INFO - [2021-03-08 03:18:13,594] {dag.py:2273} INFO - Setting next_dagrun for example_skip_dag to 2021-03-06 00:00:00+00:00
[2021-03-08 03:18:13,600] {scheduler_job.py:190} INFO - Processing /usr/local/lib/python3.6/dist-packages/airflow/example_dags/example_skip_dag.py took 0.040 seconds
[2021-03-08 03:18:44,288] {scheduler_job.py:182} INFO - Started process (PID=129) to work on /usr/local/lib/python3.6/dist-packages/airflow/example_dags/example_skip_dag.py
[2021-03-08 03:18:44,289] {scheduler_job.py:629} INFO - Processing file /usr/local/lib/python3.6/dist-packages/airflow/example_dags/example_skip_dag.py for tasks to queue
[2021-03-08 03:18:44,289] {logging_mixin.py:104} INFO - [2021-03-08 03:18:44,289] {dagbag.py:448} INFO - Filling up the DagBag from /usr/local/lib/python3.6/dist-packages/airflow/example_dags/example_skip_dag.py
[2021-03-08 03:18:44,296] {scheduler_job.py:639} INFO - DAG(s) dict_keys(['example_skip_dag']) retrieved from /usr/local/lib/python3.6/dist-packages/airflow/example_dags/example_skip_dag.py
[2021-03-08 03:18:44,308] {logging_mixin.py:104} INFO - [2021-03-08 03:18:44,308] {dag.py:1818} INFO - Sync 1 DAGs
[2021-03-08 03:18:44,317] {logging_mixin.py:104} INFO - [2021-03-08 03:18:44,317] {dag.py:2273} INFO - Setting next_dagrun for example_skip_dag to 2021-03-06 00:00:00+00:00
[2021-03-08 03:18:44,322] {scheduler_job.py:190} INFO - Processing /usr/local/lib/python3.6/dist-packages/airflow/example_dags/example_skip_dag.py took 0.036 seconds
[2021-03-08 03:19:14,917] {scheduler_job.py:182} INFO - Started process (PID=187) to work on /usr/local/lib/python3.6/dist-packages/airflow/example_dags/example_skip_dag.py
[2021-03-08 03:19:14,918] {scheduler_job.py:629} INFO - Processing file /usr/local/lib/python3.6/dist-packages/airflow/example_dags/example_skip_dag.py for tasks to queue
[2021-03-08 03:19:14,918] {logging_mixin.py:104} INFO - [2021-03-08 03:19:14,918] {dagbag.py:448} INFO - Filling up the DagBag from /usr/local/lib/python3.6/dist-packages/airflow/example_dags/example_skip_dag.py
[2021-03-08 03:19:14,926] {scheduler_job.py:639} INFO - DAG(s) dict_keys(['example_skip_dag']) retrieved from /usr/local/lib/python3.6/dist-packages/airflow/example_dags/example_skip_dag.py
[2021-03-08 03:19:14,937] {logging_mixin.py:104} INFO - [2021-03-08 03:19:14,937] {dag.py:1818} INFO - Sync 1 DAGs
[2021-03-08 03:19:14,946] {logging_mixin.py:104} INFO - [2021-03-08 03:19:14,946] {dag.py:2273} INFO - Setting next_dagrun for example_skip_dag to 2021-03-06 00:00:00+00:00
[2021-03-08 03:19:14,953] {scheduler_job.py:190} INFO - Processing /usr/local/lib/python3.6/dist-packages/airflow/example_dags/example_skip_dag.py took 0.038 seconds
[2021-03-08 03:19:45,814] {scheduler_job.py:182} INFO - Started process (PID=35) to work on /usr/local/lib/python3.6/dist-packages/airflow/example_dags/example_skip_dag.py
[2021-03-08 03:19:45,815] {scheduler_job.py:629} INFO - Processing file /usr/local/lib/python3.6/dist-packages/airflow/example_dags/example_skip_dag.py for tasks to queue
[2021-03-08 03:19:45,816] {logging_mixin.py:104} INFO - [2021-03-08 03:19:45,816] {dagbag.py:448} INFO - Filling up the DagBag from /usr/local/lib/python3.6/dist-packages/airflow/example_dags/example_skip_dag.py
[2021-03-08 03:19:45,826] {scheduler_job.py:639} INFO - DAG(s) dict_keys(['example_skip_dag']) retrieved from /usr/local/lib/python3.6/dist-packages/airflow/example_dags/example_skip_dag.py
[2021-03-08 03:19:45,844] {logging_mixin.py:104} INFO - [2021-03-08 03:19:45,843] {dag.py:1818} INFO - Sync 1 DAGs
[2021-03-08 03:19:45,863] {logging_mixin.py:104} INFO - [2021-03-08 03:19:45,863] {dag.py:2273} INFO - Setting next_dagrun for example_skip_dag to 2021-03-06 00:00:00+00:00
[2021-03-08 03:19:45,870] {scheduler_job.py:190} INFO - Processing /usr/local/lib/python3.6/dist-packages/airflow/example_dags/example_skip_dag.py took 0.058 seconds
[2021-03-08 03:20:16,601] {scheduler_job.py:182} INFO - Started process (PID=122) to work on /usr/local/lib/python3.6/dist-packages/airflow/example_dags/example_skip_dag.py
[2021-03-08 03:20:16,601] {scheduler_job.py:629} INFO - Processing file /usr/local/lib/python3.6/dist-packages/airflow/example_dags/example_skip_dag.py for tasks to queue
[2021-03-08 03:20:16,602] {logging_mixin.py:104} INFO - [2021-03-08 03:20:16,602] {dagbag.py:448} INFO - Filling up the DagBag from /usr/local/lib/python3.6/dist-packages/airflow/example_dags/example_skip_dag.py
[2021-03-08 03:20:16,610] {scheduler_job.py:639} INFO - DAG(s) dict_keys(['example_skip_dag']) retrieved from /usr/local/lib/python3.6/dist-packages/airflow/example_dags/example_skip_dag.py
[2021-03-08 03:20:16,624] {logging_mixin.py:104} INFO - [2021-03-08 03:20:16,624] {dag.py:1818} INFO - Sync 1 DAGs
[2021-03-08 03:20:16,634] {logging_mixin.py:104} INFO - [2021-03-08 03:20:16,634] {dag.py:2273} INFO - Setting next_dagrun for example_skip_dag to 2021-03-06 00:00:00+00:00
[2021-03-08 03:20:16,639] {scheduler_job.py:190} INFO - Processing /usr/local/lib/python3.6/dist-packages/airflow/example_dags/example_skip_dag.py took 0.040 seconds
[2021-03-08 03:20:47,350] {scheduler_job.py:182} INFO - Started process (PID=179) to work on /usr/local/lib/python3.6/dist-packages/airflow/example_dags/example_skip_dag.py
[2021-03-08 03:20:47,353] {scheduler_job.py:629} INFO - Processing file /usr/local/lib/python3.6/dist-packages/airflow/example_dags/example_skip_dag.py for tasks to queue
[2021-03-08 03:20:47,353] {logging_mixin.py:104} INFO - [2021-03-08 03:20:47,353] {dagbag.py:448} INFO - Filling up the DagBag from /usr/local/lib/python3.6/dist-packages/airflow/example_dags/example_skip_dag.py
[2021-03-08 03:20:47,359] {scheduler_job.py:639} INFO - DAG(s) dict_keys(['example_skip_dag']) retrieved from /usr/local/lib/python3.6/dist-packages/airflow/example_dags/example_skip_dag.py
[2021-03-08 03:20:47,371] {logging_mixin.py:104} INFO - [2021-03-08 03:20:47,370] {dag.py:1818} INFO - Sync 1 DAGs
[2021-03-08 03:20:47,379] {logging_mixin.py:104} INFO - [2021-03-08 03:20:47,379] {dag.py:2273} INFO - Setting next_dagrun for example_skip_dag to 2021-03-06 00:00:00+00:00
[2021-03-08 03:20:47,384] {scheduler_job.py:190} INFO - Processing /usr/local/lib/python3.6/dist-packages/airflow/example_dags/example_skip_dag.py took 0.036 seconds
[2021-03-08 03:21:18,007] {scheduler_job.py:182} INFO - Started process (PID=237) to work on /usr/local/lib/python3.6/dist-packages/airflow/example_dags/example_skip_dag.py
[2021-03-08 03:21:18,008] {scheduler_job.py:629} INFO - Processing file /usr/local/lib/python3.6/dist-packages/airflow/example_dags/example_skip_dag.py for tasks to queue
[2021-03-08 03:21:18,009] {logging_mixin.py:104} INFO - [2021-03-08 03:21:18,009] {dagbag.py:448} INFO - Filling up the DagBag from /usr/local/lib/python3.6/dist-packages/airflow/example_dags/example_skip_dag.py
[2021-03-08 03:21:18,017] {scheduler_job.py:639} INFO - DAG(s) dict_keys(['example_skip_dag']) retrieved from /usr/local/lib/python3.6/dist-packages/airflow/example_dags/example_skip_dag.py
[2021-03-08 03:21:18,030] {logging_mixin.py:104} INFO - [2021-03-08 03:21:18,030] {dag.py:1818} INFO - Sync 1 DAGs
[2021-03-08 03:21:18,040] {logging_mixin.py:104} INFO - [2021-03-08 03:21:18,040] {dag.py:2273} INFO - Setting next_dagrun for example_skip_dag to 2021-03-06 00:00:00+00:00
[2021-03-08 03:21:18,049] {scheduler_job.py:190} INFO - Processing /usr/local/lib/python3.6/dist-packages/airflow/example_dags/example_skip_dag.py took 0.044 seconds
[2021-03-08 03:21:48,709] {scheduler_job.py:182} INFO - Started process (PID=295) to work on /usr/local/lib/python3.6/dist-packages/airflow/example_dags/example_skip_dag.py
[2021-03-08 03:21:48,710] {scheduler_job.py:629} INFO - Processing file /usr/local/lib/python3.6/dist-packages/airflow/example_dags/example_skip_dag.py for tasks to queue
[2021-03-08 03:21:48,710] {logging_mixin.py:104} INFO - [2021-03-08 03:21:48,710] {dagbag.py:448} INFO - Filling up the DagBag from /usr/local/lib/python3.6/dist-packages/airflow/example_dags/example_skip_dag.py
[2021-03-08 03:21:48,717] {scheduler_job.py:639} INFO - DAG(s) dict_keys(['example_skip_dag']) retrieved from /usr/local/lib/python3.6/dist-packages/airflow/example_dags/example_skip_dag.py
[2021-03-08 03:21:48,728] {logging_mixin.py:104} INFO - [2021-03-08 03:21:48,728] {dag.py:1818} INFO - Sync 1 DAGs
[2021-03-08 03:21:48,737] {logging_mixin.py:104} INFO - [2021-03-08 03:21:48,737] {dag.py:2273} INFO - Setting next_dagrun for example_skip_dag to 2021-03-06 00:00:00+00:00
[2021-03-08 03:21:48,742] {scheduler_job.py:190} INFO - Processing /usr/local/lib/python3.6/dist-packages/airflow/example_dags/example_skip_dag.py took 0.034 seconds
[2021-03-08 03:22:19,341] {scheduler_job.py:182} INFO - Started process (PID=354) to work on /usr/local/lib/python3.6/dist-packages/airflow/example_dags/example_skip_dag.py
[2021-03-08 03:22:19,342] {scheduler_job.py:629} INFO - Processing file /usr/local/lib/python3.6/dist-packages/airflow/example_dags/example_skip_dag.py for tasks to queue
[2021-03-08 03:22:19,342] {logging_mixin.py:104} INFO - [2021-03-08 03:22:19,342] {dagbag.py:448} INFO - Filling up the DagBag from /usr/local/lib/python3.6/dist-packages/airflow/example_dags/example_skip_dag.py
[2021-03-08 03:22:19,347] {scheduler_job.py:639} INFO - DAG(s) dict_keys(['example_skip_dag']) retrieved from /usr/local/lib/python3.6/dist-packages/airflow/example_dags/example_skip_dag.py
[2021-03-08 03:22:19,359] {logging_mixin.py:104} INFO - [2021-03-08 03:22:19,359] {dag.py:1818} INFO - Sync 1 DAGs
[2021-03-08 03:22:19,367] {logging_mixin.py:104} INFO - [2021-03-08 03:22:19,367] {dag.py:2273} INFO - Setting next_dagrun for example_skip_dag to 2021-03-06 00:00:00+00:00
[2021-03-08 03:22:19,372] {scheduler_job.py:190} INFO - Processing /usr/local/lib/python3.6/dist-packages/airflow/example_dags/example_skip_dag.py took 0.032 seconds
[2021-03-08 03:22:50,004] {scheduler_job.py:182} INFO - Started process (PID=413) to work on /usr/local/lib/python3.6/dist-packages/airflow/example_dags/example_skip_dag.py
[2021-03-08 03:22:50,005] {scheduler_job.py:629} INFO - Processing file /usr/local/lib/python3.6/dist-packages/airflow/example_dags/example_skip_dag.py for tasks to queue
[2021-03-08 03:22:50,005] {logging_mixin.py:104} INFO - [2021-03-08 03:22:50,005] {dagbag.py:448} INFO - Filling up the DagBag from /usr/local/lib/python3.6/dist-packages/airflow/example_dags/example_skip_dag.py
[2021-03-08 03:22:50,011] {scheduler_job.py:639} INFO - DAG(s) dict_keys(['example_skip_dag']) retrieved from /usr/local/lib/python3.6/dist-packages/airflow/example_dags/example_skip_dag.py
[2021-03-08 03:22:50,022] {logging_mixin.py:104} INFO - [2021-03-08 03:22:50,022] {dag.py:1818} INFO - Sync 1 DAGs
[2021-03-08 03:22:50,030] {logging_mixin.py:104} INFO - [2021-03-08 03:22:50,030] {dag.py:2273} INFO - Setting next_dagrun for example_skip_dag to 2021-03-06 00:00:00+00:00
[2021-03-08 03:22:50,035] {scheduler_job.py:190} INFO - Processing /usr/local/lib/python3.6/dist-packages/airflow/example_dags/example_skip_dag.py took 0.033 seconds
[2021-03-08 03:23:20,681] {scheduler_job.py:182} INFO - Started process (PID=473) to work on /usr/local/lib/python3.6/dist-packages/airflow/example_dags/example_skip_dag.py
[2021-03-08 03:23:20,682] {scheduler_job.py:629} INFO - Processing file /usr/local/lib/python3.6/dist-packages/airflow/example_dags/example_skip_dag.py for tasks to queue
[2021-03-08 03:23:20,682] {logging_mixin.py:104} INFO - [2021-03-08 03:23:20,682] {dagbag.py:448} INFO - Filling up the DagBag from /usr/local/lib/python3.6/dist-packages/airflow/example_dags/example_skip_dag.py
[2021-03-08 03:23:20,688] {scheduler_job.py:639} INFO - DAG(s) dict_keys(['example_skip_dag']) retrieved from /usr/local/lib/python3.6/dist-packages/airflow/example_dags/example_skip_dag.py
[2021-03-08 03:23:20,702] {logging_mixin.py:104} INFO - [2021-03-08 03:23:20,702] {dag.py:1818} INFO - Sync 1 DAGs
[2021-03-08 03:23:20,711] {logging_mixin.py:104} INFO - [2021-03-08 03:23:20,711] {dag.py:2273} INFO - Setting next_dagrun for example_skip_dag to 2021-03-06 00:00:00+00:00
[2021-03-08 03:23:20,716] {scheduler_job.py:190} INFO - Processing /usr/local/lib/python3.6/dist-packages/airflow/example_dags/example_skip_dag.py took 0.037 seconds
[2021-03-08 03:23:51,414] {scheduler_job.py:182} INFO - Started process (PID=532) to work on /usr/local/lib/python3.6/dist-packages/airflow/example_dags/example_skip_dag.py
[2021-03-08 03:23:51,415] {scheduler_job.py:629} INFO - Processing file /usr/local/lib/python3.6/dist-packages/airflow/example_dags/example_skip_dag.py for tasks to queue
[2021-03-08 03:23:51,416] {logging_mixin.py:104} INFO - [2021-03-08 03:23:51,416] {dagbag.py:448} INFO - Filling up the DagBag from /usr/local/lib/python3.6/dist-packages/airflow/example_dags/example_skip_dag.py
[2021-03-08 03:23:51,421] {scheduler_job.py:639} INFO - DAG(s) dict_keys(['example_skip_dag']) retrieved from /usr/local/lib/python3.6/dist-packages/airflow/example_dags/example_skip_dag.py
[2021-03-08 03:23:51,444] {logging_mixin.py:104} INFO - [2021-03-08 03:23:51,444] {dag.py:1818} INFO - Sync 1 DAGs
[2021-03-08 03:23:51,458] {logging_mixin.py:104} INFO - [2021-03-08 03:23:51,458] {dag.py:2273} INFO - Setting next_dagrun for example_skip_dag to 2021-03-06 00:00:00+00:00
[2021-03-08 03:23:51,468] {scheduler_job.py:190} INFO - Processing /usr/local/lib/python3.6/dist-packages/airflow/example_dags/example_skip_dag.py took 0.055 seconds
[2021-03-08 03:24:22,129] {scheduler_job.py:182} INFO - Started process (PID=590) to work on /usr/local/lib/python3.6/dist-packages/airflow/example_dags/example_skip_dag.py
[2021-03-08 03:24:22,129] {scheduler_job.py:629} INFO - Processing file /usr/local/lib/python3.6/dist-packages/airflow/example_dags/example_skip_dag.py for tasks to queue
[2021-03-08 03:24:22,130] {logging_mixin.py:104} INFO - [2021-03-08 03:24:22,130] {dagbag.py:448} INFO - Filling up the DagBag from /usr/local/lib/python3.6/dist-packages/airflow/example_dags/example_skip_dag.py
[2021-03-08 03:24:22,136] {scheduler_job.py:639} INFO - DAG(s) dict_keys(['example_skip_dag']) retrieved from /usr/local/lib/python3.6/dist-packages/airflow/example_dags/example_skip_dag.py
[2021-03-08 03:24:22,147] {logging_mixin.py:104} INFO - [2021-03-08 03:24:22,147] {dag.py:1818} INFO - Sync 1 DAGs
[2021-03-08 03:24:22,157] {logging_mixin.py:104} INFO - [2021-03-08 03:24:22,157] {dag.py:2273} INFO - Setting next_dagrun for example_skip_dag to 2021-03-06 00:00:00+00:00
[2021-03-08 03:24:22,163] {scheduler_job.py:190} INFO - Processing /usr/local/lib/python3.6/dist-packages/airflow/example_dags/example_skip_dag.py took 0.037 seconds
[2021-03-08 03:24:52,825] {scheduler_job.py:182} INFO - Started process (PID=649) to work on /usr/local/lib/python3.6/dist-packages/airflow/example_dags/example_skip_dag.py
[2021-03-08 03:24:52,825] {scheduler_job.py:629} INFO - Processing file /usr/local/lib/python3.6/dist-packages/airflow/example_dags/example_skip_dag.py for tasks to queue
[2021-03-08 03:24:52,825] {logging_mixin.py:104} INFO - [2021-03-08 03:24:52,825] {dagbag.py:448} INFO - Filling up the DagBag from /usr/local/lib/python3.6/dist-packages/airflow/example_dags/example_skip_dag.py
[2021-03-08 03:24:52,831] {scheduler_job.py:639} INFO - DAG(s) dict_keys(['example_skip_dag']) retrieved from /usr/local/lib/python3.6/dist-packages/airflow/example_dags/example_skip_dag.py
[2021-03-08 03:24:52,842] {logging_mixin.py:104} INFO - [2021-03-08 03:24:52,842] {dag.py:1818} INFO - Sync 1 DAGs
[2021-03-08 03:24:52,850] {logging_mixin.py:104} INFO - [2021-03-08 03:24:52,850] {dag.py:2273} INFO - Setting next_dagrun for example_skip_dag to 2021-03-06 00:00:00+00:00
[2021-03-08 03:24:52,855] {scheduler_job.py:190} INFO - Processing /usr/local/lib/python3.6/dist-packages/airflow/example_dags/example_skip_dag.py took 0.032 seconds
[2021-03-08 03:25:23,712] {scheduler_job.py:182} INFO - Started process (PID=716) to work on /usr/local/lib/python3.6/dist-packages/airflow/example_dags/example_skip_dag.py
[2021-03-08 03:25:23,712] {scheduler_job.py:629} INFO - Processing file /usr/local/lib/python3.6/dist-packages/airflow/example_dags/example_skip_dag.py for tasks to queue
[2021-03-08 03:25:23,713] {logging_mixin.py:104} INFO - [2021-03-08 03:25:23,713] {dagbag.py:448} INFO - Filling up the DagBag from /usr/local/lib/python3.6/dist-packages/airflow/example_dags/example_skip_dag.py
[2021-03-08 03:25:23,719] {scheduler_job.py:639} INFO - DAG(s) dict_keys(['example_skip_dag']) retrieved from /usr/local/lib/python3.6/dist-packages/airflow/example_dags/example_skip_dag.py
[2021-03-08 03:25:23,732] {logging_mixin.py:104} INFO - [2021-03-08 03:25:23,731] {dag.py:1818} INFO - Sync 1 DAGs
[2021-03-08 03:25:23,740] {logging_mixin.py:104} INFO - [2021-03-08 03:25:23,740] {dag.py:2273} INFO - Setting next_dagrun for example_skip_dag to 2021-03-06 00:00:00+00:00
[2021-03-08 03:25:23,746] {scheduler_job.py:190} INFO - Processing /usr/local/lib/python3.6/dist-packages/airflow/example_dags/example_skip_dag.py took 0.037 seconds
[2021-03-08 03:25:54,455] {scheduler_job.py:182} INFO - Started process (PID=775) to work on /usr/local/lib/python3.6/dist-packages/airflow/example_dags/example_skip_dag.py
[2021-03-08 03:25:54,456] {scheduler_job.py:629} INFO - Processing file /usr/local/lib/python3.6/dist-packages/airflow/example_dags/example_skip_dag.py for tasks to queue
[2021-03-08 03:25:54,456] {logging_mixin.py:104} INFO - [2021-03-08 03:25:54,456] {dagbag.py:448} INFO - Filling up the DagBag from /usr/local/lib/python3.6/dist-packages/airflow/example_dags/example_skip_dag.py
[2021-03-08 03:25:54,463] {scheduler_job.py:639} INFO - DAG(s) dict_keys(['example_skip_dag']) retrieved from /usr/local/lib/python3.6/dist-packages/airflow/example_dags/example_skip_dag.py
[2021-03-08 03:25:54,479] {logging_mixin.py:104} INFO - [2021-03-08 03:25:54,479] {dag.py:1818} INFO - Sync 1 DAGs
[2021-03-08 03:25:54,490] {logging_mixin.py:104} INFO - [2021-03-08 03:25:54,490] {dag.py:2273} INFO - Setting next_dagrun for example_skip_dag to 2021-03-06 00:00:00+00:00
[2021-03-08 03:25:54,497] {scheduler_job.py:190} INFO - Processing /usr/local/lib/python3.6/dist-packages/airflow/example_dags/example_skip_dag.py took 0.044 seconds
