[2021-03-08 03:06:36,729] {scheduler_job.py:182} INFO - Started process (PID=112) to work on /usr/local/lib/python3.6/dist-packages/airflow/example_dags/example_kubernetes_executor.py
[2021-03-08 03:06:36,730] {scheduler_job.py:629} INFO - Processing file /usr/local/lib/python3.6/dist-packages/airflow/example_dags/example_kubernetes_executor.py for tasks to queue
[2021-03-08 03:06:36,731] {logging_mixin.py:104} INFO - [2021-03-08 03:06:36,730] {dagbag.py:448} INFO - Filling up the DagBag from /usr/local/lib/python3.6/dist-packages/airflow/example_dags/example_kubernetes_executor.py
[2021-03-08 03:06:36,742] {scheduler_job.py:639} INFO - DAG(s) dict_keys(['example_kubernetes_executor']) retrieved from /usr/local/lib/python3.6/dist-packages/airflow/example_dags/example_kubernetes_executor.py
[2021-03-08 03:06:36,747] {logging_mixin.py:104} INFO - [2021-03-08 03:06:36,747] {dag.py:1818} INFO - Sync 1 DAGs
[2021-03-08 03:06:36,755] {logging_mixin.py:104} INFO - [2021-03-08 03:06:36,755] {dag.py:2273} INFO - Setting next_dagrun for example_kubernetes_executor to None
[2021-03-08 03:06:36,760] {scheduler_job.py:190} INFO - Processing /usr/local/lib/python3.6/dist-packages/airflow/example_dags/example_kubernetes_executor.py took 0.035 seconds
[2021-03-08 03:07:08,678] {scheduler_job.py:182} INFO - Started process (PID=171) to work on /usr/local/lib/python3.6/dist-packages/airflow/example_dags/example_kubernetes_executor.py
[2021-03-08 03:07:08,679] {scheduler_job.py:629} INFO - Processing file /usr/local/lib/python3.6/dist-packages/airflow/example_dags/example_kubernetes_executor.py for tasks to queue
[2021-03-08 03:07:08,679] {logging_mixin.py:104} INFO - [2021-03-08 03:07:08,679] {dagbag.py:448} INFO - Filling up the DagBag from /usr/local/lib/python3.6/dist-packages/airflow/example_dags/example_kubernetes_executor.py
[2021-03-08 03:07:08,687] {scheduler_job.py:639} INFO - DAG(s) dict_keys(['example_kubernetes_executor']) retrieved from /usr/local/lib/python3.6/dist-packages/airflow/example_dags/example_kubernetes_executor.py
[2021-03-08 03:07:08,696] {logging_mixin.py:104} INFO - [2021-03-08 03:07:08,696] {dag.py:1818} INFO - Sync 1 DAGs
[2021-03-08 03:07:08,704] {logging_mixin.py:104} INFO - [2021-03-08 03:07:08,704] {dag.py:2273} INFO - Setting next_dagrun for example_kubernetes_executor to None
[2021-03-08 03:07:08,708] {scheduler_job.py:190} INFO - Processing /usr/local/lib/python3.6/dist-packages/airflow/example_dags/example_kubernetes_executor.py took 0.032 seconds
[2021-03-08 03:07:39,503] {scheduler_job.py:182} INFO - Started process (PID=231) to work on /usr/local/lib/python3.6/dist-packages/airflow/example_dags/example_kubernetes_executor.py
[2021-03-08 03:07:39,505] {scheduler_job.py:629} INFO - Processing file /usr/local/lib/python3.6/dist-packages/airflow/example_dags/example_kubernetes_executor.py for tasks to queue
[2021-03-08 03:07:39,507] {logging_mixin.py:104} INFO - [2021-03-08 03:07:39,507] {dagbag.py:448} INFO - Filling up the DagBag from /usr/local/lib/python3.6/dist-packages/airflow/example_dags/example_kubernetes_executor.py
[2021-03-08 03:07:39,528] {scheduler_job.py:639} INFO - DAG(s) dict_keys(['example_kubernetes_executor']) retrieved from /usr/local/lib/python3.6/dist-packages/airflow/example_dags/example_kubernetes_executor.py
[2021-03-08 03:07:39,540] {logging_mixin.py:104} INFO - [2021-03-08 03:07:39,540] {dag.py:1818} INFO - Sync 1 DAGs
[2021-03-08 03:07:39,548] {logging_mixin.py:104} INFO - [2021-03-08 03:07:39,548] {dag.py:2273} INFO - Setting next_dagrun for example_kubernetes_executor to None
[2021-03-08 03:07:39,552] {scheduler_job.py:190} INFO - Processing /usr/local/lib/python3.6/dist-packages/airflow/example_dags/example_kubernetes_executor.py took 0.054 seconds
[2021-03-08 03:08:10,507] {scheduler_job.py:182} INFO - Started process (PID=299) to work on /usr/local/lib/python3.6/dist-packages/airflow/example_dags/example_kubernetes_executor.py
[2021-03-08 03:08:10,509] {scheduler_job.py:629} INFO - Processing file /usr/local/lib/python3.6/dist-packages/airflow/example_dags/example_kubernetes_executor.py for tasks to queue
[2021-03-08 03:08:10,511] {logging_mixin.py:104} INFO - [2021-03-08 03:08:10,510] {dagbag.py:448} INFO - Filling up the DagBag from /usr/local/lib/python3.6/dist-packages/airflow/example_dags/example_kubernetes_executor.py
[2021-03-08 03:08:10,529] {scheduler_job.py:639} INFO - DAG(s) dict_keys(['example_kubernetes_executor']) retrieved from /usr/local/lib/python3.6/dist-packages/airflow/example_dags/example_kubernetes_executor.py
[2021-03-08 03:08:10,540] {logging_mixin.py:104} INFO - [2021-03-08 03:08:10,540] {dag.py:1818} INFO - Sync 1 DAGs
[2021-03-08 03:08:10,548] {logging_mixin.py:104} INFO - [2021-03-08 03:08:10,548] {dag.py:2273} INFO - Setting next_dagrun for example_kubernetes_executor to None
[2021-03-08 03:08:10,552] {scheduler_job.py:190} INFO - Processing /usr/local/lib/python3.6/dist-packages/airflow/example_dags/example_kubernetes_executor.py took 0.051 seconds
[2021-03-08 03:08:41,321] {scheduler_job.py:182} INFO - Started process (PID=358) to work on /usr/local/lib/python3.6/dist-packages/airflow/example_dags/example_kubernetes_executor.py
[2021-03-08 03:08:41,324] {scheduler_job.py:629} INFO - Processing file /usr/local/lib/python3.6/dist-packages/airflow/example_dags/example_kubernetes_executor.py for tasks to queue
[2021-03-08 03:08:41,326] {logging_mixin.py:104} INFO - [2021-03-08 03:08:41,325] {dagbag.py:448} INFO - Filling up the DagBag from /usr/local/lib/python3.6/dist-packages/airflow/example_dags/example_kubernetes_executor.py
[2021-03-08 03:08:41,352] {scheduler_job.py:639} INFO - DAG(s) dict_keys(['example_kubernetes_executor']) retrieved from /usr/local/lib/python3.6/dist-packages/airflow/example_dags/example_kubernetes_executor.py
[2021-03-08 03:08:41,364] {logging_mixin.py:104} INFO - [2021-03-08 03:08:41,364] {dag.py:1818} INFO - Sync 1 DAGs
[2021-03-08 03:08:41,373] {logging_mixin.py:104} INFO - [2021-03-08 03:08:41,373] {dag.py:2273} INFO - Setting next_dagrun for example_kubernetes_executor to None
[2021-03-08 03:08:41,378] {scheduler_job.py:190} INFO - Processing /usr/local/lib/python3.6/dist-packages/airflow/example_dags/example_kubernetes_executor.py took 0.062 seconds
[2021-03-08 03:09:12,109] {scheduler_job.py:182} INFO - Started process (PID=418) to work on /usr/local/lib/python3.6/dist-packages/airflow/example_dags/example_kubernetes_executor.py
[2021-03-08 03:09:12,111] {scheduler_job.py:629} INFO - Processing file /usr/local/lib/python3.6/dist-packages/airflow/example_dags/example_kubernetes_executor.py for tasks to queue
[2021-03-08 03:09:12,112] {logging_mixin.py:104} INFO - [2021-03-08 03:09:12,112] {dagbag.py:448} INFO - Filling up the DagBag from /usr/local/lib/python3.6/dist-packages/airflow/example_dags/example_kubernetes_executor.py
[2021-03-08 03:09:12,134] {scheduler_job.py:639} INFO - DAG(s) dict_keys(['example_kubernetes_executor']) retrieved from /usr/local/lib/python3.6/dist-packages/airflow/example_dags/example_kubernetes_executor.py
[2021-03-08 03:09:12,147] {logging_mixin.py:104} INFO - [2021-03-08 03:09:12,147] {dag.py:1818} INFO - Sync 1 DAGs
[2021-03-08 03:09:12,155] {logging_mixin.py:104} INFO - [2021-03-08 03:09:12,155] {dag.py:2273} INFO - Setting next_dagrun for example_kubernetes_executor to None
[2021-03-08 03:09:12,159] {scheduler_job.py:190} INFO - Processing /usr/local/lib/python3.6/dist-packages/airflow/example_dags/example_kubernetes_executor.py took 0.057 seconds
[2021-03-08 03:09:42,872] {scheduler_job.py:182} INFO - Started process (PID=479) to work on /usr/local/lib/python3.6/dist-packages/airflow/example_dags/example_kubernetes_executor.py
[2021-03-08 03:09:42,875] {scheduler_job.py:629} INFO - Processing file /usr/local/lib/python3.6/dist-packages/airflow/example_dags/example_kubernetes_executor.py for tasks to queue
[2021-03-08 03:09:42,876] {logging_mixin.py:104} INFO - [2021-03-08 03:09:42,876] {dagbag.py:448} INFO - Filling up the DagBag from /usr/local/lib/python3.6/dist-packages/airflow/example_dags/example_kubernetes_executor.py
[2021-03-08 03:09:42,895] {scheduler_job.py:639} INFO - DAG(s) dict_keys(['example_kubernetes_executor']) retrieved from /usr/local/lib/python3.6/dist-packages/airflow/example_dags/example_kubernetes_executor.py
[2021-03-08 03:09:42,907] {logging_mixin.py:104} INFO - [2021-03-08 03:09:42,906] {dag.py:1818} INFO - Sync 1 DAGs
[2021-03-08 03:09:42,914] {logging_mixin.py:104} INFO - [2021-03-08 03:09:42,914] {dag.py:2273} INFO - Setting next_dagrun for example_kubernetes_executor to None
[2021-03-08 03:09:42,919] {scheduler_job.py:190} INFO - Processing /usr/local/lib/python3.6/dist-packages/airflow/example_dags/example_kubernetes_executor.py took 0.052 seconds
[2021-03-08 03:10:13,767] {scheduler_job.py:182} INFO - Started process (PID=538) to work on /usr/local/lib/python3.6/dist-packages/airflow/example_dags/example_kubernetes_executor.py
[2021-03-08 03:10:13,769] {scheduler_job.py:629} INFO - Processing file /usr/local/lib/python3.6/dist-packages/airflow/example_dags/example_kubernetes_executor.py for tasks to queue
[2021-03-08 03:10:13,771] {logging_mixin.py:104} INFO - [2021-03-08 03:10:13,771] {dagbag.py:448} INFO - Filling up the DagBag from /usr/local/lib/python3.6/dist-packages/airflow/example_dags/example_kubernetes_executor.py
[2021-03-08 03:10:13,791] {scheduler_job.py:639} INFO - DAG(s) dict_keys(['example_kubernetes_executor']) retrieved from /usr/local/lib/python3.6/dist-packages/airflow/example_dags/example_kubernetes_executor.py
[2021-03-08 03:10:13,803] {logging_mixin.py:104} INFO - [2021-03-08 03:10:13,803] {dag.py:1818} INFO - Sync 1 DAGs
[2021-03-08 03:10:13,811] {logging_mixin.py:104} INFO - [2021-03-08 03:10:13,811] {dag.py:2273} INFO - Setting next_dagrun for example_kubernetes_executor to None
[2021-03-08 03:10:13,815] {scheduler_job.py:190} INFO - Processing /usr/local/lib/python3.6/dist-packages/airflow/example_dags/example_kubernetes_executor.py took 0.054 seconds
[2021-03-08 03:10:44,559] {scheduler_job.py:182} INFO - Started process (PID=597) to work on /usr/local/lib/python3.6/dist-packages/airflow/example_dags/example_kubernetes_executor.py
[2021-03-08 03:10:44,561] {scheduler_job.py:629} INFO - Processing file /usr/local/lib/python3.6/dist-packages/airflow/example_dags/example_kubernetes_executor.py for tasks to queue
[2021-03-08 03:10:44,562] {logging_mixin.py:104} INFO - [2021-03-08 03:10:44,562] {dagbag.py:448} INFO - Filling up the DagBag from /usr/local/lib/python3.6/dist-packages/airflow/example_dags/example_kubernetes_executor.py
[2021-03-08 03:10:44,584] {scheduler_job.py:639} INFO - DAG(s) dict_keys(['example_kubernetes_executor']) retrieved from /usr/local/lib/python3.6/dist-packages/airflow/example_dags/example_kubernetes_executor.py
[2021-03-08 03:10:44,596] {logging_mixin.py:104} INFO - [2021-03-08 03:10:44,596] {dag.py:1818} INFO - Sync 1 DAGs
[2021-03-08 03:10:44,605] {logging_mixin.py:104} INFO - [2021-03-08 03:10:44,605] {dag.py:2273} INFO - Setting next_dagrun for example_kubernetes_executor to None
[2021-03-08 03:10:44,609] {scheduler_job.py:190} INFO - Processing /usr/local/lib/python3.6/dist-packages/airflow/example_dags/example_kubernetes_executor.py took 0.056 seconds
[2021-03-08 03:11:15,259] {scheduler_job.py:182} INFO - Started process (PID=656) to work on /usr/local/lib/python3.6/dist-packages/airflow/example_dags/example_kubernetes_executor.py
[2021-03-08 03:11:15,260] {scheduler_job.py:629} INFO - Processing file /usr/local/lib/python3.6/dist-packages/airflow/example_dags/example_kubernetes_executor.py for tasks to queue
[2021-03-08 03:11:15,260] {logging_mixin.py:104} INFO - [2021-03-08 03:11:15,260] {dagbag.py:448} INFO - Filling up the DagBag from /usr/local/lib/python3.6/dist-packages/airflow/example_dags/example_kubernetes_executor.py
[2021-03-08 03:11:15,267] {scheduler_job.py:639} INFO - DAG(s) dict_keys(['example_kubernetes_executor']) retrieved from /usr/local/lib/python3.6/dist-packages/airflow/example_dags/example_kubernetes_executor.py
[2021-03-08 03:11:15,275] {logging_mixin.py:104} INFO - [2021-03-08 03:11:15,275] {dag.py:1818} INFO - Sync 1 DAGs
[2021-03-08 03:11:15,282] {logging_mixin.py:104} INFO - [2021-03-08 03:11:15,281] {dag.py:2273} INFO - Setting next_dagrun for example_kubernetes_executor to None
[2021-03-08 03:11:15,286] {scheduler_job.py:190} INFO - Processing /usr/local/lib/python3.6/dist-packages/airflow/example_dags/example_kubernetes_executor.py took 0.027 seconds
[2021-03-08 03:17:40,080] {scheduler_job.py:182} INFO - Started process (PID=52) to work on /usr/local/lib/python3.6/dist-packages/airflow/example_dags/example_kubernetes_executor.py
[2021-03-08 03:17:40,081] {scheduler_job.py:629} INFO - Processing file /usr/local/lib/python3.6/dist-packages/airflow/example_dags/example_kubernetes_executor.py for tasks to queue
[2021-03-08 03:17:40,081] {logging_mixin.py:104} INFO - [2021-03-08 03:17:40,081] {dagbag.py:448} INFO - Filling up the DagBag from /usr/local/lib/python3.6/dist-packages/airflow/example_dags/example_kubernetes_executor.py
[2021-03-08 03:17:40,091] {scheduler_job.py:639} INFO - DAG(s) dict_keys(['example_kubernetes_executor']) retrieved from /usr/local/lib/python3.6/dist-packages/airflow/example_dags/example_kubernetes_executor.py
[2021-03-08 03:17:40,100] {logging_mixin.py:104} INFO - [2021-03-08 03:17:40,100] {dag.py:1818} INFO - Sync 1 DAGs
[2021-03-08 03:17:40,109] {logging_mixin.py:104} INFO - [2021-03-08 03:17:40,109] {dag.py:2273} INFO - Setting next_dagrun for example_kubernetes_executor to None
[2021-03-08 03:17:40,115] {scheduler_job.py:190} INFO - Processing /usr/local/lib/python3.6/dist-packages/airflow/example_dags/example_kubernetes_executor.py took 0.037 seconds
[2021-03-08 03:18:13,448] {scheduler_job.py:182} INFO - Started process (PID=38) to work on /usr/local/lib/python3.6/dist-packages/airflow/example_dags/example_kubernetes_executor.py
[2021-03-08 03:18:13,449] {scheduler_job.py:629} INFO - Processing file /usr/local/lib/python3.6/dist-packages/airflow/example_dags/example_kubernetes_executor.py for tasks to queue
[2021-03-08 03:18:13,449] {logging_mixin.py:104} INFO - [2021-03-08 03:18:13,449] {dagbag.py:448} INFO - Filling up the DagBag from /usr/local/lib/python3.6/dist-packages/airflow/example_dags/example_kubernetes_executor.py
[2021-03-08 03:18:13,461] {scheduler_job.py:639} INFO - DAG(s) dict_keys(['example_kubernetes_executor']) retrieved from /usr/local/lib/python3.6/dist-packages/airflow/example_dags/example_kubernetes_executor.py
[2021-03-08 03:18:13,477] {logging_mixin.py:104} INFO - [2021-03-08 03:18:13,477] {dag.py:1818} INFO - Sync 1 DAGs
[2021-03-08 03:18:13,489] {logging_mixin.py:104} INFO - [2021-03-08 03:18:13,489] {dag.py:2273} INFO - Setting next_dagrun for example_kubernetes_executor to None
[2021-03-08 03:18:13,499] {scheduler_job.py:190} INFO - Processing /usr/local/lib/python3.6/dist-packages/airflow/example_dags/example_kubernetes_executor.py took 0.053 seconds
[2021-03-08 03:18:44,160] {scheduler_job.py:182} INFO - Started process (PID=125) to work on /usr/local/lib/python3.6/dist-packages/airflow/example_dags/example_kubernetes_executor.py
[2021-03-08 03:18:44,160] {scheduler_job.py:629} INFO - Processing file /usr/local/lib/python3.6/dist-packages/airflow/example_dags/example_kubernetes_executor.py for tasks to queue
[2021-03-08 03:18:44,161] {logging_mixin.py:104} INFO - [2021-03-08 03:18:44,161] {dagbag.py:448} INFO - Filling up the DagBag from /usr/local/lib/python3.6/dist-packages/airflow/example_dags/example_kubernetes_executor.py
[2021-03-08 03:18:44,169] {scheduler_job.py:639} INFO - DAG(s) dict_keys(['example_kubernetes_executor']) retrieved from /usr/local/lib/python3.6/dist-packages/airflow/example_dags/example_kubernetes_executor.py
[2021-03-08 03:18:44,180] {logging_mixin.py:104} INFO - [2021-03-08 03:18:44,180] {dag.py:1818} INFO - Sync 1 DAGs
[2021-03-08 03:18:44,187] {logging_mixin.py:104} INFO - [2021-03-08 03:18:44,187] {dag.py:2273} INFO - Setting next_dagrun for example_kubernetes_executor to None
[2021-03-08 03:18:44,192] {scheduler_job.py:190} INFO - Processing /usr/local/lib/python3.6/dist-packages/airflow/example_dags/example_kubernetes_executor.py took 0.034 seconds
[2021-03-08 03:19:14,825] {scheduler_job.py:182} INFO - Started process (PID=183) to work on /usr/local/lib/python3.6/dist-packages/airflow/example_dags/example_kubernetes_executor.py
[2021-03-08 03:19:14,825] {scheduler_job.py:629} INFO - Processing file /usr/local/lib/python3.6/dist-packages/airflow/example_dags/example_kubernetes_executor.py for tasks to queue
[2021-03-08 03:19:14,826] {logging_mixin.py:104} INFO - [2021-03-08 03:19:14,826] {dagbag.py:448} INFO - Filling up the DagBag from /usr/local/lib/python3.6/dist-packages/airflow/example_dags/example_kubernetes_executor.py
[2021-03-08 03:19:14,835] {scheduler_job.py:639} INFO - DAG(s) dict_keys(['example_kubernetes_executor']) retrieved from /usr/local/lib/python3.6/dist-packages/airflow/example_dags/example_kubernetes_executor.py
[2021-03-08 03:19:14,846] {logging_mixin.py:104} INFO - [2021-03-08 03:19:14,846] {dag.py:1818} INFO - Sync 1 DAGs
[2021-03-08 03:19:14,855] {logging_mixin.py:104} INFO - [2021-03-08 03:19:14,855] {dag.py:2273} INFO - Setting next_dagrun for example_kubernetes_executor to None
[2021-03-08 03:19:14,861] {scheduler_job.py:190} INFO - Processing /usr/local/lib/python3.6/dist-packages/airflow/example_dags/example_kubernetes_executor.py took 0.038 seconds
[2021-03-08 03:19:46,126] {scheduler_job.py:182} INFO - Started process (PID=44) to work on /usr/local/lib/python3.6/dist-packages/airflow/example_dags/example_kubernetes_executor.py
[2021-03-08 03:19:46,127] {scheduler_job.py:629} INFO - Processing file /usr/local/lib/python3.6/dist-packages/airflow/example_dags/example_kubernetes_executor.py for tasks to queue
[2021-03-08 03:19:46,127] {logging_mixin.py:104} INFO - [2021-03-08 03:19:46,127] {dagbag.py:448} INFO - Filling up the DagBag from /usr/local/lib/python3.6/dist-packages/airflow/example_dags/example_kubernetes_executor.py
[2021-03-08 03:19:46,135] {scheduler_job.py:639} INFO - DAG(s) dict_keys(['example_kubernetes_executor']) retrieved from /usr/local/lib/python3.6/dist-packages/airflow/example_dags/example_kubernetes_executor.py
[2021-03-08 03:19:46,149] {logging_mixin.py:104} INFO - [2021-03-08 03:19:46,149] {dag.py:1818} INFO - Sync 1 DAGs
[2021-03-08 03:19:46,158] {logging_mixin.py:104} INFO - [2021-03-08 03:19:46,158] {dag.py:2273} INFO - Setting next_dagrun for example_kubernetes_executor to None
[2021-03-08 03:19:46,165] {scheduler_job.py:190} INFO - Processing /usr/local/lib/python3.6/dist-packages/airflow/example_dags/example_kubernetes_executor.py took 0.040 seconds
[2021-03-08 03:20:16,847] {scheduler_job.py:182} INFO - Started process (PID=131) to work on /usr/local/lib/python3.6/dist-packages/airflow/example_dags/example_kubernetes_executor.py
[2021-03-08 03:20:16,848] {scheduler_job.py:629} INFO - Processing file /usr/local/lib/python3.6/dist-packages/airflow/example_dags/example_kubernetes_executor.py for tasks to queue
[2021-03-08 03:20:16,848] {logging_mixin.py:104} INFO - [2021-03-08 03:20:16,848] {dagbag.py:448} INFO - Filling up the DagBag from /usr/local/lib/python3.6/dist-packages/airflow/example_dags/example_kubernetes_executor.py
[2021-03-08 03:20:16,857] {scheduler_job.py:639} INFO - DAG(s) dict_keys(['example_kubernetes_executor']) retrieved from /usr/local/lib/python3.6/dist-packages/airflow/example_dags/example_kubernetes_executor.py
[2021-03-08 03:20:16,870] {logging_mixin.py:104} INFO - [2021-03-08 03:20:16,870] {dag.py:1818} INFO - Sync 1 DAGs
[2021-03-08 03:20:16,880] {logging_mixin.py:104} INFO - [2021-03-08 03:20:16,879] {dag.py:2273} INFO - Setting next_dagrun for example_kubernetes_executor to None
[2021-03-08 03:20:16,885] {scheduler_job.py:190} INFO - Processing /usr/local/lib/python3.6/dist-packages/airflow/example_dags/example_kubernetes_executor.py took 0.040 seconds
[2021-03-08 03:20:47,544] {scheduler_job.py:182} INFO - Started process (PID=188) to work on /usr/local/lib/python3.6/dist-packages/airflow/example_dags/example_kubernetes_executor.py
[2021-03-08 03:20:47,546] {scheduler_job.py:629} INFO - Processing file /usr/local/lib/python3.6/dist-packages/airflow/example_dags/example_kubernetes_executor.py for tasks to queue
[2021-03-08 03:20:47,547] {logging_mixin.py:104} INFO - [2021-03-08 03:20:47,547] {dagbag.py:448} INFO - Filling up the DagBag from /usr/local/lib/python3.6/dist-packages/airflow/example_dags/example_kubernetes_executor.py
[2021-03-08 03:20:47,554] {scheduler_job.py:639} INFO - DAG(s) dict_keys(['example_kubernetes_executor']) retrieved from /usr/local/lib/python3.6/dist-packages/airflow/example_dags/example_kubernetes_executor.py
[2021-03-08 03:20:47,566] {logging_mixin.py:104} INFO - [2021-03-08 03:20:47,566] {dag.py:1818} INFO - Sync 1 DAGs
[2021-03-08 03:20:47,575] {logging_mixin.py:104} INFO - [2021-03-08 03:20:47,575] {dag.py:2273} INFO - Setting next_dagrun for example_kubernetes_executor to None
[2021-03-08 03:20:47,581] {scheduler_job.py:190} INFO - Processing /usr/local/lib/python3.6/dist-packages/airflow/example_dags/example_kubernetes_executor.py took 0.039 seconds
[2021-03-08 03:21:18,220] {scheduler_job.py:182} INFO - Started process (PID=246) to work on /usr/local/lib/python3.6/dist-packages/airflow/example_dags/example_kubernetes_executor.py
[2021-03-08 03:21:18,221] {scheduler_job.py:629} INFO - Processing file /usr/local/lib/python3.6/dist-packages/airflow/example_dags/example_kubernetes_executor.py for tasks to queue
[2021-03-08 03:21:18,221] {logging_mixin.py:104} INFO - [2021-03-08 03:21:18,221] {dagbag.py:448} INFO - Filling up the DagBag from /usr/local/lib/python3.6/dist-packages/airflow/example_dags/example_kubernetes_executor.py
[2021-03-08 03:21:18,228] {scheduler_job.py:639} INFO - DAG(s) dict_keys(['example_kubernetes_executor']) retrieved from /usr/local/lib/python3.6/dist-packages/airflow/example_dags/example_kubernetes_executor.py
[2021-03-08 03:21:18,242] {logging_mixin.py:104} INFO - [2021-03-08 03:21:18,242] {dag.py:1818} INFO - Sync 1 DAGs
[2021-03-08 03:21:18,254] {logging_mixin.py:104} INFO - [2021-03-08 03:21:18,254] {dag.py:2273} INFO - Setting next_dagrun for example_kubernetes_executor to None
[2021-03-08 03:21:18,260] {scheduler_job.py:190} INFO - Processing /usr/local/lib/python3.6/dist-packages/airflow/example_dags/example_kubernetes_executor.py took 0.041 seconds
[2021-03-08 03:21:48,893] {scheduler_job.py:182} INFO - Started process (PID=304) to work on /usr/local/lib/python3.6/dist-packages/airflow/example_dags/example_kubernetes_executor.py
[2021-03-08 03:21:48,893] {scheduler_job.py:629} INFO - Processing file /usr/local/lib/python3.6/dist-packages/airflow/example_dags/example_kubernetes_executor.py for tasks to queue
[2021-03-08 03:21:48,894] {logging_mixin.py:104} INFO - [2021-03-08 03:21:48,894] {dagbag.py:448} INFO - Filling up the DagBag from /usr/local/lib/python3.6/dist-packages/airflow/example_dags/example_kubernetes_executor.py
[2021-03-08 03:21:48,901] {scheduler_job.py:639} INFO - DAG(s) dict_keys(['example_kubernetes_executor']) retrieved from /usr/local/lib/python3.6/dist-packages/airflow/example_dags/example_kubernetes_executor.py
[2021-03-08 03:21:48,913] {logging_mixin.py:104} INFO - [2021-03-08 03:21:48,913] {dag.py:1818} INFO - Sync 1 DAGs
[2021-03-08 03:21:48,921] {logging_mixin.py:104} INFO - [2021-03-08 03:21:48,921] {dag.py:2273} INFO - Setting next_dagrun for example_kubernetes_executor to None
[2021-03-08 03:21:48,927] {scheduler_job.py:190} INFO - Processing /usr/local/lib/python3.6/dist-packages/airflow/example_dags/example_kubernetes_executor.py took 0.035 seconds
[2021-03-08 03:22:19,554] {scheduler_job.py:182} INFO - Started process (PID=363) to work on /usr/local/lib/python3.6/dist-packages/airflow/example_dags/example_kubernetes_executor.py
[2021-03-08 03:22:19,554] {scheduler_job.py:629} INFO - Processing file /usr/local/lib/python3.6/dist-packages/airflow/example_dags/example_kubernetes_executor.py for tasks to queue
[2021-03-08 03:22:19,555] {logging_mixin.py:104} INFO - [2021-03-08 03:22:19,555] {dagbag.py:448} INFO - Filling up the DagBag from /usr/local/lib/python3.6/dist-packages/airflow/example_dags/example_kubernetes_executor.py
[2021-03-08 03:22:19,562] {scheduler_job.py:639} INFO - DAG(s) dict_keys(['example_kubernetes_executor']) retrieved from /usr/local/lib/python3.6/dist-packages/airflow/example_dags/example_kubernetes_executor.py
[2021-03-08 03:22:19,573] {logging_mixin.py:104} INFO - [2021-03-08 03:22:19,573] {dag.py:1818} INFO - Sync 1 DAGs
[2021-03-08 03:22:19,581] {logging_mixin.py:104} INFO - [2021-03-08 03:22:19,581] {dag.py:2273} INFO - Setting next_dagrun for example_kubernetes_executor to None
[2021-03-08 03:22:19,586] {scheduler_job.py:190} INFO - Processing /usr/local/lib/python3.6/dist-packages/airflow/example_dags/example_kubernetes_executor.py took 0.034 seconds
[2021-03-08 03:22:50,232] {scheduler_job.py:182} INFO - Started process (PID=422) to work on /usr/local/lib/python3.6/dist-packages/airflow/example_dags/example_kubernetes_executor.py
[2021-03-08 03:22:50,233] {scheduler_job.py:629} INFO - Processing file /usr/local/lib/python3.6/dist-packages/airflow/example_dags/example_kubernetes_executor.py for tasks to queue
[2021-03-08 03:22:50,233] {logging_mixin.py:104} INFO - [2021-03-08 03:22:50,233] {dagbag.py:448} INFO - Filling up the DagBag from /usr/local/lib/python3.6/dist-packages/airflow/example_dags/example_kubernetes_executor.py
[2021-03-08 03:22:50,240] {scheduler_job.py:639} INFO - DAG(s) dict_keys(['example_kubernetes_executor']) retrieved from /usr/local/lib/python3.6/dist-packages/airflow/example_dags/example_kubernetes_executor.py
[2021-03-08 03:22:50,252] {logging_mixin.py:104} INFO - [2021-03-08 03:22:50,252] {dag.py:1818} INFO - Sync 1 DAGs
[2021-03-08 03:22:50,262] {logging_mixin.py:104} INFO - [2021-03-08 03:22:50,262] {dag.py:2273} INFO - Setting next_dagrun for example_kubernetes_executor to None
[2021-03-08 03:22:50,267] {scheduler_job.py:190} INFO - Processing /usr/local/lib/python3.6/dist-packages/airflow/example_dags/example_kubernetes_executor.py took 0.037 seconds
[2021-03-08 03:23:20,896] {scheduler_job.py:182} INFO - Started process (PID=482) to work on /usr/local/lib/python3.6/dist-packages/airflow/example_dags/example_kubernetes_executor.py
[2021-03-08 03:23:20,897] {scheduler_job.py:629} INFO - Processing file /usr/local/lib/python3.6/dist-packages/airflow/example_dags/example_kubernetes_executor.py for tasks to queue
[2021-03-08 03:23:20,897] {logging_mixin.py:104} INFO - [2021-03-08 03:23:20,897] {dagbag.py:448} INFO - Filling up the DagBag from /usr/local/lib/python3.6/dist-packages/airflow/example_dags/example_kubernetes_executor.py
[2021-03-08 03:23:20,904] {scheduler_job.py:639} INFO - DAG(s) dict_keys(['example_kubernetes_executor']) retrieved from /usr/local/lib/python3.6/dist-packages/airflow/example_dags/example_kubernetes_executor.py
[2021-03-08 03:23:20,916] {logging_mixin.py:104} INFO - [2021-03-08 03:23:20,916] {dag.py:1818} INFO - Sync 1 DAGs
[2021-03-08 03:23:20,925] {logging_mixin.py:104} INFO - [2021-03-08 03:23:20,925] {dag.py:2273} INFO - Setting next_dagrun for example_kubernetes_executor to None
[2021-03-08 03:23:20,930] {scheduler_job.py:190} INFO - Processing /usr/local/lib/python3.6/dist-packages/airflow/example_dags/example_kubernetes_executor.py took 0.035 seconds
[2021-03-08 03:23:51,680] {scheduler_job.py:182} INFO - Started process (PID=541) to work on /usr/local/lib/python3.6/dist-packages/airflow/example_dags/example_kubernetes_executor.py
[2021-03-08 03:23:51,681] {scheduler_job.py:629} INFO - Processing file /usr/local/lib/python3.6/dist-packages/airflow/example_dags/example_kubernetes_executor.py for tasks to queue
[2021-03-08 03:23:51,681] {logging_mixin.py:104} INFO - [2021-03-08 03:23:51,681] {dagbag.py:448} INFO - Filling up the DagBag from /usr/local/lib/python3.6/dist-packages/airflow/example_dags/example_kubernetes_executor.py
[2021-03-08 03:23:51,688] {scheduler_job.py:639} INFO - DAG(s) dict_keys(['example_kubernetes_executor']) retrieved from /usr/local/lib/python3.6/dist-packages/airflow/example_dags/example_kubernetes_executor.py
[2021-03-08 03:23:51,701] {logging_mixin.py:104} INFO - [2021-03-08 03:23:51,701] {dag.py:1818} INFO - Sync 1 DAGs
[2021-03-08 03:23:51,709] {logging_mixin.py:104} INFO - [2021-03-08 03:23:51,709] {dag.py:2273} INFO - Setting next_dagrun for example_kubernetes_executor to None
[2021-03-08 03:23:51,715] {scheduler_job.py:190} INFO - Processing /usr/local/lib/python3.6/dist-packages/airflow/example_dags/example_kubernetes_executor.py took 0.037 seconds
[2021-03-08 03:24:22,346] {scheduler_job.py:182} INFO - Started process (PID=599) to work on /usr/local/lib/python3.6/dist-packages/airflow/example_dags/example_kubernetes_executor.py
[2021-03-08 03:24:22,347] {scheduler_job.py:629} INFO - Processing file /usr/local/lib/python3.6/dist-packages/airflow/example_dags/example_kubernetes_executor.py for tasks to queue
[2021-03-08 03:24:22,348] {logging_mixin.py:104} INFO - [2021-03-08 03:24:22,347] {dagbag.py:448} INFO - Filling up the DagBag from /usr/local/lib/python3.6/dist-packages/airflow/example_dags/example_kubernetes_executor.py
[2021-03-08 03:24:22,356] {scheduler_job.py:639} INFO - DAG(s) dict_keys(['example_kubernetes_executor']) retrieved from /usr/local/lib/python3.6/dist-packages/airflow/example_dags/example_kubernetes_executor.py
[2021-03-08 03:24:22,368] {logging_mixin.py:104} INFO - [2021-03-08 03:24:22,368] {dag.py:1818} INFO - Sync 1 DAGs
[2021-03-08 03:24:22,376] {logging_mixin.py:104} INFO - [2021-03-08 03:24:22,376] {dag.py:2273} INFO - Setting next_dagrun for example_kubernetes_executor to None
[2021-03-08 03:24:22,382] {scheduler_job.py:190} INFO - Processing /usr/local/lib/python3.6/dist-packages/airflow/example_dags/example_kubernetes_executor.py took 0.038 seconds
[2021-03-08 03:24:53,038] {scheduler_job.py:182} INFO - Started process (PID=659) to work on /usr/local/lib/python3.6/dist-packages/airflow/example_dags/example_kubernetes_executor.py
[2021-03-08 03:24:53,039] {scheduler_job.py:629} INFO - Processing file /usr/local/lib/python3.6/dist-packages/airflow/example_dags/example_kubernetes_executor.py for tasks to queue
[2021-03-08 03:24:53,039] {logging_mixin.py:104} INFO - [2021-03-08 03:24:53,039] {dagbag.py:448} INFO - Filling up the DagBag from /usr/local/lib/python3.6/dist-packages/airflow/example_dags/example_kubernetes_executor.py
[2021-03-08 03:24:53,046] {scheduler_job.py:639} INFO - DAG(s) dict_keys(['example_kubernetes_executor']) retrieved from /usr/local/lib/python3.6/dist-packages/airflow/example_dags/example_kubernetes_executor.py
[2021-03-08 03:24:53,058] {logging_mixin.py:104} INFO - [2021-03-08 03:24:53,058] {dag.py:1818} INFO - Sync 1 DAGs
[2021-03-08 03:24:53,067] {logging_mixin.py:104} INFO - [2021-03-08 03:24:53,067] {dag.py:2273} INFO - Setting next_dagrun for example_kubernetes_executor to None
[2021-03-08 03:24:53,076] {scheduler_job.py:190} INFO - Processing /usr/local/lib/python3.6/dist-packages/airflow/example_dags/example_kubernetes_executor.py took 0.041 seconds
[2021-03-08 03:25:23,936] {scheduler_job.py:182} INFO - Started process (PID=725) to work on /usr/local/lib/python3.6/dist-packages/airflow/example_dags/example_kubernetes_executor.py
[2021-03-08 03:25:23,936] {scheduler_job.py:629} INFO - Processing file /usr/local/lib/python3.6/dist-packages/airflow/example_dags/example_kubernetes_executor.py for tasks to queue
[2021-03-08 03:25:23,937] {logging_mixin.py:104} INFO - [2021-03-08 03:25:23,937] {dagbag.py:448} INFO - Filling up the DagBag from /usr/local/lib/python3.6/dist-packages/airflow/example_dags/example_kubernetes_executor.py
[2021-03-08 03:25:23,944] {scheduler_job.py:639} INFO - DAG(s) dict_keys(['example_kubernetes_executor']) retrieved from /usr/local/lib/python3.6/dist-packages/airflow/example_dags/example_kubernetes_executor.py
[2021-03-08 03:25:23,958] {logging_mixin.py:104} INFO - [2021-03-08 03:25:23,958] {dag.py:1818} INFO - Sync 1 DAGs
[2021-03-08 03:25:23,967] {logging_mixin.py:104} INFO - [2021-03-08 03:25:23,967] {dag.py:2273} INFO - Setting next_dagrun for example_kubernetes_executor to None
[2021-03-08 03:25:23,973] {scheduler_job.py:190} INFO - Processing /usr/local/lib/python3.6/dist-packages/airflow/example_dags/example_kubernetes_executor.py took 0.040 seconds
[2021-03-08 03:25:54,751] {scheduler_job.py:182} INFO - Started process (PID=784) to work on /usr/local/lib/python3.6/dist-packages/airflow/example_dags/example_kubernetes_executor.py
[2021-03-08 03:25:54,752] {scheduler_job.py:629} INFO - Processing file /usr/local/lib/python3.6/dist-packages/airflow/example_dags/example_kubernetes_executor.py for tasks to queue
[2021-03-08 03:25:54,752] {logging_mixin.py:104} INFO - [2021-03-08 03:25:54,752] {dagbag.py:448} INFO - Filling up the DagBag from /usr/local/lib/python3.6/dist-packages/airflow/example_dags/example_kubernetes_executor.py
[2021-03-08 03:25:54,760] {scheduler_job.py:639} INFO - DAG(s) dict_keys(['example_kubernetes_executor']) retrieved from /usr/local/lib/python3.6/dist-packages/airflow/example_dags/example_kubernetes_executor.py
[2021-03-08 03:25:54,775] {logging_mixin.py:104} INFO - [2021-03-08 03:25:54,775] {dag.py:1818} INFO - Sync 1 DAGs
[2021-03-08 03:25:54,788] {logging_mixin.py:104} INFO - [2021-03-08 03:25:54,788] {dag.py:2273} INFO - Setting next_dagrun for example_kubernetes_executor to None
[2021-03-08 03:25:54,795] {scheduler_job.py:190} INFO - Processing /usr/local/lib/python3.6/dist-packages/airflow/example_dags/example_kubernetes_executor.py took 0.047 seconds
