[2021-03-08 03:06:29,862] {scheduler_job.py:182} INFO - Started process (PID=104) to work on /usr/local/lib/python3.6/dist-packages/airflow/example_dags/example_kubernetes_executor_config.py
[2021-03-08 03:06:29,864] {scheduler_job.py:629} INFO - Processing file /usr/local/lib/python3.6/dist-packages/airflow/example_dags/example_kubernetes_executor_config.py for tasks to queue
[2021-03-08 03:06:29,866] {logging_mixin.py:104} INFO - [2021-03-08 03:06:29,865] {dagbag.py:448} INFO - Filling up the DagBag from /usr/local/lib/python3.6/dist-packages/airflow/example_dags/example_kubernetes_executor_config.py
[2021-03-08 03:06:29,880] {logging_mixin.py:104} INFO - [2021-03-08 03:06:29,879] {example_kubernetes_executor_config.py:174} WARNING - Could not import DAGs in example_kubernetes_executor_config.py: No module named 'kubernetes'
[2021-03-08 03:06:29,880] {logging_mixin.py:104} INFO - [2021-03-08 03:06:29,880] {example_kubernetes_executor_config.py:175} WARNING - Install kubernetes dependencies with: pip install apache-airflow['cncf.kubernetes']
[2021-03-08 03:06:29,880] {scheduler_job.py:641} WARNING - No viable dags retrieved from /usr/local/lib/python3.6/dist-packages/airflow/example_dags/example_kubernetes_executor_config.py
[2021-03-08 03:06:29,889] {scheduler_job.py:190} INFO - Processing /usr/local/lib/python3.6/dist-packages/airflow/example_dags/example_kubernetes_executor_config.py took 0.033 seconds
[2021-03-08 03:07:00,634] {scheduler_job.py:182} INFO - Started process (PID=163) to work on /usr/local/lib/python3.6/dist-packages/airflow/example_dags/example_kubernetes_executor_config.py
[2021-03-08 03:07:00,636] {scheduler_job.py:629} INFO - Processing file /usr/local/lib/python3.6/dist-packages/airflow/example_dags/example_kubernetes_executor_config.py for tasks to queue
[2021-03-08 03:07:00,637] {logging_mixin.py:104} INFO - [2021-03-08 03:07:00,637] {dagbag.py:448} INFO - Filling up the DagBag from /usr/local/lib/python3.6/dist-packages/airflow/example_dags/example_kubernetes_executor_config.py
[2021-03-08 03:07:00,650] {logging_mixin.py:104} INFO - [2021-03-08 03:07:00,650] {example_kubernetes_executor_config.py:174} WARNING - Could not import DAGs in example_kubernetes_executor_config.py: No module named 'kubernetes'
[2021-03-08 03:07:00,650] {logging_mixin.py:104} INFO - [2021-03-08 03:07:00,650] {example_kubernetes_executor_config.py:175} WARNING - Install kubernetes dependencies with: pip install apache-airflow['cncf.kubernetes']
[2021-03-08 03:07:00,651] {scheduler_job.py:641} WARNING - No viable dags retrieved from /usr/local/lib/python3.6/dist-packages/airflow/example_dags/example_kubernetes_executor_config.py
[2021-03-08 03:07:00,657] {scheduler_job.py:190} INFO - Processing /usr/local/lib/python3.6/dist-packages/airflow/example_dags/example_kubernetes_executor_config.py took 0.028 seconds
[2021-03-08 03:07:31,531] {scheduler_job.py:182} INFO - Started process (PID=223) to work on /usr/local/lib/python3.6/dist-packages/airflow/example_dags/example_kubernetes_executor_config.py
[2021-03-08 03:07:31,533] {scheduler_job.py:629} INFO - Processing file /usr/local/lib/python3.6/dist-packages/airflow/example_dags/example_kubernetes_executor_config.py for tasks to queue
[2021-03-08 03:07:31,535] {logging_mixin.py:104} INFO - [2021-03-08 03:07:31,534] {dagbag.py:448} INFO - Filling up the DagBag from /usr/local/lib/python3.6/dist-packages/airflow/example_dags/example_kubernetes_executor_config.py
[2021-03-08 03:07:31,548] {logging_mixin.py:104} INFO - [2021-03-08 03:07:31,548] {example_kubernetes_executor_config.py:174} WARNING - Could not import DAGs in example_kubernetes_executor_config.py: No module named 'kubernetes'
[2021-03-08 03:07:31,548] {logging_mixin.py:104} INFO - [2021-03-08 03:07:31,548] {example_kubernetes_executor_config.py:175} WARNING - Install kubernetes dependencies with: pip install apache-airflow['cncf.kubernetes']
[2021-03-08 03:07:31,548] {scheduler_job.py:641} WARNING - No viable dags retrieved from /usr/local/lib/python3.6/dist-packages/airflow/example_dags/example_kubernetes_executor_config.py
[2021-03-08 03:07:31,554] {scheduler_job.py:190} INFO - Processing /usr/local/lib/python3.6/dist-packages/airflow/example_dags/example_kubernetes_executor_config.py took 0.029 seconds
[2021-03-08 03:08:03,355] {scheduler_job.py:182} INFO - Started process (PID=284) to work on /usr/local/lib/python3.6/dist-packages/airflow/example_dags/example_kubernetes_executor_config.py
[2021-03-08 03:08:03,357] {scheduler_job.py:629} INFO - Processing file /usr/local/lib/python3.6/dist-packages/airflow/example_dags/example_kubernetes_executor_config.py for tasks to queue
[2021-03-08 03:08:03,358] {logging_mixin.py:104} INFO - [2021-03-08 03:08:03,358] {dagbag.py:448} INFO - Filling up the DagBag from /usr/local/lib/python3.6/dist-packages/airflow/example_dags/example_kubernetes_executor_config.py
[2021-03-08 03:08:03,373] {logging_mixin.py:104} INFO - [2021-03-08 03:08:03,373] {example_kubernetes_executor_config.py:174} WARNING - Could not import DAGs in example_kubernetes_executor_config.py: No module named 'kubernetes'
[2021-03-08 03:08:03,373] {logging_mixin.py:104} INFO - [2021-03-08 03:08:03,373] {example_kubernetes_executor_config.py:175} WARNING - Install kubernetes dependencies with: pip install apache-airflow['cncf.kubernetes']
[2021-03-08 03:08:03,373] {scheduler_job.py:641} WARNING - No viable dags retrieved from /usr/local/lib/python3.6/dist-packages/airflow/example_dags/example_kubernetes_executor_config.py
[2021-03-08 03:08:03,381] {scheduler_job.py:190} INFO - Processing /usr/local/lib/python3.6/dist-packages/airflow/example_dags/example_kubernetes_executor_config.py took 0.031 seconds
[2021-03-08 03:08:33,650] {scheduler_job.py:182} INFO - Started process (PID=343) to work on /usr/local/lib/python3.6/dist-packages/airflow/example_dags/example_kubernetes_executor_config.py
[2021-03-08 03:08:33,651] {scheduler_job.py:629} INFO - Processing file /usr/local/lib/python3.6/dist-packages/airflow/example_dags/example_kubernetes_executor_config.py for tasks to queue
[2021-03-08 03:08:33,651] {logging_mixin.py:104} INFO - [2021-03-08 03:08:33,651] {dagbag.py:448} INFO - Filling up the DagBag from /usr/local/lib/python3.6/dist-packages/airflow/example_dags/example_kubernetes_executor_config.py
[2021-03-08 03:08:33,658] {logging_mixin.py:104} INFO - [2021-03-08 03:08:33,658] {example_kubernetes_executor_config.py:174} WARNING - Could not import DAGs in example_kubernetes_executor_config.py: No module named 'kubernetes'
[2021-03-08 03:08:33,658] {logging_mixin.py:104} INFO - [2021-03-08 03:08:33,658] {example_kubernetes_executor_config.py:175} WARNING - Install kubernetes dependencies with: pip install apache-airflow['cncf.kubernetes']
[2021-03-08 03:08:33,658] {scheduler_job.py:641} WARNING - No viable dags retrieved from /usr/local/lib/python3.6/dist-packages/airflow/example_dags/example_kubernetes_executor_config.py
[2021-03-08 03:08:33,663] {scheduler_job.py:190} INFO - Processing /usr/local/lib/python3.6/dist-packages/airflow/example_dags/example_kubernetes_executor_config.py took 0.015 seconds
[2021-03-08 03:09:04,959] {scheduler_job.py:182} INFO - Started process (PID=403) to work on /usr/local/lib/python3.6/dist-packages/airflow/example_dags/example_kubernetes_executor_config.py
[2021-03-08 03:09:04,962] {scheduler_job.py:629} INFO - Processing file /usr/local/lib/python3.6/dist-packages/airflow/example_dags/example_kubernetes_executor_config.py for tasks to queue
[2021-03-08 03:09:04,964] {logging_mixin.py:104} INFO - [2021-03-08 03:09:04,963] {dagbag.py:448} INFO - Filling up the DagBag from /usr/local/lib/python3.6/dist-packages/airflow/example_dags/example_kubernetes_executor_config.py
[2021-03-08 03:09:04,976] {logging_mixin.py:104} INFO - [2021-03-08 03:09:04,976] {example_kubernetes_executor_config.py:174} WARNING - Could not import DAGs in example_kubernetes_executor_config.py: No module named 'kubernetes'
[2021-03-08 03:09:04,976] {logging_mixin.py:104} INFO - [2021-03-08 03:09:04,976] {example_kubernetes_executor_config.py:175} WARNING - Install kubernetes dependencies with: pip install apache-airflow['cncf.kubernetes']
[2021-03-08 03:09:04,977] {scheduler_job.py:641} WARNING - No viable dags retrieved from /usr/local/lib/python3.6/dist-packages/airflow/example_dags/example_kubernetes_executor_config.py
[2021-03-08 03:09:04,983] {scheduler_job.py:190} INFO - Processing /usr/local/lib/python3.6/dist-packages/airflow/example_dags/example_kubernetes_executor_config.py took 0.030 seconds
[2021-03-08 03:09:35,277] {scheduler_job.py:182} INFO - Started process (PID=464) to work on /usr/local/lib/python3.6/dist-packages/airflow/example_dags/example_kubernetes_executor_config.py
[2021-03-08 03:09:35,279] {scheduler_job.py:629} INFO - Processing file /usr/local/lib/python3.6/dist-packages/airflow/example_dags/example_kubernetes_executor_config.py for tasks to queue
[2021-03-08 03:09:35,281] {logging_mixin.py:104} INFO - [2021-03-08 03:09:35,281] {dagbag.py:448} INFO - Filling up the DagBag from /usr/local/lib/python3.6/dist-packages/airflow/example_dags/example_kubernetes_executor_config.py
[2021-03-08 03:09:35,295] {logging_mixin.py:104} INFO - [2021-03-08 03:09:35,295] {example_kubernetes_executor_config.py:174} WARNING - Could not import DAGs in example_kubernetes_executor_config.py: No module named 'kubernetes'
[2021-03-08 03:09:35,295] {logging_mixin.py:104} INFO - [2021-03-08 03:09:35,295] {example_kubernetes_executor_config.py:175} WARNING - Install kubernetes dependencies with: pip install apache-airflow['cncf.kubernetes']
[2021-03-08 03:09:35,296] {scheduler_job.py:641} WARNING - No viable dags retrieved from /usr/local/lib/python3.6/dist-packages/airflow/example_dags/example_kubernetes_executor_config.py
[2021-03-08 03:09:35,302] {scheduler_job.py:190} INFO - Processing /usr/local/lib/python3.6/dist-packages/airflow/example_dags/example_kubernetes_executor_config.py took 0.030 seconds
[2021-03-08 03:10:06,647] {scheduler_job.py:182} INFO - Started process (PID=523) to work on /usr/local/lib/python3.6/dist-packages/airflow/example_dags/example_kubernetes_executor_config.py
[2021-03-08 03:10:06,649] {scheduler_job.py:629} INFO - Processing file /usr/local/lib/python3.6/dist-packages/airflow/example_dags/example_kubernetes_executor_config.py for tasks to queue
[2021-03-08 03:10:06,651] {logging_mixin.py:104} INFO - [2021-03-08 03:10:06,651] {dagbag.py:448} INFO - Filling up the DagBag from /usr/local/lib/python3.6/dist-packages/airflow/example_dags/example_kubernetes_executor_config.py
[2021-03-08 03:10:06,664] {logging_mixin.py:104} INFO - [2021-03-08 03:10:06,664] {example_kubernetes_executor_config.py:174} WARNING - Could not import DAGs in example_kubernetes_executor_config.py: No module named 'kubernetes'
[2021-03-08 03:10:06,664] {logging_mixin.py:104} INFO - [2021-03-08 03:10:06,664] {example_kubernetes_executor_config.py:175} WARNING - Install kubernetes dependencies with: pip install apache-airflow['cncf.kubernetes']
[2021-03-08 03:10:06,665] {scheduler_job.py:641} WARNING - No viable dags retrieved from /usr/local/lib/python3.6/dist-packages/airflow/example_dags/example_kubernetes_executor_config.py
[2021-03-08 03:10:06,671] {scheduler_job.py:190} INFO - Processing /usr/local/lib/python3.6/dist-packages/airflow/example_dags/example_kubernetes_executor_config.py took 0.029 seconds
[2021-03-08 03:10:36,938] {scheduler_job.py:182} INFO - Started process (PID=582) to work on /usr/local/lib/python3.6/dist-packages/airflow/example_dags/example_kubernetes_executor_config.py
[2021-03-08 03:10:36,940] {scheduler_job.py:629} INFO - Processing file /usr/local/lib/python3.6/dist-packages/airflow/example_dags/example_kubernetes_executor_config.py for tasks to queue
[2021-03-08 03:10:36,942] {logging_mixin.py:104} INFO - [2021-03-08 03:10:36,942] {dagbag.py:448} INFO - Filling up the DagBag from /usr/local/lib/python3.6/dist-packages/airflow/example_dags/example_kubernetes_executor_config.py
[2021-03-08 03:10:36,956] {logging_mixin.py:104} INFO - [2021-03-08 03:10:36,956] {example_kubernetes_executor_config.py:174} WARNING - Could not import DAGs in example_kubernetes_executor_config.py: No module named 'kubernetes'
[2021-03-08 03:10:36,956] {logging_mixin.py:104} INFO - [2021-03-08 03:10:36,956] {example_kubernetes_executor_config.py:175} WARNING - Install kubernetes dependencies with: pip install apache-airflow['cncf.kubernetes']
[2021-03-08 03:10:36,957] {scheduler_job.py:641} WARNING - No viable dags retrieved from /usr/local/lib/python3.6/dist-packages/airflow/example_dags/example_kubernetes_executor_config.py
[2021-03-08 03:10:36,964] {scheduler_job.py:190} INFO - Processing /usr/local/lib/python3.6/dist-packages/airflow/example_dags/example_kubernetes_executor_config.py took 0.032 seconds
[2021-03-08 03:11:07,367] {scheduler_job.py:182} INFO - Started process (PID=641) to work on /usr/local/lib/python3.6/dist-packages/airflow/example_dags/example_kubernetes_executor_config.py
[2021-03-08 03:11:07,370] {scheduler_job.py:629} INFO - Processing file /usr/local/lib/python3.6/dist-packages/airflow/example_dags/example_kubernetes_executor_config.py for tasks to queue
[2021-03-08 03:11:07,372] {logging_mixin.py:104} INFO - [2021-03-08 03:11:07,371] {dagbag.py:448} INFO - Filling up the DagBag from /usr/local/lib/python3.6/dist-packages/airflow/example_dags/example_kubernetes_executor_config.py
[2021-03-08 03:11:07,386] {logging_mixin.py:104} INFO - [2021-03-08 03:11:07,386] {example_kubernetes_executor_config.py:174} WARNING - Could not import DAGs in example_kubernetes_executor_config.py: No module named 'kubernetes'
[2021-03-08 03:11:07,386] {logging_mixin.py:104} INFO - [2021-03-08 03:11:07,386] {example_kubernetes_executor_config.py:175} WARNING - Install kubernetes dependencies with: pip install apache-airflow['cncf.kubernetes']
[2021-03-08 03:11:07,387] {scheduler_job.py:641} WARNING - No viable dags retrieved from /usr/local/lib/python3.6/dist-packages/airflow/example_dags/example_kubernetes_executor_config.py
[2021-03-08 03:11:07,393] {scheduler_job.py:190} INFO - Processing /usr/local/lib/python3.6/dist-packages/airflow/example_dags/example_kubernetes_executor_config.py took 0.031 seconds
[2021-03-08 03:17:40,057] {scheduler_job.py:182} INFO - Started process (PID=51) to work on /usr/local/lib/python3.6/dist-packages/airflow/example_dags/example_kubernetes_executor_config.py
[2021-03-08 03:17:40,058] {scheduler_job.py:629} INFO - Processing file /usr/local/lib/python3.6/dist-packages/airflow/example_dags/example_kubernetes_executor_config.py for tasks to queue
[2021-03-08 03:17:40,058] {logging_mixin.py:104} INFO - [2021-03-08 03:17:40,058] {dagbag.py:448} INFO - Filling up the DagBag from /usr/local/lib/python3.6/dist-packages/airflow/example_dags/example_kubernetes_executor_config.py
[2021-03-08 03:17:40,064] {logging_mixin.py:104} INFO - [2021-03-08 03:17:40,064] {example_kubernetes_executor_config.py:174} WARNING - Could not import DAGs in example_kubernetes_executor_config.py: No module named 'kubernetes'
[2021-03-08 03:17:40,065] {logging_mixin.py:104} INFO - [2021-03-08 03:17:40,065] {example_kubernetes_executor_config.py:175} WARNING - Install kubernetes dependencies with: pip install apache-airflow['cncf.kubernetes']
[2021-03-08 03:17:40,065] {scheduler_job.py:641} WARNING - No viable dags retrieved from /usr/local/lib/python3.6/dist-packages/airflow/example_dags/example_kubernetes_executor_config.py
[2021-03-08 03:17:40,072] {scheduler_job.py:190} INFO - Processing /usr/local/lib/python3.6/dist-packages/airflow/example_dags/example_kubernetes_executor_config.py took 0.017 seconds
[2021-03-08 03:18:13,355] {scheduler_job.py:182} INFO - Started process (PID=36) to work on /usr/local/lib/python3.6/dist-packages/airflow/example_dags/example_kubernetes_executor_config.py
[2021-03-08 03:18:13,355] {scheduler_job.py:629} INFO - Processing file /usr/local/lib/python3.6/dist-packages/airflow/example_dags/example_kubernetes_executor_config.py for tasks to queue
[2021-03-08 03:18:13,356] {logging_mixin.py:104} INFO - [2021-03-08 03:18:13,356] {dagbag.py:448} INFO - Filling up the DagBag from /usr/local/lib/python3.6/dist-packages/airflow/example_dags/example_kubernetes_executor_config.py
[2021-03-08 03:18:13,362] {logging_mixin.py:104} INFO - [2021-03-08 03:18:13,362] {example_kubernetes_executor_config.py:174} WARNING - Could not import DAGs in example_kubernetes_executor_config.py: No module named 'kubernetes'
[2021-03-08 03:18:13,362] {logging_mixin.py:104} INFO - [2021-03-08 03:18:13,362] {example_kubernetes_executor_config.py:175} WARNING - Install kubernetes dependencies with: pip install apache-airflow['cncf.kubernetes']
[2021-03-08 03:18:13,362] {scheduler_job.py:641} WARNING - No viable dags retrieved from /usr/local/lib/python3.6/dist-packages/airflow/example_dags/example_kubernetes_executor_config.py
[2021-03-08 03:18:13,372] {scheduler_job.py:190} INFO - Processing /usr/local/lib/python3.6/dist-packages/airflow/example_dags/example_kubernetes_executor_config.py took 0.019 seconds
[2021-03-08 03:18:44,129] {scheduler_job.py:182} INFO - Started process (PID=123) to work on /usr/local/lib/python3.6/dist-packages/airflow/example_dags/example_kubernetes_executor_config.py
[2021-03-08 03:18:44,130] {scheduler_job.py:629} INFO - Processing file /usr/local/lib/python3.6/dist-packages/airflow/example_dags/example_kubernetes_executor_config.py for tasks to queue
[2021-03-08 03:18:44,130] {logging_mixin.py:104} INFO - [2021-03-08 03:18:44,130] {dagbag.py:448} INFO - Filling up the DagBag from /usr/local/lib/python3.6/dist-packages/airflow/example_dags/example_kubernetes_executor_config.py
[2021-03-08 03:18:44,136] {logging_mixin.py:104} INFO - [2021-03-08 03:18:44,136] {example_kubernetes_executor_config.py:174} WARNING - Could not import DAGs in example_kubernetes_executor_config.py: No module named 'kubernetes'
[2021-03-08 03:18:44,137] {logging_mixin.py:104} INFO - [2021-03-08 03:18:44,136] {example_kubernetes_executor_config.py:175} WARNING - Install kubernetes dependencies with: pip install apache-airflow['cncf.kubernetes']
[2021-03-08 03:18:44,137] {scheduler_job.py:641} WARNING - No viable dags retrieved from /usr/local/lib/python3.6/dist-packages/airflow/example_dags/example_kubernetes_executor_config.py
[2021-03-08 03:18:44,144] {scheduler_job.py:190} INFO - Processing /usr/local/lib/python3.6/dist-packages/airflow/example_dags/example_kubernetes_executor_config.py took 0.016 seconds
[2021-03-08 03:19:14,796] {scheduler_job.py:182} INFO - Started process (PID=181) to work on /usr/local/lib/python3.6/dist-packages/airflow/example_dags/example_kubernetes_executor_config.py
[2021-03-08 03:19:14,797] {scheduler_job.py:629} INFO - Processing file /usr/local/lib/python3.6/dist-packages/airflow/example_dags/example_kubernetes_executor_config.py for tasks to queue
[2021-03-08 03:19:14,798] {logging_mixin.py:104} INFO - [2021-03-08 03:19:14,797] {dagbag.py:448} INFO - Filling up the DagBag from /usr/local/lib/python3.6/dist-packages/airflow/example_dags/example_kubernetes_executor_config.py
[2021-03-08 03:19:14,804] {logging_mixin.py:104} INFO - [2021-03-08 03:19:14,804] {example_kubernetes_executor_config.py:174} WARNING - Could not import DAGs in example_kubernetes_executor_config.py: No module named 'kubernetes'
[2021-03-08 03:19:14,804] {logging_mixin.py:104} INFO - [2021-03-08 03:19:14,804] {example_kubernetes_executor_config.py:175} WARNING - Install kubernetes dependencies with: pip install apache-airflow['cncf.kubernetes']
[2021-03-08 03:19:14,804] {scheduler_job.py:641} WARNING - No viable dags retrieved from /usr/local/lib/python3.6/dist-packages/airflow/example_dags/example_kubernetes_executor_config.py
[2021-03-08 03:19:14,812] {scheduler_job.py:190} INFO - Processing /usr/local/lib/python3.6/dist-packages/airflow/example_dags/example_kubernetes_executor_config.py took 0.017 seconds
[2021-03-08 03:19:45,411] {scheduler_job.py:182} INFO - Started process (PID=24) to work on /usr/local/lib/python3.6/dist-packages/airflow/example_dags/example_kubernetes_executor_config.py
[2021-03-08 03:19:45,412] {scheduler_job.py:629} INFO - Processing file /usr/local/lib/python3.6/dist-packages/airflow/example_dags/example_kubernetes_executor_config.py for tasks to queue
[2021-03-08 03:19:45,412] {logging_mixin.py:104} INFO - [2021-03-08 03:19:45,412] {dagbag.py:448} INFO - Filling up the DagBag from /usr/local/lib/python3.6/dist-packages/airflow/example_dags/example_kubernetes_executor_config.py
[2021-03-08 03:19:45,421] {logging_mixin.py:104} INFO - [2021-03-08 03:19:45,421] {example_kubernetes_executor_config.py:174} WARNING - Could not import DAGs in example_kubernetes_executor_config.py: No module named 'kubernetes'
[2021-03-08 03:19:45,421] {logging_mixin.py:104} INFO - [2021-03-08 03:19:45,421] {example_kubernetes_executor_config.py:175} WARNING - Install kubernetes dependencies with: pip install apache-airflow['cncf.kubernetes']
[2021-03-08 03:19:45,421] {scheduler_job.py:641} WARNING - No viable dags retrieved from /usr/local/lib/python3.6/dist-packages/airflow/example_dags/example_kubernetes_executor_config.py
[2021-03-08 03:19:45,432] {scheduler_job.py:190} INFO - Processing /usr/local/lib/python3.6/dist-packages/airflow/example_dags/example_kubernetes_executor_config.py took 0.023 seconds
[2021-03-08 03:20:16,374] {scheduler_job.py:182} INFO - Started process (PID=111) to work on /usr/local/lib/python3.6/dist-packages/airflow/example_dags/example_kubernetes_executor_config.py
[2021-03-08 03:20:16,374] {scheduler_job.py:629} INFO - Processing file /usr/local/lib/python3.6/dist-packages/airflow/example_dags/example_kubernetes_executor_config.py for tasks to queue
[2021-03-08 03:20:16,375] {logging_mixin.py:104} INFO - [2021-03-08 03:20:16,375] {dagbag.py:448} INFO - Filling up the DagBag from /usr/local/lib/python3.6/dist-packages/airflow/example_dags/example_kubernetes_executor_config.py
[2021-03-08 03:20:16,380] {logging_mixin.py:104} INFO - [2021-03-08 03:20:16,380] {example_kubernetes_executor_config.py:174} WARNING - Could not import DAGs in example_kubernetes_executor_config.py: No module named 'kubernetes'
[2021-03-08 03:20:16,380] {logging_mixin.py:104} INFO - [2021-03-08 03:20:16,380] {example_kubernetes_executor_config.py:175} WARNING - Install kubernetes dependencies with: pip install apache-airflow['cncf.kubernetes']
[2021-03-08 03:20:16,380] {scheduler_job.py:641} WARNING - No viable dags retrieved from /usr/local/lib/python3.6/dist-packages/airflow/example_dags/example_kubernetes_executor_config.py
[2021-03-08 03:20:16,388] {scheduler_job.py:190} INFO - Processing /usr/local/lib/python3.6/dist-packages/airflow/example_dags/example_kubernetes_executor_config.py took 0.016 seconds
[2021-03-08 03:20:47,096] {scheduler_job.py:182} INFO - Started process (PID=168) to work on /usr/local/lib/python3.6/dist-packages/airflow/example_dags/example_kubernetes_executor_config.py
[2021-03-08 03:20:47,099] {scheduler_job.py:629} INFO - Processing file /usr/local/lib/python3.6/dist-packages/airflow/example_dags/example_kubernetes_executor_config.py for tasks to queue
[2021-03-08 03:20:47,099] {logging_mixin.py:104} INFO - [2021-03-08 03:20:47,099] {dagbag.py:448} INFO - Filling up the DagBag from /usr/local/lib/python3.6/dist-packages/airflow/example_dags/example_kubernetes_executor_config.py
[2021-03-08 03:20:47,103] {logging_mixin.py:104} INFO - [2021-03-08 03:20:47,103] {example_kubernetes_executor_config.py:174} WARNING - Could not import DAGs in example_kubernetes_executor_config.py: No module named 'kubernetes'
[2021-03-08 03:20:47,103] {logging_mixin.py:104} INFO - [2021-03-08 03:20:47,103] {example_kubernetes_executor_config.py:175} WARNING - Install kubernetes dependencies with: pip install apache-airflow['cncf.kubernetes']
[2021-03-08 03:20:47,103] {scheduler_job.py:641} WARNING - No viable dags retrieved from /usr/local/lib/python3.6/dist-packages/airflow/example_dags/example_kubernetes_executor_config.py
[2021-03-08 03:20:47,110] {scheduler_job.py:190} INFO - Processing /usr/local/lib/python3.6/dist-packages/airflow/example_dags/example_kubernetes_executor_config.py took 0.015 seconds
[2021-03-08 03:21:17,745] {scheduler_job.py:182} INFO - Started process (PID=226) to work on /usr/local/lib/python3.6/dist-packages/airflow/example_dags/example_kubernetes_executor_config.py
[2021-03-08 03:21:17,745] {scheduler_job.py:629} INFO - Processing file /usr/local/lib/python3.6/dist-packages/airflow/example_dags/example_kubernetes_executor_config.py for tasks to queue
[2021-03-08 03:21:17,746] {logging_mixin.py:104} INFO - [2021-03-08 03:21:17,746] {dagbag.py:448} INFO - Filling up the DagBag from /usr/local/lib/python3.6/dist-packages/airflow/example_dags/example_kubernetes_executor_config.py
[2021-03-08 03:21:17,750] {logging_mixin.py:104} INFO - [2021-03-08 03:21:17,750] {example_kubernetes_executor_config.py:174} WARNING - Could not import DAGs in example_kubernetes_executor_config.py: No module named 'kubernetes'
[2021-03-08 03:21:17,750] {logging_mixin.py:104} INFO - [2021-03-08 03:21:17,750] {example_kubernetes_executor_config.py:175} WARNING - Install kubernetes dependencies with: pip install apache-airflow['cncf.kubernetes']
[2021-03-08 03:21:17,750] {scheduler_job.py:641} WARNING - No viable dags retrieved from /usr/local/lib/python3.6/dist-packages/airflow/example_dags/example_kubernetes_executor_config.py
[2021-03-08 03:21:17,759] {scheduler_job.py:190} INFO - Processing /usr/local/lib/python3.6/dist-packages/airflow/example_dags/example_kubernetes_executor_config.py took 0.016 seconds
[2021-03-08 03:21:48,434] {scheduler_job.py:182} INFO - Started process (PID=284) to work on /usr/local/lib/python3.6/dist-packages/airflow/example_dags/example_kubernetes_executor_config.py
[2021-03-08 03:21:48,434] {scheduler_job.py:629} INFO - Processing file /usr/local/lib/python3.6/dist-packages/airflow/example_dags/example_kubernetes_executor_config.py for tasks to queue
[2021-03-08 03:21:48,435] {logging_mixin.py:104} INFO - [2021-03-08 03:21:48,435] {dagbag.py:448} INFO - Filling up the DagBag from /usr/local/lib/python3.6/dist-packages/airflow/example_dags/example_kubernetes_executor_config.py
[2021-03-08 03:21:48,438] {logging_mixin.py:104} INFO - [2021-03-08 03:21:48,438] {example_kubernetes_executor_config.py:174} WARNING - Could not import DAGs in example_kubernetes_executor_config.py: No module named 'kubernetes'
[2021-03-08 03:21:48,439] {logging_mixin.py:104} INFO - [2021-03-08 03:21:48,439] {example_kubernetes_executor_config.py:175} WARNING - Install kubernetes dependencies with: pip install apache-airflow['cncf.kubernetes']
[2021-03-08 03:21:48,439] {scheduler_job.py:641} WARNING - No viable dags retrieved from /usr/local/lib/python3.6/dist-packages/airflow/example_dags/example_kubernetes_executor_config.py
[2021-03-08 03:21:48,447] {scheduler_job.py:190} INFO - Processing /usr/local/lib/python3.6/dist-packages/airflow/example_dags/example_kubernetes_executor_config.py took 0.015 seconds
[2021-03-08 03:22:19,145] {scheduler_job.py:182} INFO - Started process (PID=343) to work on /usr/local/lib/python3.6/dist-packages/airflow/example_dags/example_kubernetes_executor_config.py
[2021-03-08 03:22:19,145] {scheduler_job.py:629} INFO - Processing file /usr/local/lib/python3.6/dist-packages/airflow/example_dags/example_kubernetes_executor_config.py for tasks to queue
[2021-03-08 03:22:19,146] {logging_mixin.py:104} INFO - [2021-03-08 03:22:19,146] {dagbag.py:448} INFO - Filling up the DagBag from /usr/local/lib/python3.6/dist-packages/airflow/example_dags/example_kubernetes_executor_config.py
[2021-03-08 03:22:19,150] {logging_mixin.py:104} INFO - [2021-03-08 03:22:19,150] {example_kubernetes_executor_config.py:174} WARNING - Could not import DAGs in example_kubernetes_executor_config.py: No module named 'kubernetes'
[2021-03-08 03:22:19,150] {logging_mixin.py:104} INFO - [2021-03-08 03:22:19,150] {example_kubernetes_executor_config.py:175} WARNING - Install kubernetes dependencies with: pip install apache-airflow['cncf.kubernetes']
[2021-03-08 03:22:19,150] {scheduler_job.py:641} WARNING - No viable dags retrieved from /usr/local/lib/python3.6/dist-packages/airflow/example_dags/example_kubernetes_executor_config.py
[2021-03-08 03:22:19,157] {scheduler_job.py:190} INFO - Processing /usr/local/lib/python3.6/dist-packages/airflow/example_dags/example_kubernetes_executor_config.py took 0.014 seconds
[2021-03-08 03:22:49,790] {scheduler_job.py:182} INFO - Started process (PID=402) to work on /usr/local/lib/python3.6/dist-packages/airflow/example_dags/example_kubernetes_executor_config.py
[2021-03-08 03:22:49,790] {scheduler_job.py:629} INFO - Processing file /usr/local/lib/python3.6/dist-packages/airflow/example_dags/example_kubernetes_executor_config.py for tasks to queue
[2021-03-08 03:22:49,791] {logging_mixin.py:104} INFO - [2021-03-08 03:22:49,791] {dagbag.py:448} INFO - Filling up the DagBag from /usr/local/lib/python3.6/dist-packages/airflow/example_dags/example_kubernetes_executor_config.py
[2021-03-08 03:22:49,795] {logging_mixin.py:104} INFO - [2021-03-08 03:22:49,795] {example_kubernetes_executor_config.py:174} WARNING - Could not import DAGs in example_kubernetes_executor_config.py: No module named 'kubernetes'
[2021-03-08 03:22:49,795] {logging_mixin.py:104} INFO - [2021-03-08 03:22:49,795] {example_kubernetes_executor_config.py:175} WARNING - Install kubernetes dependencies with: pip install apache-airflow['cncf.kubernetes']
[2021-03-08 03:22:49,795] {scheduler_job.py:641} WARNING - No viable dags retrieved from /usr/local/lib/python3.6/dist-packages/airflow/example_dags/example_kubernetes_executor_config.py
[2021-03-08 03:22:49,803] {scheduler_job.py:190} INFO - Processing /usr/local/lib/python3.6/dist-packages/airflow/example_dags/example_kubernetes_executor_config.py took 0.015 seconds
[2021-03-08 03:23:20,426] {scheduler_job.py:182} INFO - Started process (PID=462) to work on /usr/local/lib/python3.6/dist-packages/airflow/example_dags/example_kubernetes_executor_config.py
[2021-03-08 03:23:20,427] {scheduler_job.py:629} INFO - Processing file /usr/local/lib/python3.6/dist-packages/airflow/example_dags/example_kubernetes_executor_config.py for tasks to queue
[2021-03-08 03:23:20,427] {logging_mixin.py:104} INFO - [2021-03-08 03:23:20,427] {dagbag.py:448} INFO - Filling up the DagBag from /usr/local/lib/python3.6/dist-packages/airflow/example_dags/example_kubernetes_executor_config.py
[2021-03-08 03:23:20,431] {logging_mixin.py:104} INFO - [2021-03-08 03:23:20,431] {example_kubernetes_executor_config.py:174} WARNING - Could not import DAGs in example_kubernetes_executor_config.py: No module named 'kubernetes'
[2021-03-08 03:23:20,431] {logging_mixin.py:104} INFO - [2021-03-08 03:23:20,431] {example_kubernetes_executor_config.py:175} WARNING - Install kubernetes dependencies with: pip install apache-airflow['cncf.kubernetes']
[2021-03-08 03:23:20,431] {scheduler_job.py:641} WARNING - No viable dags retrieved from /usr/local/lib/python3.6/dist-packages/airflow/example_dags/example_kubernetes_executor_config.py
[2021-03-08 03:23:20,440] {scheduler_job.py:190} INFO - Processing /usr/local/lib/python3.6/dist-packages/airflow/example_dags/example_kubernetes_executor_config.py took 0.015 seconds
[2021-03-08 03:23:51,117] {scheduler_job.py:182} INFO - Started process (PID=521) to work on /usr/local/lib/python3.6/dist-packages/airflow/example_dags/example_kubernetes_executor_config.py
[2021-03-08 03:23:51,119] {scheduler_job.py:629} INFO - Processing file /usr/local/lib/python3.6/dist-packages/airflow/example_dags/example_kubernetes_executor_config.py for tasks to queue
[2021-03-08 03:23:51,119] {logging_mixin.py:104} INFO - [2021-03-08 03:23:51,119] {dagbag.py:448} INFO - Filling up the DagBag from /usr/local/lib/python3.6/dist-packages/airflow/example_dags/example_kubernetes_executor_config.py
[2021-03-08 03:23:51,123] {logging_mixin.py:104} INFO - [2021-03-08 03:23:51,123] {example_kubernetes_executor_config.py:174} WARNING - Could not import DAGs in example_kubernetes_executor_config.py: No module named 'kubernetes'
[2021-03-08 03:23:51,123] {logging_mixin.py:104} INFO - [2021-03-08 03:23:51,123] {example_kubernetes_executor_config.py:175} WARNING - Install kubernetes dependencies with: pip install apache-airflow['cncf.kubernetes']
[2021-03-08 03:23:51,123] {scheduler_job.py:641} WARNING - No viable dags retrieved from /usr/local/lib/python3.6/dist-packages/airflow/example_dags/example_kubernetes_executor_config.py
[2021-03-08 03:23:51,133] {scheduler_job.py:190} INFO - Processing /usr/local/lib/python3.6/dist-packages/airflow/example_dags/example_kubernetes_executor_config.py took 0.017 seconds
[2021-03-08 03:24:21,882] {scheduler_job.py:182} INFO - Started process (PID=579) to work on /usr/local/lib/python3.6/dist-packages/airflow/example_dags/example_kubernetes_executor_config.py
[2021-03-08 03:24:21,882] {scheduler_job.py:629} INFO - Processing file /usr/local/lib/python3.6/dist-packages/airflow/example_dags/example_kubernetes_executor_config.py for tasks to queue
[2021-03-08 03:24:21,883] {logging_mixin.py:104} INFO - [2021-03-08 03:24:21,883] {dagbag.py:448} INFO - Filling up the DagBag from /usr/local/lib/python3.6/dist-packages/airflow/example_dags/example_kubernetes_executor_config.py
[2021-03-08 03:24:21,887] {logging_mixin.py:104} INFO - [2021-03-08 03:24:21,887] {example_kubernetes_executor_config.py:174} WARNING - Could not import DAGs in example_kubernetes_executor_config.py: No module named 'kubernetes'
[2021-03-08 03:24:21,887] {logging_mixin.py:104} INFO - [2021-03-08 03:24:21,887] {example_kubernetes_executor_config.py:175} WARNING - Install kubernetes dependencies with: pip install apache-airflow['cncf.kubernetes']
[2021-03-08 03:24:21,887] {scheduler_job.py:641} WARNING - No viable dags retrieved from /usr/local/lib/python3.6/dist-packages/airflow/example_dags/example_kubernetes_executor_config.py
[2021-03-08 03:24:21,895] {scheduler_job.py:190} INFO - Processing /usr/local/lib/python3.6/dist-packages/airflow/example_dags/example_kubernetes_executor_config.py took 0.015 seconds
[2021-03-08 03:24:52,625] {scheduler_job.py:182} INFO - Started process (PID=638) to work on /usr/local/lib/python3.6/dist-packages/airflow/example_dags/example_kubernetes_executor_config.py
[2021-03-08 03:24:52,626] {scheduler_job.py:629} INFO - Processing file /usr/local/lib/python3.6/dist-packages/airflow/example_dags/example_kubernetes_executor_config.py for tasks to queue
[2021-03-08 03:24:52,627] {logging_mixin.py:104} INFO - [2021-03-08 03:24:52,627] {dagbag.py:448} INFO - Filling up the DagBag from /usr/local/lib/python3.6/dist-packages/airflow/example_dags/example_kubernetes_executor_config.py
[2021-03-08 03:24:52,631] {logging_mixin.py:104} INFO - [2021-03-08 03:24:52,631] {example_kubernetes_executor_config.py:174} WARNING - Could not import DAGs in example_kubernetes_executor_config.py: No module named 'kubernetes'
[2021-03-08 03:24:52,631] {logging_mixin.py:104} INFO - [2021-03-08 03:24:52,631] {example_kubernetes_executor_config.py:175} WARNING - Install kubernetes dependencies with: pip install apache-airflow['cncf.kubernetes']
[2021-03-08 03:24:52,631] {scheduler_job.py:641} WARNING - No viable dags retrieved from /usr/local/lib/python3.6/dist-packages/airflow/example_dags/example_kubernetes_executor_config.py
[2021-03-08 03:24:52,639] {scheduler_job.py:190} INFO - Processing /usr/local/lib/python3.6/dist-packages/airflow/example_dags/example_kubernetes_executor_config.py took 0.016 seconds
[2021-03-08 03:25:23,363] {scheduler_job.py:182} INFO - Started process (PID=698) to work on /usr/local/lib/python3.6/dist-packages/airflow/example_dags/example_kubernetes_executor_config.py
[2021-03-08 03:25:23,363] {scheduler_job.py:629} INFO - Processing file /usr/local/lib/python3.6/dist-packages/airflow/example_dags/example_kubernetes_executor_config.py for tasks to queue
[2021-03-08 03:25:23,364] {logging_mixin.py:104} INFO - [2021-03-08 03:25:23,364] {dagbag.py:448} INFO - Filling up the DagBag from /usr/local/lib/python3.6/dist-packages/airflow/example_dags/example_kubernetes_executor_config.py
[2021-03-08 03:25:23,368] {logging_mixin.py:104} INFO - [2021-03-08 03:25:23,368] {example_kubernetes_executor_config.py:174} WARNING - Could not import DAGs in example_kubernetes_executor_config.py: No module named 'kubernetes'
[2021-03-08 03:25:23,368] {logging_mixin.py:104} INFO - [2021-03-08 03:25:23,368] {example_kubernetes_executor_config.py:175} WARNING - Install kubernetes dependencies with: pip install apache-airflow['cncf.kubernetes']
[2021-03-08 03:25:23,368] {scheduler_job.py:641} WARNING - No viable dags retrieved from /usr/local/lib/python3.6/dist-packages/airflow/example_dags/example_kubernetes_executor_config.py
[2021-03-08 03:25:23,375] {scheduler_job.py:190} INFO - Processing /usr/local/lib/python3.6/dist-packages/airflow/example_dags/example_kubernetes_executor_config.py took 0.015 seconds
[2021-03-08 03:25:54,130] {scheduler_job.py:182} INFO - Started process (PID=764) to work on /usr/local/lib/python3.6/dist-packages/airflow/example_dags/example_kubernetes_executor_config.py
[2021-03-08 03:25:54,130] {scheduler_job.py:629} INFO - Processing file /usr/local/lib/python3.6/dist-packages/airflow/example_dags/example_kubernetes_executor_config.py for tasks to queue
[2021-03-08 03:25:54,131] {logging_mixin.py:104} INFO - [2021-03-08 03:25:54,131] {dagbag.py:448} INFO - Filling up the DagBag from /usr/local/lib/python3.6/dist-packages/airflow/example_dags/example_kubernetes_executor_config.py
[2021-03-08 03:25:54,135] {logging_mixin.py:104} INFO - [2021-03-08 03:25:54,134] {example_kubernetes_executor_config.py:174} WARNING - Could not import DAGs in example_kubernetes_executor_config.py: No module named 'kubernetes'
[2021-03-08 03:25:54,135] {logging_mixin.py:104} INFO - [2021-03-08 03:25:54,135] {example_kubernetes_executor_config.py:175} WARNING - Install kubernetes dependencies with: pip install apache-airflow['cncf.kubernetes']
[2021-03-08 03:25:54,135] {scheduler_job.py:641} WARNING - No viable dags retrieved from /usr/local/lib/python3.6/dist-packages/airflow/example_dags/example_kubernetes_executor_config.py
[2021-03-08 03:25:54,142] {scheduler_job.py:190} INFO - Processing /usr/local/lib/python3.6/dist-packages/airflow/example_dags/example_kubernetes_executor_config.py took 0.014 seconds
