[2021-03-08 03:06:36,163] {scheduler_job.py:182} INFO - Started process (PID=111) to work on /usr/local/lib/python3.6/dist-packages/airflow/example_dags/example_trigger_controller_dag.py
[2021-03-08 03:06:36,165] {scheduler_job.py:629} INFO - Processing file /usr/local/lib/python3.6/dist-packages/airflow/example_dags/example_trigger_controller_dag.py for tasks to queue
[2021-03-08 03:06:36,167] {logging_mixin.py:104} INFO - [2021-03-08 03:06:36,166] {dagbag.py:448} INFO - Filling up the DagBag from /usr/local/lib/python3.6/dist-packages/airflow/example_dags/example_trigger_controller_dag.py
[2021-03-08 03:06:36,183] {scheduler_job.py:639} INFO - DAG(s) dict_keys(['example_trigger_controller_dag']) retrieved from /usr/local/lib/python3.6/dist-packages/airflow/example_dags/example_trigger_controller_dag.py
[2021-03-08 03:06:36,190] {logging_mixin.py:104} INFO - [2021-03-08 03:06:36,190] {dag.py:1818} INFO - Sync 1 DAGs
[2021-03-08 03:06:36,199] {logging_mixin.py:104} INFO - [2021-03-08 03:06:36,199] {dag.py:2273} INFO - Setting next_dagrun for example_trigger_controller_dag to 2021-03-06 00:00:00+00:00
[2021-03-08 03:06:36,204] {scheduler_job.py:190} INFO - Processing /usr/local/lib/python3.6/dist-packages/airflow/example_dags/example_trigger_controller_dag.py took 0.046 seconds
[2021-03-08 03:07:07,539] {scheduler_job.py:182} INFO - Started process (PID=170) to work on /usr/local/lib/python3.6/dist-packages/airflow/example_dags/example_trigger_controller_dag.py
[2021-03-08 03:07:07,540] {scheduler_job.py:629} INFO - Processing file /usr/local/lib/python3.6/dist-packages/airflow/example_dags/example_trigger_controller_dag.py for tasks to queue
[2021-03-08 03:07:07,542] {logging_mixin.py:104} INFO - [2021-03-08 03:07:07,541] {dagbag.py:448} INFO - Filling up the DagBag from /usr/local/lib/python3.6/dist-packages/airflow/example_dags/example_trigger_controller_dag.py
[2021-03-08 03:07:07,558] {scheduler_job.py:639} INFO - DAG(s) dict_keys(['example_trigger_controller_dag']) retrieved from /usr/local/lib/python3.6/dist-packages/airflow/example_dags/example_trigger_controller_dag.py
[2021-03-08 03:07:07,571] {logging_mixin.py:104} INFO - [2021-03-08 03:07:07,571] {dag.py:1818} INFO - Sync 1 DAGs
[2021-03-08 03:07:07,580] {logging_mixin.py:104} INFO - [2021-03-08 03:07:07,580] {dag.py:2273} INFO - Setting next_dagrun for example_trigger_controller_dag to 2021-03-06 00:00:00+00:00
[2021-03-08 03:07:07,585] {scheduler_job.py:190} INFO - Processing /usr/local/lib/python3.6/dist-packages/airflow/example_dags/example_trigger_controller_dag.py took 0.050 seconds
[2021-03-08 03:07:37,761] {scheduler_job.py:182} INFO - Started process (PID=229) to work on /usr/local/lib/python3.6/dist-packages/airflow/example_dags/example_trigger_controller_dag.py
[2021-03-08 03:07:37,763] {scheduler_job.py:629} INFO - Processing file /usr/local/lib/python3.6/dist-packages/airflow/example_dags/example_trigger_controller_dag.py for tasks to queue
[2021-03-08 03:07:37,764] {logging_mixin.py:104} INFO - [2021-03-08 03:07:37,764] {dagbag.py:448} INFO - Filling up the DagBag from /usr/local/lib/python3.6/dist-packages/airflow/example_dags/example_trigger_controller_dag.py
[2021-03-08 03:07:37,783] {scheduler_job.py:639} INFO - DAG(s) dict_keys(['example_trigger_controller_dag']) retrieved from /usr/local/lib/python3.6/dist-packages/airflow/example_dags/example_trigger_controller_dag.py
[2021-03-08 03:07:37,796] {logging_mixin.py:104} INFO - [2021-03-08 03:07:37,795] {dag.py:1818} INFO - Sync 1 DAGs
[2021-03-08 03:07:37,804] {logging_mixin.py:104} INFO - [2021-03-08 03:07:37,804] {dag.py:2273} INFO - Setting next_dagrun for example_trigger_controller_dag to 2021-03-06 00:00:00+00:00
[2021-03-08 03:07:37,808] {scheduler_job.py:190} INFO - Processing /usr/local/lib/python3.6/dist-packages/airflow/example_dags/example_trigger_controller_dag.py took 0.053 seconds
[2021-03-08 03:08:08,778] {scheduler_job.py:182} INFO - Started process (PID=289) to work on /usr/local/lib/python3.6/dist-packages/airflow/example_dags/example_trigger_controller_dag.py
[2021-03-08 03:08:08,780] {scheduler_job.py:629} INFO - Processing file /usr/local/lib/python3.6/dist-packages/airflow/example_dags/example_trigger_controller_dag.py for tasks to queue
[2021-03-08 03:08:08,781] {logging_mixin.py:104} INFO - [2021-03-08 03:08:08,781] {dagbag.py:448} INFO - Filling up the DagBag from /usr/local/lib/python3.6/dist-packages/airflow/example_dags/example_trigger_controller_dag.py
[2021-03-08 03:08:08,800] {scheduler_job.py:639} INFO - DAG(s) dict_keys(['example_trigger_controller_dag']) retrieved from /usr/local/lib/python3.6/dist-packages/airflow/example_dags/example_trigger_controller_dag.py
[2021-03-08 03:08:08,813] {logging_mixin.py:104} INFO - [2021-03-08 03:08:08,813] {dag.py:1818} INFO - Sync 1 DAGs
[2021-03-08 03:08:08,821] {logging_mixin.py:104} INFO - [2021-03-08 03:08:08,821] {dag.py:2273} INFO - Setting next_dagrun for example_trigger_controller_dag to 2021-03-06 00:00:00+00:00
[2021-03-08 03:08:08,826] {scheduler_job.py:190} INFO - Processing /usr/local/lib/python3.6/dist-packages/airflow/example_dags/example_trigger_controller_dag.py took 0.054 seconds
[2021-03-08 03:08:39,592] {scheduler_job.py:182} INFO - Started process (PID=348) to work on /usr/local/lib/python3.6/dist-packages/airflow/example_dags/example_trigger_controller_dag.py
[2021-03-08 03:08:39,594] {scheduler_job.py:629} INFO - Processing file /usr/local/lib/python3.6/dist-packages/airflow/example_dags/example_trigger_controller_dag.py for tasks to queue
[2021-03-08 03:08:39,595] {logging_mixin.py:104} INFO - [2021-03-08 03:08:39,595] {dagbag.py:448} INFO - Filling up the DagBag from /usr/local/lib/python3.6/dist-packages/airflow/example_dags/example_trigger_controller_dag.py
[2021-03-08 03:08:39,608] {scheduler_job.py:639} INFO - DAG(s) dict_keys(['example_trigger_controller_dag']) retrieved from /usr/local/lib/python3.6/dist-packages/airflow/example_dags/example_trigger_controller_dag.py
[2021-03-08 03:08:39,619] {logging_mixin.py:104} INFO - [2021-03-08 03:08:39,619] {dag.py:1818} INFO - Sync 1 DAGs
[2021-03-08 03:08:39,627] {logging_mixin.py:104} INFO - [2021-03-08 03:08:39,627] {dag.py:2273} INFO - Setting next_dagrun for example_trigger_controller_dag to 2021-03-06 00:00:00+00:00
[2021-03-08 03:08:39,631] {scheduler_job.py:190} INFO - Processing /usr/local/lib/python3.6/dist-packages/airflow/example_dags/example_trigger_controller_dag.py took 0.045 seconds
[2021-03-08 03:09:10,399] {scheduler_job.py:182} INFO - Started process (PID=408) to work on /usr/local/lib/python3.6/dist-packages/airflow/example_dags/example_trigger_controller_dag.py
[2021-03-08 03:09:10,402] {scheduler_job.py:629} INFO - Processing file /usr/local/lib/python3.6/dist-packages/airflow/example_dags/example_trigger_controller_dag.py for tasks to queue
[2021-03-08 03:09:10,403] {logging_mixin.py:104} INFO - [2021-03-08 03:09:10,403] {dagbag.py:448} INFO - Filling up the DagBag from /usr/local/lib/python3.6/dist-packages/airflow/example_dags/example_trigger_controller_dag.py
[2021-03-08 03:09:10,420] {scheduler_job.py:639} INFO - DAG(s) dict_keys(['example_trigger_controller_dag']) retrieved from /usr/local/lib/python3.6/dist-packages/airflow/example_dags/example_trigger_controller_dag.py
[2021-03-08 03:09:10,432] {logging_mixin.py:104} INFO - [2021-03-08 03:09:10,432] {dag.py:1818} INFO - Sync 1 DAGs
[2021-03-08 03:09:10,440] {logging_mixin.py:104} INFO - [2021-03-08 03:09:10,440] {dag.py:2273} INFO - Setting next_dagrun for example_trigger_controller_dag to 2021-03-06 00:00:00+00:00
[2021-03-08 03:09:10,444] {scheduler_job.py:190} INFO - Processing /usr/local/lib/python3.6/dist-packages/airflow/example_dags/example_trigger_controller_dag.py took 0.051 seconds
[2021-03-08 03:09:41,134] {scheduler_job.py:182} INFO - Started process (PID=477) to work on /usr/local/lib/python3.6/dist-packages/airflow/example_dags/example_trigger_controller_dag.py
[2021-03-08 03:09:41,135] {scheduler_job.py:629} INFO - Processing file /usr/local/lib/python3.6/dist-packages/airflow/example_dags/example_trigger_controller_dag.py for tasks to queue
[2021-03-08 03:09:41,135] {logging_mixin.py:104} INFO - [2021-03-08 03:09:41,135] {dagbag.py:448} INFO - Filling up the DagBag from /usr/local/lib/python3.6/dist-packages/airflow/example_dags/example_trigger_controller_dag.py
[2021-03-08 03:09:41,140] {scheduler_job.py:639} INFO - DAG(s) dict_keys(['example_trigger_controller_dag']) retrieved from /usr/local/lib/python3.6/dist-packages/airflow/example_dags/example_trigger_controller_dag.py
[2021-03-08 03:09:41,148] {logging_mixin.py:104} INFO - [2021-03-08 03:09:41,148] {dag.py:1818} INFO - Sync 1 DAGs
[2021-03-08 03:09:41,154] {logging_mixin.py:104} INFO - [2021-03-08 03:09:41,154] {dag.py:2273} INFO - Setting next_dagrun for example_trigger_controller_dag to 2021-03-06 00:00:00+00:00
[2021-03-08 03:09:41,158] {scheduler_job.py:190} INFO - Processing /usr/local/lib/python3.6/dist-packages/airflow/example_dags/example_trigger_controller_dag.py took 0.025 seconds
[2021-03-08 03:10:12,042] {scheduler_job.py:182} INFO - Started process (PID=536) to work on /usr/local/lib/python3.6/dist-packages/airflow/example_dags/example_trigger_controller_dag.py
[2021-03-08 03:10:12,044] {scheduler_job.py:629} INFO - Processing file /usr/local/lib/python3.6/dist-packages/airflow/example_dags/example_trigger_controller_dag.py for tasks to queue
[2021-03-08 03:10:12,045] {logging_mixin.py:104} INFO - [2021-03-08 03:10:12,045] {dagbag.py:448} INFO - Filling up the DagBag from /usr/local/lib/python3.6/dist-packages/airflow/example_dags/example_trigger_controller_dag.py
[2021-03-08 03:10:12,065] {scheduler_job.py:639} INFO - DAG(s) dict_keys(['example_trigger_controller_dag']) retrieved from /usr/local/lib/python3.6/dist-packages/airflow/example_dags/example_trigger_controller_dag.py
[2021-03-08 03:10:12,078] {logging_mixin.py:104} INFO - [2021-03-08 03:10:12,078] {dag.py:1818} INFO - Sync 1 DAGs
[2021-03-08 03:10:12,087] {logging_mixin.py:104} INFO - [2021-03-08 03:10:12,087] {dag.py:2273} INFO - Setting next_dagrun for example_trigger_controller_dag to 2021-03-06 00:00:00+00:00
[2021-03-08 03:10:12,091] {scheduler_job.py:190} INFO - Processing /usr/local/lib/python3.6/dist-packages/airflow/example_dags/example_trigger_controller_dag.py took 0.054 seconds
[2021-03-08 03:10:42,835] {scheduler_job.py:182} INFO - Started process (PID=595) to work on /usr/local/lib/python3.6/dist-packages/airflow/example_dags/example_trigger_controller_dag.py
[2021-03-08 03:10:42,837] {scheduler_job.py:629} INFO - Processing file /usr/local/lib/python3.6/dist-packages/airflow/example_dags/example_trigger_controller_dag.py for tasks to queue
[2021-03-08 03:10:42,838] {logging_mixin.py:104} INFO - [2021-03-08 03:10:42,838] {dagbag.py:448} INFO - Filling up the DagBag from /usr/local/lib/python3.6/dist-packages/airflow/example_dags/example_trigger_controller_dag.py
[2021-03-08 03:10:42,855] {scheduler_job.py:639} INFO - DAG(s) dict_keys(['example_trigger_controller_dag']) retrieved from /usr/local/lib/python3.6/dist-packages/airflow/example_dags/example_trigger_controller_dag.py
[2021-03-08 03:10:42,866] {logging_mixin.py:104} INFO - [2021-03-08 03:10:42,866] {dag.py:1818} INFO - Sync 1 DAGs
[2021-03-08 03:10:42,874] {logging_mixin.py:104} INFO - [2021-03-08 03:10:42,874] {dag.py:2273} INFO - Setting next_dagrun for example_trigger_controller_dag to 2021-03-06 00:00:00+00:00
[2021-03-08 03:10:42,878] {scheduler_job.py:190} INFO - Processing /usr/local/lib/python3.6/dist-packages/airflow/example_dags/example_trigger_controller_dag.py took 0.049 seconds
[2021-03-08 03:11:13,521] {scheduler_job.py:182} INFO - Started process (PID=654) to work on /usr/local/lib/python3.6/dist-packages/airflow/example_dags/example_trigger_controller_dag.py
[2021-03-08 03:11:13,523] {scheduler_job.py:629} INFO - Processing file /usr/local/lib/python3.6/dist-packages/airflow/example_dags/example_trigger_controller_dag.py for tasks to queue
[2021-03-08 03:11:13,524] {logging_mixin.py:104} INFO - [2021-03-08 03:11:13,524] {dagbag.py:448} INFO - Filling up the DagBag from /usr/local/lib/python3.6/dist-packages/airflow/example_dags/example_trigger_controller_dag.py
[2021-03-08 03:11:13,539] {scheduler_job.py:639} INFO - DAG(s) dict_keys(['example_trigger_controller_dag']) retrieved from /usr/local/lib/python3.6/dist-packages/airflow/example_dags/example_trigger_controller_dag.py
[2021-03-08 03:11:13,549] {logging_mixin.py:104} INFO - [2021-03-08 03:11:13,549] {dag.py:1818} INFO - Sync 1 DAGs
[2021-03-08 03:11:13,558] {logging_mixin.py:104} INFO - [2021-03-08 03:11:13,558] {dag.py:2273} INFO - Setting next_dagrun for example_trigger_controller_dag to 2021-03-06 00:00:00+00:00
[2021-03-08 03:11:13,562] {scheduler_job.py:190} INFO - Processing /usr/local/lib/python3.6/dist-packages/airflow/example_dags/example_trigger_controller_dag.py took 0.047 seconds
[2021-03-08 03:17:40,122] {scheduler_job.py:182} INFO - Started process (PID=54) to work on /usr/local/lib/python3.6/dist-packages/airflow/example_dags/example_trigger_controller_dag.py
[2021-03-08 03:17:40,122] {scheduler_job.py:629} INFO - Processing file /usr/local/lib/python3.6/dist-packages/airflow/example_dags/example_trigger_controller_dag.py for tasks to queue
[2021-03-08 03:17:40,123] {logging_mixin.py:104} INFO - [2021-03-08 03:17:40,123] {dagbag.py:448} INFO - Filling up the DagBag from /usr/local/lib/python3.6/dist-packages/airflow/example_dags/example_trigger_controller_dag.py
[2021-03-08 03:17:40,130] {scheduler_job.py:639} INFO - DAG(s) dict_keys(['example_trigger_controller_dag']) retrieved from /usr/local/lib/python3.6/dist-packages/airflow/example_dags/example_trigger_controller_dag.py
[2021-03-08 03:17:40,139] {logging_mixin.py:104} INFO - [2021-03-08 03:17:40,139] {dag.py:1818} INFO - Sync 1 DAGs
[2021-03-08 03:17:40,151] {logging_mixin.py:104} INFO - [2021-03-08 03:17:40,151] {dag.py:2273} INFO - Setting next_dagrun for example_trigger_controller_dag to 2021-03-06 00:00:00+00:00
[2021-03-08 03:17:40,158] {scheduler_job.py:190} INFO - Processing /usr/local/lib/python3.6/dist-packages/airflow/example_dags/example_trigger_controller_dag.py took 0.038 seconds
[2021-03-08 03:18:13,675] {scheduler_job.py:182} INFO - Started process (PID=47) to work on /usr/local/lib/python3.6/dist-packages/airflow/example_dags/example_trigger_controller_dag.py
[2021-03-08 03:18:13,675] {scheduler_job.py:629} INFO - Processing file /usr/local/lib/python3.6/dist-packages/airflow/example_dags/example_trigger_controller_dag.py for tasks to queue
[2021-03-08 03:18:13,675] {logging_mixin.py:104} INFO - [2021-03-08 03:18:13,675] {dagbag.py:448} INFO - Filling up the DagBag from /usr/local/lib/python3.6/dist-packages/airflow/example_dags/example_trigger_controller_dag.py
[2021-03-08 03:18:13,683] {scheduler_job.py:639} INFO - DAG(s) dict_keys(['example_trigger_controller_dag']) retrieved from /usr/local/lib/python3.6/dist-packages/airflow/example_dags/example_trigger_controller_dag.py
[2021-03-08 03:18:13,695] {logging_mixin.py:104} INFO - [2021-03-08 03:18:13,695] {dag.py:1818} INFO - Sync 1 DAGs
[2021-03-08 03:18:13,705] {logging_mixin.py:104} INFO - [2021-03-08 03:18:13,705] {dag.py:2273} INFO - Setting next_dagrun for example_trigger_controller_dag to 2021-03-06 00:00:00+00:00
[2021-03-08 03:18:13,712] {scheduler_job.py:190} INFO - Processing /usr/local/lib/python3.6/dist-packages/airflow/example_dags/example_trigger_controller_dag.py took 0.039 seconds
[2021-03-08 03:18:44,381] {scheduler_job.py:182} INFO - Started process (PID=134) to work on /usr/local/lib/python3.6/dist-packages/airflow/example_dags/example_trigger_controller_dag.py
[2021-03-08 03:18:44,381] {scheduler_job.py:629} INFO - Processing file /usr/local/lib/python3.6/dist-packages/airflow/example_dags/example_trigger_controller_dag.py for tasks to queue
[2021-03-08 03:18:44,382] {logging_mixin.py:104} INFO - [2021-03-08 03:18:44,381] {dagbag.py:448} INFO - Filling up the DagBag from /usr/local/lib/python3.6/dist-packages/airflow/example_dags/example_trigger_controller_dag.py
[2021-03-08 03:18:44,388] {scheduler_job.py:639} INFO - DAG(s) dict_keys(['example_trigger_controller_dag']) retrieved from /usr/local/lib/python3.6/dist-packages/airflow/example_dags/example_trigger_controller_dag.py
[2021-03-08 03:18:44,398] {logging_mixin.py:104} INFO - [2021-03-08 03:18:44,398] {dag.py:1818} INFO - Sync 1 DAGs
[2021-03-08 03:18:44,406] {logging_mixin.py:104} INFO - [2021-03-08 03:18:44,406] {dag.py:2273} INFO - Setting next_dagrun for example_trigger_controller_dag to 2021-03-06 00:00:00+00:00
[2021-03-08 03:18:44,411] {scheduler_job.py:190} INFO - Processing /usr/local/lib/python3.6/dist-packages/airflow/example_dags/example_trigger_controller_dag.py took 0.033 seconds
[2021-03-08 03:19:15,036] {scheduler_job.py:182} INFO - Started process (PID=192) to work on /usr/local/lib/python3.6/dist-packages/airflow/example_dags/example_trigger_controller_dag.py
[2021-03-08 03:19:15,036] {scheduler_job.py:629} INFO - Processing file /usr/local/lib/python3.6/dist-packages/airflow/example_dags/example_trigger_controller_dag.py for tasks to queue
[2021-03-08 03:19:15,037] {logging_mixin.py:104} INFO - [2021-03-08 03:19:15,036] {dagbag.py:448} INFO - Filling up the DagBag from /usr/local/lib/python3.6/dist-packages/airflow/example_dags/example_trigger_controller_dag.py
[2021-03-08 03:19:15,043] {scheduler_job.py:639} INFO - DAG(s) dict_keys(['example_trigger_controller_dag']) retrieved from /usr/local/lib/python3.6/dist-packages/airflow/example_dags/example_trigger_controller_dag.py
[2021-03-08 03:19:15,054] {logging_mixin.py:104} INFO - [2021-03-08 03:19:15,054] {dag.py:1818} INFO - Sync 1 DAGs
[2021-03-08 03:19:15,062] {logging_mixin.py:104} INFO - [2021-03-08 03:19:15,062] {dag.py:2273} INFO - Setting next_dagrun for example_trigger_controller_dag to 2021-03-06 00:00:00+00:00
[2021-03-08 03:19:15,068] {scheduler_job.py:190} INFO - Processing /usr/local/lib/python3.6/dist-packages/airflow/example_dags/example_trigger_controller_dag.py took 0.034 seconds
[2021-03-08 03:19:46,232] {scheduler_job.py:182} INFO - Started process (PID=47) to work on /usr/local/lib/python3.6/dist-packages/airflow/example_dags/example_trigger_controller_dag.py
[2021-03-08 03:19:46,233] {scheduler_job.py:629} INFO - Processing file /usr/local/lib/python3.6/dist-packages/airflow/example_dags/example_trigger_controller_dag.py for tasks to queue
[2021-03-08 03:19:46,233] {logging_mixin.py:104} INFO - [2021-03-08 03:19:46,233] {dagbag.py:448} INFO - Filling up the DagBag from /usr/local/lib/python3.6/dist-packages/airflow/example_dags/example_trigger_controller_dag.py
[2021-03-08 03:19:46,242] {scheduler_job.py:639} INFO - DAG(s) dict_keys(['example_trigger_controller_dag']) retrieved from /usr/local/lib/python3.6/dist-packages/airflow/example_dags/example_trigger_controller_dag.py
[2021-03-08 03:19:46,256] {logging_mixin.py:104} INFO - [2021-03-08 03:19:46,256] {dag.py:1818} INFO - Sync 1 DAGs
[2021-03-08 03:19:46,265] {logging_mixin.py:104} INFO - [2021-03-08 03:19:46,265] {dag.py:2273} INFO - Setting next_dagrun for example_trigger_controller_dag to 2021-03-06 00:00:00+00:00
[2021-03-08 03:19:46,271] {scheduler_job.py:190} INFO - Processing /usr/local/lib/python3.6/dist-packages/airflow/example_dags/example_trigger_controller_dag.py took 0.041 seconds
[2021-03-08 03:20:16,898] {scheduler_job.py:182} INFO - Started process (PID=134) to work on /usr/local/lib/python3.6/dist-packages/airflow/example_dags/example_trigger_controller_dag.py
[2021-03-08 03:20:16,899] {scheduler_job.py:629} INFO - Processing file /usr/local/lib/python3.6/dist-packages/airflow/example_dags/example_trigger_controller_dag.py for tasks to queue
[2021-03-08 03:20:16,899] {logging_mixin.py:104} INFO - [2021-03-08 03:20:16,899] {dagbag.py:448} INFO - Filling up the DagBag from /usr/local/lib/python3.6/dist-packages/airflow/example_dags/example_trigger_controller_dag.py
[2021-03-08 03:20:16,908] {scheduler_job.py:639} INFO - DAG(s) dict_keys(['example_trigger_controller_dag']) retrieved from /usr/local/lib/python3.6/dist-packages/airflow/example_dags/example_trigger_controller_dag.py
[2021-03-08 03:20:16,920] {logging_mixin.py:104} INFO - [2021-03-08 03:20:16,920] {dag.py:1818} INFO - Sync 1 DAGs
[2021-03-08 03:20:16,929] {logging_mixin.py:104} INFO - [2021-03-08 03:20:16,929] {dag.py:2273} INFO - Setting next_dagrun for example_trigger_controller_dag to 2021-03-06 00:00:00+00:00
[2021-03-08 03:20:16,934] {scheduler_job.py:190} INFO - Processing /usr/local/lib/python3.6/dist-packages/airflow/example_dags/example_trigger_controller_dag.py took 0.037 seconds
[2021-03-08 03:20:47,618] {scheduler_job.py:182} INFO - Started process (PID=191) to work on /usr/local/lib/python3.6/dist-packages/airflow/example_dags/example_trigger_controller_dag.py
[2021-03-08 03:20:47,620] {scheduler_job.py:629} INFO - Processing file /usr/local/lib/python3.6/dist-packages/airflow/example_dags/example_trigger_controller_dag.py for tasks to queue
[2021-03-08 03:20:47,621] {logging_mixin.py:104} INFO - [2021-03-08 03:20:47,621] {dagbag.py:448} INFO - Filling up the DagBag from /usr/local/lib/python3.6/dist-packages/airflow/example_dags/example_trigger_controller_dag.py
[2021-03-08 03:20:47,626] {scheduler_job.py:639} INFO - DAG(s) dict_keys(['example_trigger_controller_dag']) retrieved from /usr/local/lib/python3.6/dist-packages/airflow/example_dags/example_trigger_controller_dag.py
[2021-03-08 03:20:47,637] {logging_mixin.py:104} INFO - [2021-03-08 03:20:47,637] {dag.py:1818} INFO - Sync 1 DAGs
[2021-03-08 03:20:47,648] {logging_mixin.py:104} INFO - [2021-03-08 03:20:47,648] {dag.py:2273} INFO - Setting next_dagrun for example_trigger_controller_dag to 2021-03-06 00:00:00+00:00
[2021-03-08 03:20:47,653] {scheduler_job.py:190} INFO - Processing /usr/local/lib/python3.6/dist-packages/airflow/example_dags/example_trigger_controller_dag.py took 0.037 seconds
[2021-03-08 03:21:18,295] {scheduler_job.py:182} INFO - Started process (PID=249) to work on /usr/local/lib/python3.6/dist-packages/airflow/example_dags/example_trigger_controller_dag.py
[2021-03-08 03:21:18,296] {scheduler_job.py:629} INFO - Processing file /usr/local/lib/python3.6/dist-packages/airflow/example_dags/example_trigger_controller_dag.py for tasks to queue
[2021-03-08 03:21:18,296] {logging_mixin.py:104} INFO - [2021-03-08 03:21:18,296] {dagbag.py:448} INFO - Filling up the DagBag from /usr/local/lib/python3.6/dist-packages/airflow/example_dags/example_trigger_controller_dag.py
[2021-03-08 03:21:18,302] {scheduler_job.py:639} INFO - DAG(s) dict_keys(['example_trigger_controller_dag']) retrieved from /usr/local/lib/python3.6/dist-packages/airflow/example_dags/example_trigger_controller_dag.py
[2021-03-08 03:21:18,313] {logging_mixin.py:104} INFO - [2021-03-08 03:21:18,313] {dag.py:1818} INFO - Sync 1 DAGs
[2021-03-08 03:21:18,323] {logging_mixin.py:104} INFO - [2021-03-08 03:21:18,323] {dag.py:2273} INFO - Setting next_dagrun for example_trigger_controller_dag to 2021-03-06 00:00:00+00:00
[2021-03-08 03:21:18,328] {scheduler_job.py:190} INFO - Processing /usr/local/lib/python3.6/dist-packages/airflow/example_dags/example_trigger_controller_dag.py took 0.035 seconds
[2021-03-08 03:21:48,963] {scheduler_job.py:182} INFO - Started process (PID=307) to work on /usr/local/lib/python3.6/dist-packages/airflow/example_dags/example_trigger_controller_dag.py
[2021-03-08 03:21:48,963] {scheduler_job.py:629} INFO - Processing file /usr/local/lib/python3.6/dist-packages/airflow/example_dags/example_trigger_controller_dag.py for tasks to queue
[2021-03-08 03:21:48,964] {logging_mixin.py:104} INFO - [2021-03-08 03:21:48,964] {dagbag.py:448} INFO - Filling up the DagBag from /usr/local/lib/python3.6/dist-packages/airflow/example_dags/example_trigger_controller_dag.py
[2021-03-08 03:21:48,969] {scheduler_job.py:639} INFO - DAG(s) dict_keys(['example_trigger_controller_dag']) retrieved from /usr/local/lib/python3.6/dist-packages/airflow/example_dags/example_trigger_controller_dag.py
[2021-03-08 03:21:48,979] {logging_mixin.py:104} INFO - [2021-03-08 03:21:48,979] {dag.py:1818} INFO - Sync 1 DAGs
[2021-03-08 03:21:48,987] {logging_mixin.py:104} INFO - [2021-03-08 03:21:48,986] {dag.py:2273} INFO - Setting next_dagrun for example_trigger_controller_dag to 2021-03-06 00:00:00+00:00
[2021-03-08 03:21:48,991] {scheduler_job.py:190} INFO - Processing /usr/local/lib/python3.6/dist-packages/airflow/example_dags/example_trigger_controller_dag.py took 0.030 seconds
[2021-03-08 03:22:19,631] {scheduler_job.py:182} INFO - Started process (PID=366) to work on /usr/local/lib/python3.6/dist-packages/airflow/example_dags/example_trigger_controller_dag.py
[2021-03-08 03:22:19,632] {scheduler_job.py:629} INFO - Processing file /usr/local/lib/python3.6/dist-packages/airflow/example_dags/example_trigger_controller_dag.py for tasks to queue
[2021-03-08 03:22:19,632] {logging_mixin.py:104} INFO - [2021-03-08 03:22:19,632] {dagbag.py:448} INFO - Filling up the DagBag from /usr/local/lib/python3.6/dist-packages/airflow/example_dags/example_trigger_controller_dag.py
[2021-03-08 03:22:19,638] {scheduler_job.py:639} INFO - DAG(s) dict_keys(['example_trigger_controller_dag']) retrieved from /usr/local/lib/python3.6/dist-packages/airflow/example_dags/example_trigger_controller_dag.py
[2021-03-08 03:22:19,648] {logging_mixin.py:104} INFO - [2021-03-08 03:22:19,648] {dag.py:1818} INFO - Sync 1 DAGs
[2021-03-08 03:22:19,655] {logging_mixin.py:104} INFO - [2021-03-08 03:22:19,655] {dag.py:2273} INFO - Setting next_dagrun for example_trigger_controller_dag to 2021-03-06 00:00:00+00:00
[2021-03-08 03:22:19,659] {scheduler_job.py:190} INFO - Processing /usr/local/lib/python3.6/dist-packages/airflow/example_dags/example_trigger_controller_dag.py took 0.030 seconds
[2021-03-08 03:22:50,317] {scheduler_job.py:182} INFO - Started process (PID=425) to work on /usr/local/lib/python3.6/dist-packages/airflow/example_dags/example_trigger_controller_dag.py
[2021-03-08 03:22:50,318] {scheduler_job.py:629} INFO - Processing file /usr/local/lib/python3.6/dist-packages/airflow/example_dags/example_trigger_controller_dag.py for tasks to queue
[2021-03-08 03:22:50,318] {logging_mixin.py:104} INFO - [2021-03-08 03:22:50,318] {dagbag.py:448} INFO - Filling up the DagBag from /usr/local/lib/python3.6/dist-packages/airflow/example_dags/example_trigger_controller_dag.py
[2021-03-08 03:22:50,323] {scheduler_job.py:639} INFO - DAG(s) dict_keys(['example_trigger_controller_dag']) retrieved from /usr/local/lib/python3.6/dist-packages/airflow/example_dags/example_trigger_controller_dag.py
[2021-03-08 03:22:50,334] {logging_mixin.py:104} INFO - [2021-03-08 03:22:50,334] {dag.py:1818} INFO - Sync 1 DAGs
[2021-03-08 03:22:50,343] {logging_mixin.py:104} INFO - [2021-03-08 03:22:50,343] {dag.py:2273} INFO - Setting next_dagrun for example_trigger_controller_dag to 2021-03-06 00:00:00+00:00
[2021-03-08 03:22:50,349] {scheduler_job.py:190} INFO - Processing /usr/local/lib/python3.6/dist-packages/airflow/example_dags/example_trigger_controller_dag.py took 0.034 seconds
[2021-03-08 03:23:20,977] {scheduler_job.py:182} INFO - Started process (PID=485) to work on /usr/local/lib/python3.6/dist-packages/airflow/example_dags/example_trigger_controller_dag.py
[2021-03-08 03:23:20,978] {scheduler_job.py:629} INFO - Processing file /usr/local/lib/python3.6/dist-packages/airflow/example_dags/example_trigger_controller_dag.py for tasks to queue
[2021-03-08 03:23:20,978] {logging_mixin.py:104} INFO - [2021-03-08 03:23:20,978] {dagbag.py:448} INFO - Filling up the DagBag from /usr/local/lib/python3.6/dist-packages/airflow/example_dags/example_trigger_controller_dag.py
[2021-03-08 03:23:20,984] {scheduler_job.py:639} INFO - DAG(s) dict_keys(['example_trigger_controller_dag']) retrieved from /usr/local/lib/python3.6/dist-packages/airflow/example_dags/example_trigger_controller_dag.py
[2021-03-08 03:23:20,994] {logging_mixin.py:104} INFO - [2021-03-08 03:23:20,994] {dag.py:1818} INFO - Sync 1 DAGs
[2021-03-08 03:23:21,002] {logging_mixin.py:104} INFO - [2021-03-08 03:23:21,002] {dag.py:2273} INFO - Setting next_dagrun for example_trigger_controller_dag to 2021-03-06 00:00:00+00:00
[2021-03-08 03:23:21,007] {scheduler_job.py:190} INFO - Processing /usr/local/lib/python3.6/dist-packages/airflow/example_dags/example_trigger_controller_dag.py took 0.032 seconds
[2021-03-08 03:23:51,736] {scheduler_job.py:182} INFO - Started process (PID=544) to work on /usr/local/lib/python3.6/dist-packages/airflow/example_dags/example_trigger_controller_dag.py
[2021-03-08 03:23:51,737] {scheduler_job.py:629} INFO - Processing file /usr/local/lib/python3.6/dist-packages/airflow/example_dags/example_trigger_controller_dag.py for tasks to queue
[2021-03-08 03:23:51,738] {logging_mixin.py:104} INFO - [2021-03-08 03:23:51,737] {dagbag.py:448} INFO - Filling up the DagBag from /usr/local/lib/python3.6/dist-packages/airflow/example_dags/example_trigger_controller_dag.py
[2021-03-08 03:23:51,743] {scheduler_job.py:639} INFO - DAG(s) dict_keys(['example_trigger_controller_dag']) retrieved from /usr/local/lib/python3.6/dist-packages/airflow/example_dags/example_trigger_controller_dag.py
[2021-03-08 03:23:51,756] {logging_mixin.py:104} INFO - [2021-03-08 03:23:51,756] {dag.py:1818} INFO - Sync 1 DAGs
[2021-03-08 03:23:51,764] {logging_mixin.py:104} INFO - [2021-03-08 03:23:51,764] {dag.py:2273} INFO - Setting next_dagrun for example_trigger_controller_dag to 2021-03-06 00:00:00+00:00
[2021-03-08 03:23:51,768] {scheduler_job.py:190} INFO - Processing /usr/local/lib/python3.6/dist-packages/airflow/example_dags/example_trigger_controller_dag.py took 0.034 seconds
[2021-03-08 03:24:22,403] {scheduler_job.py:182} INFO - Started process (PID=602) to work on /usr/local/lib/python3.6/dist-packages/airflow/example_dags/example_trigger_controller_dag.py
[2021-03-08 03:24:22,404] {scheduler_job.py:629} INFO - Processing file /usr/local/lib/python3.6/dist-packages/airflow/example_dags/example_trigger_controller_dag.py for tasks to queue
[2021-03-08 03:24:22,404] {logging_mixin.py:104} INFO - [2021-03-08 03:24:22,404] {dagbag.py:448} INFO - Filling up the DagBag from /usr/local/lib/python3.6/dist-packages/airflow/example_dags/example_trigger_controller_dag.py
[2021-03-08 03:24:22,410] {scheduler_job.py:639} INFO - DAG(s) dict_keys(['example_trigger_controller_dag']) retrieved from /usr/local/lib/python3.6/dist-packages/airflow/example_dags/example_trigger_controller_dag.py
[2021-03-08 03:24:22,421] {logging_mixin.py:104} INFO - [2021-03-08 03:24:22,421] {dag.py:1818} INFO - Sync 1 DAGs
[2021-03-08 03:24:22,430] {logging_mixin.py:104} INFO - [2021-03-08 03:24:22,430] {dag.py:2273} INFO - Setting next_dagrun for example_trigger_controller_dag to 2021-03-06 00:00:00+00:00
[2021-03-08 03:24:22,435] {scheduler_job.py:190} INFO - Processing /usr/local/lib/python3.6/dist-packages/airflow/example_dags/example_trigger_controller_dag.py took 0.034 seconds
[2021-03-08 03:24:53,174] {scheduler_job.py:182} INFO - Started process (PID=669) to work on /usr/local/lib/python3.6/dist-packages/airflow/example_dags/example_trigger_controller_dag.py
[2021-03-08 03:24:53,175] {scheduler_job.py:629} INFO - Processing file /usr/local/lib/python3.6/dist-packages/airflow/example_dags/example_trigger_controller_dag.py for tasks to queue
[2021-03-08 03:24:53,176] {logging_mixin.py:104} INFO - [2021-03-08 03:24:53,175] {dagbag.py:448} INFO - Filling up the DagBag from /usr/local/lib/python3.6/dist-packages/airflow/example_dags/example_trigger_controller_dag.py
[2021-03-08 03:24:53,183] {scheduler_job.py:639} INFO - DAG(s) dict_keys(['example_trigger_controller_dag']) retrieved from /usr/local/lib/python3.6/dist-packages/airflow/example_dags/example_trigger_controller_dag.py
[2021-03-08 03:24:53,203] {logging_mixin.py:104} INFO - [2021-03-08 03:24:53,203] {dag.py:1818} INFO - Sync 1 DAGs
[2021-03-08 03:24:53,223] {logging_mixin.py:104} INFO - [2021-03-08 03:24:53,223] {dag.py:2273} INFO - Setting next_dagrun for example_trigger_controller_dag to 2021-03-06 00:00:00+00:00
[2021-03-08 03:24:53,229] {scheduler_job.py:190} INFO - Processing /usr/local/lib/python3.6/dist-packages/airflow/example_dags/example_trigger_controller_dag.py took 0.057 seconds
[2021-03-08 03:25:23,995] {scheduler_job.py:182} INFO - Started process (PID=728) to work on /usr/local/lib/python3.6/dist-packages/airflow/example_dags/example_trigger_controller_dag.py
[2021-03-08 03:25:23,996] {scheduler_job.py:629} INFO - Processing file /usr/local/lib/python3.6/dist-packages/airflow/example_dags/example_trigger_controller_dag.py for tasks to queue
[2021-03-08 03:25:23,996] {logging_mixin.py:104} INFO - [2021-03-08 03:25:23,996] {dagbag.py:448} INFO - Filling up the DagBag from /usr/local/lib/python3.6/dist-packages/airflow/example_dags/example_trigger_controller_dag.py
[2021-03-08 03:25:24,002] {scheduler_job.py:639} INFO - DAG(s) dict_keys(['example_trigger_controller_dag']) retrieved from /usr/local/lib/python3.6/dist-packages/airflow/example_dags/example_trigger_controller_dag.py
[2021-03-08 03:25:24,013] {logging_mixin.py:104} INFO - [2021-03-08 03:25:24,013] {dag.py:1818} INFO - Sync 1 DAGs
[2021-03-08 03:25:24,022] {logging_mixin.py:104} INFO - [2021-03-08 03:25:24,021] {dag.py:2273} INFO - Setting next_dagrun for example_trigger_controller_dag to 2021-03-06 00:00:00+00:00
[2021-03-08 03:25:24,027] {scheduler_job.py:190} INFO - Processing /usr/local/lib/python3.6/dist-packages/airflow/example_dags/example_trigger_controller_dag.py took 0.034 seconds
[2021-03-08 03:25:54,854] {scheduler_job.py:182} INFO - Started process (PID=787) to work on /usr/local/lib/python3.6/dist-packages/airflow/example_dags/example_trigger_controller_dag.py
[2021-03-08 03:25:54,855] {scheduler_job.py:629} INFO - Processing file /usr/local/lib/python3.6/dist-packages/airflow/example_dags/example_trigger_controller_dag.py for tasks to queue
[2021-03-08 03:25:54,855] {logging_mixin.py:104} INFO - [2021-03-08 03:25:54,855] {dagbag.py:448} INFO - Filling up the DagBag from /usr/local/lib/python3.6/dist-packages/airflow/example_dags/example_trigger_controller_dag.py
[2021-03-08 03:25:54,861] {scheduler_job.py:639} INFO - DAG(s) dict_keys(['example_trigger_controller_dag']) retrieved from /usr/local/lib/python3.6/dist-packages/airflow/example_dags/example_trigger_controller_dag.py
[2021-03-08 03:25:54,874] {logging_mixin.py:104} INFO - [2021-03-08 03:25:54,873] {dag.py:1818} INFO - Sync 1 DAGs
[2021-03-08 03:25:54,883] {logging_mixin.py:104} INFO - [2021-03-08 03:25:54,882] {dag.py:2273} INFO - Setting next_dagrun for example_trigger_controller_dag to 2021-03-06 00:00:00+00:00
[2021-03-08 03:25:54,890] {scheduler_job.py:190} INFO - Processing /usr/local/lib/python3.6/dist-packages/airflow/example_dags/example_trigger_controller_dag.py took 0.039 seconds
