[2021-03-08 03:06:28,702] {scheduler_job.py:182} INFO - Started process (PID=95) to work on /usr/local/lib/python3.6/dist-packages/airflow/example_dags/example_subdag_operator.py
[2021-03-08 03:06:28,704] {scheduler_job.py:629} INFO - Processing file /usr/local/lib/python3.6/dist-packages/airflow/example_dags/example_subdag_operator.py for tasks to queue
[2021-03-08 03:06:28,706] {logging_mixin.py:104} INFO - [2021-03-08 03:06:28,706] {dagbag.py:448} INFO - Filling up the DagBag from /usr/local/lib/python3.6/dist-packages/airflow/example_dags/example_subdag_operator.py
[2021-03-08 03:06:28,734] {scheduler_job.py:639} INFO - DAG(s) dict_keys(['example_subdag_operator.section-1', 'example_subdag_operator.section-2', 'example_subdag_operator']) retrieved from /usr/local/lib/python3.6/dist-packages/airflow/example_dags/example_subdag_operator.py
[2021-03-08 03:06:28,736] {logging_mixin.py:104} INFO - [2021-03-08 03:06:28,736] {dag.py:1818} INFO - Sync 3 DAGs
[2021-03-08 03:06:28,744] {logging_mixin.py:104} INFO - [2021-03-08 03:06:28,744] {dag.py:2273} INFO - Setting next_dagrun for example_subdag_operator to 2021-03-06 00:00:00+00:00
[2021-03-08 03:06:28,745] {logging_mixin.py:104} INFO - [2021-03-08 03:06:28,745] {dag.py:2273} INFO - Setting next_dagrun for example_subdag_operator.section-1 to None
[2021-03-08 03:06:28,745] {logging_mixin.py:104} INFO - [2021-03-08 03:06:28,745] {dag.py:2273} INFO - Setting next_dagrun for example_subdag_operator.section-2 to None
[2021-03-08 03:06:28,748] {logging_mixin.py:104} INFO - [2021-03-08 03:06:28,748] {dag.py:1818} INFO - Sync 2 DAGs
[2021-03-08 03:06:28,752] {logging_mixin.py:104} INFO - [2021-03-08 03:06:28,752] {dag.py:2273} INFO - Setting next_dagrun for example_subdag_operator.section-1 to None
[2021-03-08 03:06:28,752] {logging_mixin.py:104} INFO - [2021-03-08 03:06:28,752] {dag.py:2273} INFO - Setting next_dagrun for example_subdag_operator.section-2 to None
[2021-03-08 03:06:28,754] {scheduler_job.py:190} INFO - Processing /usr/local/lib/python3.6/dist-packages/airflow/example_dags/example_subdag_operator.py took 0.057 seconds
[2021-03-08 03:06:59,507] {scheduler_job.py:182} INFO - Started process (PID=154) to work on /usr/local/lib/python3.6/dist-packages/airflow/example_dags/example_subdag_operator.py
[2021-03-08 03:06:59,510] {scheduler_job.py:629} INFO - Processing file /usr/local/lib/python3.6/dist-packages/airflow/example_dags/example_subdag_operator.py for tasks to queue
[2021-03-08 03:06:59,511] {logging_mixin.py:104} INFO - [2021-03-08 03:06:59,511] {dagbag.py:448} INFO - Filling up the DagBag from /usr/local/lib/python3.6/dist-packages/airflow/example_dags/example_subdag_operator.py
[2021-03-08 03:06:59,528] {scheduler_job.py:639} INFO - DAG(s) dict_keys(['example_subdag_operator.section-1', 'example_subdag_operator.section-2', 'example_subdag_operator']) retrieved from /usr/local/lib/python3.6/dist-packages/airflow/example_dags/example_subdag_operator.py
[2021-03-08 03:06:59,535] {logging_mixin.py:104} INFO - [2021-03-08 03:06:59,535] {dag.py:1818} INFO - Sync 3 DAGs
[2021-03-08 03:06:59,542] {logging_mixin.py:104} INFO - [2021-03-08 03:06:59,542] {dag.py:2273} INFO - Setting next_dagrun for example_subdag_operator to 2021-03-06 00:00:00+00:00
[2021-03-08 03:06:59,542] {logging_mixin.py:104} INFO - [2021-03-08 03:06:59,542] {dag.py:2273} INFO - Setting next_dagrun for example_subdag_operator.section-1 to None
[2021-03-08 03:06:59,542] {logging_mixin.py:104} INFO - [2021-03-08 03:06:59,542] {dag.py:2273} INFO - Setting next_dagrun for example_subdag_operator.section-2 to None
[2021-03-08 03:06:59,545] {logging_mixin.py:104} INFO - [2021-03-08 03:06:59,545] {dag.py:1818} INFO - Sync 2 DAGs
[2021-03-08 03:06:59,548] {logging_mixin.py:104} INFO - [2021-03-08 03:06:59,548] {dag.py:2273} INFO - Setting next_dagrun for example_subdag_operator.section-1 to None
[2021-03-08 03:06:59,548] {logging_mixin.py:104} INFO - [2021-03-08 03:06:59,548] {dag.py:2273} INFO - Setting next_dagrun for example_subdag_operator.section-2 to None
[2021-03-08 03:06:59,551] {scheduler_job.py:190} INFO - Processing /usr/local/lib/python3.6/dist-packages/airflow/example_dags/example_subdag_operator.py took 0.049 seconds
[2021-03-08 03:07:30,404] {scheduler_job.py:182} INFO - Started process (PID=222) to work on /usr/local/lib/python3.6/dist-packages/airflow/example_dags/example_subdag_operator.py
[2021-03-08 03:07:30,406] {scheduler_job.py:629} INFO - Processing file /usr/local/lib/python3.6/dist-packages/airflow/example_dags/example_subdag_operator.py for tasks to queue
[2021-03-08 03:07:30,407] {logging_mixin.py:104} INFO - [2021-03-08 03:07:30,407] {dagbag.py:448} INFO - Filling up the DagBag from /usr/local/lib/python3.6/dist-packages/airflow/example_dags/example_subdag_operator.py
[2021-03-08 03:07:30,438] {scheduler_job.py:639} INFO - DAG(s) dict_keys(['example_subdag_operator.section-1', 'example_subdag_operator.section-2', 'example_subdag_operator']) retrieved from /usr/local/lib/python3.6/dist-packages/airflow/example_dags/example_subdag_operator.py
[2021-03-08 03:07:30,446] {logging_mixin.py:104} INFO - [2021-03-08 03:07:30,445] {dag.py:1818} INFO - Sync 3 DAGs
[2021-03-08 03:07:30,453] {logging_mixin.py:104} INFO - [2021-03-08 03:07:30,453] {dag.py:2273} INFO - Setting next_dagrun for example_subdag_operator to 2021-03-06 00:00:00+00:00
[2021-03-08 03:07:30,453] {logging_mixin.py:104} INFO - [2021-03-08 03:07:30,453] {dag.py:2273} INFO - Setting next_dagrun for example_subdag_operator.section-1 to None
[2021-03-08 03:07:30,453] {logging_mixin.py:104} INFO - [2021-03-08 03:07:30,453] {dag.py:2273} INFO - Setting next_dagrun for example_subdag_operator.section-2 to None
[2021-03-08 03:07:30,456] {logging_mixin.py:104} INFO - [2021-03-08 03:07:30,456] {dag.py:1818} INFO - Sync 2 DAGs
[2021-03-08 03:07:30,459] {logging_mixin.py:104} INFO - [2021-03-08 03:07:30,459] {dag.py:2273} INFO - Setting next_dagrun for example_subdag_operator.section-1 to None
[2021-03-08 03:07:30,459] {logging_mixin.py:104} INFO - [2021-03-08 03:07:30,459] {dag.py:2273} INFO - Setting next_dagrun for example_subdag_operator.section-2 to None
[2021-03-08 03:07:30,462] {scheduler_job.py:190} INFO - Processing /usr/local/lib/python3.6/dist-packages/airflow/example_dags/example_subdag_operator.py took 0.064 seconds
[2021-03-08 03:08:01,267] {scheduler_job.py:182} INFO - Started process (PID=282) to work on /usr/local/lib/python3.6/dist-packages/airflow/example_dags/example_subdag_operator.py
[2021-03-08 03:08:01,270] {scheduler_job.py:629} INFO - Processing file /usr/local/lib/python3.6/dist-packages/airflow/example_dags/example_subdag_operator.py for tasks to queue
[2021-03-08 03:08:01,271] {logging_mixin.py:104} INFO - [2021-03-08 03:08:01,271] {dagbag.py:448} INFO - Filling up the DagBag from /usr/local/lib/python3.6/dist-packages/airflow/example_dags/example_subdag_operator.py
[2021-03-08 03:08:01,300] {scheduler_job.py:639} INFO - DAG(s) dict_keys(['example_subdag_operator.section-1', 'example_subdag_operator.section-2', 'example_subdag_operator']) retrieved from /usr/local/lib/python3.6/dist-packages/airflow/example_dags/example_subdag_operator.py
[2021-03-08 03:08:01,307] {logging_mixin.py:104} INFO - [2021-03-08 03:08:01,307] {dag.py:1818} INFO - Sync 3 DAGs
[2021-03-08 03:08:01,315] {logging_mixin.py:104} INFO - [2021-03-08 03:08:01,315] {dag.py:2273} INFO - Setting next_dagrun for example_subdag_operator to 2021-03-06 00:00:00+00:00
[2021-03-08 03:08:01,315] {logging_mixin.py:104} INFO - [2021-03-08 03:08:01,315] {dag.py:2273} INFO - Setting next_dagrun for example_subdag_operator.section-1 to None
[2021-03-08 03:08:01,315] {logging_mixin.py:104} INFO - [2021-03-08 03:08:01,315] {dag.py:2273} INFO - Setting next_dagrun for example_subdag_operator.section-2 to None
[2021-03-08 03:08:01,318] {logging_mixin.py:104} INFO - [2021-03-08 03:08:01,318] {dag.py:1818} INFO - Sync 2 DAGs
[2021-03-08 03:08:01,322] {logging_mixin.py:104} INFO - [2021-03-08 03:08:01,322] {dag.py:2273} INFO - Setting next_dagrun for example_subdag_operator.section-1 to None
[2021-03-08 03:08:01,322] {logging_mixin.py:104} INFO - [2021-03-08 03:08:01,322] {dag.py:2273} INFO - Setting next_dagrun for example_subdag_operator.section-2 to None
[2021-03-08 03:08:01,325] {scheduler_job.py:190} INFO - Processing /usr/local/lib/python3.6/dist-packages/airflow/example_dags/example_subdag_operator.py took 0.063 seconds
[2021-03-08 03:08:32,215] {scheduler_job.py:182} INFO - Started process (PID=341) to work on /usr/local/lib/python3.6/dist-packages/airflow/example_dags/example_subdag_operator.py
[2021-03-08 03:08:32,217] {scheduler_job.py:629} INFO - Processing file /usr/local/lib/python3.6/dist-packages/airflow/example_dags/example_subdag_operator.py for tasks to queue
[2021-03-08 03:08:32,218] {logging_mixin.py:104} INFO - [2021-03-08 03:08:32,218] {dagbag.py:448} INFO - Filling up the DagBag from /usr/local/lib/python3.6/dist-packages/airflow/example_dags/example_subdag_operator.py
[2021-03-08 03:08:32,244] {scheduler_job.py:639} INFO - DAG(s) dict_keys(['example_subdag_operator.section-1', 'example_subdag_operator.section-2', 'example_subdag_operator']) retrieved from /usr/local/lib/python3.6/dist-packages/airflow/example_dags/example_subdag_operator.py
[2021-03-08 03:08:32,249] {logging_mixin.py:104} INFO - [2021-03-08 03:08:32,249] {dag.py:1818} INFO - Sync 3 DAGs
[2021-03-08 03:08:32,256] {logging_mixin.py:104} INFO - [2021-03-08 03:08:32,256] {dag.py:2273} INFO - Setting next_dagrun for example_subdag_operator to 2021-03-06 00:00:00+00:00
[2021-03-08 03:08:32,256] {logging_mixin.py:104} INFO - [2021-03-08 03:08:32,256] {dag.py:2273} INFO - Setting next_dagrun for example_subdag_operator.section-1 to None
[2021-03-08 03:08:32,256] {logging_mixin.py:104} INFO - [2021-03-08 03:08:32,256] {dag.py:2273} INFO - Setting next_dagrun for example_subdag_operator.section-2 to None
[2021-03-08 03:08:32,259] {logging_mixin.py:104} INFO - [2021-03-08 03:08:32,259] {dag.py:1818} INFO - Sync 2 DAGs
[2021-03-08 03:08:32,262] {logging_mixin.py:104} INFO - [2021-03-08 03:08:32,262] {dag.py:2273} INFO - Setting next_dagrun for example_subdag_operator.section-1 to None
[2021-03-08 03:08:32,262] {logging_mixin.py:104} INFO - [2021-03-08 03:08:32,262] {dag.py:2273} INFO - Setting next_dagrun for example_subdag_operator.section-2 to None
[2021-03-08 03:08:32,264] {scheduler_job.py:190} INFO - Processing /usr/local/lib/python3.6/dist-packages/airflow/example_dags/example_subdag_operator.py took 0.056 seconds
[2021-03-08 03:09:02,678] {scheduler_job.py:182} INFO - Started process (PID=401) to work on /usr/local/lib/python3.6/dist-packages/airflow/example_dags/example_subdag_operator.py
[2021-03-08 03:09:02,682] {scheduler_job.py:629} INFO - Processing file /usr/local/lib/python3.6/dist-packages/airflow/example_dags/example_subdag_operator.py for tasks to queue
[2021-03-08 03:09:02,684] {logging_mixin.py:104} INFO - [2021-03-08 03:09:02,683] {dagbag.py:448} INFO - Filling up the DagBag from /usr/local/lib/python3.6/dist-packages/airflow/example_dags/example_subdag_operator.py
[2021-03-08 03:09:02,710] {scheduler_job.py:639} INFO - DAG(s) dict_keys(['example_subdag_operator.section-1', 'example_subdag_operator.section-2', 'example_subdag_operator']) retrieved from /usr/local/lib/python3.6/dist-packages/airflow/example_dags/example_subdag_operator.py
[2021-03-08 03:09:02,718] {logging_mixin.py:104} INFO - [2021-03-08 03:09:02,718] {dag.py:1818} INFO - Sync 3 DAGs
[2021-03-08 03:09:02,726] {logging_mixin.py:104} INFO - [2021-03-08 03:09:02,726] {dag.py:2273} INFO - Setting next_dagrun for example_subdag_operator to 2021-03-06 00:00:00+00:00
[2021-03-08 03:09:02,727] {logging_mixin.py:104} INFO - [2021-03-08 03:09:02,727] {dag.py:2273} INFO - Setting next_dagrun for example_subdag_operator.section-1 to None
[2021-03-08 03:09:02,727] {logging_mixin.py:104} INFO - [2021-03-08 03:09:02,727] {dag.py:2273} INFO - Setting next_dagrun for example_subdag_operator.section-2 to None
[2021-03-08 03:09:02,729] {logging_mixin.py:104} INFO - [2021-03-08 03:09:02,729] {dag.py:1818} INFO - Sync 2 DAGs
[2021-03-08 03:09:02,733] {logging_mixin.py:104} INFO - [2021-03-08 03:09:02,733] {dag.py:2273} INFO - Setting next_dagrun for example_subdag_operator.section-1 to None
[2021-03-08 03:09:02,733] {logging_mixin.py:104} INFO - [2021-03-08 03:09:02,733] {dag.py:2273} INFO - Setting next_dagrun for example_subdag_operator.section-2 to None
[2021-03-08 03:09:02,736] {scheduler_job.py:190} INFO - Processing /usr/local/lib/python3.6/dist-packages/airflow/example_dags/example_subdag_operator.py took 0.063 seconds
[2021-03-08 03:09:32,982] {scheduler_job.py:182} INFO - Started process (PID=462) to work on /usr/local/lib/python3.6/dist-packages/airflow/example_dags/example_subdag_operator.py
[2021-03-08 03:09:32,985] {scheduler_job.py:629} INFO - Processing file /usr/local/lib/python3.6/dist-packages/airflow/example_dags/example_subdag_operator.py for tasks to queue
[2021-03-08 03:09:32,986] {logging_mixin.py:104} INFO - [2021-03-08 03:09:32,986] {dagbag.py:448} INFO - Filling up the DagBag from /usr/local/lib/python3.6/dist-packages/airflow/example_dags/example_subdag_operator.py
[2021-03-08 03:09:33,017] {scheduler_job.py:639} INFO - DAG(s) dict_keys(['example_subdag_operator.section-1', 'example_subdag_operator.section-2', 'example_subdag_operator']) retrieved from /usr/local/lib/python3.6/dist-packages/airflow/example_dags/example_subdag_operator.py
[2021-03-08 03:09:33,025] {logging_mixin.py:104} INFO - [2021-03-08 03:09:33,024] {dag.py:1818} INFO - Sync 3 DAGs
[2021-03-08 03:09:33,032] {logging_mixin.py:104} INFO - [2021-03-08 03:09:33,032] {dag.py:2273} INFO - Setting next_dagrun for example_subdag_operator to 2021-03-06 00:00:00+00:00
[2021-03-08 03:09:33,033] {logging_mixin.py:104} INFO - [2021-03-08 03:09:33,033] {dag.py:2273} INFO - Setting next_dagrun for example_subdag_operator.section-1 to None
[2021-03-08 03:09:33,033] {logging_mixin.py:104} INFO - [2021-03-08 03:09:33,033] {dag.py:2273} INFO - Setting next_dagrun for example_subdag_operator.section-2 to None
[2021-03-08 03:09:33,036] {logging_mixin.py:104} INFO - [2021-03-08 03:09:33,035] {dag.py:1818} INFO - Sync 2 DAGs
[2021-03-08 03:09:33,039] {logging_mixin.py:104} INFO - [2021-03-08 03:09:33,039] {dag.py:2273} INFO - Setting next_dagrun for example_subdag_operator.section-1 to None
[2021-03-08 03:09:33,039] {logging_mixin.py:104} INFO - [2021-03-08 03:09:33,039] {dag.py:2273} INFO - Setting next_dagrun for example_subdag_operator.section-2 to None
[2021-03-08 03:09:33,041] {scheduler_job.py:190} INFO - Processing /usr/local/lib/python3.6/dist-packages/airflow/example_dags/example_subdag_operator.py took 0.064 seconds
[2021-03-08 03:10:03,207] {scheduler_job.py:182} INFO - Started process (PID=520) to work on /usr/local/lib/python3.6/dist-packages/airflow/example_dags/example_subdag_operator.py
[2021-03-08 03:10:03,209] {scheduler_job.py:629} INFO - Processing file /usr/local/lib/python3.6/dist-packages/airflow/example_dags/example_subdag_operator.py for tasks to queue
[2021-03-08 03:10:03,210] {logging_mixin.py:104} INFO - [2021-03-08 03:10:03,210] {dagbag.py:448} INFO - Filling up the DagBag from /usr/local/lib/python3.6/dist-packages/airflow/example_dags/example_subdag_operator.py
[2021-03-08 03:10:03,241] {scheduler_job.py:639} INFO - DAG(s) dict_keys(['example_subdag_operator.section-1', 'example_subdag_operator.section-2', 'example_subdag_operator']) retrieved from /usr/local/lib/python3.6/dist-packages/airflow/example_dags/example_subdag_operator.py
[2021-03-08 03:10:03,249] {logging_mixin.py:104} INFO - [2021-03-08 03:10:03,249] {dag.py:1818} INFO - Sync 3 DAGs
[2021-03-08 03:10:03,256] {logging_mixin.py:104} INFO - [2021-03-08 03:10:03,256] {dag.py:2273} INFO - Setting next_dagrun for example_subdag_operator to 2021-03-06 00:00:00+00:00
[2021-03-08 03:10:03,257] {logging_mixin.py:104} INFO - [2021-03-08 03:10:03,257] {dag.py:2273} INFO - Setting next_dagrun for example_subdag_operator.section-1 to None
[2021-03-08 03:10:03,257] {logging_mixin.py:104} INFO - [2021-03-08 03:10:03,257] {dag.py:2273} INFO - Setting next_dagrun for example_subdag_operator.section-2 to None
[2021-03-08 03:10:03,260] {logging_mixin.py:104} INFO - [2021-03-08 03:10:03,260] {dag.py:1818} INFO - Sync 2 DAGs
[2021-03-08 03:10:03,263] {logging_mixin.py:104} INFO - [2021-03-08 03:10:03,263] {dag.py:2273} INFO - Setting next_dagrun for example_subdag_operator.section-1 to None
[2021-03-08 03:10:03,263] {logging_mixin.py:104} INFO - [2021-03-08 03:10:03,263] {dag.py:2273} INFO - Setting next_dagrun for example_subdag_operator.section-2 to None
[2021-03-08 03:10:03,265] {scheduler_job.py:190} INFO - Processing /usr/local/lib/python3.6/dist-packages/airflow/example_dags/example_subdag_operator.py took 0.064 seconds
[2021-03-08 03:10:33,495] {scheduler_job.py:182} INFO - Started process (PID=579) to work on /usr/local/lib/python3.6/dist-packages/airflow/example_dags/example_subdag_operator.py
[2021-03-08 03:10:33,497] {scheduler_job.py:629} INFO - Processing file /usr/local/lib/python3.6/dist-packages/airflow/example_dags/example_subdag_operator.py for tasks to queue
[2021-03-08 03:10:33,499] {logging_mixin.py:104} INFO - [2021-03-08 03:10:33,498] {dagbag.py:448} INFO - Filling up the DagBag from /usr/local/lib/python3.6/dist-packages/airflow/example_dags/example_subdag_operator.py
[2021-03-08 03:10:33,526] {scheduler_job.py:639} INFO - DAG(s) dict_keys(['example_subdag_operator.section-1', 'example_subdag_operator.section-2', 'example_subdag_operator']) retrieved from /usr/local/lib/python3.6/dist-packages/airflow/example_dags/example_subdag_operator.py
[2021-03-08 03:10:33,535] {logging_mixin.py:104} INFO - [2021-03-08 03:10:33,535] {dag.py:1818} INFO - Sync 3 DAGs
[2021-03-08 03:10:33,542] {logging_mixin.py:104} INFO - [2021-03-08 03:10:33,542] {dag.py:2273} INFO - Setting next_dagrun for example_subdag_operator to 2021-03-06 00:00:00+00:00
[2021-03-08 03:10:33,543] {logging_mixin.py:104} INFO - [2021-03-08 03:10:33,542] {dag.py:2273} INFO - Setting next_dagrun for example_subdag_operator.section-1 to None
[2021-03-08 03:10:33,543] {logging_mixin.py:104} INFO - [2021-03-08 03:10:33,543] {dag.py:2273} INFO - Setting next_dagrun for example_subdag_operator.section-2 to None
[2021-03-08 03:10:33,545] {logging_mixin.py:104} INFO - [2021-03-08 03:10:33,545] {dag.py:1818} INFO - Sync 2 DAGs
[2021-03-08 03:10:33,549] {logging_mixin.py:104} INFO - [2021-03-08 03:10:33,549] {dag.py:2273} INFO - Setting next_dagrun for example_subdag_operator.section-1 to None
[2021-03-08 03:10:33,549] {logging_mixin.py:104} INFO - [2021-03-08 03:10:33,549] {dag.py:2273} INFO - Setting next_dagrun for example_subdag_operator.section-2 to None
[2021-03-08 03:10:33,552] {scheduler_job.py:190} INFO - Processing /usr/local/lib/python3.6/dist-packages/airflow/example_dags/example_subdag_operator.py took 0.062 seconds
[2021-03-08 03:11:03,943] {scheduler_job.py:182} INFO - Started process (PID=638) to work on /usr/local/lib/python3.6/dist-packages/airflow/example_dags/example_subdag_operator.py
[2021-03-08 03:11:03,945] {scheduler_job.py:629} INFO - Processing file /usr/local/lib/python3.6/dist-packages/airflow/example_dags/example_subdag_operator.py for tasks to queue
[2021-03-08 03:11:03,947] {logging_mixin.py:104} INFO - [2021-03-08 03:11:03,947] {dagbag.py:448} INFO - Filling up the DagBag from /usr/local/lib/python3.6/dist-packages/airflow/example_dags/example_subdag_operator.py
[2021-03-08 03:11:03,978] {scheduler_job.py:639} INFO - DAG(s) dict_keys(['example_subdag_operator.section-1', 'example_subdag_operator.section-2', 'example_subdag_operator']) retrieved from /usr/local/lib/python3.6/dist-packages/airflow/example_dags/example_subdag_operator.py
[2021-03-08 03:11:03,985] {logging_mixin.py:104} INFO - [2021-03-08 03:11:03,985] {dag.py:1818} INFO - Sync 3 DAGs
[2021-03-08 03:11:03,993] {logging_mixin.py:104} INFO - [2021-03-08 03:11:03,993] {dag.py:2273} INFO - Setting next_dagrun for example_subdag_operator to 2021-03-06 00:00:00+00:00
[2021-03-08 03:11:03,994] {logging_mixin.py:104} INFO - [2021-03-08 03:11:03,994] {dag.py:2273} INFO - Setting next_dagrun for example_subdag_operator.section-1 to None
[2021-03-08 03:11:03,994] {logging_mixin.py:104} INFO - [2021-03-08 03:11:03,994] {dag.py:2273} INFO - Setting next_dagrun for example_subdag_operator.section-2 to None
[2021-03-08 03:11:03,997] {logging_mixin.py:104} INFO - [2021-03-08 03:11:03,996] {dag.py:1818} INFO - Sync 2 DAGs
[2021-03-08 03:11:04,000] {logging_mixin.py:104} INFO - [2021-03-08 03:11:04,000] {dag.py:2273} INFO - Setting next_dagrun for example_subdag_operator.section-1 to None
[2021-03-08 03:11:04,000] {logging_mixin.py:104} INFO - [2021-03-08 03:11:04,000] {dag.py:2273} INFO - Setting next_dagrun for example_subdag_operator.section-2 to None
[2021-03-08 03:11:04,002] {scheduler_job.py:190} INFO - Processing /usr/local/lib/python3.6/dist-packages/airflow/example_dags/example_subdag_operator.py took 0.065 seconds
[2021-03-08 03:17:39,836] {scheduler_job.py:182} INFO - Started process (PID=41) to work on /usr/local/lib/python3.6/dist-packages/airflow/example_dags/example_subdag_operator.py
[2021-03-08 03:17:39,836] {scheduler_job.py:629} INFO - Processing file /usr/local/lib/python3.6/dist-packages/airflow/example_dags/example_subdag_operator.py for tasks to queue
[2021-03-08 03:17:39,837] {logging_mixin.py:104} INFO - [2021-03-08 03:17:39,837] {dagbag.py:448} INFO - Filling up the DagBag from /usr/local/lib/python3.6/dist-packages/airflow/example_dags/example_subdag_operator.py
[2021-03-08 03:17:39,855] {scheduler_job.py:639} INFO - DAG(s) dict_keys(['example_subdag_operator.section-1', 'example_subdag_operator.section-2', 'example_subdag_operator']) retrieved from /usr/local/lib/python3.6/dist-packages/airflow/example_dags/example_subdag_operator.py
[2021-03-08 03:17:39,858] {logging_mixin.py:104} INFO - [2021-03-08 03:17:39,858] {dag.py:1818} INFO - Sync 3 DAGs
[2021-03-08 03:17:39,866] {logging_mixin.py:104} INFO - [2021-03-08 03:17:39,866] {dag.py:2273} INFO - Setting next_dagrun for example_subdag_operator to 2021-03-06 00:00:00+00:00
[2021-03-08 03:17:39,867] {logging_mixin.py:104} INFO - [2021-03-08 03:17:39,867] {dag.py:2273} INFO - Setting next_dagrun for example_subdag_operator.section-1 to None
[2021-03-08 03:17:39,867] {logging_mixin.py:104} INFO - [2021-03-08 03:17:39,867] {dag.py:2273} INFO - Setting next_dagrun for example_subdag_operator.section-2 to None
[2021-03-08 03:17:39,871] {logging_mixin.py:104} INFO - [2021-03-08 03:17:39,871] {dag.py:1818} INFO - Sync 2 DAGs
[2021-03-08 03:17:39,875] {logging_mixin.py:104} INFO - [2021-03-08 03:17:39,875] {dag.py:2273} INFO - Setting next_dagrun for example_subdag_operator.section-1 to None
[2021-03-08 03:17:39,875] {logging_mixin.py:104} INFO - [2021-03-08 03:17:39,875] {dag.py:2273} INFO - Setting next_dagrun for example_subdag_operator.section-2 to None
[2021-03-08 03:17:39,879] {scheduler_job.py:190} INFO - Processing /usr/local/lib/python3.6/dist-packages/airflow/example_dags/example_subdag_operator.py took 0.045 seconds
[2021-03-08 03:18:13,072] {scheduler_job.py:182} INFO - Started process (PID=29) to work on /usr/local/lib/python3.6/dist-packages/airflow/example_dags/example_subdag_operator.py
[2021-03-08 03:18:13,073] {scheduler_job.py:629} INFO - Processing file /usr/local/lib/python3.6/dist-packages/airflow/example_dags/example_subdag_operator.py for tasks to queue
[2021-03-08 03:18:13,073] {logging_mixin.py:104} INFO - [2021-03-08 03:18:13,073] {dagbag.py:448} INFO - Filling up the DagBag from /usr/local/lib/python3.6/dist-packages/airflow/example_dags/example_subdag_operator.py
[2021-03-08 03:18:13,122] {scheduler_job.py:639} INFO - DAG(s) dict_keys(['example_subdag_operator.section-1', 'example_subdag_operator.section-2', 'example_subdag_operator']) retrieved from /usr/local/lib/python3.6/dist-packages/airflow/example_dags/example_subdag_operator.py
[2021-03-08 03:18:13,134] {logging_mixin.py:104} INFO - [2021-03-08 03:18:13,134] {dag.py:1818} INFO - Sync 3 DAGs
[2021-03-08 03:18:13,157] {logging_mixin.py:104} INFO - [2021-03-08 03:18:13,157] {dag.py:2273} INFO - Setting next_dagrun for example_subdag_operator to 2021-03-06 00:00:00+00:00
[2021-03-08 03:18:13,157] {logging_mixin.py:104} INFO - [2021-03-08 03:18:13,157] {dag.py:2273} INFO - Setting next_dagrun for example_subdag_operator.section-1 to None
[2021-03-08 03:18:13,157] {logging_mixin.py:104} INFO - [2021-03-08 03:18:13,157] {dag.py:2273} INFO - Setting next_dagrun for example_subdag_operator.section-2 to None
[2021-03-08 03:18:13,162] {logging_mixin.py:104} INFO - [2021-03-08 03:18:13,161] {dag.py:1818} INFO - Sync 2 DAGs
[2021-03-08 03:18:13,169] {logging_mixin.py:104} INFO - [2021-03-08 03:18:13,169] {dag.py:2273} INFO - Setting next_dagrun for example_subdag_operator.section-1 to None
[2021-03-08 03:18:13,169] {logging_mixin.py:104} INFO - [2021-03-08 03:18:13,169] {dag.py:2273} INFO - Setting next_dagrun for example_subdag_operator.section-2 to None
[2021-03-08 03:18:13,179] {scheduler_job.py:190} INFO - Processing /usr/local/lib/python3.6/dist-packages/airflow/example_dags/example_subdag_operator.py took 0.110 seconds
[2021-03-08 03:18:43,976] {scheduler_job.py:182} INFO - Started process (PID=116) to work on /usr/local/lib/python3.6/dist-packages/airflow/example_dags/example_subdag_operator.py
[2021-03-08 03:18:43,977] {scheduler_job.py:629} INFO - Processing file /usr/local/lib/python3.6/dist-packages/airflow/example_dags/example_subdag_operator.py for tasks to queue
[2021-03-08 03:18:43,977] {logging_mixin.py:104} INFO - [2021-03-08 03:18:43,977] {dagbag.py:448} INFO - Filling up the DagBag from /usr/local/lib/python3.6/dist-packages/airflow/example_dags/example_subdag_operator.py
[2021-03-08 03:18:43,995] {scheduler_job.py:639} INFO - DAG(s) dict_keys(['example_subdag_operator.section-1', 'example_subdag_operator.section-2', 'example_subdag_operator']) retrieved from /usr/local/lib/python3.6/dist-packages/airflow/example_dags/example_subdag_operator.py
[2021-03-08 03:18:44,002] {logging_mixin.py:104} INFO - [2021-03-08 03:18:44,002] {dag.py:1818} INFO - Sync 3 DAGs
[2021-03-08 03:18:44,011] {logging_mixin.py:104} INFO - [2021-03-08 03:18:44,011] {dag.py:2273} INFO - Setting next_dagrun for example_subdag_operator to 2021-03-06 00:00:00+00:00
[2021-03-08 03:18:44,012] {logging_mixin.py:104} INFO - [2021-03-08 03:18:44,012] {dag.py:2273} INFO - Setting next_dagrun for example_subdag_operator.section-1 to None
[2021-03-08 03:18:44,012] {logging_mixin.py:104} INFO - [2021-03-08 03:18:44,012] {dag.py:2273} INFO - Setting next_dagrun for example_subdag_operator.section-2 to None
[2021-03-08 03:18:44,016] {logging_mixin.py:104} INFO - [2021-03-08 03:18:44,016] {dag.py:1818} INFO - Sync 2 DAGs
[2021-03-08 03:18:44,021] {logging_mixin.py:104} INFO - [2021-03-08 03:18:44,021] {dag.py:2273} INFO - Setting next_dagrun for example_subdag_operator.section-1 to None
[2021-03-08 03:18:44,021] {logging_mixin.py:104} INFO - [2021-03-08 03:18:44,021] {dag.py:2273} INFO - Setting next_dagrun for example_subdag_operator.section-2 to None
[2021-03-08 03:18:44,025] {scheduler_job.py:190} INFO - Processing /usr/local/lib/python3.6/dist-packages/airflow/example_dags/example_subdag_operator.py took 0.050 seconds
[2021-03-08 03:19:14,637] {scheduler_job.py:182} INFO - Started process (PID=174) to work on /usr/local/lib/python3.6/dist-packages/airflow/example_dags/example_subdag_operator.py
[2021-03-08 03:19:14,637] {scheduler_job.py:629} INFO - Processing file /usr/local/lib/python3.6/dist-packages/airflow/example_dags/example_subdag_operator.py for tasks to queue
[2021-03-08 03:19:14,638] {logging_mixin.py:104} INFO - [2021-03-08 03:19:14,638] {dagbag.py:448} INFO - Filling up the DagBag from /usr/local/lib/python3.6/dist-packages/airflow/example_dags/example_subdag_operator.py
[2021-03-08 03:19:14,655] {scheduler_job.py:639} INFO - DAG(s) dict_keys(['example_subdag_operator.section-1', 'example_subdag_operator.section-2', 'example_subdag_operator']) retrieved from /usr/local/lib/python3.6/dist-packages/airflow/example_dags/example_subdag_operator.py
[2021-03-08 03:19:14,662] {logging_mixin.py:104} INFO - [2021-03-08 03:19:14,662] {dag.py:1818} INFO - Sync 3 DAGs
[2021-03-08 03:19:14,671] {logging_mixin.py:104} INFO - [2021-03-08 03:19:14,671] {dag.py:2273} INFO - Setting next_dagrun for example_subdag_operator to 2021-03-06 00:00:00+00:00
[2021-03-08 03:19:14,671] {logging_mixin.py:104} INFO - [2021-03-08 03:19:14,671] {dag.py:2273} INFO - Setting next_dagrun for example_subdag_operator.section-1 to None
[2021-03-08 03:19:14,671] {logging_mixin.py:104} INFO - [2021-03-08 03:19:14,671] {dag.py:2273} INFO - Setting next_dagrun for example_subdag_operator.section-2 to None
[2021-03-08 03:19:14,675] {logging_mixin.py:104} INFO - [2021-03-08 03:19:14,675] {dag.py:1818} INFO - Sync 2 DAGs
[2021-03-08 03:19:14,680] {logging_mixin.py:104} INFO - [2021-03-08 03:19:14,680] {dag.py:2273} INFO - Setting next_dagrun for example_subdag_operator.section-1 to None
[2021-03-08 03:19:14,680] {logging_mixin.py:104} INFO - [2021-03-08 03:19:14,680] {dag.py:2273} INFO - Setting next_dagrun for example_subdag_operator.section-2 to None
[2021-03-08 03:19:14,684] {scheduler_job.py:190} INFO - Processing /usr/local/lib/python3.6/dist-packages/airflow/example_dags/example_subdag_operator.py took 0.049 seconds
[2021-03-08 03:19:45,718] {scheduler_job.py:182} INFO - Started process (PID=32) to work on /usr/local/lib/python3.6/dist-packages/airflow/example_dags/example_subdag_operator.py
[2021-03-08 03:19:45,719] {scheduler_job.py:629} INFO - Processing file /usr/local/lib/python3.6/dist-packages/airflow/example_dags/example_subdag_operator.py for tasks to queue
[2021-03-08 03:19:45,719] {logging_mixin.py:104} INFO - [2021-03-08 03:19:45,719] {dagbag.py:448} INFO - Filling up the DagBag from /usr/local/lib/python3.6/dist-packages/airflow/example_dags/example_subdag_operator.py
[2021-03-08 03:19:45,747] {scheduler_job.py:639} INFO - DAG(s) dict_keys(['example_subdag_operator.section-1', 'example_subdag_operator.section-2', 'example_subdag_operator']) retrieved from /usr/local/lib/python3.6/dist-packages/airflow/example_dags/example_subdag_operator.py
[2021-03-08 03:19:45,757] {logging_mixin.py:104} INFO - [2021-03-08 03:19:45,757] {dag.py:1818} INFO - Sync 3 DAGs
[2021-03-08 03:19:45,770] {logging_mixin.py:104} INFO - [2021-03-08 03:19:45,770] {dag.py:2273} INFO - Setting next_dagrun for example_subdag_operator to 2021-03-06 00:00:00+00:00
[2021-03-08 03:19:45,771] {logging_mixin.py:104} INFO - [2021-03-08 03:19:45,771] {dag.py:2273} INFO - Setting next_dagrun for example_subdag_operator.section-1 to None
[2021-03-08 03:19:45,771] {logging_mixin.py:104} INFO - [2021-03-08 03:19:45,771] {dag.py:2273} INFO - Setting next_dagrun for example_subdag_operator.section-2 to None
[2021-03-08 03:19:45,777] {logging_mixin.py:104} INFO - [2021-03-08 03:19:45,776] {dag.py:1818} INFO - Sync 2 DAGs
[2021-03-08 03:19:45,784] {logging_mixin.py:104} INFO - [2021-03-08 03:19:45,784] {dag.py:2273} INFO - Setting next_dagrun for example_subdag_operator.section-1 to None
[2021-03-08 03:19:45,784] {logging_mixin.py:104} INFO - [2021-03-08 03:19:45,784] {dag.py:2273} INFO - Setting next_dagrun for example_subdag_operator.section-2 to None
[2021-03-08 03:19:45,789] {scheduler_job.py:190} INFO - Processing /usr/local/lib/python3.6/dist-packages/airflow/example_dags/example_subdag_operator.py took 0.074 seconds
[2021-03-08 03:20:16,539] {scheduler_job.py:182} INFO - Started process (PID=119) to work on /usr/local/lib/python3.6/dist-packages/airflow/example_dags/example_subdag_operator.py
[2021-03-08 03:20:16,540] {scheduler_job.py:629} INFO - Processing file /usr/local/lib/python3.6/dist-packages/airflow/example_dags/example_subdag_operator.py for tasks to queue
[2021-03-08 03:20:16,540] {logging_mixin.py:104} INFO - [2021-03-08 03:20:16,540] {dagbag.py:448} INFO - Filling up the DagBag from /usr/local/lib/python3.6/dist-packages/airflow/example_dags/example_subdag_operator.py
[2021-03-08 03:20:16,561] {scheduler_job.py:639} INFO - DAG(s) dict_keys(['example_subdag_operator.section-1', 'example_subdag_operator.section-2', 'example_subdag_operator']) retrieved from /usr/local/lib/python3.6/dist-packages/airflow/example_dags/example_subdag_operator.py
[2021-03-08 03:20:16,568] {logging_mixin.py:104} INFO - [2021-03-08 03:20:16,568] {dag.py:1818} INFO - Sync 3 DAGs
[2021-03-08 03:20:16,579] {logging_mixin.py:104} INFO - [2021-03-08 03:20:16,579] {dag.py:2273} INFO - Setting next_dagrun for example_subdag_operator to 2021-03-06 00:00:00+00:00
[2021-03-08 03:20:16,580] {logging_mixin.py:104} INFO - [2021-03-08 03:20:16,580] {dag.py:2273} INFO - Setting next_dagrun for example_subdag_operator.section-1 to None
[2021-03-08 03:20:16,580] {logging_mixin.py:104} INFO - [2021-03-08 03:20:16,580] {dag.py:2273} INFO - Setting next_dagrun for example_subdag_operator.section-2 to None
[2021-03-08 03:20:16,584] {logging_mixin.py:104} INFO - [2021-03-08 03:20:16,584] {dag.py:1818} INFO - Sync 2 DAGs
[2021-03-08 03:20:16,589] {logging_mixin.py:104} INFO - [2021-03-08 03:20:16,589] {dag.py:2273} INFO - Setting next_dagrun for example_subdag_operator.section-1 to None
[2021-03-08 03:20:16,589] {logging_mixin.py:104} INFO - [2021-03-08 03:20:16,589] {dag.py:2273} INFO - Setting next_dagrun for example_subdag_operator.section-2 to None
[2021-03-08 03:20:16,593] {scheduler_job.py:190} INFO - Processing /usr/local/lib/python3.6/dist-packages/airflow/example_dags/example_subdag_operator.py took 0.056 seconds
[2021-03-08 03:20:47,252] {scheduler_job.py:182} INFO - Started process (PID=176) to work on /usr/local/lib/python3.6/dist-packages/airflow/example_dags/example_subdag_operator.py
[2021-03-08 03:20:47,255] {scheduler_job.py:629} INFO - Processing file /usr/local/lib/python3.6/dist-packages/airflow/example_dags/example_subdag_operator.py for tasks to queue
[2021-03-08 03:20:47,255] {logging_mixin.py:104} INFO - [2021-03-08 03:20:47,255] {dagbag.py:448} INFO - Filling up the DagBag from /usr/local/lib/python3.6/dist-packages/airflow/example_dags/example_subdag_operator.py
[2021-03-08 03:20:47,270] {scheduler_job.py:639} INFO - DAG(s) dict_keys(['example_subdag_operator.section-1', 'example_subdag_operator.section-2', 'example_subdag_operator']) retrieved from /usr/local/lib/python3.6/dist-packages/airflow/example_dags/example_subdag_operator.py
[2021-03-08 03:20:47,277] {logging_mixin.py:104} INFO - [2021-03-08 03:20:47,277] {dag.py:1818} INFO - Sync 3 DAGs
[2021-03-08 03:20:47,285] {logging_mixin.py:104} INFO - [2021-03-08 03:20:47,285] {dag.py:2273} INFO - Setting next_dagrun for example_subdag_operator to 2021-03-06 00:00:00+00:00
[2021-03-08 03:20:47,286] {logging_mixin.py:104} INFO - [2021-03-08 03:20:47,286] {dag.py:2273} INFO - Setting next_dagrun for example_subdag_operator.section-1 to None
[2021-03-08 03:20:47,286] {logging_mixin.py:104} INFO - [2021-03-08 03:20:47,286] {dag.py:2273} INFO - Setting next_dagrun for example_subdag_operator.section-2 to None
[2021-03-08 03:20:47,290] {logging_mixin.py:104} INFO - [2021-03-08 03:20:47,290] {dag.py:1818} INFO - Sync 2 DAGs
[2021-03-08 03:20:47,294] {logging_mixin.py:104} INFO - [2021-03-08 03:20:47,294] {dag.py:2273} INFO - Setting next_dagrun for example_subdag_operator.section-1 to None
[2021-03-08 03:20:47,294] {logging_mixin.py:104} INFO - [2021-03-08 03:20:47,294] {dag.py:2273} INFO - Setting next_dagrun for example_subdag_operator.section-2 to None
[2021-03-08 03:20:47,297] {scheduler_job.py:190} INFO - Processing /usr/local/lib/python3.6/dist-packages/airflow/example_dags/example_subdag_operator.py took 0.047 seconds
[2021-03-08 03:21:17,901] {scheduler_job.py:182} INFO - Started process (PID=234) to work on /usr/local/lib/python3.6/dist-packages/airflow/example_dags/example_subdag_operator.py
[2021-03-08 03:21:17,902] {scheduler_job.py:629} INFO - Processing file /usr/local/lib/python3.6/dist-packages/airflow/example_dags/example_subdag_operator.py for tasks to queue
[2021-03-08 03:21:17,902] {logging_mixin.py:104} INFO - [2021-03-08 03:21:17,902] {dagbag.py:448} INFO - Filling up the DagBag from /usr/local/lib/python3.6/dist-packages/airflow/example_dags/example_subdag_operator.py
[2021-03-08 03:21:17,920] {scheduler_job.py:639} INFO - DAG(s) dict_keys(['example_subdag_operator.section-1', 'example_subdag_operator.section-2', 'example_subdag_operator']) retrieved from /usr/local/lib/python3.6/dist-packages/airflow/example_dags/example_subdag_operator.py
[2021-03-08 03:21:17,927] {logging_mixin.py:104} INFO - [2021-03-08 03:21:17,927] {dag.py:1818} INFO - Sync 3 DAGs
[2021-03-08 03:21:17,936] {logging_mixin.py:104} INFO - [2021-03-08 03:21:17,936] {dag.py:2273} INFO - Setting next_dagrun for example_subdag_operator to 2021-03-06 00:00:00+00:00
[2021-03-08 03:21:17,937] {logging_mixin.py:104} INFO - [2021-03-08 03:21:17,936] {dag.py:2273} INFO - Setting next_dagrun for example_subdag_operator.section-1 to None
[2021-03-08 03:21:17,937] {logging_mixin.py:104} INFO - [2021-03-08 03:21:17,937] {dag.py:2273} INFO - Setting next_dagrun for example_subdag_operator.section-2 to None
[2021-03-08 03:21:17,940] {logging_mixin.py:104} INFO - [2021-03-08 03:21:17,940] {dag.py:1818} INFO - Sync 2 DAGs
[2021-03-08 03:21:17,945] {logging_mixin.py:104} INFO - [2021-03-08 03:21:17,945] {dag.py:2273} INFO - Setting next_dagrun for example_subdag_operator.section-1 to None
[2021-03-08 03:21:17,945] {logging_mixin.py:104} INFO - [2021-03-08 03:21:17,945] {dag.py:2273} INFO - Setting next_dagrun for example_subdag_operator.section-2 to None
[2021-03-08 03:21:17,949] {scheduler_job.py:190} INFO - Processing /usr/local/lib/python3.6/dist-packages/airflow/example_dags/example_subdag_operator.py took 0.049 seconds
[2021-03-08 03:21:48,601] {scheduler_job.py:182} INFO - Started process (PID=292) to work on /usr/local/lib/python3.6/dist-packages/airflow/example_dags/example_subdag_operator.py
[2021-03-08 03:21:48,601] {scheduler_job.py:629} INFO - Processing file /usr/local/lib/python3.6/dist-packages/airflow/example_dags/example_subdag_operator.py for tasks to queue
[2021-03-08 03:21:48,601] {logging_mixin.py:104} INFO - [2021-03-08 03:21:48,601] {dagbag.py:448} INFO - Filling up the DagBag from /usr/local/lib/python3.6/dist-packages/airflow/example_dags/example_subdag_operator.py
[2021-03-08 03:21:48,621] {scheduler_job.py:639} INFO - DAG(s) dict_keys(['example_subdag_operator.section-1', 'example_subdag_operator.section-2', 'example_subdag_operator']) retrieved from /usr/local/lib/python3.6/dist-packages/airflow/example_dags/example_subdag_operator.py
[2021-03-08 03:21:48,628] {logging_mixin.py:104} INFO - [2021-03-08 03:21:48,628] {dag.py:1818} INFO - Sync 3 DAGs
[2021-03-08 03:21:48,638] {logging_mixin.py:104} INFO - [2021-03-08 03:21:48,638] {dag.py:2273} INFO - Setting next_dagrun for example_subdag_operator to 2021-03-06 00:00:00+00:00
[2021-03-08 03:21:48,639] {logging_mixin.py:104} INFO - [2021-03-08 03:21:48,638] {dag.py:2273} INFO - Setting next_dagrun for example_subdag_operator.section-1 to None
[2021-03-08 03:21:48,639] {logging_mixin.py:104} INFO - [2021-03-08 03:21:48,639] {dag.py:2273} INFO - Setting next_dagrun for example_subdag_operator.section-2 to None
[2021-03-08 03:21:48,643] {logging_mixin.py:104} INFO - [2021-03-08 03:21:48,643] {dag.py:1818} INFO - Sync 2 DAGs
[2021-03-08 03:21:48,650] {logging_mixin.py:104} INFO - [2021-03-08 03:21:48,650] {dag.py:2273} INFO - Setting next_dagrun for example_subdag_operator.section-1 to None
[2021-03-08 03:21:48,650] {logging_mixin.py:104} INFO - [2021-03-08 03:21:48,650] {dag.py:2273} INFO - Setting next_dagrun for example_subdag_operator.section-2 to None
[2021-03-08 03:21:48,654] {scheduler_job.py:190} INFO - Processing /usr/local/lib/python3.6/dist-packages/airflow/example_dags/example_subdag_operator.py took 0.055 seconds
[2021-03-08 03:22:19,290] {scheduler_job.py:182} INFO - Started process (PID=351) to work on /usr/local/lib/python3.6/dist-packages/airflow/example_dags/example_subdag_operator.py
[2021-03-08 03:22:19,291] {scheduler_job.py:629} INFO - Processing file /usr/local/lib/python3.6/dist-packages/airflow/example_dags/example_subdag_operator.py for tasks to queue
[2021-03-08 03:22:19,291] {logging_mixin.py:104} INFO - [2021-03-08 03:22:19,291] {dagbag.py:448} INFO - Filling up the DagBag from /usr/local/lib/python3.6/dist-packages/airflow/example_dags/example_subdag_operator.py
[2021-03-08 03:22:19,307] {scheduler_job.py:639} INFO - DAG(s) dict_keys(['example_subdag_operator.section-1', 'example_subdag_operator.section-2', 'example_subdag_operator']) retrieved from /usr/local/lib/python3.6/dist-packages/airflow/example_dags/example_subdag_operator.py
[2021-03-08 03:22:19,314] {logging_mixin.py:104} INFO - [2021-03-08 03:22:19,314] {dag.py:1818} INFO - Sync 3 DAGs
[2021-03-08 03:22:19,322] {logging_mixin.py:104} INFO - [2021-03-08 03:22:19,322] {dag.py:2273} INFO - Setting next_dagrun for example_subdag_operator to 2021-03-06 00:00:00+00:00
[2021-03-08 03:22:19,322] {logging_mixin.py:104} INFO - [2021-03-08 03:22:19,322] {dag.py:2273} INFO - Setting next_dagrun for example_subdag_operator.section-1 to None
[2021-03-08 03:22:19,322] {logging_mixin.py:104} INFO - [2021-03-08 03:22:19,322] {dag.py:2273} INFO - Setting next_dagrun for example_subdag_operator.section-2 to None
[2021-03-08 03:22:19,326] {logging_mixin.py:104} INFO - [2021-03-08 03:22:19,326] {dag.py:1818} INFO - Sync 2 DAGs
[2021-03-08 03:22:19,330] {logging_mixin.py:104} INFO - [2021-03-08 03:22:19,330] {dag.py:2273} INFO - Setting next_dagrun for example_subdag_operator.section-1 to None
[2021-03-08 03:22:19,331] {logging_mixin.py:104} INFO - [2021-03-08 03:22:19,331] {dag.py:2273} INFO - Setting next_dagrun for example_subdag_operator.section-2 to None
[2021-03-08 03:22:19,334] {scheduler_job.py:190} INFO - Processing /usr/local/lib/python3.6/dist-packages/airflow/example_dags/example_subdag_operator.py took 0.045 seconds
[2021-03-08 03:22:49,945] {scheduler_job.py:182} INFO - Started process (PID=410) to work on /usr/local/lib/python3.6/dist-packages/airflow/example_dags/example_subdag_operator.py
[2021-03-08 03:22:49,945] {scheduler_job.py:629} INFO - Processing file /usr/local/lib/python3.6/dist-packages/airflow/example_dags/example_subdag_operator.py for tasks to queue
[2021-03-08 03:22:49,946] {logging_mixin.py:104} INFO - [2021-03-08 03:22:49,945] {dagbag.py:448} INFO - Filling up the DagBag from /usr/local/lib/python3.6/dist-packages/airflow/example_dags/example_subdag_operator.py
[2021-03-08 03:22:49,965] {scheduler_job.py:639} INFO - DAG(s) dict_keys(['example_subdag_operator.section-1', 'example_subdag_operator.section-2', 'example_subdag_operator']) retrieved from /usr/local/lib/python3.6/dist-packages/airflow/example_dags/example_subdag_operator.py
[2021-03-08 03:22:49,973] {logging_mixin.py:104} INFO - [2021-03-08 03:22:49,972] {dag.py:1818} INFO - Sync 3 DAGs
[2021-03-08 03:22:49,982] {logging_mixin.py:104} INFO - [2021-03-08 03:22:49,982] {dag.py:2273} INFO - Setting next_dagrun for example_subdag_operator to 2021-03-06 00:00:00+00:00
[2021-03-08 03:22:49,983] {logging_mixin.py:104} INFO - [2021-03-08 03:22:49,982] {dag.py:2273} INFO - Setting next_dagrun for example_subdag_operator.section-1 to None
[2021-03-08 03:22:49,983] {logging_mixin.py:104} INFO - [2021-03-08 03:22:49,983] {dag.py:2273} INFO - Setting next_dagrun for example_subdag_operator.section-2 to None
[2021-03-08 03:22:49,986] {logging_mixin.py:104} INFO - [2021-03-08 03:22:49,986] {dag.py:1818} INFO - Sync 2 DAGs
[2021-03-08 03:22:49,992] {logging_mixin.py:104} INFO - [2021-03-08 03:22:49,992] {dag.py:2273} INFO - Setting next_dagrun for example_subdag_operator.section-1 to None
[2021-03-08 03:22:49,992] {logging_mixin.py:104} INFO - [2021-03-08 03:22:49,992] {dag.py:2273} INFO - Setting next_dagrun for example_subdag_operator.section-2 to None
[2021-03-08 03:22:49,996] {scheduler_job.py:190} INFO - Processing /usr/local/lib/python3.6/dist-packages/airflow/example_dags/example_subdag_operator.py took 0.053 seconds
[2021-03-08 03:23:20,622] {scheduler_job.py:182} INFO - Started process (PID=470) to work on /usr/local/lib/python3.6/dist-packages/airflow/example_dags/example_subdag_operator.py
[2021-03-08 03:23:20,622] {scheduler_job.py:629} INFO - Processing file /usr/local/lib/python3.6/dist-packages/airflow/example_dags/example_subdag_operator.py for tasks to queue
[2021-03-08 03:23:20,623] {logging_mixin.py:104} INFO - [2021-03-08 03:23:20,623] {dagbag.py:448} INFO - Filling up the DagBag from /usr/local/lib/python3.6/dist-packages/airflow/example_dags/example_subdag_operator.py
[2021-03-08 03:23:20,641] {scheduler_job.py:639} INFO - DAG(s) dict_keys(['example_subdag_operator.section-1', 'example_subdag_operator.section-2', 'example_subdag_operator']) retrieved from /usr/local/lib/python3.6/dist-packages/airflow/example_dags/example_subdag_operator.py
[2021-03-08 03:23:20,648] {logging_mixin.py:104} INFO - [2021-03-08 03:23:20,648] {dag.py:1818} INFO - Sync 3 DAGs
[2021-03-08 03:23:20,658] {logging_mixin.py:104} INFO - [2021-03-08 03:23:20,658] {dag.py:2273} INFO - Setting next_dagrun for example_subdag_operator to 2021-03-06 00:00:00+00:00
[2021-03-08 03:23:20,659] {logging_mixin.py:104} INFO - [2021-03-08 03:23:20,659] {dag.py:2273} INFO - Setting next_dagrun for example_subdag_operator.section-1 to None
[2021-03-08 03:23:20,659] {logging_mixin.py:104} INFO - [2021-03-08 03:23:20,659] {dag.py:2273} INFO - Setting next_dagrun for example_subdag_operator.section-2 to None
[2021-03-08 03:23:20,663] {logging_mixin.py:104} INFO - [2021-03-08 03:23:20,663] {dag.py:1818} INFO - Sync 2 DAGs
[2021-03-08 03:23:20,668] {logging_mixin.py:104} INFO - [2021-03-08 03:23:20,668] {dag.py:2273} INFO - Setting next_dagrun for example_subdag_operator.section-1 to None
[2021-03-08 03:23:20,668] {logging_mixin.py:104} INFO - [2021-03-08 03:23:20,668] {dag.py:2273} INFO - Setting next_dagrun for example_subdag_operator.section-2 to None
[2021-03-08 03:23:20,672] {scheduler_job.py:190} INFO - Processing /usr/local/lib/python3.6/dist-packages/airflow/example_dags/example_subdag_operator.py took 0.052 seconds
[2021-03-08 03:23:51,303] {scheduler_job.py:182} INFO - Started process (PID=529) to work on /usr/local/lib/python3.6/dist-packages/airflow/example_dags/example_subdag_operator.py
[2021-03-08 03:23:51,304] {scheduler_job.py:629} INFO - Processing file /usr/local/lib/python3.6/dist-packages/airflow/example_dags/example_subdag_operator.py for tasks to queue
[2021-03-08 03:23:51,304] {logging_mixin.py:104} INFO - [2021-03-08 03:23:51,304] {dagbag.py:448} INFO - Filling up the DagBag from /usr/local/lib/python3.6/dist-packages/airflow/example_dags/example_subdag_operator.py
[2021-03-08 03:23:51,326] {scheduler_job.py:639} INFO - DAG(s) dict_keys(['example_subdag_operator.section-1', 'example_subdag_operator.section-2', 'example_subdag_operator']) retrieved from /usr/local/lib/python3.6/dist-packages/airflow/example_dags/example_subdag_operator.py
[2021-03-08 03:23:51,333] {logging_mixin.py:104} INFO - [2021-03-08 03:23:51,333] {dag.py:1818} INFO - Sync 3 DAGs
[2021-03-08 03:23:51,344] {logging_mixin.py:104} INFO - [2021-03-08 03:23:51,344] {dag.py:2273} INFO - Setting next_dagrun for example_subdag_operator to 2021-03-06 00:00:00+00:00
[2021-03-08 03:23:51,345] {logging_mixin.py:104} INFO - [2021-03-08 03:23:51,345] {dag.py:2273} INFO - Setting next_dagrun for example_subdag_operator.section-1 to None
[2021-03-08 03:23:51,345] {logging_mixin.py:104} INFO - [2021-03-08 03:23:51,345] {dag.py:2273} INFO - Setting next_dagrun for example_subdag_operator.section-2 to None
[2021-03-08 03:23:51,349] {logging_mixin.py:104} INFO - [2021-03-08 03:23:51,349] {dag.py:1818} INFO - Sync 2 DAGs
[2021-03-08 03:23:51,354] {logging_mixin.py:104} INFO - [2021-03-08 03:23:51,354] {dag.py:2273} INFO - Setting next_dagrun for example_subdag_operator.section-1 to None
[2021-03-08 03:23:51,355] {logging_mixin.py:104} INFO - [2021-03-08 03:23:51,354] {dag.py:2273} INFO - Setting next_dagrun for example_subdag_operator.section-2 to None
[2021-03-08 03:23:51,358] {scheduler_job.py:190} INFO - Processing /usr/local/lib/python3.6/dist-packages/airflow/example_dags/example_subdag_operator.py took 0.058 seconds
[2021-03-08 03:24:22,048] {scheduler_job.py:182} INFO - Started process (PID=587) to work on /usr/local/lib/python3.6/dist-packages/airflow/example_dags/example_subdag_operator.py
[2021-03-08 03:24:22,048] {scheduler_job.py:629} INFO - Processing file /usr/local/lib/python3.6/dist-packages/airflow/example_dags/example_subdag_operator.py for tasks to queue
[2021-03-08 03:24:22,049] {logging_mixin.py:104} INFO - [2021-03-08 03:24:22,049] {dagbag.py:448} INFO - Filling up the DagBag from /usr/local/lib/python3.6/dist-packages/airflow/example_dags/example_subdag_operator.py
[2021-03-08 03:24:22,065] {scheduler_job.py:639} INFO - DAG(s) dict_keys(['example_subdag_operator.section-1', 'example_subdag_operator.section-2', 'example_subdag_operator']) retrieved from /usr/local/lib/python3.6/dist-packages/airflow/example_dags/example_subdag_operator.py
[2021-03-08 03:24:22,072] {logging_mixin.py:104} INFO - [2021-03-08 03:24:22,072] {dag.py:1818} INFO - Sync 3 DAGs
[2021-03-08 03:24:22,082] {logging_mixin.py:104} INFO - [2021-03-08 03:24:22,082] {dag.py:2273} INFO - Setting next_dagrun for example_subdag_operator to 2021-03-06 00:00:00+00:00
[2021-03-08 03:24:22,082] {logging_mixin.py:104} INFO - [2021-03-08 03:24:22,082] {dag.py:2273} INFO - Setting next_dagrun for example_subdag_operator.section-1 to None
[2021-03-08 03:24:22,082] {logging_mixin.py:104} INFO - [2021-03-08 03:24:22,082] {dag.py:2273} INFO - Setting next_dagrun for example_subdag_operator.section-2 to None
[2021-03-08 03:24:22,086] {logging_mixin.py:104} INFO - [2021-03-08 03:24:22,086] {dag.py:1818} INFO - Sync 2 DAGs
[2021-03-08 03:24:22,091] {logging_mixin.py:104} INFO - [2021-03-08 03:24:22,091] {dag.py:2273} INFO - Setting next_dagrun for example_subdag_operator.section-1 to None
[2021-03-08 03:24:22,091] {logging_mixin.py:104} INFO - [2021-03-08 03:24:22,091] {dag.py:2273} INFO - Setting next_dagrun for example_subdag_operator.section-2 to None
[2021-03-08 03:24:22,095] {scheduler_job.py:190} INFO - Processing /usr/local/lib/python3.6/dist-packages/airflow/example_dags/example_subdag_operator.py took 0.049 seconds
[2021-03-08 03:24:52,773] {scheduler_job.py:182} INFO - Started process (PID=646) to work on /usr/local/lib/python3.6/dist-packages/airflow/example_dags/example_subdag_operator.py
[2021-03-08 03:24:52,773] {scheduler_job.py:629} INFO - Processing file /usr/local/lib/python3.6/dist-packages/airflow/example_dags/example_subdag_operator.py for tasks to queue
[2021-03-08 03:24:52,774] {logging_mixin.py:104} INFO - [2021-03-08 03:24:52,774] {dagbag.py:448} INFO - Filling up the DagBag from /usr/local/lib/python3.6/dist-packages/airflow/example_dags/example_subdag_operator.py
[2021-03-08 03:24:52,790] {scheduler_job.py:639} INFO - DAG(s) dict_keys(['example_subdag_operator.section-1', 'example_subdag_operator.section-2', 'example_subdag_operator']) retrieved from /usr/local/lib/python3.6/dist-packages/airflow/example_dags/example_subdag_operator.py
[2021-03-08 03:24:52,796] {logging_mixin.py:104} INFO - [2021-03-08 03:24:52,796] {dag.py:1818} INFO - Sync 3 DAGs
[2021-03-08 03:24:52,805] {logging_mixin.py:104} INFO - [2021-03-08 03:24:52,805] {dag.py:2273} INFO - Setting next_dagrun for example_subdag_operator to 2021-03-06 00:00:00+00:00
[2021-03-08 03:24:52,805] {logging_mixin.py:104} INFO - [2021-03-08 03:24:52,805] {dag.py:2273} INFO - Setting next_dagrun for example_subdag_operator.section-1 to None
[2021-03-08 03:24:52,805] {logging_mixin.py:104} INFO - [2021-03-08 03:24:52,805] {dag.py:2273} INFO - Setting next_dagrun for example_subdag_operator.section-2 to None
[2021-03-08 03:24:52,808] {logging_mixin.py:104} INFO - [2021-03-08 03:24:52,808] {dag.py:1818} INFO - Sync 2 DAGs
[2021-03-08 03:24:52,813] {logging_mixin.py:104} INFO - [2021-03-08 03:24:52,813] {dag.py:2273} INFO - Setting next_dagrun for example_subdag_operator.section-1 to None
[2021-03-08 03:24:52,813] {logging_mixin.py:104} INFO - [2021-03-08 03:24:52,813] {dag.py:2273} INFO - Setting next_dagrun for example_subdag_operator.section-2 to None
[2021-03-08 03:24:52,816] {scheduler_job.py:190} INFO - Processing /usr/local/lib/python3.6/dist-packages/airflow/example_dags/example_subdag_operator.py took 0.045 seconds
[2021-03-08 03:25:23,609] {scheduler_job.py:182} INFO - Started process (PID=713) to work on /usr/local/lib/python3.6/dist-packages/airflow/example_dags/example_subdag_operator.py
[2021-03-08 03:25:23,609] {scheduler_job.py:629} INFO - Processing file /usr/local/lib/python3.6/dist-packages/airflow/example_dags/example_subdag_operator.py for tasks to queue
[2021-03-08 03:25:23,610] {logging_mixin.py:104} INFO - [2021-03-08 03:25:23,610] {dagbag.py:448} INFO - Filling up the DagBag from /usr/local/lib/python3.6/dist-packages/airflow/example_dags/example_subdag_operator.py
[2021-03-08 03:25:23,666] {scheduler_job.py:639} INFO - DAG(s) dict_keys(['example_subdag_operator.section-1', 'example_subdag_operator.section-2', 'example_subdag_operator']) retrieved from /usr/local/lib/python3.6/dist-packages/airflow/example_dags/example_subdag_operator.py
[2021-03-08 03:25:23,675] {logging_mixin.py:104} INFO - [2021-03-08 03:25:23,675] {dag.py:1818} INFO - Sync 3 DAGs
[2021-03-08 03:25:23,685] {logging_mixin.py:104} INFO - [2021-03-08 03:25:23,685] {dag.py:2273} INFO - Setting next_dagrun for example_subdag_operator to 2021-03-06 00:00:00+00:00
[2021-03-08 03:25:23,686] {logging_mixin.py:104} INFO - [2021-03-08 03:25:23,686] {dag.py:2273} INFO - Setting next_dagrun for example_subdag_operator.section-1 to None
[2021-03-08 03:25:23,686] {logging_mixin.py:104} INFO - [2021-03-08 03:25:23,686] {dag.py:2273} INFO - Setting next_dagrun for example_subdag_operator.section-2 to None
[2021-03-08 03:25:23,691] {logging_mixin.py:104} INFO - [2021-03-08 03:25:23,691] {dag.py:1818} INFO - Sync 2 DAGs
[2021-03-08 03:25:23,697] {logging_mixin.py:104} INFO - [2021-03-08 03:25:23,697] {dag.py:2273} INFO - Setting next_dagrun for example_subdag_operator.section-1 to None
[2021-03-08 03:25:23,697] {logging_mixin.py:104} INFO - [2021-03-08 03:25:23,697] {dag.py:2273} INFO - Setting next_dagrun for example_subdag_operator.section-2 to None
[2021-03-08 03:25:23,702] {scheduler_job.py:190} INFO - Processing /usr/local/lib/python3.6/dist-packages/airflow/example_dags/example_subdag_operator.py took 0.100 seconds
[2021-03-08 03:25:54,347] {scheduler_job.py:182} INFO - Started process (PID=772) to work on /usr/local/lib/python3.6/dist-packages/airflow/example_dags/example_subdag_operator.py
[2021-03-08 03:25:54,348] {scheduler_job.py:629} INFO - Processing file /usr/local/lib/python3.6/dist-packages/airflow/example_dags/example_subdag_operator.py for tasks to queue
[2021-03-08 03:25:54,348] {logging_mixin.py:104} INFO - [2021-03-08 03:25:54,348] {dagbag.py:448} INFO - Filling up the DagBag from /usr/local/lib/python3.6/dist-packages/airflow/example_dags/example_subdag_operator.py
[2021-03-08 03:25:54,370] {scheduler_job.py:639} INFO - DAG(s) dict_keys(['example_subdag_operator.section-1', 'example_subdag_operator.section-2', 'example_subdag_operator']) retrieved from /usr/local/lib/python3.6/dist-packages/airflow/example_dags/example_subdag_operator.py
[2021-03-08 03:25:54,380] {logging_mixin.py:104} INFO - [2021-03-08 03:25:54,380] {dag.py:1818} INFO - Sync 3 DAGs
[2021-03-08 03:25:54,392] {logging_mixin.py:104} INFO - [2021-03-08 03:25:54,392] {dag.py:2273} INFO - Setting next_dagrun for example_subdag_operator to 2021-03-06 00:00:00+00:00
[2021-03-08 03:25:54,393] {logging_mixin.py:104} INFO - [2021-03-08 03:25:54,393] {dag.py:2273} INFO - Setting next_dagrun for example_subdag_operator.section-1 to None
[2021-03-08 03:25:54,393] {logging_mixin.py:104} INFO - [2021-03-08 03:25:54,393] {dag.py:2273} INFO - Setting next_dagrun for example_subdag_operator.section-2 to None
[2021-03-08 03:25:54,398] {logging_mixin.py:104} INFO - [2021-03-08 03:25:54,398] {dag.py:1818} INFO - Sync 2 DAGs
[2021-03-08 03:25:54,405] {logging_mixin.py:104} INFO - [2021-03-08 03:25:54,405] {dag.py:2273} INFO - Setting next_dagrun for example_subdag_operator.section-1 to None
[2021-03-08 03:25:54,405] {logging_mixin.py:104} INFO - [2021-03-08 03:25:54,405] {dag.py:2273} INFO - Setting next_dagrun for example_subdag_operator.section-2 to None
[2021-03-08 03:25:54,412] {scheduler_job.py:190} INFO - Processing /usr/local/lib/python3.6/dist-packages/airflow/example_dags/example_subdag_operator.py took 0.068 seconds
