[2021-03-08 03:06:26,379] {scheduler_job.py:182} INFO - Started process (PID=93) to work on /usr/local/lib/python3.6/dist-packages/airflow/example_dags/example_complex.py
[2021-03-08 03:06:26,380] {scheduler_job.py:629} INFO - Processing file /usr/local/lib/python3.6/dist-packages/airflow/example_dags/example_complex.py for tasks to queue
[2021-03-08 03:06:26,381] {logging_mixin.py:104} INFO - [2021-03-08 03:06:26,381] {dagbag.py:448} INFO - Filling up the DagBag from /usr/local/lib/python3.6/dist-packages/airflow/example_dags/example_complex.py
[2021-03-08 03:06:26,397] {scheduler_job.py:639} INFO - DAG(s) dict_keys(['example_complex']) retrieved from /usr/local/lib/python3.6/dist-packages/airflow/example_dags/example_complex.py
[2021-03-08 03:06:26,402] {logging_mixin.py:104} INFO - [2021-03-08 03:06:26,402] {dag.py:1818} INFO - Sync 1 DAGs
[2021-03-08 03:06:26,408] {logging_mixin.py:104} INFO - [2021-03-08 03:06:26,408] {dag.py:2273} INFO - Setting next_dagrun for example_complex to None
[2021-03-08 03:06:26,412] {scheduler_job.py:190} INFO - Processing /usr/local/lib/python3.6/dist-packages/airflow/example_dags/example_complex.py took 0.037 seconds
[2021-03-08 03:06:57,208] {scheduler_job.py:182} INFO - Started process (PID=152) to work on /usr/local/lib/python3.6/dist-packages/airflow/example_dags/example_complex.py
[2021-03-08 03:06:57,210] {scheduler_job.py:629} INFO - Processing file /usr/local/lib/python3.6/dist-packages/airflow/example_dags/example_complex.py for tasks to queue
[2021-03-08 03:06:57,212] {logging_mixin.py:104} INFO - [2021-03-08 03:06:57,211] {dagbag.py:448} INFO - Filling up the DagBag from /usr/local/lib/python3.6/dist-packages/airflow/example_dags/example_complex.py
[2021-03-08 03:06:57,235] {scheduler_job.py:639} INFO - DAG(s) dict_keys(['example_complex']) retrieved from /usr/local/lib/python3.6/dist-packages/airflow/example_dags/example_complex.py
[2021-03-08 03:06:57,250] {logging_mixin.py:104} INFO - [2021-03-08 03:06:57,250] {dag.py:1818} INFO - Sync 1 DAGs
[2021-03-08 03:06:57,256] {logging_mixin.py:104} INFO - [2021-03-08 03:06:57,256] {dag.py:2273} INFO - Setting next_dagrun for example_complex to None
[2021-03-08 03:06:57,264] {scheduler_job.py:190} INFO - Processing /usr/local/lib/python3.6/dist-packages/airflow/example_dags/example_complex.py took 0.062 seconds
[2021-03-08 03:07:28,095] {scheduler_job.py:182} INFO - Started process (PID=212) to work on /usr/local/lib/python3.6/dist-packages/airflow/example_dags/example_complex.py
[2021-03-08 03:07:28,097] {scheduler_job.py:629} INFO - Processing file /usr/local/lib/python3.6/dist-packages/airflow/example_dags/example_complex.py for tasks to queue
[2021-03-08 03:07:28,097] {logging_mixin.py:104} INFO - [2021-03-08 03:07:28,097] {dagbag.py:448} INFO - Filling up the DagBag from /usr/local/lib/python3.6/dist-packages/airflow/example_dags/example_complex.py
[2021-03-08 03:07:28,120] {scheduler_job.py:639} INFO - DAG(s) dict_keys(['example_complex']) retrieved from /usr/local/lib/python3.6/dist-packages/airflow/example_dags/example_complex.py
[2021-03-08 03:07:28,133] {logging_mixin.py:104} INFO - [2021-03-08 03:07:28,133] {dag.py:1818} INFO - Sync 1 DAGs
[2021-03-08 03:07:28,140] {logging_mixin.py:104} INFO - [2021-03-08 03:07:28,140] {dag.py:2273} INFO - Setting next_dagrun for example_complex to None
[2021-03-08 03:07:28,144] {scheduler_job.py:190} INFO - Processing /usr/local/lib/python3.6/dist-packages/airflow/example_dags/example_complex.py took 0.054 seconds
[2021-03-08 03:07:58,942] {scheduler_job.py:182} INFO - Started process (PID=271) to work on /usr/local/lib/python3.6/dist-packages/airflow/example_dags/example_complex.py
[2021-03-08 03:07:58,944] {scheduler_job.py:629} INFO - Processing file /usr/local/lib/python3.6/dist-packages/airflow/example_dags/example_complex.py for tasks to queue
[2021-03-08 03:07:58,945] {logging_mixin.py:104} INFO - [2021-03-08 03:07:58,945] {dagbag.py:448} INFO - Filling up the DagBag from /usr/local/lib/python3.6/dist-packages/airflow/example_dags/example_complex.py
[2021-03-08 03:07:58,969] {scheduler_job.py:639} INFO - DAG(s) dict_keys(['example_complex']) retrieved from /usr/local/lib/python3.6/dist-packages/airflow/example_dags/example_complex.py
[2021-03-08 03:07:58,981] {logging_mixin.py:104} INFO - [2021-03-08 03:07:58,981] {dag.py:1818} INFO - Sync 1 DAGs
[2021-03-08 03:07:58,988] {logging_mixin.py:104} INFO - [2021-03-08 03:07:58,988] {dag.py:2273} INFO - Setting next_dagrun for example_complex to None
[2021-03-08 03:07:58,992] {scheduler_job.py:190} INFO - Processing /usr/local/lib/python3.6/dist-packages/airflow/example_dags/example_complex.py took 0.053 seconds
[2021-03-08 03:08:29,893] {scheduler_job.py:182} INFO - Started process (PID=331) to work on /usr/local/lib/python3.6/dist-packages/airflow/example_dags/example_complex.py
[2021-03-08 03:08:29,895] {scheduler_job.py:629} INFO - Processing file /usr/local/lib/python3.6/dist-packages/airflow/example_dags/example_complex.py for tasks to queue
[2021-03-08 03:08:29,898] {logging_mixin.py:104} INFO - [2021-03-08 03:08:29,897] {dagbag.py:448} INFO - Filling up the DagBag from /usr/local/lib/python3.6/dist-packages/airflow/example_dags/example_complex.py
[2021-03-08 03:08:29,921] {scheduler_job.py:639} INFO - DAG(s) dict_keys(['example_complex']) retrieved from /usr/local/lib/python3.6/dist-packages/airflow/example_dags/example_complex.py
[2021-03-08 03:08:29,933] {logging_mixin.py:104} INFO - [2021-03-08 03:08:29,933] {dag.py:1818} INFO - Sync 1 DAGs
[2021-03-08 03:08:29,940] {logging_mixin.py:104} INFO - [2021-03-08 03:08:29,940] {dag.py:2273} INFO - Setting next_dagrun for example_complex to None
[2021-03-08 03:08:29,944] {scheduler_job.py:190} INFO - Processing /usr/local/lib/python3.6/dist-packages/airflow/example_dags/example_complex.py took 0.057 seconds
[2021-03-08 03:09:00,633] {scheduler_job.py:182} INFO - Started process (PID=399) to work on /usr/local/lib/python3.6/dist-packages/airflow/example_dags/example_complex.py
[2021-03-08 03:09:00,634] {scheduler_job.py:629} INFO - Processing file /usr/local/lib/python3.6/dist-packages/airflow/example_dags/example_complex.py for tasks to queue
[2021-03-08 03:09:00,634] {logging_mixin.py:104} INFO - [2021-03-08 03:09:00,634] {dagbag.py:448} INFO - Filling up the DagBag from /usr/local/lib/python3.6/dist-packages/airflow/example_dags/example_complex.py
[2021-03-08 03:09:00,647] {scheduler_job.py:639} INFO - DAG(s) dict_keys(['example_complex']) retrieved from /usr/local/lib/python3.6/dist-packages/airflow/example_dags/example_complex.py
[2021-03-08 03:09:00,659] {logging_mixin.py:104} INFO - [2021-03-08 03:09:00,659] {dag.py:1818} INFO - Sync 1 DAGs
[2021-03-08 03:09:00,666] {logging_mixin.py:104} INFO - [2021-03-08 03:09:00,666] {dag.py:2273} INFO - Setting next_dagrun for example_complex to None
[2021-03-08 03:09:00,670] {scheduler_job.py:190} INFO - Processing /usr/local/lib/python3.6/dist-packages/airflow/example_dags/example_complex.py took 0.039 seconds
[2021-03-08 03:09:31,451] {scheduler_job.py:182} INFO - Started process (PID=460) to work on /usr/local/lib/python3.6/dist-packages/airflow/example_dags/example_complex.py
[2021-03-08 03:09:31,452] {scheduler_job.py:629} INFO - Processing file /usr/local/lib/python3.6/dist-packages/airflow/example_dags/example_complex.py for tasks to queue
[2021-03-08 03:09:31,452] {logging_mixin.py:104} INFO - [2021-03-08 03:09:31,452] {dagbag.py:448} INFO - Filling up the DagBag from /usr/local/lib/python3.6/dist-packages/airflow/example_dags/example_complex.py
[2021-03-08 03:09:31,470] {scheduler_job.py:639} INFO - DAG(s) dict_keys(['example_complex']) retrieved from /usr/local/lib/python3.6/dist-packages/airflow/example_dags/example_complex.py
[2021-03-08 03:09:31,485] {logging_mixin.py:104} INFO - [2021-03-08 03:09:31,485] {dag.py:1818} INFO - Sync 1 DAGs
[2021-03-08 03:09:31,492] {logging_mixin.py:104} INFO - [2021-03-08 03:09:31,492] {dag.py:2273} INFO - Setting next_dagrun for example_complex to None
[2021-03-08 03:09:31,497] {scheduler_job.py:190} INFO - Processing /usr/local/lib/python3.6/dist-packages/airflow/example_dags/example_complex.py took 0.049 seconds
[2021-03-08 03:10:02,259] {scheduler_job.py:182} INFO - Started process (PID=519) to work on /usr/local/lib/python3.6/dist-packages/airflow/example_dags/example_complex.py
[2021-03-08 03:10:02,260] {scheduler_job.py:629} INFO - Processing file /usr/local/lib/python3.6/dist-packages/airflow/example_dags/example_complex.py for tasks to queue
[2021-03-08 03:10:02,261] {logging_mixin.py:104} INFO - [2021-03-08 03:10:02,261] {dagbag.py:448} INFO - Filling up the DagBag from /usr/local/lib/python3.6/dist-packages/airflow/example_dags/example_complex.py
[2021-03-08 03:10:02,273] {scheduler_job.py:639} INFO - DAG(s) dict_keys(['example_complex']) retrieved from /usr/local/lib/python3.6/dist-packages/airflow/example_dags/example_complex.py
[2021-03-08 03:10:02,283] {logging_mixin.py:104} INFO - [2021-03-08 03:10:02,283] {dag.py:1818} INFO - Sync 1 DAGs
[2021-03-08 03:10:02,289] {logging_mixin.py:104} INFO - [2021-03-08 03:10:02,289] {dag.py:2273} INFO - Setting next_dagrun for example_complex to None
[2021-03-08 03:10:02,293] {scheduler_job.py:190} INFO - Processing /usr/local/lib/python3.6/dist-packages/airflow/example_dags/example_complex.py took 0.038 seconds
[2021-03-08 03:10:33,151] {scheduler_job.py:182} INFO - Started process (PID=578) to work on /usr/local/lib/python3.6/dist-packages/airflow/example_dags/example_complex.py
[2021-03-08 03:10:33,153] {scheduler_job.py:629} INFO - Processing file /usr/local/lib/python3.6/dist-packages/airflow/example_dags/example_complex.py for tasks to queue
[2021-03-08 03:10:33,155] {logging_mixin.py:104} INFO - [2021-03-08 03:10:33,155] {dagbag.py:448} INFO - Filling up the DagBag from /usr/local/lib/python3.6/dist-packages/airflow/example_dags/example_complex.py
[2021-03-08 03:10:33,181] {scheduler_job.py:639} INFO - DAG(s) dict_keys(['example_complex']) retrieved from /usr/local/lib/python3.6/dist-packages/airflow/example_dags/example_complex.py
[2021-03-08 03:10:33,194] {logging_mixin.py:104} INFO - [2021-03-08 03:10:33,193] {dag.py:1818} INFO - Sync 1 DAGs
[2021-03-08 03:10:33,200] {logging_mixin.py:104} INFO - [2021-03-08 03:10:33,200] {dag.py:2273} INFO - Setting next_dagrun for example_complex to None
[2021-03-08 03:10:33,205] {scheduler_job.py:190} INFO - Processing /usr/local/lib/python3.6/dist-packages/airflow/example_dags/example_complex.py took 0.059 seconds
[2021-03-08 03:11:03,754] {scheduler_job.py:182} INFO - Started process (PID=637) to work on /usr/local/lib/python3.6/dist-packages/airflow/example_dags/example_complex.py
[2021-03-08 03:11:03,756] {scheduler_job.py:629} INFO - Processing file /usr/local/lib/python3.6/dist-packages/airflow/example_dags/example_complex.py for tasks to queue
[2021-03-08 03:11:03,757] {logging_mixin.py:104} INFO - [2021-03-08 03:11:03,757] {dagbag.py:448} INFO - Filling up the DagBag from /usr/local/lib/python3.6/dist-packages/airflow/example_dags/example_complex.py
[2021-03-08 03:11:03,784] {scheduler_job.py:639} INFO - DAG(s) dict_keys(['example_complex']) retrieved from /usr/local/lib/python3.6/dist-packages/airflow/example_dags/example_complex.py
[2021-03-08 03:11:03,797] {logging_mixin.py:104} INFO - [2021-03-08 03:11:03,797] {dag.py:1818} INFO - Sync 1 DAGs
[2021-03-08 03:11:03,804] {logging_mixin.py:104} INFO - [2021-03-08 03:11:03,804] {dag.py:2273} INFO - Setting next_dagrun for example_complex to None
[2021-03-08 03:11:03,809] {scheduler_job.py:190} INFO - Processing /usr/local/lib/python3.6/dist-packages/airflow/example_dags/example_complex.py took 0.060 seconds
[2021-03-08 03:17:39,887] {scheduler_job.py:182} INFO - Started process (PID=42) to work on /usr/local/lib/python3.6/dist-packages/airflow/example_dags/example_complex.py
[2021-03-08 03:17:39,887] {scheduler_job.py:629} INFO - Processing file /usr/local/lib/python3.6/dist-packages/airflow/example_dags/example_complex.py for tasks to queue
[2021-03-08 03:17:39,887] {logging_mixin.py:104} INFO - [2021-03-08 03:17:39,887] {dagbag.py:448} INFO - Filling up the DagBag from /usr/local/lib/python3.6/dist-packages/airflow/example_dags/example_complex.py
[2021-03-08 03:17:39,902] {scheduler_job.py:639} INFO - DAG(s) dict_keys(['example_complex']) retrieved from /usr/local/lib/python3.6/dist-packages/airflow/example_dags/example_complex.py
[2021-03-08 03:17:39,910] {logging_mixin.py:104} INFO - [2021-03-08 03:17:39,910] {dag.py:1818} INFO - Sync 1 DAGs
[2021-03-08 03:17:39,919] {logging_mixin.py:104} INFO - [2021-03-08 03:17:39,919] {dag.py:2273} INFO - Setting next_dagrun for example_complex to None
[2021-03-08 03:17:39,925] {scheduler_job.py:190} INFO - Processing /usr/local/lib/python3.6/dist-packages/airflow/example_dags/example_complex.py took 0.040 seconds
[2021-03-08 03:18:13,178] {scheduler_job.py:182} INFO - Started process (PID=31) to work on /usr/local/lib/python3.6/dist-packages/airflow/example_dags/example_complex.py
[2021-03-08 03:18:13,179] {scheduler_job.py:629} INFO - Processing file /usr/local/lib/python3.6/dist-packages/airflow/example_dags/example_complex.py for tasks to queue
[2021-03-08 03:18:13,179] {logging_mixin.py:104} INFO - [2021-03-08 03:18:13,179] {dagbag.py:448} INFO - Filling up the DagBag from /usr/local/lib/python3.6/dist-packages/airflow/example_dags/example_complex.py
[2021-03-08 03:18:13,200] {scheduler_job.py:639} INFO - DAG(s) dict_keys(['example_complex']) retrieved from /usr/local/lib/python3.6/dist-packages/airflow/example_dags/example_complex.py
[2021-03-08 03:18:13,243] {logging_mixin.py:104} INFO - [2021-03-08 03:18:13,243] {dag.py:1818} INFO - Sync 1 DAGs
[2021-03-08 03:18:13,255] {logging_mixin.py:104} INFO - [2021-03-08 03:18:13,255] {dag.py:2273} INFO - Setting next_dagrun for example_complex to None
[2021-03-08 03:18:13,266] {scheduler_job.py:190} INFO - Processing /usr/local/lib/python3.6/dist-packages/airflow/example_dags/example_complex.py took 0.090 seconds
[2021-03-08 03:18:44,024] {scheduler_job.py:182} INFO - Started process (PID=118) to work on /usr/local/lib/python3.6/dist-packages/airflow/example_dags/example_complex.py
[2021-03-08 03:18:44,025] {scheduler_job.py:629} INFO - Processing file /usr/local/lib/python3.6/dist-packages/airflow/example_dags/example_complex.py for tasks to queue
[2021-03-08 03:18:44,025] {logging_mixin.py:104} INFO - [2021-03-08 03:18:44,025] {dagbag.py:448} INFO - Filling up the DagBag from /usr/local/lib/python3.6/dist-packages/airflow/example_dags/example_complex.py
[2021-03-08 03:18:44,040] {scheduler_job.py:639} INFO - DAG(s) dict_keys(['example_complex']) retrieved from /usr/local/lib/python3.6/dist-packages/airflow/example_dags/example_complex.py
[2021-03-08 03:18:44,055] {logging_mixin.py:104} INFO - [2021-03-08 03:18:44,055] {dag.py:1818} INFO - Sync 1 DAGs
[2021-03-08 03:18:44,062] {logging_mixin.py:104} INFO - [2021-03-08 03:18:44,062] {dag.py:2273} INFO - Setting next_dagrun for example_complex to None
[2021-03-08 03:18:44,069] {scheduler_job.py:190} INFO - Processing /usr/local/lib/python3.6/dist-packages/airflow/example_dags/example_complex.py took 0.046 seconds
[2021-03-08 03:19:14,691] {scheduler_job.py:182} INFO - Started process (PID=176) to work on /usr/local/lib/python3.6/dist-packages/airflow/example_dags/example_complex.py
[2021-03-08 03:19:14,692] {scheduler_job.py:629} INFO - Processing file /usr/local/lib/python3.6/dist-packages/airflow/example_dags/example_complex.py for tasks to queue
[2021-03-08 03:19:14,692] {logging_mixin.py:104} INFO - [2021-03-08 03:19:14,692] {dagbag.py:448} INFO - Filling up the DagBag from /usr/local/lib/python3.6/dist-packages/airflow/example_dags/example_complex.py
[2021-03-08 03:19:14,704] {scheduler_job.py:639} INFO - DAG(s) dict_keys(['example_complex']) retrieved from /usr/local/lib/python3.6/dist-packages/airflow/example_dags/example_complex.py
[2021-03-08 03:19:14,719] {logging_mixin.py:104} INFO - [2021-03-08 03:19:14,719] {dag.py:1818} INFO - Sync 1 DAGs
[2021-03-08 03:19:14,727] {logging_mixin.py:104} INFO - [2021-03-08 03:19:14,727] {dag.py:2273} INFO - Setting next_dagrun for example_complex to None
[2021-03-08 03:19:14,733] {scheduler_job.py:190} INFO - Processing /usr/local/lib/python3.6/dist-packages/airflow/example_dags/example_complex.py took 0.043 seconds
[2021-03-08 03:19:45,534] {scheduler_job.py:182} INFO - Started process (PID=28) to work on /usr/local/lib/python3.6/dist-packages/airflow/example_dags/example_complex.py
[2021-03-08 03:19:45,535] {scheduler_job.py:629} INFO - Processing file /usr/local/lib/python3.6/dist-packages/airflow/example_dags/example_complex.py for tasks to queue
[2021-03-08 03:19:45,536] {logging_mixin.py:104} INFO - [2021-03-08 03:19:45,536] {dagbag.py:448} INFO - Filling up the DagBag from /usr/local/lib/python3.6/dist-packages/airflow/example_dags/example_complex.py
[2021-03-08 03:19:45,562] {scheduler_job.py:639} INFO - DAG(s) dict_keys(['example_complex']) retrieved from /usr/local/lib/python3.6/dist-packages/airflow/example_dags/example_complex.py
[2021-03-08 03:19:45,592] {logging_mixin.py:104} INFO - [2021-03-08 03:19:45,591] {dag.py:1818} INFO - Sync 1 DAGs
[2021-03-08 03:19:45,607] {logging_mixin.py:104} INFO - [2021-03-08 03:19:45,607] {dag.py:2273} INFO - Setting next_dagrun for example_complex to None
[2021-03-08 03:19:45,618] {scheduler_job.py:190} INFO - Processing /usr/local/lib/python3.6/dist-packages/airflow/example_dags/example_complex.py took 0.087 seconds
[2021-03-08 03:20:16,439] {scheduler_job.py:182} INFO - Started process (PID=115) to work on /usr/local/lib/python3.6/dist-packages/airflow/example_dags/example_complex.py
[2021-03-08 03:20:16,440] {scheduler_job.py:629} INFO - Processing file /usr/local/lib/python3.6/dist-packages/airflow/example_dags/example_complex.py for tasks to queue
[2021-03-08 03:20:16,440] {logging_mixin.py:104} INFO - [2021-03-08 03:20:16,440] {dagbag.py:448} INFO - Filling up the DagBag from /usr/local/lib/python3.6/dist-packages/airflow/example_dags/example_complex.py
[2021-03-08 03:20:16,453] {scheduler_job.py:639} INFO - DAG(s) dict_keys(['example_complex']) retrieved from /usr/local/lib/python3.6/dist-packages/airflow/example_dags/example_complex.py
[2021-03-08 03:20:16,468] {logging_mixin.py:104} INFO - [2021-03-08 03:20:16,468] {dag.py:1818} INFO - Sync 1 DAGs
[2021-03-08 03:20:16,476] {logging_mixin.py:104} INFO - [2021-03-08 03:20:16,476] {dag.py:2273} INFO - Setting next_dagrun for example_complex to None
[2021-03-08 03:20:16,481] {scheduler_job.py:190} INFO - Processing /usr/local/lib/python3.6/dist-packages/airflow/example_dags/example_complex.py took 0.044 seconds
[2021-03-08 03:20:47,160] {scheduler_job.py:182} INFO - Started process (PID=172) to work on /usr/local/lib/python3.6/dist-packages/airflow/example_dags/example_complex.py
[2021-03-08 03:20:47,162] {scheduler_job.py:629} INFO - Processing file /usr/local/lib/python3.6/dist-packages/airflow/example_dags/example_complex.py for tasks to queue
[2021-03-08 03:20:47,162] {logging_mixin.py:104} INFO - [2021-03-08 03:20:47,162] {dagbag.py:448} INFO - Filling up the DagBag from /usr/local/lib/python3.6/dist-packages/airflow/example_dags/example_complex.py
[2021-03-08 03:20:47,172] {scheduler_job.py:639} INFO - DAG(s) dict_keys(['example_complex']) retrieved from /usr/local/lib/python3.6/dist-packages/airflow/example_dags/example_complex.py
[2021-03-08 03:20:47,185] {logging_mixin.py:104} INFO - [2021-03-08 03:20:47,185] {dag.py:1818} INFO - Sync 1 DAGs
[2021-03-08 03:20:47,194] {logging_mixin.py:104} INFO - [2021-03-08 03:20:47,194] {dag.py:2273} INFO - Setting next_dagrun for example_complex to None
[2021-03-08 03:20:47,200] {scheduler_job.py:190} INFO - Processing /usr/local/lib/python3.6/dist-packages/airflow/example_dags/example_complex.py took 0.042 seconds
[2021-03-08 03:21:17,812] {scheduler_job.py:182} INFO - Started process (PID=230) to work on /usr/local/lib/python3.6/dist-packages/airflow/example_dags/example_complex.py
[2021-03-08 03:21:17,812] {scheduler_job.py:629} INFO - Processing file /usr/local/lib/python3.6/dist-packages/airflow/example_dags/example_complex.py for tasks to queue
[2021-03-08 03:21:17,813] {logging_mixin.py:104} INFO - [2021-03-08 03:21:17,812] {dagbag.py:448} INFO - Filling up the DagBag from /usr/local/lib/python3.6/dist-packages/airflow/example_dags/example_complex.py
[2021-03-08 03:21:17,823] {scheduler_job.py:639} INFO - DAG(s) dict_keys(['example_complex']) retrieved from /usr/local/lib/python3.6/dist-packages/airflow/example_dags/example_complex.py
[2021-03-08 03:21:17,837] {logging_mixin.py:104} INFO - [2021-03-08 03:21:17,837] {dag.py:1818} INFO - Sync 1 DAGs
[2021-03-08 03:21:17,845] {logging_mixin.py:104} INFO - [2021-03-08 03:21:17,845] {dag.py:2273} INFO - Setting next_dagrun for example_complex to None
[2021-03-08 03:21:17,851] {scheduler_job.py:190} INFO - Processing /usr/local/lib/python3.6/dist-packages/airflow/example_dags/example_complex.py took 0.041 seconds
[2021-03-08 03:21:48,505] {scheduler_job.py:182} INFO - Started process (PID=288) to work on /usr/local/lib/python3.6/dist-packages/airflow/example_dags/example_complex.py
[2021-03-08 03:21:48,506] {scheduler_job.py:629} INFO - Processing file /usr/local/lib/python3.6/dist-packages/airflow/example_dags/example_complex.py for tasks to queue
[2021-03-08 03:21:48,506] {logging_mixin.py:104} INFO - [2021-03-08 03:21:48,506] {dagbag.py:448} INFO - Filling up the DagBag from /usr/local/lib/python3.6/dist-packages/airflow/example_dags/example_complex.py
[2021-03-08 03:21:48,516] {scheduler_job.py:639} INFO - DAG(s) dict_keys(['example_complex']) retrieved from /usr/local/lib/python3.6/dist-packages/airflow/example_dags/example_complex.py
[2021-03-08 03:21:48,532] {logging_mixin.py:104} INFO - [2021-03-08 03:21:48,532] {dag.py:1818} INFO - Sync 1 DAGs
[2021-03-08 03:21:48,541] {logging_mixin.py:104} INFO - [2021-03-08 03:21:48,541] {dag.py:2273} INFO - Setting next_dagrun for example_complex to None
[2021-03-08 03:21:48,548] {scheduler_job.py:190} INFO - Processing /usr/local/lib/python3.6/dist-packages/airflow/example_dags/example_complex.py took 0.044 seconds
[2021-03-08 03:22:19,204] {scheduler_job.py:182} INFO - Started process (PID=347) to work on /usr/local/lib/python3.6/dist-packages/airflow/example_dags/example_complex.py
[2021-03-08 03:22:19,205] {scheduler_job.py:629} INFO - Processing file /usr/local/lib/python3.6/dist-packages/airflow/example_dags/example_complex.py for tasks to queue
[2021-03-08 03:22:19,205] {logging_mixin.py:104} INFO - [2021-03-08 03:22:19,205] {dagbag.py:448} INFO - Filling up the DagBag from /usr/local/lib/python3.6/dist-packages/airflow/example_dags/example_complex.py
[2021-03-08 03:22:19,215] {scheduler_job.py:639} INFO - DAG(s) dict_keys(['example_complex']) retrieved from /usr/local/lib/python3.6/dist-packages/airflow/example_dags/example_complex.py
[2021-03-08 03:22:19,229] {logging_mixin.py:104} INFO - [2021-03-08 03:22:19,229] {dag.py:1818} INFO - Sync 1 DAGs
[2021-03-08 03:22:19,237] {logging_mixin.py:104} INFO - [2021-03-08 03:22:19,237] {dag.py:2273} INFO - Setting next_dagrun for example_complex to None
[2021-03-08 03:22:19,243] {scheduler_job.py:190} INFO - Processing /usr/local/lib/python3.6/dist-packages/airflow/example_dags/example_complex.py took 0.040 seconds
[2021-03-08 03:22:49,854] {scheduler_job.py:182} INFO - Started process (PID=406) to work on /usr/local/lib/python3.6/dist-packages/airflow/example_dags/example_complex.py
[2021-03-08 03:22:49,854] {scheduler_job.py:629} INFO - Processing file /usr/local/lib/python3.6/dist-packages/airflow/example_dags/example_complex.py for tasks to queue
[2021-03-08 03:22:49,855] {logging_mixin.py:104} INFO - [2021-03-08 03:22:49,855] {dagbag.py:448} INFO - Filling up the DagBag from /usr/local/lib/python3.6/dist-packages/airflow/example_dags/example_complex.py
[2021-03-08 03:22:49,865] {scheduler_job.py:639} INFO - DAG(s) dict_keys(['example_complex']) retrieved from /usr/local/lib/python3.6/dist-packages/airflow/example_dags/example_complex.py
[2021-03-08 03:22:49,879] {logging_mixin.py:104} INFO - [2021-03-08 03:22:49,879] {dag.py:1818} INFO - Sync 1 DAGs
[2021-03-08 03:22:49,887] {logging_mixin.py:104} INFO - [2021-03-08 03:22:49,887] {dag.py:2273} INFO - Setting next_dagrun for example_complex to None
[2021-03-08 03:22:49,893] {scheduler_job.py:190} INFO - Processing /usr/local/lib/python3.6/dist-packages/airflow/example_dags/example_complex.py took 0.041 seconds
[2021-03-08 03:23:20,489] {scheduler_job.py:182} INFO - Started process (PID=466) to work on /usr/local/lib/python3.6/dist-packages/airflow/example_dags/example_complex.py
[2021-03-08 03:23:20,490] {scheduler_job.py:629} INFO - Processing file /usr/local/lib/python3.6/dist-packages/airflow/example_dags/example_complex.py for tasks to queue
[2021-03-08 03:23:20,490] {logging_mixin.py:104} INFO - [2021-03-08 03:23:20,490] {dagbag.py:448} INFO - Filling up the DagBag from /usr/local/lib/python3.6/dist-packages/airflow/example_dags/example_complex.py
[2021-03-08 03:23:20,501] {scheduler_job.py:639} INFO - DAG(s) dict_keys(['example_complex']) retrieved from /usr/local/lib/python3.6/dist-packages/airflow/example_dags/example_complex.py
[2021-03-08 03:23:20,516] {logging_mixin.py:104} INFO - [2021-03-08 03:23:20,515] {dag.py:1818} INFO - Sync 1 DAGs
[2021-03-08 03:23:20,525] {logging_mixin.py:104} INFO - [2021-03-08 03:23:20,525] {dag.py:2273} INFO - Setting next_dagrun for example_complex to None
[2021-03-08 03:23:20,531] {scheduler_job.py:190} INFO - Processing /usr/local/lib/python3.6/dist-packages/airflow/example_dags/example_complex.py took 0.043 seconds
[2021-03-08 03:23:51,191] {scheduler_job.py:182} INFO - Started process (PID=525) to work on /usr/local/lib/python3.6/dist-packages/airflow/example_dags/example_complex.py
[2021-03-08 03:23:51,192] {scheduler_job.py:629} INFO - Processing file /usr/local/lib/python3.6/dist-packages/airflow/example_dags/example_complex.py for tasks to queue
[2021-03-08 03:23:51,192] {logging_mixin.py:104} INFO - [2021-03-08 03:23:51,192] {dagbag.py:448} INFO - Filling up the DagBag from /usr/local/lib/python3.6/dist-packages/airflow/example_dags/example_complex.py
[2021-03-08 03:23:51,205] {scheduler_job.py:639} INFO - DAG(s) dict_keys(['example_complex']) retrieved from /usr/local/lib/python3.6/dist-packages/airflow/example_dags/example_complex.py
[2021-03-08 03:23:51,227] {logging_mixin.py:104} INFO - [2021-03-08 03:23:51,227] {dag.py:1818} INFO - Sync 1 DAGs
[2021-03-08 03:23:51,238] {logging_mixin.py:104} INFO - [2021-03-08 03:23:51,237] {dag.py:2273} INFO - Setting next_dagrun for example_complex to None
[2021-03-08 03:23:51,243] {scheduler_job.py:190} INFO - Processing /usr/local/lib/python3.6/dist-packages/airflow/example_dags/example_complex.py took 0.054 seconds
[2021-03-08 03:24:21,951] {scheduler_job.py:182} INFO - Started process (PID=583) to work on /usr/local/lib/python3.6/dist-packages/airflow/example_dags/example_complex.py
[2021-03-08 03:24:21,951] {scheduler_job.py:629} INFO - Processing file /usr/local/lib/python3.6/dist-packages/airflow/example_dags/example_complex.py for tasks to queue
[2021-03-08 03:24:21,952] {logging_mixin.py:104} INFO - [2021-03-08 03:24:21,951] {dagbag.py:448} INFO - Filling up the DagBag from /usr/local/lib/python3.6/dist-packages/airflow/example_dags/example_complex.py
[2021-03-08 03:24:21,961] {scheduler_job.py:639} INFO - DAG(s) dict_keys(['example_complex']) retrieved from /usr/local/lib/python3.6/dist-packages/airflow/example_dags/example_complex.py
[2021-03-08 03:24:21,975] {logging_mixin.py:104} INFO - [2021-03-08 03:24:21,975] {dag.py:1818} INFO - Sync 1 DAGs
[2021-03-08 03:24:21,983] {logging_mixin.py:104} INFO - [2021-03-08 03:24:21,983] {dag.py:2273} INFO - Setting next_dagrun for example_complex to None
[2021-03-08 03:24:21,988] {scheduler_job.py:190} INFO - Processing /usr/local/lib/python3.6/dist-packages/airflow/example_dags/example_complex.py took 0.039 seconds
[2021-03-08 03:24:52,686] {scheduler_job.py:182} INFO - Started process (PID=642) to work on /usr/local/lib/python3.6/dist-packages/airflow/example_dags/example_complex.py
[2021-03-08 03:24:52,687] {scheduler_job.py:629} INFO - Processing file /usr/local/lib/python3.6/dist-packages/airflow/example_dags/example_complex.py for tasks to queue
[2021-03-08 03:24:52,687] {logging_mixin.py:104} INFO - [2021-03-08 03:24:52,687] {dagbag.py:448} INFO - Filling up the DagBag from /usr/local/lib/python3.6/dist-packages/airflow/example_dags/example_complex.py
[2021-03-08 03:24:52,697] {scheduler_job.py:639} INFO - DAG(s) dict_keys(['example_complex']) retrieved from /usr/local/lib/python3.6/dist-packages/airflow/example_dags/example_complex.py
[2021-03-08 03:24:52,711] {logging_mixin.py:104} INFO - [2021-03-08 03:24:52,711] {dag.py:1818} INFO - Sync 1 DAGs
[2021-03-08 03:24:52,719] {logging_mixin.py:104} INFO - [2021-03-08 03:24:52,719] {dag.py:2273} INFO - Setting next_dagrun for example_complex to None
[2021-03-08 03:24:52,725] {scheduler_job.py:190} INFO - Processing /usr/local/lib/python3.6/dist-packages/airflow/example_dags/example_complex.py took 0.040 seconds
[2021-03-08 03:25:23,423] {scheduler_job.py:182} INFO - Started process (PID=702) to work on /usr/local/lib/python3.6/dist-packages/airflow/example_dags/example_complex.py
[2021-03-08 03:25:23,424] {scheduler_job.py:629} INFO - Processing file /usr/local/lib/python3.6/dist-packages/airflow/example_dags/example_complex.py for tasks to queue
[2021-03-08 03:25:23,424] {logging_mixin.py:104} INFO - [2021-03-08 03:25:23,424] {dagbag.py:448} INFO - Filling up the DagBag from /usr/local/lib/python3.6/dist-packages/airflow/example_dags/example_complex.py
[2021-03-08 03:25:23,434] {scheduler_job.py:639} INFO - DAG(s) dict_keys(['example_complex']) retrieved from /usr/local/lib/python3.6/dist-packages/airflow/example_dags/example_complex.py
[2021-03-08 03:25:23,450] {logging_mixin.py:104} INFO - [2021-03-08 03:25:23,450] {dag.py:1818} INFO - Sync 1 DAGs
[2021-03-08 03:25:23,460] {logging_mixin.py:104} INFO - [2021-03-08 03:25:23,460] {dag.py:2273} INFO - Setting next_dagrun for example_complex to None
[2021-03-08 03:25:23,466] {scheduler_job.py:190} INFO - Processing /usr/local/lib/python3.6/dist-packages/airflow/example_dags/example_complex.py took 0.045 seconds
[2021-03-08 03:25:54,193] {scheduler_job.py:182} INFO - Started process (PID=768) to work on /usr/local/lib/python3.6/dist-packages/airflow/example_dags/example_complex.py
[2021-03-08 03:25:54,194] {scheduler_job.py:629} INFO - Processing file /usr/local/lib/python3.6/dist-packages/airflow/example_dags/example_complex.py for tasks to queue
[2021-03-08 03:25:54,195] {logging_mixin.py:104} INFO - [2021-03-08 03:25:54,194] {dagbag.py:448} INFO - Filling up the DagBag from /usr/local/lib/python3.6/dist-packages/airflow/example_dags/example_complex.py
[2021-03-08 03:25:54,209] {scheduler_job.py:639} INFO - DAG(s) dict_keys(['example_complex']) retrieved from /usr/local/lib/python3.6/dist-packages/airflow/example_dags/example_complex.py
[2021-03-08 03:25:54,232] {logging_mixin.py:104} INFO - [2021-03-08 03:25:54,232] {dag.py:1818} INFO - Sync 1 DAGs
[2021-03-08 03:25:54,247] {logging_mixin.py:104} INFO - [2021-03-08 03:25:54,247] {dag.py:2273} INFO - Setting next_dagrun for example_complex to None
[2021-03-08 03:25:54,270] {scheduler_job.py:190} INFO - Processing /usr/local/lib/python3.6/dist-packages/airflow/example_dags/example_complex.py took 0.078 seconds
