[2021-03-08 03:06:25,769] {scheduler_job.py:182} INFO - Started process (PID=92) to work on /usr/local/lib/python3.6/dist-packages/airflow/example_dags/example_task_group.py
[2021-03-08 03:06:25,771] {scheduler_job.py:629} INFO - Processing file /usr/local/lib/python3.6/dist-packages/airflow/example_dags/example_task_group.py for tasks to queue
[2021-03-08 03:06:25,772] {logging_mixin.py:104} INFO - [2021-03-08 03:06:25,772] {dagbag.py:448} INFO - Filling up the DagBag from /usr/local/lib/python3.6/dist-packages/airflow/example_dags/example_task_group.py
[2021-03-08 03:06:25,792] {scheduler_job.py:639} INFO - DAG(s) dict_keys(['example_task_group']) retrieved from /usr/local/lib/python3.6/dist-packages/airflow/example_dags/example_task_group.py
[2021-03-08 03:06:25,799] {logging_mixin.py:104} INFO - [2021-03-08 03:06:25,799] {dag.py:1818} INFO - Sync 1 DAGs
[2021-03-08 03:06:25,809] {logging_mixin.py:104} INFO - [2021-03-08 03:06:25,809] {dag.py:2273} INFO - Setting next_dagrun for example_task_group to 2021-03-06 00:00:00+00:00
[2021-03-08 03:06:25,814] {scheduler_job.py:190} INFO - Processing /usr/local/lib/python3.6/dist-packages/airflow/example_dags/example_task_group.py took 0.050 seconds
[2021-03-08 03:06:56,608] {scheduler_job.py:182} INFO - Started process (PID=151) to work on /usr/local/lib/python3.6/dist-packages/airflow/example_dags/example_task_group.py
[2021-03-08 03:06:56,609] {scheduler_job.py:629} INFO - Processing file /usr/local/lib/python3.6/dist-packages/airflow/example_dags/example_task_group.py for tasks to queue
[2021-03-08 03:06:56,609] {logging_mixin.py:104} INFO - [2021-03-08 03:06:56,609] {dagbag.py:448} INFO - Filling up the DagBag from /usr/local/lib/python3.6/dist-packages/airflow/example_dags/example_task_group.py
[2021-03-08 03:06:56,616] {scheduler_job.py:639} INFO - DAG(s) dict_keys(['example_task_group']) retrieved from /usr/local/lib/python3.6/dist-packages/airflow/example_dags/example_task_group.py
[2021-03-08 03:06:56,625] {logging_mixin.py:104} INFO - [2021-03-08 03:06:56,624] {dag.py:1818} INFO - Sync 1 DAGs
[2021-03-08 03:06:56,631] {logging_mixin.py:104} INFO - [2021-03-08 03:06:56,631] {dag.py:2273} INFO - Setting next_dagrun for example_task_group to 2021-03-06 00:00:00+00:00
[2021-03-08 03:06:56,641] {scheduler_job.py:190} INFO - Processing /usr/local/lib/python3.6/dist-packages/airflow/example_dags/example_task_group.py took 0.034 seconds
[2021-03-08 03:07:27,474] {scheduler_job.py:182} INFO - Started process (PID=211) to work on /usr/local/lib/python3.6/dist-packages/airflow/example_dags/example_task_group.py
[2021-03-08 03:07:27,476] {scheduler_job.py:629} INFO - Processing file /usr/local/lib/python3.6/dist-packages/airflow/example_dags/example_task_group.py for tasks to queue
[2021-03-08 03:07:27,477] {logging_mixin.py:104} INFO - [2021-03-08 03:07:27,477] {dagbag.py:448} INFO - Filling up the DagBag from /usr/local/lib/python3.6/dist-packages/airflow/example_dags/example_task_group.py
[2021-03-08 03:07:27,498] {scheduler_job.py:639} INFO - DAG(s) dict_keys(['example_task_group']) retrieved from /usr/local/lib/python3.6/dist-packages/airflow/example_dags/example_task_group.py
[2021-03-08 03:07:27,511] {logging_mixin.py:104} INFO - [2021-03-08 03:07:27,511] {dag.py:1818} INFO - Sync 1 DAGs
[2021-03-08 03:07:27,519] {logging_mixin.py:104} INFO - [2021-03-08 03:07:27,518] {dag.py:2273} INFO - Setting next_dagrun for example_task_group to 2021-03-06 00:00:00+00:00
[2021-03-08 03:07:27,522] {scheduler_job.py:190} INFO - Processing /usr/local/lib/python3.6/dist-packages/airflow/example_dags/example_task_group.py took 0.054 seconds
[2021-03-08 03:07:58,303] {scheduler_job.py:182} INFO - Started process (PID=270) to work on /usr/local/lib/python3.6/dist-packages/airflow/example_dags/example_task_group.py
[2021-03-08 03:07:58,305] {scheduler_job.py:629} INFO - Processing file /usr/local/lib/python3.6/dist-packages/airflow/example_dags/example_task_group.py for tasks to queue
[2021-03-08 03:07:58,307] {logging_mixin.py:104} INFO - [2021-03-08 03:07:58,306] {dagbag.py:448} INFO - Filling up the DagBag from /usr/local/lib/python3.6/dist-packages/airflow/example_dags/example_task_group.py
[2021-03-08 03:07:58,325] {scheduler_job.py:639} INFO - DAG(s) dict_keys(['example_task_group']) retrieved from /usr/local/lib/python3.6/dist-packages/airflow/example_dags/example_task_group.py
[2021-03-08 03:07:58,337] {logging_mixin.py:104} INFO - [2021-03-08 03:07:58,337] {dag.py:1818} INFO - Sync 1 DAGs
[2021-03-08 03:07:58,345] {logging_mixin.py:104} INFO - [2021-03-08 03:07:58,345] {dag.py:2273} INFO - Setting next_dagrun for example_task_group to 2021-03-06 00:00:00+00:00
[2021-03-08 03:07:58,349] {scheduler_job.py:190} INFO - Processing /usr/local/lib/python3.6/dist-packages/airflow/example_dags/example_task_group.py took 0.051 seconds
[2021-03-08 03:08:29,308] {scheduler_job.py:182} INFO - Started process (PID=330) to work on /usr/local/lib/python3.6/dist-packages/airflow/example_dags/example_task_group.py
[2021-03-08 03:08:29,310] {scheduler_job.py:629} INFO - Processing file /usr/local/lib/python3.6/dist-packages/airflow/example_dags/example_task_group.py for tasks to queue
[2021-03-08 03:08:29,312] {logging_mixin.py:104} INFO - [2021-03-08 03:08:29,312] {dagbag.py:448} INFO - Filling up the DagBag from /usr/local/lib/python3.6/dist-packages/airflow/example_dags/example_task_group.py
[2021-03-08 03:08:29,338] {scheduler_job.py:639} INFO - DAG(s) dict_keys(['example_task_group']) retrieved from /usr/local/lib/python3.6/dist-packages/airflow/example_dags/example_task_group.py
[2021-03-08 03:08:29,353] {logging_mixin.py:104} INFO - [2021-03-08 03:08:29,353] {dag.py:1818} INFO - Sync 1 DAGs
[2021-03-08 03:08:29,363] {logging_mixin.py:104} INFO - [2021-03-08 03:08:29,363] {dag.py:2273} INFO - Setting next_dagrun for example_task_group to 2021-03-06 00:00:00+00:00
[2021-03-08 03:08:29,368] {scheduler_job.py:190} INFO - Processing /usr/local/lib/python3.6/dist-packages/airflow/example_dags/example_task_group.py took 0.065 seconds
[2021-03-08 03:09:00,063] {scheduler_job.py:182} INFO - Started process (PID=390) to work on /usr/local/lib/python3.6/dist-packages/airflow/example_dags/example_task_group.py
[2021-03-08 03:09:00,066] {scheduler_job.py:629} INFO - Processing file /usr/local/lib/python3.6/dist-packages/airflow/example_dags/example_task_group.py for tasks to queue
[2021-03-08 03:09:00,067] {logging_mixin.py:104} INFO - [2021-03-08 03:09:00,067] {dagbag.py:448} INFO - Filling up the DagBag from /usr/local/lib/python3.6/dist-packages/airflow/example_dags/example_task_group.py
[2021-03-08 03:09:00,092] {scheduler_job.py:639} INFO - DAG(s) dict_keys(['example_task_group']) retrieved from /usr/local/lib/python3.6/dist-packages/airflow/example_dags/example_task_group.py
[2021-03-08 03:09:00,100] {logging_mixin.py:104} INFO - [2021-03-08 03:09:00,100] {dag.py:1818} INFO - Sync 1 DAGs
[2021-03-08 03:09:00,107] {logging_mixin.py:104} INFO - [2021-03-08 03:09:00,107] {dag.py:2273} INFO - Setting next_dagrun for example_task_group to 2021-03-06 00:00:00+00:00
[2021-03-08 03:09:00,111] {scheduler_job.py:190} INFO - Processing /usr/local/lib/python3.6/dist-packages/airflow/example_dags/example_task_group.py took 0.054 seconds
[2021-03-08 03:09:30,879] {scheduler_job.py:182} INFO - Started process (PID=453) to work on /usr/local/lib/python3.6/dist-packages/airflow/example_dags/example_task_group.py
[2021-03-08 03:09:30,880] {scheduler_job.py:629} INFO - Processing file /usr/local/lib/python3.6/dist-packages/airflow/example_dags/example_task_group.py for tasks to queue
[2021-03-08 03:09:30,880] {logging_mixin.py:104} INFO - [2021-03-08 03:09:30,880] {dagbag.py:448} INFO - Filling up the DagBag from /usr/local/lib/python3.6/dist-packages/airflow/example_dags/example_task_group.py
[2021-03-08 03:09:30,886] {scheduler_job.py:639} INFO - DAG(s) dict_keys(['example_task_group']) retrieved from /usr/local/lib/python3.6/dist-packages/airflow/example_dags/example_task_group.py
[2021-03-08 03:09:30,893] {logging_mixin.py:104} INFO - [2021-03-08 03:09:30,893] {dag.py:1818} INFO - Sync 1 DAGs
[2021-03-08 03:09:30,900] {logging_mixin.py:104} INFO - [2021-03-08 03:09:30,900] {dag.py:2273} INFO - Setting next_dagrun for example_task_group to 2021-03-06 00:00:00+00:00
[2021-03-08 03:09:30,904] {scheduler_job.py:190} INFO - Processing /usr/local/lib/python3.6/dist-packages/airflow/example_dags/example_task_group.py took 0.028 seconds
[2021-03-08 03:10:01,657] {scheduler_job.py:182} INFO - Started process (PID=518) to work on /usr/local/lib/python3.6/dist-packages/airflow/example_dags/example_task_group.py
[2021-03-08 03:10:01,659] {scheduler_job.py:629} INFO - Processing file /usr/local/lib/python3.6/dist-packages/airflow/example_dags/example_task_group.py for tasks to queue
[2021-03-08 03:10:01,660] {logging_mixin.py:104} INFO - [2021-03-08 03:10:01,660] {dagbag.py:448} INFO - Filling up the DagBag from /usr/local/lib/python3.6/dist-packages/airflow/example_dags/example_task_group.py
[2021-03-08 03:10:01,677] {scheduler_job.py:639} INFO - DAG(s) dict_keys(['example_task_group']) retrieved from /usr/local/lib/python3.6/dist-packages/airflow/example_dags/example_task_group.py
[2021-03-08 03:10:01,690] {logging_mixin.py:104} INFO - [2021-03-08 03:10:01,690] {dag.py:1818} INFO - Sync 1 DAGs
[2021-03-08 03:10:01,701] {logging_mixin.py:104} INFO - [2021-03-08 03:10:01,701] {dag.py:2273} INFO - Setting next_dagrun for example_task_group to 2021-03-06 00:00:00+00:00
[2021-03-08 03:10:01,706] {scheduler_job.py:190} INFO - Processing /usr/local/lib/python3.6/dist-packages/airflow/example_dags/example_task_group.py took 0.055 seconds
[2021-03-08 03:10:32,544] {scheduler_job.py:182} INFO - Started process (PID=577) to work on /usr/local/lib/python3.6/dist-packages/airflow/example_dags/example_task_group.py
[2021-03-08 03:10:32,546] {scheduler_job.py:629} INFO - Processing file /usr/local/lib/python3.6/dist-packages/airflow/example_dags/example_task_group.py for tasks to queue
[2021-03-08 03:10:32,547] {logging_mixin.py:104} INFO - [2021-03-08 03:10:32,547] {dagbag.py:448} INFO - Filling up the DagBag from /usr/local/lib/python3.6/dist-packages/airflow/example_dags/example_task_group.py
[2021-03-08 03:10:32,568] {scheduler_job.py:639} INFO - DAG(s) dict_keys(['example_task_group']) retrieved from /usr/local/lib/python3.6/dist-packages/airflow/example_dags/example_task_group.py
[2021-03-08 03:10:32,580] {logging_mixin.py:104} INFO - [2021-03-08 03:10:32,580] {dag.py:1818} INFO - Sync 1 DAGs
[2021-03-08 03:10:32,588] {logging_mixin.py:104} INFO - [2021-03-08 03:10:32,587] {dag.py:2273} INFO - Setting next_dagrun for example_task_group to 2021-03-06 00:00:00+00:00
[2021-03-08 03:10:32,592] {scheduler_job.py:190} INFO - Processing /usr/local/lib/python3.6/dist-packages/airflow/example_dags/example_task_group.py took 0.053 seconds
[2021-03-08 03:11:03,354] {scheduler_job.py:182} INFO - Started process (PID=636) to work on /usr/local/lib/python3.6/dist-packages/airflow/example_dags/example_task_group.py
[2021-03-08 03:11:03,356] {scheduler_job.py:629} INFO - Processing file /usr/local/lib/python3.6/dist-packages/airflow/example_dags/example_task_group.py for tasks to queue
[2021-03-08 03:11:03,358] {logging_mixin.py:104} INFO - [2021-03-08 03:11:03,358] {dagbag.py:448} INFO - Filling up the DagBag from /usr/local/lib/python3.6/dist-packages/airflow/example_dags/example_task_group.py
[2021-03-08 03:11:03,379] {scheduler_job.py:639} INFO - DAG(s) dict_keys(['example_task_group']) retrieved from /usr/local/lib/python3.6/dist-packages/airflow/example_dags/example_task_group.py
[2021-03-08 03:11:03,392] {logging_mixin.py:104} INFO - [2021-03-08 03:11:03,392] {dag.py:1818} INFO - Sync 1 DAGs
[2021-03-08 03:11:03,399] {logging_mixin.py:104} INFO - [2021-03-08 03:11:03,399] {dag.py:2273} INFO - Setting next_dagrun for example_task_group to 2021-03-06 00:00:00+00:00
[2021-03-08 03:11:03,404] {scheduler_job.py:190} INFO - Processing /usr/local/lib/python3.6/dist-packages/airflow/example_dags/example_task_group.py took 0.055 seconds
[2021-03-08 03:17:40,087] {scheduler_job.py:182} INFO - Started process (PID=53) to work on /usr/local/lib/python3.6/dist-packages/airflow/example_dags/example_task_group.py
[2021-03-08 03:17:40,088] {scheduler_job.py:629} INFO - Processing file /usr/local/lib/python3.6/dist-packages/airflow/example_dags/example_task_group.py for tasks to queue
[2021-03-08 03:17:40,088] {logging_mixin.py:104} INFO - [2021-03-08 03:17:40,088] {dagbag.py:448} INFO - Filling up the DagBag from /usr/local/lib/python3.6/dist-packages/airflow/example_dags/example_task_group.py
[2021-03-08 03:17:40,097] {scheduler_job.py:639} INFO - DAG(s) dict_keys(['example_task_group']) retrieved from /usr/local/lib/python3.6/dist-packages/airflow/example_dags/example_task_group.py
[2021-03-08 03:17:40,108] {logging_mixin.py:104} INFO - [2021-03-08 03:17:40,108] {dag.py:1818} INFO - Sync 1 DAGs
[2021-03-08 03:17:40,121] {logging_mixin.py:104} INFO - [2021-03-08 03:17:40,121] {dag.py:2273} INFO - Setting next_dagrun for example_task_group to 2021-03-06 00:00:00+00:00
[2021-03-08 03:17:40,128] {scheduler_job.py:190} INFO - Processing /usr/local/lib/python3.6/dist-packages/airflow/example_dags/example_task_group.py took 0.043 seconds
[2021-03-08 03:18:12,972] {scheduler_job.py:182} INFO - Started process (PID=26) to work on /usr/local/lib/python3.6/dist-packages/airflow/example_dags/example_task_group.py
[2021-03-08 03:18:12,972] {scheduler_job.py:629} INFO - Processing file /usr/local/lib/python3.6/dist-packages/airflow/example_dags/example_task_group.py for tasks to queue
[2021-03-08 03:18:12,973] {logging_mixin.py:104} INFO - [2021-03-08 03:18:12,973] {dagbag.py:448} INFO - Filling up the DagBag from /usr/local/lib/python3.6/dist-packages/airflow/example_dags/example_task_group.py
[2021-03-08 03:18:12,988] {scheduler_job.py:639} INFO - DAG(s) dict_keys(['example_task_group']) retrieved from /usr/local/lib/python3.6/dist-packages/airflow/example_dags/example_task_group.py
[2021-03-08 03:18:13,018] {logging_mixin.py:104} INFO - [2021-03-08 03:18:13,018] {dag.py:1818} INFO - Sync 1 DAGs
[2021-03-08 03:18:13,033] {logging_mixin.py:104} INFO - [2021-03-08 03:18:13,033] {dag.py:2273} INFO - Setting next_dagrun for example_task_group to 2021-03-06 00:00:00+00:00
[2021-03-08 03:18:13,044] {scheduler_job.py:190} INFO - Processing /usr/local/lib/python3.6/dist-packages/airflow/example_dags/example_task_group.py took 0.074 seconds
[2021-03-08 03:18:43,920] {scheduler_job.py:182} INFO - Started process (PID=113) to work on /usr/local/lib/python3.6/dist-packages/airflow/example_dags/example_task_group.py
[2021-03-08 03:18:43,921] {scheduler_job.py:629} INFO - Processing file /usr/local/lib/python3.6/dist-packages/airflow/example_dags/example_task_group.py for tasks to queue
[2021-03-08 03:18:43,921] {logging_mixin.py:104} INFO - [2021-03-08 03:18:43,921] {dagbag.py:448} INFO - Filling up the DagBag from /usr/local/lib/python3.6/dist-packages/airflow/example_dags/example_task_group.py
[2021-03-08 03:18:43,929] {scheduler_job.py:639} INFO - DAG(s) dict_keys(['example_task_group']) retrieved from /usr/local/lib/python3.6/dist-packages/airflow/example_dags/example_task_group.py
[2021-03-08 03:18:43,941] {logging_mixin.py:104} INFO - [2021-03-08 03:18:43,941] {dag.py:1818} INFO - Sync 1 DAGs
[2021-03-08 03:18:43,950] {logging_mixin.py:104} INFO - [2021-03-08 03:18:43,950] {dag.py:2273} INFO - Setting next_dagrun for example_task_group to 2021-03-06 00:00:00+00:00
[2021-03-08 03:18:43,955] {scheduler_job.py:190} INFO - Processing /usr/local/lib/python3.6/dist-packages/airflow/example_dags/example_task_group.py took 0.036 seconds
[2021-03-08 03:19:14,572] {scheduler_job.py:182} INFO - Started process (PID=171) to work on /usr/local/lib/python3.6/dist-packages/airflow/example_dags/example_task_group.py
[2021-03-08 03:19:14,573] {scheduler_job.py:629} INFO - Processing file /usr/local/lib/python3.6/dist-packages/airflow/example_dags/example_task_group.py for tasks to queue
[2021-03-08 03:19:14,573] {logging_mixin.py:104} INFO - [2021-03-08 03:19:14,573] {dagbag.py:448} INFO - Filling up the DagBag from /usr/local/lib/python3.6/dist-packages/airflow/example_dags/example_task_group.py
[2021-03-08 03:19:14,582] {scheduler_job.py:639} INFO - DAG(s) dict_keys(['example_task_group']) retrieved from /usr/local/lib/python3.6/dist-packages/airflow/example_dags/example_task_group.py
[2021-03-08 03:19:14,594] {logging_mixin.py:104} INFO - [2021-03-08 03:19:14,594] {dag.py:1818} INFO - Sync 1 DAGs
[2021-03-08 03:19:14,602] {logging_mixin.py:104} INFO - [2021-03-08 03:19:14,602] {dag.py:2273} INFO - Setting next_dagrun for example_task_group to 2021-03-06 00:00:00+00:00
[2021-03-08 03:19:14,607] {scheduler_job.py:190} INFO - Processing /usr/local/lib/python3.6/dist-packages/airflow/example_dags/example_task_group.py took 0.037 seconds
[2021-03-08 03:19:46,181] {scheduler_job.py:182} INFO - Started process (PID=46) to work on /usr/local/lib/python3.6/dist-packages/airflow/example_dags/example_task_group.py
[2021-03-08 03:19:46,182] {scheduler_job.py:629} INFO - Processing file /usr/local/lib/python3.6/dist-packages/airflow/example_dags/example_task_group.py for tasks to queue
[2021-03-08 03:19:46,182] {logging_mixin.py:104} INFO - [2021-03-08 03:19:46,182] {dagbag.py:448} INFO - Filling up the DagBag from /usr/local/lib/python3.6/dist-packages/airflow/example_dags/example_task_group.py
[2021-03-08 03:19:46,193] {scheduler_job.py:639} INFO - DAG(s) dict_keys(['example_task_group']) retrieved from /usr/local/lib/python3.6/dist-packages/airflow/example_dags/example_task_group.py
[2021-03-08 03:19:46,211] {logging_mixin.py:104} INFO - [2021-03-08 03:19:46,211] {dag.py:1818} INFO - Sync 1 DAGs
[2021-03-08 03:19:46,222] {logging_mixin.py:104} INFO - [2021-03-08 03:19:46,222] {dag.py:2273} INFO - Setting next_dagrun for example_task_group to 2021-03-06 00:00:00+00:00
[2021-03-08 03:19:46,231] {scheduler_job.py:190} INFO - Processing /usr/local/lib/python3.6/dist-packages/airflow/example_dags/example_task_group.py took 0.052 seconds
[2021-03-08 03:20:16,893] {scheduler_job.py:182} INFO - Started process (PID=133) to work on /usr/local/lib/python3.6/dist-packages/airflow/example_dags/example_task_group.py
[2021-03-08 03:20:16,894] {scheduler_job.py:629} INFO - Processing file /usr/local/lib/python3.6/dist-packages/airflow/example_dags/example_task_group.py for tasks to queue
[2021-03-08 03:20:16,894] {logging_mixin.py:104} INFO - [2021-03-08 03:20:16,894] {dagbag.py:448} INFO - Filling up the DagBag from /usr/local/lib/python3.6/dist-packages/airflow/example_dags/example_task_group.py
[2021-03-08 03:20:16,902] {scheduler_job.py:639} INFO - DAG(s) dict_keys(['example_task_group']) retrieved from /usr/local/lib/python3.6/dist-packages/airflow/example_dags/example_task_group.py
[2021-03-08 03:20:16,915] {logging_mixin.py:104} INFO - [2021-03-08 03:20:16,914] {dag.py:1818} INFO - Sync 1 DAGs
[2021-03-08 03:20:16,923] {logging_mixin.py:104} INFO - [2021-03-08 03:20:16,923] {dag.py:2273} INFO - Setting next_dagrun for example_task_group to 2021-03-06 00:00:00+00:00
[2021-03-08 03:20:16,929] {scheduler_job.py:190} INFO - Processing /usr/local/lib/python3.6/dist-packages/airflow/example_dags/example_task_group.py took 0.037 seconds
[2021-03-08 03:20:47,589] {scheduler_job.py:182} INFO - Started process (PID=190) to work on /usr/local/lib/python3.6/dist-packages/airflow/example_dags/example_task_group.py
[2021-03-08 03:20:47,591] {scheduler_job.py:629} INFO - Processing file /usr/local/lib/python3.6/dist-packages/airflow/example_dags/example_task_group.py for tasks to queue
[2021-03-08 03:20:47,591] {logging_mixin.py:104} INFO - [2021-03-08 03:20:47,591] {dagbag.py:448} INFO - Filling up the DagBag from /usr/local/lib/python3.6/dist-packages/airflow/example_dags/example_task_group.py
[2021-03-08 03:20:47,598] {scheduler_job.py:639} INFO - DAG(s) dict_keys(['example_task_group']) retrieved from /usr/local/lib/python3.6/dist-packages/airflow/example_dags/example_task_group.py
[2021-03-08 03:20:47,609] {logging_mixin.py:104} INFO - [2021-03-08 03:20:47,609] {dag.py:1818} INFO - Sync 1 DAGs
[2021-03-08 03:20:47,618] {logging_mixin.py:104} INFO - [2021-03-08 03:20:47,618] {dag.py:2273} INFO - Setting next_dagrun for example_task_group to 2021-03-06 00:00:00+00:00
[2021-03-08 03:20:47,623] {scheduler_job.py:190} INFO - Processing /usr/local/lib/python3.6/dist-packages/airflow/example_dags/example_task_group.py took 0.037 seconds
[2021-03-08 03:21:18,268] {scheduler_job.py:182} INFO - Started process (PID=248) to work on /usr/local/lib/python3.6/dist-packages/airflow/example_dags/example_task_group.py
[2021-03-08 03:21:18,269] {scheduler_job.py:629} INFO - Processing file /usr/local/lib/python3.6/dist-packages/airflow/example_dags/example_task_group.py for tasks to queue
[2021-03-08 03:21:18,269] {logging_mixin.py:104} INFO - [2021-03-08 03:21:18,269] {dagbag.py:448} INFO - Filling up the DagBag from /usr/local/lib/python3.6/dist-packages/airflow/example_dags/example_task_group.py
[2021-03-08 03:21:18,276] {scheduler_job.py:639} INFO - DAG(s) dict_keys(['example_task_group']) retrieved from /usr/local/lib/python3.6/dist-packages/airflow/example_dags/example_task_group.py
[2021-03-08 03:21:18,292] {logging_mixin.py:104} INFO - [2021-03-08 03:21:18,292] {dag.py:1818} INFO - Sync 1 DAGs
[2021-03-08 03:21:18,302] {logging_mixin.py:104} INFO - [2021-03-08 03:21:18,302] {dag.py:2273} INFO - Setting next_dagrun for example_task_group to 2021-03-06 00:00:00+00:00
[2021-03-08 03:21:18,307] {scheduler_job.py:190} INFO - Processing /usr/local/lib/python3.6/dist-packages/airflow/example_dags/example_task_group.py took 0.040 seconds
[2021-03-08 03:21:48,934] {scheduler_job.py:182} INFO - Started process (PID=306) to work on /usr/local/lib/python3.6/dist-packages/airflow/example_dags/example_task_group.py
[2021-03-08 03:21:48,934] {scheduler_job.py:629} INFO - Processing file /usr/local/lib/python3.6/dist-packages/airflow/example_dags/example_task_group.py for tasks to queue
[2021-03-08 03:21:48,934] {logging_mixin.py:104} INFO - [2021-03-08 03:21:48,934] {dagbag.py:448} INFO - Filling up the DagBag from /usr/local/lib/python3.6/dist-packages/airflow/example_dags/example_task_group.py
[2021-03-08 03:21:48,941] {scheduler_job.py:639} INFO - DAG(s) dict_keys(['example_task_group']) retrieved from /usr/local/lib/python3.6/dist-packages/airflow/example_dags/example_task_group.py
[2021-03-08 03:21:48,952] {logging_mixin.py:104} INFO - [2021-03-08 03:21:48,952] {dag.py:1818} INFO - Sync 1 DAGs
[2021-03-08 03:21:48,962] {logging_mixin.py:104} INFO - [2021-03-08 03:21:48,962] {dag.py:2273} INFO - Setting next_dagrun for example_task_group to 2021-03-06 00:00:00+00:00
[2021-03-08 03:21:48,966] {scheduler_job.py:190} INFO - Processing /usr/local/lib/python3.6/dist-packages/airflow/example_dags/example_task_group.py took 0.035 seconds
[2021-03-08 03:22:19,600] {scheduler_job.py:182} INFO - Started process (PID=365) to work on /usr/local/lib/python3.6/dist-packages/airflow/example_dags/example_task_group.py
[2021-03-08 03:22:19,600] {scheduler_job.py:629} INFO - Processing file /usr/local/lib/python3.6/dist-packages/airflow/example_dags/example_task_group.py for tasks to queue
[2021-03-08 03:22:19,601] {logging_mixin.py:104} INFO - [2021-03-08 03:22:19,601] {dagbag.py:448} INFO - Filling up the DagBag from /usr/local/lib/python3.6/dist-packages/airflow/example_dags/example_task_group.py
[2021-03-08 03:22:19,607] {scheduler_job.py:639} INFO - DAG(s) dict_keys(['example_task_group']) retrieved from /usr/local/lib/python3.6/dist-packages/airflow/example_dags/example_task_group.py
[2021-03-08 03:22:19,619] {logging_mixin.py:104} INFO - [2021-03-08 03:22:19,619] {dag.py:1818} INFO - Sync 1 DAGs
[2021-03-08 03:22:19,628] {logging_mixin.py:104} INFO - [2021-03-08 03:22:19,628] {dag.py:2273} INFO - Setting next_dagrun for example_task_group to 2021-03-06 00:00:00+00:00
[2021-03-08 03:22:19,633] {scheduler_job.py:190} INFO - Processing /usr/local/lib/python3.6/dist-packages/airflow/example_dags/example_task_group.py took 0.035 seconds
[2021-03-08 03:22:50,315] {scheduler_job.py:182} INFO - Started process (PID=424) to work on /usr/local/lib/python3.6/dist-packages/airflow/example_dags/example_task_group.py
[2021-03-08 03:22:50,316] {scheduler_job.py:629} INFO - Processing file /usr/local/lib/python3.6/dist-packages/airflow/example_dags/example_task_group.py for tasks to queue
[2021-03-08 03:22:50,317] {logging_mixin.py:104} INFO - [2021-03-08 03:22:50,316] {dagbag.py:448} INFO - Filling up the DagBag from /usr/local/lib/python3.6/dist-packages/airflow/example_dags/example_task_group.py
[2021-03-08 03:22:50,324] {scheduler_job.py:639} INFO - DAG(s) dict_keys(['example_task_group']) retrieved from /usr/local/lib/python3.6/dist-packages/airflow/example_dags/example_task_group.py
[2021-03-08 03:22:50,335] {logging_mixin.py:104} INFO - [2021-03-08 03:22:50,335] {dag.py:1818} INFO - Sync 1 DAGs
[2021-03-08 03:22:50,343] {logging_mixin.py:104} INFO - [2021-03-08 03:22:50,343] {dag.py:2273} INFO - Setting next_dagrun for example_task_group to 2021-03-06 00:00:00+00:00
[2021-03-08 03:22:50,349] {scheduler_job.py:190} INFO - Processing /usr/local/lib/python3.6/dist-packages/airflow/example_dags/example_task_group.py took 0.035 seconds
[2021-03-08 03:23:20,945] {scheduler_job.py:182} INFO - Started process (PID=484) to work on /usr/local/lib/python3.6/dist-packages/airflow/example_dags/example_task_group.py
[2021-03-08 03:23:20,946] {scheduler_job.py:629} INFO - Processing file /usr/local/lib/python3.6/dist-packages/airflow/example_dags/example_task_group.py for tasks to queue
[2021-03-08 03:23:20,946] {logging_mixin.py:104} INFO - [2021-03-08 03:23:20,946] {dagbag.py:448} INFO - Filling up the DagBag from /usr/local/lib/python3.6/dist-packages/airflow/example_dags/example_task_group.py
[2021-03-08 03:23:20,955] {scheduler_job.py:639} INFO - DAG(s) dict_keys(['example_task_group']) retrieved from /usr/local/lib/python3.6/dist-packages/airflow/example_dags/example_task_group.py
[2021-03-08 03:23:20,967] {logging_mixin.py:104} INFO - [2021-03-08 03:23:20,967] {dag.py:1818} INFO - Sync 1 DAGs
[2021-03-08 03:23:20,976] {logging_mixin.py:104} INFO - [2021-03-08 03:23:20,976] {dag.py:2273} INFO - Setting next_dagrun for example_task_group to 2021-03-06 00:00:00+00:00
[2021-03-08 03:23:20,983] {scheduler_job.py:190} INFO - Processing /usr/local/lib/python3.6/dist-packages/airflow/example_dags/example_task_group.py took 0.040 seconds
[2021-03-08 03:23:51,722] {scheduler_job.py:182} INFO - Started process (PID=543) to work on /usr/local/lib/python3.6/dist-packages/airflow/example_dags/example_task_group.py
[2021-03-08 03:23:51,723] {scheduler_job.py:629} INFO - Processing file /usr/local/lib/python3.6/dist-packages/airflow/example_dags/example_task_group.py for tasks to queue
[2021-03-08 03:23:51,723] {logging_mixin.py:104} INFO - [2021-03-08 03:23:51,723] {dagbag.py:448} INFO - Filling up the DagBag from /usr/local/lib/python3.6/dist-packages/airflow/example_dags/example_task_group.py
[2021-03-08 03:23:51,730] {scheduler_job.py:639} INFO - DAG(s) dict_keys(['example_task_group']) retrieved from /usr/local/lib/python3.6/dist-packages/airflow/example_dags/example_task_group.py
[2021-03-08 03:23:51,742] {logging_mixin.py:104} INFO - [2021-03-08 03:23:51,742] {dag.py:1818} INFO - Sync 1 DAGs
[2021-03-08 03:23:51,750] {logging_mixin.py:104} INFO - [2021-03-08 03:23:51,750] {dag.py:2273} INFO - Setting next_dagrun for example_task_group to 2021-03-06 00:00:00+00:00
[2021-03-08 03:23:51,756] {scheduler_job.py:190} INFO - Processing /usr/local/lib/python3.6/dist-packages/airflow/example_dags/example_task_group.py took 0.036 seconds
[2021-03-08 03:24:22,390] {scheduler_job.py:182} INFO - Started process (PID=601) to work on /usr/local/lib/python3.6/dist-packages/airflow/example_dags/example_task_group.py
[2021-03-08 03:24:22,391] {scheduler_job.py:629} INFO - Processing file /usr/local/lib/python3.6/dist-packages/airflow/example_dags/example_task_group.py for tasks to queue
[2021-03-08 03:24:22,391] {logging_mixin.py:104} INFO - [2021-03-08 03:24:22,391] {dagbag.py:448} INFO - Filling up the DagBag from /usr/local/lib/python3.6/dist-packages/airflow/example_dags/example_task_group.py
[2021-03-08 03:24:22,399] {scheduler_job.py:639} INFO - DAG(s) dict_keys(['example_task_group']) retrieved from /usr/local/lib/python3.6/dist-packages/airflow/example_dags/example_task_group.py
[2021-03-08 03:24:22,412] {logging_mixin.py:104} INFO - [2021-03-08 03:24:22,412] {dag.py:1818} INFO - Sync 1 DAGs
[2021-03-08 03:24:22,420] {logging_mixin.py:104} INFO - [2021-03-08 03:24:22,420] {dag.py:2273} INFO - Setting next_dagrun for example_task_group to 2021-03-06 00:00:00+00:00
[2021-03-08 03:24:22,426] {scheduler_job.py:190} INFO - Processing /usr/local/lib/python3.6/dist-packages/airflow/example_dags/example_task_group.py took 0.038 seconds
[2021-03-08 03:24:53,179] {scheduler_job.py:182} INFO - Started process (PID=668) to work on /usr/local/lib/python3.6/dist-packages/airflow/example_dags/example_task_group.py
[2021-03-08 03:24:53,179] {scheduler_job.py:629} INFO - Processing file /usr/local/lib/python3.6/dist-packages/airflow/example_dags/example_task_group.py for tasks to queue
[2021-03-08 03:24:53,180] {logging_mixin.py:104} INFO - [2021-03-08 03:24:53,180] {dagbag.py:448} INFO - Filling up the DagBag from /usr/local/lib/python3.6/dist-packages/airflow/example_dags/example_task_group.py
[2021-03-08 03:24:53,198] {scheduler_job.py:639} INFO - DAG(s) dict_keys(['example_task_group']) retrieved from /usr/local/lib/python3.6/dist-packages/airflow/example_dags/example_task_group.py
[2021-03-08 03:24:53,230] {logging_mixin.py:104} INFO - [2021-03-08 03:24:53,229] {dag.py:1818} INFO - Sync 1 DAGs
[2021-03-08 03:24:53,249] {logging_mixin.py:104} INFO - [2021-03-08 03:24:53,249] {dag.py:2273} INFO - Setting next_dagrun for example_task_group to 2021-03-06 00:00:00+00:00
[2021-03-08 03:24:53,256] {scheduler_job.py:190} INFO - Processing /usr/local/lib/python3.6/dist-packages/airflow/example_dags/example_task_group.py took 0.083 seconds
[2021-03-08 03:25:23,980] {scheduler_job.py:182} INFO - Started process (PID=727) to work on /usr/local/lib/python3.6/dist-packages/airflow/example_dags/example_task_group.py
[2021-03-08 03:25:23,981] {scheduler_job.py:629} INFO - Processing file /usr/local/lib/python3.6/dist-packages/airflow/example_dags/example_task_group.py for tasks to queue
[2021-03-08 03:25:23,981] {logging_mixin.py:104} INFO - [2021-03-08 03:25:23,981] {dagbag.py:448} INFO - Filling up the DagBag from /usr/local/lib/python3.6/dist-packages/airflow/example_dags/example_task_group.py
[2021-03-08 03:25:23,988] {scheduler_job.py:639} INFO - DAG(s) dict_keys(['example_task_group']) retrieved from /usr/local/lib/python3.6/dist-packages/airflow/example_dags/example_task_group.py
[2021-03-08 03:25:24,001] {logging_mixin.py:104} INFO - [2021-03-08 03:25:24,000] {dag.py:1818} INFO - Sync 1 DAGs
[2021-03-08 03:25:24,012] {logging_mixin.py:104} INFO - [2021-03-08 03:25:24,012] {dag.py:2273} INFO - Setting next_dagrun for example_task_group to 2021-03-06 00:00:00+00:00
[2021-03-08 03:25:24,017] {scheduler_job.py:190} INFO - Processing /usr/local/lib/python3.6/dist-packages/airflow/example_dags/example_task_group.py took 0.038 seconds
[2021-03-08 03:25:54,807] {scheduler_job.py:182} INFO - Started process (PID=786) to work on /usr/local/lib/python3.6/dist-packages/airflow/example_dags/example_task_group.py
[2021-03-08 03:25:54,808] {scheduler_job.py:629} INFO - Processing file /usr/local/lib/python3.6/dist-packages/airflow/example_dags/example_task_group.py for tasks to queue
[2021-03-08 03:25:54,809] {logging_mixin.py:104} INFO - [2021-03-08 03:25:54,808] {dagbag.py:448} INFO - Filling up the DagBag from /usr/local/lib/python3.6/dist-packages/airflow/example_dags/example_task_group.py
[2021-03-08 03:25:54,816] {scheduler_job.py:639} INFO - DAG(s) dict_keys(['example_task_group']) retrieved from /usr/local/lib/python3.6/dist-packages/airflow/example_dags/example_task_group.py
[2021-03-08 03:25:54,830] {logging_mixin.py:104} INFO - [2021-03-08 03:25:54,830] {dag.py:1818} INFO - Sync 1 DAGs
[2021-03-08 03:25:54,842] {logging_mixin.py:104} INFO - [2021-03-08 03:25:54,842] {dag.py:2273} INFO - Setting next_dagrun for example_task_group to 2021-03-06 00:00:00+00:00
[2021-03-08 03:25:54,852] {scheduler_job.py:190} INFO - Processing /usr/local/lib/python3.6/dist-packages/airflow/example_dags/example_task_group.py took 0.047 seconds
