[2021-03-08 03:06:31,010] {scheduler_job.py:182} INFO - Started process (PID=105) to work on /usr/local/lib/python3.6/dist-packages/airflow/example_dags/example_xcom.py
[2021-03-08 03:06:31,012] {scheduler_job.py:629} INFO - Processing file /usr/local/lib/python3.6/dist-packages/airflow/example_dags/example_xcom.py for tasks to queue
[2021-03-08 03:06:31,013] {logging_mixin.py:104} INFO - [2021-03-08 03:06:31,013] {dagbag.py:448} INFO - Filling up the DagBag from /usr/local/lib/python3.6/dist-packages/airflow/example_dags/example_xcom.py
[2021-03-08 03:06:31,032] {scheduler_job.py:639} INFO - DAG(s) dict_keys(['example_xcom']) retrieved from /usr/local/lib/python3.6/dist-packages/airflow/example_dags/example_xcom.py
[2021-03-08 03:06:31,040] {logging_mixin.py:104} INFO - [2021-03-08 03:06:31,039] {dag.py:1818} INFO - Sync 1 DAGs
[2021-03-08 03:06:31,049] {logging_mixin.py:104} INFO - [2021-03-08 03:06:31,049] {dag.py:2273} INFO - Setting next_dagrun for example_xcom to 2021-03-06 00:00:00+00:00
[2021-03-08 03:06:31,055] {scheduler_job.py:190} INFO - Processing /usr/local/lib/python3.6/dist-packages/airflow/example_dags/example_xcom.py took 0.050 seconds
[2021-03-08 03:07:01,537] {scheduler_job.py:182} INFO - Started process (PID=164) to work on /usr/local/lib/python3.6/dist-packages/airflow/example_dags/example_xcom.py
[2021-03-08 03:07:01,539] {scheduler_job.py:629} INFO - Processing file /usr/local/lib/python3.6/dist-packages/airflow/example_dags/example_xcom.py for tasks to queue
[2021-03-08 03:07:01,540] {logging_mixin.py:104} INFO - [2021-03-08 03:07:01,540] {dagbag.py:448} INFO - Filling up the DagBag from /usr/local/lib/python3.6/dist-packages/airflow/example_dags/example_xcom.py
[2021-03-08 03:07:01,558] {scheduler_job.py:639} INFO - DAG(s) dict_keys(['example_xcom']) retrieved from /usr/local/lib/python3.6/dist-packages/airflow/example_dags/example_xcom.py
[2021-03-08 03:07:01,569] {logging_mixin.py:104} INFO - [2021-03-08 03:07:01,569] {dag.py:1818} INFO - Sync 1 DAGs
[2021-03-08 03:07:01,577] {logging_mixin.py:104} INFO - [2021-03-08 03:07:01,577] {dag.py:2273} INFO - Setting next_dagrun for example_xcom to 2021-03-06 00:00:00+00:00
[2021-03-08 03:07:01,581] {scheduler_job.py:190} INFO - Processing /usr/local/lib/python3.6/dist-packages/airflow/example_dags/example_xcom.py took 0.050 seconds
[2021-03-08 03:07:31,862] {scheduler_job.py:182} INFO - Started process (PID=224) to work on /usr/local/lib/python3.6/dist-packages/airflow/example_dags/example_xcom.py
[2021-03-08 03:07:31,864] {scheduler_job.py:629} INFO - Processing file /usr/local/lib/python3.6/dist-packages/airflow/example_dags/example_xcom.py for tasks to queue
[2021-03-08 03:07:31,865] {logging_mixin.py:104} INFO - [2021-03-08 03:07:31,865] {dagbag.py:448} INFO - Filling up the DagBag from /usr/local/lib/python3.6/dist-packages/airflow/example_dags/example_xcom.py
[2021-03-08 03:07:31,880] {scheduler_job.py:639} INFO - DAG(s) dict_keys(['example_xcom']) retrieved from /usr/local/lib/python3.6/dist-packages/airflow/example_dags/example_xcom.py
[2021-03-08 03:07:31,890] {logging_mixin.py:104} INFO - [2021-03-08 03:07:31,890] {dag.py:1818} INFO - Sync 1 DAGs
[2021-03-08 03:07:31,899] {logging_mixin.py:104} INFO - [2021-03-08 03:07:31,899] {dag.py:2273} INFO - Setting next_dagrun for example_xcom to 2021-03-06 00:00:00+00:00
[2021-03-08 03:07:31,903] {scheduler_job.py:190} INFO - Processing /usr/local/lib/python3.6/dist-packages/airflow/example_dags/example_xcom.py took 0.046 seconds
[2021-03-08 03:08:02,189] {scheduler_job.py:182} INFO - Started process (PID=283) to work on /usr/local/lib/python3.6/dist-packages/airflow/example_dags/example_xcom.py
[2021-03-08 03:08:02,191] {scheduler_job.py:629} INFO - Processing file /usr/local/lib/python3.6/dist-packages/airflow/example_dags/example_xcom.py for tasks to queue
[2021-03-08 03:08:02,192] {logging_mixin.py:104} INFO - [2021-03-08 03:08:02,192] {dagbag.py:448} INFO - Filling up the DagBag from /usr/local/lib/python3.6/dist-packages/airflow/example_dags/example_xcom.py
[2021-03-08 03:08:02,209] {scheduler_job.py:639} INFO - DAG(s) dict_keys(['example_xcom']) retrieved from /usr/local/lib/python3.6/dist-packages/airflow/example_dags/example_xcom.py
[2021-03-08 03:08:02,220] {logging_mixin.py:104} INFO - [2021-03-08 03:08:02,220] {dag.py:1818} INFO - Sync 1 DAGs
[2021-03-08 03:08:02,228] {logging_mixin.py:104} INFO - [2021-03-08 03:08:02,228] {dag.py:2273} INFO - Setting next_dagrun for example_xcom to 2021-03-06 00:00:00+00:00
[2021-03-08 03:08:02,232] {scheduler_job.py:190} INFO - Processing /usr/local/lib/python3.6/dist-packages/airflow/example_dags/example_xcom.py took 0.049 seconds
[2021-03-08 03:08:32,499] {scheduler_job.py:182} INFO - Started process (PID=342) to work on /usr/local/lib/python3.6/dist-packages/airflow/example_dags/example_xcom.py
[2021-03-08 03:08:32,501] {scheduler_job.py:629} INFO - Processing file /usr/local/lib/python3.6/dist-packages/airflow/example_dags/example_xcom.py for tasks to queue
[2021-03-08 03:08:32,503] {logging_mixin.py:104} INFO - [2021-03-08 03:08:32,503] {dagbag.py:448} INFO - Filling up the DagBag from /usr/local/lib/python3.6/dist-packages/airflow/example_dags/example_xcom.py
[2021-03-08 03:08:32,522] {scheduler_job.py:639} INFO - DAG(s) dict_keys(['example_xcom']) retrieved from /usr/local/lib/python3.6/dist-packages/airflow/example_dags/example_xcom.py
[2021-03-08 03:08:32,534] {logging_mixin.py:104} INFO - [2021-03-08 03:08:32,533] {dag.py:1818} INFO - Sync 1 DAGs
[2021-03-08 03:08:32,542] {logging_mixin.py:104} INFO - [2021-03-08 03:08:32,542] {dag.py:2273} INFO - Setting next_dagrun for example_xcom to 2021-03-06 00:00:00+00:00
[2021-03-08 03:08:32,546] {scheduler_job.py:190} INFO - Processing /usr/local/lib/python3.6/dist-packages/airflow/example_dags/example_xcom.py took 0.052 seconds
[2021-03-08 03:09:03,810] {scheduler_job.py:182} INFO - Started process (PID=402) to work on /usr/local/lib/python3.6/dist-packages/airflow/example_dags/example_xcom.py
[2021-03-08 03:09:03,814] {scheduler_job.py:629} INFO - Processing file /usr/local/lib/python3.6/dist-packages/airflow/example_dags/example_xcom.py for tasks to queue
[2021-03-08 03:09:03,815] {logging_mixin.py:104} INFO - [2021-03-08 03:09:03,815] {dagbag.py:448} INFO - Filling up the DagBag from /usr/local/lib/python3.6/dist-packages/airflow/example_dags/example_xcom.py
[2021-03-08 03:09:03,836] {scheduler_job.py:639} INFO - DAG(s) dict_keys(['example_xcom']) retrieved from /usr/local/lib/python3.6/dist-packages/airflow/example_dags/example_xcom.py
[2021-03-08 03:09:03,848] {logging_mixin.py:104} INFO - [2021-03-08 03:09:03,847] {dag.py:1818} INFO - Sync 1 DAGs
[2021-03-08 03:09:03,856] {logging_mixin.py:104} INFO - [2021-03-08 03:09:03,856] {dag.py:2273} INFO - Setting next_dagrun for example_xcom to 2021-03-06 00:00:00+00:00
[2021-03-08 03:09:03,860] {scheduler_job.py:190} INFO - Processing /usr/local/lib/python3.6/dist-packages/airflow/example_dags/example_xcom.py took 0.055 seconds
[2021-03-08 03:09:34,122] {scheduler_job.py:182} INFO - Started process (PID=463) to work on /usr/local/lib/python3.6/dist-packages/airflow/example_dags/example_xcom.py
[2021-03-08 03:09:34,125] {scheduler_job.py:629} INFO - Processing file /usr/local/lib/python3.6/dist-packages/airflow/example_dags/example_xcom.py for tasks to queue
[2021-03-08 03:09:34,126] {logging_mixin.py:104} INFO - [2021-03-08 03:09:34,126] {dagbag.py:448} INFO - Filling up the DagBag from /usr/local/lib/python3.6/dist-packages/airflow/example_dags/example_xcom.py
[2021-03-08 03:09:34,143] {scheduler_job.py:639} INFO - DAG(s) dict_keys(['example_xcom']) retrieved from /usr/local/lib/python3.6/dist-packages/airflow/example_dags/example_xcom.py
[2021-03-08 03:09:34,150] {logging_mixin.py:104} INFO - [2021-03-08 03:09:34,150] {dag.py:1818} INFO - Sync 1 DAGs
[2021-03-08 03:09:34,157] {logging_mixin.py:104} INFO - [2021-03-08 03:09:34,157] {dag.py:2273} INFO - Setting next_dagrun for example_xcom to 2021-03-06 00:00:00+00:00
[2021-03-08 03:09:34,161] {scheduler_job.py:190} INFO - Processing /usr/local/lib/python3.6/dist-packages/airflow/example_dags/example_xcom.py took 0.044 seconds
[2021-03-08 03:10:05,491] {scheduler_job.py:182} INFO - Started process (PID=522) to work on /usr/local/lib/python3.6/dist-packages/airflow/example_dags/example_xcom.py
[2021-03-08 03:10:05,493] {scheduler_job.py:629} INFO - Processing file /usr/local/lib/python3.6/dist-packages/airflow/example_dags/example_xcom.py for tasks to queue
[2021-03-08 03:10:05,494] {logging_mixin.py:104} INFO - [2021-03-08 03:10:05,494] {dagbag.py:448} INFO - Filling up the DagBag from /usr/local/lib/python3.6/dist-packages/airflow/example_dags/example_xcom.py
[2021-03-08 03:10:05,511] {scheduler_job.py:639} INFO - DAG(s) dict_keys(['example_xcom']) retrieved from /usr/local/lib/python3.6/dist-packages/airflow/example_dags/example_xcom.py
[2021-03-08 03:10:05,522] {logging_mixin.py:104} INFO - [2021-03-08 03:10:05,522] {dag.py:1818} INFO - Sync 1 DAGs
[2021-03-08 03:10:05,530] {logging_mixin.py:104} INFO - [2021-03-08 03:10:05,530] {dag.py:2273} INFO - Setting next_dagrun for example_xcom to 2021-03-06 00:00:00+00:00
[2021-03-08 03:10:05,534] {scheduler_job.py:190} INFO - Processing /usr/local/lib/python3.6/dist-packages/airflow/example_dags/example_xcom.py took 0.049 seconds
[2021-03-08 03:10:35,782] {scheduler_job.py:182} INFO - Started process (PID=581) to work on /usr/local/lib/python3.6/dist-packages/airflow/example_dags/example_xcom.py
[2021-03-08 03:10:35,784] {scheduler_job.py:629} INFO - Processing file /usr/local/lib/python3.6/dist-packages/airflow/example_dags/example_xcom.py for tasks to queue
[2021-03-08 03:10:35,786] {logging_mixin.py:104} INFO - [2021-03-08 03:10:35,785] {dagbag.py:448} INFO - Filling up the DagBag from /usr/local/lib/python3.6/dist-packages/airflow/example_dags/example_xcom.py
[2021-03-08 03:10:35,808] {scheduler_job.py:639} INFO - DAG(s) dict_keys(['example_xcom']) retrieved from /usr/local/lib/python3.6/dist-packages/airflow/example_dags/example_xcom.py
[2021-03-08 03:10:35,821] {logging_mixin.py:104} INFO - [2021-03-08 03:10:35,821] {dag.py:1818} INFO - Sync 1 DAGs
[2021-03-08 03:10:35,829] {logging_mixin.py:104} INFO - [2021-03-08 03:10:35,829] {dag.py:2273} INFO - Setting next_dagrun for example_xcom to 2021-03-06 00:00:00+00:00
[2021-03-08 03:10:35,834] {scheduler_job.py:190} INFO - Processing /usr/local/lib/python3.6/dist-packages/airflow/example_dags/example_xcom.py took 0.057 seconds
[2021-03-08 03:11:06,240] {scheduler_job.py:182} INFO - Started process (PID=640) to work on /usr/local/lib/python3.6/dist-packages/airflow/example_dags/example_xcom.py
[2021-03-08 03:11:06,242] {scheduler_job.py:629} INFO - Processing file /usr/local/lib/python3.6/dist-packages/airflow/example_dags/example_xcom.py for tasks to queue
[2021-03-08 03:11:06,244] {logging_mixin.py:104} INFO - [2021-03-08 03:11:06,244] {dagbag.py:448} INFO - Filling up the DagBag from /usr/local/lib/python3.6/dist-packages/airflow/example_dags/example_xcom.py
[2021-03-08 03:11:06,263] {scheduler_job.py:639} INFO - DAG(s) dict_keys(['example_xcom']) retrieved from /usr/local/lib/python3.6/dist-packages/airflow/example_dags/example_xcom.py
[2021-03-08 03:11:06,274] {logging_mixin.py:104} INFO - [2021-03-08 03:11:06,274] {dag.py:1818} INFO - Sync 1 DAGs
[2021-03-08 03:11:06,282] {logging_mixin.py:104} INFO - [2021-03-08 03:11:06,282] {dag.py:2273} INFO - Setting next_dagrun for example_xcom to 2021-03-06 00:00:00+00:00
[2021-03-08 03:11:06,287] {scheduler_job.py:190} INFO - Processing /usr/local/lib/python3.6/dist-packages/airflow/example_dags/example_xcom.py took 0.052 seconds
[2021-03-08 03:17:39,934] {scheduler_job.py:182} INFO - Started process (PID=44) to work on /usr/local/lib/python3.6/dist-packages/airflow/example_dags/example_xcom.py
[2021-03-08 03:17:39,935] {scheduler_job.py:629} INFO - Processing file /usr/local/lib/python3.6/dist-packages/airflow/example_dags/example_xcom.py for tasks to queue
[2021-03-08 03:17:39,935] {logging_mixin.py:104} INFO - [2021-03-08 03:17:39,935] {dagbag.py:448} INFO - Filling up the DagBag from /usr/local/lib/python3.6/dist-packages/airflow/example_dags/example_xcom.py
[2021-03-08 03:17:39,945] {scheduler_job.py:639} INFO - DAG(s) dict_keys(['example_xcom']) retrieved from /usr/local/lib/python3.6/dist-packages/airflow/example_dags/example_xcom.py
[2021-03-08 03:17:39,954] {logging_mixin.py:104} INFO - [2021-03-08 03:17:39,954] {dag.py:1818} INFO - Sync 1 DAGs
[2021-03-08 03:17:39,962] {logging_mixin.py:104} INFO - [2021-03-08 03:17:39,962] {dag.py:2273} INFO - Setting next_dagrun for example_xcom to 2021-03-06 00:00:00+00:00
[2021-03-08 03:17:39,967] {scheduler_job.py:190} INFO - Processing /usr/local/lib/python3.6/dist-packages/airflow/example_dags/example_xcom.py took 0.035 seconds
[2021-03-08 03:18:13,569] {scheduler_job.py:182} INFO - Started process (PID=43) to work on /usr/local/lib/python3.6/dist-packages/airflow/example_dags/example_xcom.py
[2021-03-08 03:18:13,569] {scheduler_job.py:629} INFO - Processing file /usr/local/lib/python3.6/dist-packages/airflow/example_dags/example_xcom.py for tasks to queue
[2021-03-08 03:18:13,570] {logging_mixin.py:104} INFO - [2021-03-08 03:18:13,570] {dagbag.py:448} INFO - Filling up the DagBag from /usr/local/lib/python3.6/dist-packages/airflow/example_dags/example_xcom.py
[2021-03-08 03:18:13,578] {scheduler_job.py:639} INFO - DAG(s) dict_keys(['example_xcom']) retrieved from /usr/local/lib/python3.6/dist-packages/airflow/example_dags/example_xcom.py
[2021-03-08 03:18:13,591] {logging_mixin.py:104} INFO - [2021-03-08 03:18:13,591] {dag.py:1818} INFO - Sync 1 DAGs
[2021-03-08 03:18:13,603] {logging_mixin.py:104} INFO - [2021-03-08 03:18:13,602] {dag.py:2273} INFO - Setting next_dagrun for example_xcom to 2021-03-06 00:00:00+00:00
[2021-03-08 03:18:13,609] {scheduler_job.py:190} INFO - Processing /usr/local/lib/python3.6/dist-packages/airflow/example_dags/example_xcom.py took 0.042 seconds
[2021-03-08 03:18:44,293] {scheduler_job.py:182} INFO - Started process (PID=130) to work on /usr/local/lib/python3.6/dist-packages/airflow/example_dags/example_xcom.py
[2021-03-08 03:18:44,294] {scheduler_job.py:629} INFO - Processing file /usr/local/lib/python3.6/dist-packages/airflow/example_dags/example_xcom.py for tasks to queue
[2021-03-08 03:18:44,294] {logging_mixin.py:104} INFO - [2021-03-08 03:18:44,294] {dagbag.py:448} INFO - Filling up the DagBag from /usr/local/lib/python3.6/dist-packages/airflow/example_dags/example_xcom.py
[2021-03-08 03:18:44,302] {scheduler_job.py:639} INFO - DAG(s) dict_keys(['example_xcom']) retrieved from /usr/local/lib/python3.6/dist-packages/airflow/example_dags/example_xcom.py
[2021-03-08 03:18:44,313] {logging_mixin.py:104} INFO - [2021-03-08 03:18:44,313] {dag.py:1818} INFO - Sync 1 DAGs
[2021-03-08 03:18:44,322] {logging_mixin.py:104} INFO - [2021-03-08 03:18:44,321] {dag.py:2273} INFO - Setting next_dagrun for example_xcom to 2021-03-06 00:00:00+00:00
[2021-03-08 03:18:44,327] {scheduler_job.py:190} INFO - Processing /usr/local/lib/python3.6/dist-packages/airflow/example_dags/example_xcom.py took 0.035 seconds
[2021-03-08 03:19:14,948] {scheduler_job.py:182} INFO - Started process (PID=188) to work on /usr/local/lib/python3.6/dist-packages/airflow/example_dags/example_xcom.py
[2021-03-08 03:19:14,948] {scheduler_job.py:629} INFO - Processing file /usr/local/lib/python3.6/dist-packages/airflow/example_dags/example_xcom.py for tasks to queue
[2021-03-08 03:19:14,949] {logging_mixin.py:104} INFO - [2021-03-08 03:19:14,949] {dagbag.py:448} INFO - Filling up the DagBag from /usr/local/lib/python3.6/dist-packages/airflow/example_dags/example_xcom.py
[2021-03-08 03:19:14,957] {scheduler_job.py:639} INFO - DAG(s) dict_keys(['example_xcom']) retrieved from /usr/local/lib/python3.6/dist-packages/airflow/example_dags/example_xcom.py
[2021-03-08 03:19:14,969] {logging_mixin.py:104} INFO - [2021-03-08 03:19:14,969] {dag.py:1818} INFO - Sync 1 DAGs
[2021-03-08 03:19:14,977] {logging_mixin.py:104} INFO - [2021-03-08 03:19:14,977] {dag.py:2273} INFO - Setting next_dagrun for example_xcom to 2021-03-06 00:00:00+00:00
[2021-03-08 03:19:14,981] {scheduler_job.py:190} INFO - Processing /usr/local/lib/python3.6/dist-packages/airflow/example_dags/example_xcom.py took 0.036 seconds
[2021-03-08 03:19:45,459] {scheduler_job.py:182} INFO - Started process (PID=27) to work on /usr/local/lib/python3.6/dist-packages/airflow/example_dags/example_xcom.py
[2021-03-08 03:19:45,460] {scheduler_job.py:629} INFO - Processing file /usr/local/lib/python3.6/dist-packages/airflow/example_dags/example_xcom.py for tasks to queue
[2021-03-08 03:19:45,461] {logging_mixin.py:104} INFO - [2021-03-08 03:19:45,460] {dagbag.py:448} INFO - Filling up the DagBag from /usr/local/lib/python3.6/dist-packages/airflow/example_dags/example_xcom.py
[2021-03-08 03:19:45,475] {scheduler_job.py:639} INFO - DAG(s) dict_keys(['example_xcom']) retrieved from /usr/local/lib/python3.6/dist-packages/airflow/example_dags/example_xcom.py
[2021-03-08 03:19:45,501] {logging_mixin.py:104} INFO - [2021-03-08 03:19:45,500] {dag.py:1818} INFO - Sync 1 DAGs
[2021-03-08 03:19:45,515] {logging_mixin.py:104} INFO - [2021-03-08 03:19:45,515] {dag.py:2273} INFO - Setting next_dagrun for example_xcom to 2021-03-06 00:00:00+00:00
[2021-03-08 03:19:45,523] {scheduler_job.py:190} INFO - Processing /usr/local/lib/python3.6/dist-packages/airflow/example_dags/example_xcom.py took 0.066 seconds
[2021-03-08 03:20:16,400] {scheduler_job.py:182} INFO - Started process (PID=114) to work on /usr/local/lib/python3.6/dist-packages/airflow/example_dags/example_xcom.py
[2021-03-08 03:20:16,400] {scheduler_job.py:629} INFO - Processing file /usr/local/lib/python3.6/dist-packages/airflow/example_dags/example_xcom.py for tasks to queue
[2021-03-08 03:20:16,400] {logging_mixin.py:104} INFO - [2021-03-08 03:20:16,400] {dagbag.py:448} INFO - Filling up the DagBag from /usr/local/lib/python3.6/dist-packages/airflow/example_dags/example_xcom.py
[2021-03-08 03:20:16,408] {scheduler_job.py:639} INFO - DAG(s) dict_keys(['example_xcom']) retrieved from /usr/local/lib/python3.6/dist-packages/airflow/example_dags/example_xcom.py
[2021-03-08 03:20:16,419] {logging_mixin.py:104} INFO - [2021-03-08 03:20:16,419] {dag.py:1818} INFO - Sync 1 DAGs
[2021-03-08 03:20:16,428] {logging_mixin.py:104} INFO - [2021-03-08 03:20:16,428] {dag.py:2273} INFO - Setting next_dagrun for example_xcom to 2021-03-06 00:00:00+00:00
[2021-03-08 03:20:16,433] {scheduler_job.py:190} INFO - Processing /usr/local/lib/python3.6/dist-packages/airflow/example_dags/example_xcom.py took 0.035 seconds
[2021-03-08 03:20:47,123] {scheduler_job.py:182} INFO - Started process (PID=171) to work on /usr/local/lib/python3.6/dist-packages/airflow/example_dags/example_xcom.py
[2021-03-08 03:20:47,125] {scheduler_job.py:629} INFO - Processing file /usr/local/lib/python3.6/dist-packages/airflow/example_dags/example_xcom.py for tasks to queue
[2021-03-08 03:20:47,126] {logging_mixin.py:104} INFO - [2021-03-08 03:20:47,126] {dagbag.py:448} INFO - Filling up the DagBag from /usr/local/lib/python3.6/dist-packages/airflow/example_dags/example_xcom.py
[2021-03-08 03:20:47,132] {scheduler_job.py:639} INFO - DAG(s) dict_keys(['example_xcom']) retrieved from /usr/local/lib/python3.6/dist-packages/airflow/example_dags/example_xcom.py
[2021-03-08 03:20:47,142] {logging_mixin.py:104} INFO - [2021-03-08 03:20:47,142] {dag.py:1818} INFO - Sync 1 DAGs
[2021-03-08 03:20:47,150] {logging_mixin.py:104} INFO - [2021-03-08 03:20:47,150] {dag.py:2273} INFO - Setting next_dagrun for example_xcom to 2021-03-06 00:00:00+00:00
[2021-03-08 03:20:47,155] {scheduler_job.py:190} INFO - Processing /usr/local/lib/python3.6/dist-packages/airflow/example_dags/example_xcom.py took 0.034 seconds
[2021-03-08 03:21:17,770] {scheduler_job.py:182} INFO - Started process (PID=229) to work on /usr/local/lib/python3.6/dist-packages/airflow/example_dags/example_xcom.py
[2021-03-08 03:21:17,771] {scheduler_job.py:629} INFO - Processing file /usr/local/lib/python3.6/dist-packages/airflow/example_dags/example_xcom.py for tasks to queue
[2021-03-08 03:21:17,771] {logging_mixin.py:104} INFO - [2021-03-08 03:21:17,771] {dagbag.py:448} INFO - Filling up the DagBag from /usr/local/lib/python3.6/dist-packages/airflow/example_dags/example_xcom.py
[2021-03-08 03:21:17,777] {scheduler_job.py:639} INFO - DAG(s) dict_keys(['example_xcom']) retrieved from /usr/local/lib/python3.6/dist-packages/airflow/example_dags/example_xcom.py
[2021-03-08 03:21:17,791] {logging_mixin.py:104} INFO - [2021-03-08 03:21:17,791] {dag.py:1818} INFO - Sync 1 DAGs
[2021-03-08 03:21:17,801] {logging_mixin.py:104} INFO - [2021-03-08 03:21:17,801] {dag.py:2273} INFO - Setting next_dagrun for example_xcom to 2021-03-06 00:00:00+00:00
[2021-03-08 03:21:17,807] {scheduler_job.py:190} INFO - Processing /usr/local/lib/python3.6/dist-packages/airflow/example_dags/example_xcom.py took 0.038 seconds
[2021-03-08 03:21:48,472] {scheduler_job.py:182} INFO - Started process (PID=287) to work on /usr/local/lib/python3.6/dist-packages/airflow/example_dags/example_xcom.py
[2021-03-08 03:21:48,473] {scheduler_job.py:629} INFO - Processing file /usr/local/lib/python3.6/dist-packages/airflow/example_dags/example_xcom.py for tasks to queue
[2021-03-08 03:21:48,473] {logging_mixin.py:104} INFO - [2021-03-08 03:21:48,473] {dagbag.py:448} INFO - Filling up the DagBag from /usr/local/lib/python3.6/dist-packages/airflow/example_dags/example_xcom.py
[2021-03-08 03:21:48,480] {scheduler_job.py:639} INFO - DAG(s) dict_keys(['example_xcom']) retrieved from /usr/local/lib/python3.6/dist-packages/airflow/example_dags/example_xcom.py
[2021-03-08 03:21:48,493] {logging_mixin.py:104} INFO - [2021-03-08 03:21:48,492] {dag.py:1818} INFO - Sync 1 DAGs
[2021-03-08 03:21:48,503] {logging_mixin.py:104} INFO - [2021-03-08 03:21:48,502] {dag.py:2273} INFO - Setting next_dagrun for example_xcom to 2021-03-06 00:00:00+00:00
[2021-03-08 03:21:48,509] {scheduler_job.py:190} INFO - Processing /usr/local/lib/python3.6/dist-packages/airflow/example_dags/example_xcom.py took 0.039 seconds
[2021-03-08 03:22:19,169] {scheduler_job.py:182} INFO - Started process (PID=346) to work on /usr/local/lib/python3.6/dist-packages/airflow/example_dags/example_xcom.py
[2021-03-08 03:22:19,169] {scheduler_job.py:629} INFO - Processing file /usr/local/lib/python3.6/dist-packages/airflow/example_dags/example_xcom.py for tasks to queue
[2021-03-08 03:22:19,169] {logging_mixin.py:104} INFO - [2021-03-08 03:22:19,169] {dagbag.py:448} INFO - Filling up the DagBag from /usr/local/lib/python3.6/dist-packages/airflow/example_dags/example_xcom.py
[2021-03-08 03:22:19,177] {scheduler_job.py:639} INFO - DAG(s) dict_keys(['example_xcom']) retrieved from /usr/local/lib/python3.6/dist-packages/airflow/example_dags/example_xcom.py
[2021-03-08 03:22:19,187] {logging_mixin.py:104} INFO - [2021-03-08 03:22:19,187] {dag.py:1818} INFO - Sync 1 DAGs
[2021-03-08 03:22:19,195] {logging_mixin.py:104} INFO - [2021-03-08 03:22:19,195] {dag.py:2273} INFO - Setting next_dagrun for example_xcom to 2021-03-06 00:00:00+00:00
[2021-03-08 03:22:19,200] {scheduler_job.py:190} INFO - Processing /usr/local/lib/python3.6/dist-packages/airflow/example_dags/example_xcom.py took 0.033 seconds
[2021-03-08 03:22:49,819] {scheduler_job.py:182} INFO - Started process (PID=405) to work on /usr/local/lib/python3.6/dist-packages/airflow/example_dags/example_xcom.py
[2021-03-08 03:22:49,819] {scheduler_job.py:629} INFO - Processing file /usr/local/lib/python3.6/dist-packages/airflow/example_dags/example_xcom.py for tasks to queue
[2021-03-08 03:22:49,820] {logging_mixin.py:104} INFO - [2021-03-08 03:22:49,820] {dagbag.py:448} INFO - Filling up the DagBag from /usr/local/lib/python3.6/dist-packages/airflow/example_dags/example_xcom.py
[2021-03-08 03:22:49,826] {scheduler_job.py:639} INFO - DAG(s) dict_keys(['example_xcom']) retrieved from /usr/local/lib/python3.6/dist-packages/airflow/example_dags/example_xcom.py
[2021-03-08 03:22:49,837] {logging_mixin.py:104} INFO - [2021-03-08 03:22:49,837] {dag.py:1818} INFO - Sync 1 DAGs
[2021-03-08 03:22:49,846] {logging_mixin.py:104} INFO - [2021-03-08 03:22:49,846] {dag.py:2273} INFO - Setting next_dagrun for example_xcom to 2021-03-06 00:00:00+00:00
[2021-03-08 03:22:49,852] {scheduler_job.py:190} INFO - Processing /usr/local/lib/python3.6/dist-packages/airflow/example_dags/example_xcom.py took 0.035 seconds
[2021-03-08 03:23:20,488] {scheduler_job.py:182} INFO - Started process (PID=465) to work on /usr/local/lib/python3.6/dist-packages/airflow/example_dags/example_xcom.py
[2021-03-08 03:23:20,489] {scheduler_job.py:629} INFO - Processing file /usr/local/lib/python3.6/dist-packages/airflow/example_dags/example_xcom.py for tasks to queue
[2021-03-08 03:23:20,489] {logging_mixin.py:104} INFO - [2021-03-08 03:23:20,489] {dagbag.py:448} INFO - Filling up the DagBag from /usr/local/lib/python3.6/dist-packages/airflow/example_dags/example_xcom.py
[2021-03-08 03:23:20,496] {scheduler_job.py:639} INFO - DAG(s) dict_keys(['example_xcom']) retrieved from /usr/local/lib/python3.6/dist-packages/airflow/example_dags/example_xcom.py
[2021-03-08 03:23:20,509] {logging_mixin.py:104} INFO - [2021-03-08 03:23:20,509] {dag.py:1818} INFO - Sync 1 DAGs
[2021-03-08 03:23:20,518] {logging_mixin.py:104} INFO - [2021-03-08 03:23:20,518] {dag.py:2273} INFO - Setting next_dagrun for example_xcom to 2021-03-06 00:00:00+00:00
[2021-03-08 03:23:20,523] {scheduler_job.py:190} INFO - Processing /usr/local/lib/python3.6/dist-packages/airflow/example_dags/example_xcom.py took 0.037 seconds
[2021-03-08 03:23:51,152] {scheduler_job.py:182} INFO - Started process (PID=524) to work on /usr/local/lib/python3.6/dist-packages/airflow/example_dags/example_xcom.py
[2021-03-08 03:23:51,153] {scheduler_job.py:629} INFO - Processing file /usr/local/lib/python3.6/dist-packages/airflow/example_dags/example_xcom.py for tasks to queue
[2021-03-08 03:23:51,153] {logging_mixin.py:104} INFO - [2021-03-08 03:23:51,153] {dagbag.py:448} INFO - Filling up the DagBag from /usr/local/lib/python3.6/dist-packages/airflow/example_dags/example_xcom.py
[2021-03-08 03:23:51,163] {scheduler_job.py:639} INFO - DAG(s) dict_keys(['example_xcom']) retrieved from /usr/local/lib/python3.6/dist-packages/airflow/example_dags/example_xcom.py
[2021-03-08 03:23:51,176] {logging_mixin.py:104} INFO - [2021-03-08 03:23:51,175] {dag.py:1818} INFO - Sync 1 DAGs
[2021-03-08 03:23:51,185] {logging_mixin.py:104} INFO - [2021-03-08 03:23:51,185] {dag.py:2273} INFO - Setting next_dagrun for example_xcom to 2021-03-06 00:00:00+00:00
[2021-03-08 03:23:51,190] {scheduler_job.py:190} INFO - Processing /usr/local/lib/python3.6/dist-packages/airflow/example_dags/example_xcom.py took 0.040 seconds
[2021-03-08 03:24:21,909] {scheduler_job.py:182} INFO - Started process (PID=582) to work on /usr/local/lib/python3.6/dist-packages/airflow/example_dags/example_xcom.py
[2021-03-08 03:24:21,910] {scheduler_job.py:629} INFO - Processing file /usr/local/lib/python3.6/dist-packages/airflow/example_dags/example_xcom.py for tasks to queue
[2021-03-08 03:24:21,910] {logging_mixin.py:104} INFO - [2021-03-08 03:24:21,910] {dagbag.py:448} INFO - Filling up the DagBag from /usr/local/lib/python3.6/dist-packages/airflow/example_dags/example_xcom.py
[2021-03-08 03:24:21,918] {scheduler_job.py:639} INFO - DAG(s) dict_keys(['example_xcom']) retrieved from /usr/local/lib/python3.6/dist-packages/airflow/example_dags/example_xcom.py
[2021-03-08 03:24:21,929] {logging_mixin.py:104} INFO - [2021-03-08 03:24:21,929] {dag.py:1818} INFO - Sync 1 DAGs
[2021-03-08 03:24:21,937] {logging_mixin.py:104} INFO - [2021-03-08 03:24:21,937] {dag.py:2273} INFO - Setting next_dagrun for example_xcom to 2021-03-06 00:00:00+00:00
[2021-03-08 03:24:21,944] {scheduler_job.py:190} INFO - Processing /usr/local/lib/python3.6/dist-packages/airflow/example_dags/example_xcom.py took 0.037 seconds
[2021-03-08 03:24:52,649] {scheduler_job.py:182} INFO - Started process (PID=641) to work on /usr/local/lib/python3.6/dist-packages/airflow/example_dags/example_xcom.py
[2021-03-08 03:24:52,650] {scheduler_job.py:629} INFO - Processing file /usr/local/lib/python3.6/dist-packages/airflow/example_dags/example_xcom.py for tasks to queue
[2021-03-08 03:24:52,650] {logging_mixin.py:104} INFO - [2021-03-08 03:24:52,650] {dagbag.py:448} INFO - Filling up the DagBag from /usr/local/lib/python3.6/dist-packages/airflow/example_dags/example_xcom.py
[2021-03-08 03:24:52,658] {scheduler_job.py:639} INFO - DAG(s) dict_keys(['example_xcom']) retrieved from /usr/local/lib/python3.6/dist-packages/airflow/example_dags/example_xcom.py
[2021-03-08 03:24:52,668] {logging_mixin.py:104} INFO - [2021-03-08 03:24:52,668] {dag.py:1818} INFO - Sync 1 DAGs
[2021-03-08 03:24:52,677] {logging_mixin.py:104} INFO - [2021-03-08 03:24:52,677] {dag.py:2273} INFO - Setting next_dagrun for example_xcom to 2021-03-06 00:00:00+00:00
[2021-03-08 03:24:52,682] {scheduler_job.py:190} INFO - Processing /usr/local/lib/python3.6/dist-packages/airflow/example_dags/example_xcom.py took 0.034 seconds
[2021-03-08 03:25:23,421] {scheduler_job.py:182} INFO - Started process (PID=701) to work on /usr/local/lib/python3.6/dist-packages/airflow/example_dags/example_xcom.py
[2021-03-08 03:25:23,422] {scheduler_job.py:629} INFO - Processing file /usr/local/lib/python3.6/dist-packages/airflow/example_dags/example_xcom.py for tasks to queue
[2021-03-08 03:25:23,422] {logging_mixin.py:104} INFO - [2021-03-08 03:25:23,422] {dagbag.py:448} INFO - Filling up the DagBag from /usr/local/lib/python3.6/dist-packages/airflow/example_dags/example_xcom.py
[2021-03-08 03:25:23,429] {scheduler_job.py:639} INFO - DAG(s) dict_keys(['example_xcom']) retrieved from /usr/local/lib/python3.6/dist-packages/airflow/example_dags/example_xcom.py
[2021-03-08 03:25:23,441] {logging_mixin.py:104} INFO - [2021-03-08 03:25:23,441] {dag.py:1818} INFO - Sync 1 DAGs
[2021-03-08 03:25:23,450] {logging_mixin.py:104} INFO - [2021-03-08 03:25:23,450] {dag.py:2273} INFO - Setting next_dagrun for example_xcom to 2021-03-06 00:00:00+00:00
[2021-03-08 03:25:23,456] {scheduler_job.py:190} INFO - Processing /usr/local/lib/python3.6/dist-packages/airflow/example_dags/example_xcom.py took 0.037 seconds
[2021-03-08 03:25:54,156] {scheduler_job.py:182} INFO - Started process (PID=767) to work on /usr/local/lib/python3.6/dist-packages/airflow/example_dags/example_xcom.py
[2021-03-08 03:25:54,157] {scheduler_job.py:629} INFO - Processing file /usr/local/lib/python3.6/dist-packages/airflow/example_dags/example_xcom.py for tasks to queue
[2021-03-08 03:25:54,158] {logging_mixin.py:104} INFO - [2021-03-08 03:25:54,158] {dagbag.py:448} INFO - Filling up the DagBag from /usr/local/lib/python3.6/dist-packages/airflow/example_dags/example_xcom.py
[2021-03-08 03:25:54,165] {scheduler_job.py:639} INFO - DAG(s) dict_keys(['example_xcom']) retrieved from /usr/local/lib/python3.6/dist-packages/airflow/example_dags/example_xcom.py
[2021-03-08 03:25:54,178] {logging_mixin.py:104} INFO - [2021-03-08 03:25:54,178] {dag.py:1818} INFO - Sync 1 DAGs
[2021-03-08 03:25:54,189] {logging_mixin.py:104} INFO - [2021-03-08 03:25:54,189] {dag.py:2273} INFO - Setting next_dagrun for example_xcom to 2021-03-06 00:00:00+00:00
[2021-03-08 03:25:54,197] {scheduler_job.py:190} INFO - Processing /usr/local/lib/python3.6/dist-packages/airflow/example_dags/example_xcom.py took 0.042 seconds
