[2021-03-08 03:06:19,637] {scheduler_job.py:182} INFO - Started process (PID=48) to work on /usr/local/lib/python3.6/dist-packages/airflow/example_dags/example_dag_decorator.py
[2021-03-08 03:06:19,638] {scheduler_job.py:629} INFO - Processing file /usr/local/lib/python3.6/dist-packages/airflow/example_dags/example_dag_decorator.py for tasks to queue
[2021-03-08 03:06:19,638] {logging_mixin.py:104} INFO - [2021-03-08 03:06:19,638] {dagbag.py:448} INFO - Filling up the DagBag from /usr/local/lib/python3.6/dist-packages/airflow/example_dags/example_dag_decorator.py
[2021-03-08 03:06:19,648] {scheduler_job.py:639} INFO - DAG(s) dict_keys(['example_dag_decorator']) retrieved from /usr/local/lib/python3.6/dist-packages/airflow/example_dags/example_dag_decorator.py
[2021-03-08 03:06:19,654] {logging_mixin.py:104} INFO - [2021-03-08 03:06:19,653] {dag.py:1818} INFO - Sync 1 DAGs
[2021-03-08 03:06:19,661] {logging_mixin.py:104} INFO - [2021-03-08 03:06:19,661] {dag.py:2273} INFO - Setting next_dagrun for example_dag_decorator to None
[2021-03-08 03:06:19,665] {scheduler_job.py:190} INFO - Processing /usr/local/lib/python3.6/dist-packages/airflow/example_dags/example_dag_decorator.py took 0.030 seconds
[2021-03-08 03:06:50,365] {scheduler_job.py:182} INFO - Started process (PID=145) to work on /usr/local/lib/python3.6/dist-packages/airflow/example_dags/example_dag_decorator.py
[2021-03-08 03:06:50,367] {scheduler_job.py:629} INFO - Processing file /usr/local/lib/python3.6/dist-packages/airflow/example_dags/example_dag_decorator.py for tasks to queue
[2021-03-08 03:06:50,367] {logging_mixin.py:104} INFO - [2021-03-08 03:06:50,367] {dagbag.py:448} INFO - Filling up the DagBag from /usr/local/lib/python3.6/dist-packages/airflow/example_dags/example_dag_decorator.py
[2021-03-08 03:06:50,388] {scheduler_job.py:639} INFO - DAG(s) dict_keys(['example_dag_decorator']) retrieved from /usr/local/lib/python3.6/dist-packages/airflow/example_dags/example_dag_decorator.py
[2021-03-08 03:06:50,409] {logging_mixin.py:104} INFO - [2021-03-08 03:06:50,409] {dag.py:1818} INFO - Sync 1 DAGs
[2021-03-08 03:06:50,418] {logging_mixin.py:104} INFO - [2021-03-08 03:06:50,418] {dag.py:2273} INFO - Setting next_dagrun for example_dag_decorator to None
[2021-03-08 03:06:50,429] {scheduler_job.py:190} INFO - Processing /usr/local/lib/python3.6/dist-packages/airflow/example_dags/example_dag_decorator.py took 0.068 seconds
[2021-03-08 03:07:21,213] {scheduler_job.py:182} INFO - Started process (PID=205) to work on /usr/local/lib/python3.6/dist-packages/airflow/example_dags/example_dag_decorator.py
[2021-03-08 03:07:21,213] {scheduler_job.py:629} INFO - Processing file /usr/local/lib/python3.6/dist-packages/airflow/example_dags/example_dag_decorator.py for tasks to queue
[2021-03-08 03:07:21,214] {logging_mixin.py:104} INFO - [2021-03-08 03:07:21,214] {dagbag.py:448} INFO - Filling up the DagBag from /usr/local/lib/python3.6/dist-packages/airflow/example_dags/example_dag_decorator.py
[2021-03-08 03:07:21,224] {scheduler_job.py:639} INFO - DAG(s) dict_keys(['example_dag_decorator']) retrieved from /usr/local/lib/python3.6/dist-packages/airflow/example_dags/example_dag_decorator.py
[2021-03-08 03:07:21,233] {logging_mixin.py:104} INFO - [2021-03-08 03:07:21,233] {dag.py:1818} INFO - Sync 1 DAGs
[2021-03-08 03:07:21,240] {logging_mixin.py:104} INFO - [2021-03-08 03:07:21,240] {dag.py:2273} INFO - Setting next_dagrun for example_dag_decorator to None
[2021-03-08 03:07:21,251] {scheduler_job.py:190} INFO - Processing /usr/local/lib/python3.6/dist-packages/airflow/example_dags/example_dag_decorator.py took 0.040 seconds
[2021-03-08 03:07:52,029] {scheduler_job.py:182} INFO - Started process (PID=264) to work on /usr/local/lib/python3.6/dist-packages/airflow/example_dags/example_dag_decorator.py
[2021-03-08 03:07:52,030] {scheduler_job.py:629} INFO - Processing file /usr/local/lib/python3.6/dist-packages/airflow/example_dags/example_dag_decorator.py for tasks to queue
[2021-03-08 03:07:52,030] {logging_mixin.py:104} INFO - [2021-03-08 03:07:52,030] {dagbag.py:448} INFO - Filling up the DagBag from /usr/local/lib/python3.6/dist-packages/airflow/example_dags/example_dag_decorator.py
[2021-03-08 03:07:52,038] {scheduler_job.py:639} INFO - DAG(s) dict_keys(['example_dag_decorator']) retrieved from /usr/local/lib/python3.6/dist-packages/airflow/example_dags/example_dag_decorator.py
[2021-03-08 03:07:52,046] {logging_mixin.py:104} INFO - [2021-03-08 03:07:52,046] {dag.py:1818} INFO - Sync 1 DAGs
[2021-03-08 03:07:52,053] {logging_mixin.py:104} INFO - [2021-03-08 03:07:52,053] {dag.py:2273} INFO - Setting next_dagrun for example_dag_decorator to None
[2021-03-08 03:07:52,060] {scheduler_job.py:190} INFO - Processing /usr/local/lib/python3.6/dist-packages/airflow/example_dags/example_dag_decorator.py took 0.032 seconds
[2021-03-08 03:08:23,006] {scheduler_job.py:182} INFO - Started process (PID=324) to work on /usr/local/lib/python3.6/dist-packages/airflow/example_dags/example_dag_decorator.py
[2021-03-08 03:08:23,007] {scheduler_job.py:629} INFO - Processing file /usr/local/lib/python3.6/dist-packages/airflow/example_dags/example_dag_decorator.py for tasks to queue
[2021-03-08 03:08:23,007] {logging_mixin.py:104} INFO - [2021-03-08 03:08:23,007] {dagbag.py:448} INFO - Filling up the DagBag from /usr/local/lib/python3.6/dist-packages/airflow/example_dags/example_dag_decorator.py
[2021-03-08 03:08:23,015] {scheduler_job.py:639} INFO - DAG(s) dict_keys(['example_dag_decorator']) retrieved from /usr/local/lib/python3.6/dist-packages/airflow/example_dags/example_dag_decorator.py
[2021-03-08 03:08:23,023] {logging_mixin.py:104} INFO - [2021-03-08 03:08:23,023] {dag.py:1818} INFO - Sync 1 DAGs
[2021-03-08 03:08:23,029] {logging_mixin.py:104} INFO - [2021-03-08 03:08:23,029] {dag.py:2273} INFO - Setting next_dagrun for example_dag_decorator to None
[2021-03-08 03:08:23,039] {scheduler_job.py:190} INFO - Processing /usr/local/lib/python3.6/dist-packages/airflow/example_dags/example_dag_decorator.py took 0.035 seconds
[2021-03-08 03:08:53,774] {scheduler_job.py:182} INFO - Started process (PID=384) to work on /usr/local/lib/python3.6/dist-packages/airflow/example_dags/example_dag_decorator.py
[2021-03-08 03:08:53,774] {scheduler_job.py:629} INFO - Processing file /usr/local/lib/python3.6/dist-packages/airflow/example_dags/example_dag_decorator.py for tasks to queue
[2021-03-08 03:08:53,774] {logging_mixin.py:104} INFO - [2021-03-08 03:08:53,774] {dagbag.py:448} INFO - Filling up the DagBag from /usr/local/lib/python3.6/dist-packages/airflow/example_dags/example_dag_decorator.py
[2021-03-08 03:08:53,782] {scheduler_job.py:639} INFO - DAG(s) dict_keys(['example_dag_decorator']) retrieved from /usr/local/lib/python3.6/dist-packages/airflow/example_dags/example_dag_decorator.py
[2021-03-08 03:08:53,790] {logging_mixin.py:104} INFO - [2021-03-08 03:08:53,790] {dag.py:1818} INFO - Sync 1 DAGs
[2021-03-08 03:08:53,797] {logging_mixin.py:104} INFO - [2021-03-08 03:08:53,797] {dag.py:2273} INFO - Setting next_dagrun for example_dag_decorator to None
[2021-03-08 03:08:53,808] {scheduler_job.py:190} INFO - Processing /usr/local/lib/python3.6/dist-packages/airflow/example_dags/example_dag_decorator.py took 0.036 seconds
[2021-03-08 03:09:24,571] {scheduler_job.py:182} INFO - Started process (PID=445) to work on /usr/local/lib/python3.6/dist-packages/airflow/example_dags/example_dag_decorator.py
[2021-03-08 03:09:24,571] {scheduler_job.py:629} INFO - Processing file /usr/local/lib/python3.6/dist-packages/airflow/example_dags/example_dag_decorator.py for tasks to queue
[2021-03-08 03:09:24,572] {logging_mixin.py:104} INFO - [2021-03-08 03:09:24,572] {dagbag.py:448} INFO - Filling up the DagBag from /usr/local/lib/python3.6/dist-packages/airflow/example_dags/example_dag_decorator.py
[2021-03-08 03:09:24,580] {scheduler_job.py:639} INFO - DAG(s) dict_keys(['example_dag_decorator']) retrieved from /usr/local/lib/python3.6/dist-packages/airflow/example_dags/example_dag_decorator.py
[2021-03-08 03:09:24,588] {logging_mixin.py:104} INFO - [2021-03-08 03:09:24,588] {dag.py:1818} INFO - Sync 1 DAGs
[2021-03-08 03:09:24,594] {logging_mixin.py:104} INFO - [2021-03-08 03:09:24,594] {dag.py:2273} INFO - Setting next_dagrun for example_dag_decorator to None
[2021-03-08 03:09:24,605] {scheduler_job.py:190} INFO - Processing /usr/local/lib/python3.6/dist-packages/airflow/example_dags/example_dag_decorator.py took 0.035 seconds
[2021-03-08 03:09:55,343] {scheduler_job.py:182} INFO - Started process (PID=504) to work on /usr/local/lib/python3.6/dist-packages/airflow/example_dags/example_dag_decorator.py
[2021-03-08 03:09:55,343] {scheduler_job.py:629} INFO - Processing file /usr/local/lib/python3.6/dist-packages/airflow/example_dags/example_dag_decorator.py for tasks to queue
[2021-03-08 03:09:55,344] {logging_mixin.py:104} INFO - [2021-03-08 03:09:55,344] {dagbag.py:448} INFO - Filling up the DagBag from /usr/local/lib/python3.6/dist-packages/airflow/example_dags/example_dag_decorator.py
[2021-03-08 03:09:55,353] {scheduler_job.py:639} INFO - DAG(s) dict_keys(['example_dag_decorator']) retrieved from /usr/local/lib/python3.6/dist-packages/airflow/example_dags/example_dag_decorator.py
[2021-03-08 03:09:55,361] {logging_mixin.py:104} INFO - [2021-03-08 03:09:55,361] {dag.py:1818} INFO - Sync 1 DAGs
[2021-03-08 03:09:55,368] {logging_mixin.py:104} INFO - [2021-03-08 03:09:55,368] {dag.py:2273} INFO - Setting next_dagrun for example_dag_decorator to None
[2021-03-08 03:09:55,379] {scheduler_job.py:190} INFO - Processing /usr/local/lib/python3.6/dist-packages/airflow/example_dags/example_dag_decorator.py took 0.037 seconds
[2021-03-08 03:10:26,239] {scheduler_job.py:182} INFO - Started process (PID=563) to work on /usr/local/lib/python3.6/dist-packages/airflow/example_dags/example_dag_decorator.py
[2021-03-08 03:10:26,241] {scheduler_job.py:629} INFO - Processing file /usr/local/lib/python3.6/dist-packages/airflow/example_dags/example_dag_decorator.py for tasks to queue
[2021-03-08 03:10:26,242] {logging_mixin.py:104} INFO - [2021-03-08 03:10:26,242] {dagbag.py:448} INFO - Filling up the DagBag from /usr/local/lib/python3.6/dist-packages/airflow/example_dags/example_dag_decorator.py
[2021-03-08 03:10:26,263] {scheduler_job.py:639} INFO - DAG(s) dict_keys(['example_dag_decorator']) retrieved from /usr/local/lib/python3.6/dist-packages/airflow/example_dags/example_dag_decorator.py
[2021-03-08 03:10:26,275] {logging_mixin.py:104} INFO - [2021-03-08 03:10:26,275] {dag.py:1818} INFO - Sync 1 DAGs
[2021-03-08 03:10:26,284] {logging_mixin.py:104} INFO - [2021-03-08 03:10:26,284] {dag.py:2273} INFO - Setting next_dagrun for example_dag_decorator to None
[2021-03-08 03:10:26,292] {scheduler_job.py:190} INFO - Processing /usr/local/lib/python3.6/dist-packages/airflow/example_dags/example_dag_decorator.py took 0.059 seconds
[2021-03-08 03:10:57,002] {scheduler_job.py:182} INFO - Started process (PID=622) to work on /usr/local/lib/python3.6/dist-packages/airflow/example_dags/example_dag_decorator.py
[2021-03-08 03:10:57,002] {scheduler_job.py:629} INFO - Processing file /usr/local/lib/python3.6/dist-packages/airflow/example_dags/example_dag_decorator.py for tasks to queue
[2021-03-08 03:10:57,003] {logging_mixin.py:104} INFO - [2021-03-08 03:10:57,003] {dagbag.py:448} INFO - Filling up the DagBag from /usr/local/lib/python3.6/dist-packages/airflow/example_dags/example_dag_decorator.py
[2021-03-08 03:10:57,011] {scheduler_job.py:639} INFO - DAG(s) dict_keys(['example_dag_decorator']) retrieved from /usr/local/lib/python3.6/dist-packages/airflow/example_dags/example_dag_decorator.py
[2021-03-08 03:10:57,020] {logging_mixin.py:104} INFO - [2021-03-08 03:10:57,019] {dag.py:1818} INFO - Sync 1 DAGs
[2021-03-08 03:10:57,026] {logging_mixin.py:104} INFO - [2021-03-08 03:10:57,026] {dag.py:2273} INFO - Setting next_dagrun for example_dag_decorator to None
[2021-03-08 03:10:57,037] {scheduler_job.py:190} INFO - Processing /usr/local/lib/python3.6/dist-packages/airflow/example_dags/example_dag_decorator.py took 0.036 seconds
[2021-03-08 03:11:27,579] {scheduler_job.py:182} INFO - Started process (PID=681) to work on /usr/local/lib/python3.6/dist-packages/airflow/example_dags/example_dag_decorator.py
[2021-03-08 03:11:27,581] {scheduler_job.py:629} INFO - Processing file /usr/local/lib/python3.6/dist-packages/airflow/example_dags/example_dag_decorator.py for tasks to queue
[2021-03-08 03:11:27,582] {logging_mixin.py:104} INFO - [2021-03-08 03:11:27,582] {dagbag.py:448} INFO - Filling up the DagBag from /usr/local/lib/python3.6/dist-packages/airflow/example_dags/example_dag_decorator.py
[2021-03-08 03:11:27,607] {scheduler_job.py:639} INFO - DAG(s) dict_keys(['example_dag_decorator']) retrieved from /usr/local/lib/python3.6/dist-packages/airflow/example_dags/example_dag_decorator.py
[2021-03-08 03:11:27,619] {logging_mixin.py:104} INFO - [2021-03-08 03:11:27,619] {dag.py:1818} INFO - Sync 1 DAGs
[2021-03-08 03:11:27,626] {logging_mixin.py:104} INFO - [2021-03-08 03:11:27,626] {dag.py:2273} INFO - Setting next_dagrun for example_dag_decorator to None
[2021-03-08 03:11:27,637] {scheduler_job.py:190} INFO - Processing /usr/local/lib/python3.6/dist-packages/airflow/example_dags/example_dag_decorator.py took 0.064 seconds
[2021-03-08 03:17:40,186] {scheduler_job.py:182} INFO - Started process (PID=57) to work on /usr/local/lib/python3.6/dist-packages/airflow/example_dags/example_dag_decorator.py
[2021-03-08 03:17:40,187] {scheduler_job.py:629} INFO - Processing file /usr/local/lib/python3.6/dist-packages/airflow/example_dags/example_dag_decorator.py for tasks to queue
[2021-03-08 03:17:40,187] {logging_mixin.py:104} INFO - [2021-03-08 03:17:40,187] {dagbag.py:448} INFO - Filling up the DagBag from /usr/local/lib/python3.6/dist-packages/airflow/example_dags/example_dag_decorator.py
[2021-03-08 03:17:40,196] {scheduler_job.py:639} INFO - DAG(s) dict_keys(['example_dag_decorator']) retrieved from /usr/local/lib/python3.6/dist-packages/airflow/example_dags/example_dag_decorator.py
[2021-03-08 03:17:40,204] {logging_mixin.py:104} INFO - [2021-03-08 03:17:40,204] {dag.py:1818} INFO - Sync 1 DAGs
[2021-03-08 03:17:40,215] {logging_mixin.py:104} INFO - [2021-03-08 03:17:40,215] {dag.py:2273} INFO - Setting next_dagrun for example_dag_decorator to None
[2021-03-08 03:17:40,222] {scheduler_job.py:190} INFO - Processing /usr/local/lib/python3.6/dist-packages/airflow/example_dags/example_dag_decorator.py took 0.038 seconds
[2021-03-08 03:18:12,798] {scheduler_job.py:182} INFO - Started process (PID=24) to work on /usr/local/lib/python3.6/dist-packages/airflow/example_dags/example_dag_decorator.py
[2021-03-08 03:18:12,800] {scheduler_job.py:629} INFO - Processing file /usr/local/lib/python3.6/dist-packages/airflow/example_dags/example_dag_decorator.py for tasks to queue
[2021-03-08 03:18:12,803] {logging_mixin.py:104} INFO - [2021-03-08 03:18:12,803] {dagbag.py:448} INFO - Filling up the DagBag from /usr/local/lib/python3.6/dist-packages/airflow/example_dags/example_dag_decorator.py
[2021-03-08 03:18:12,828] {scheduler_job.py:639} INFO - DAG(s) dict_keys(['example_dag_decorator']) retrieved from /usr/local/lib/python3.6/dist-packages/airflow/example_dags/example_dag_decorator.py
[2021-03-08 03:18:12,870] {logging_mixin.py:104} INFO - [2021-03-08 03:18:12,869] {dag.py:1818} INFO - Sync 1 DAGs
[2021-03-08 03:18:12,885] {logging_mixin.py:104} INFO - [2021-03-08 03:18:12,885] {dag.py:2273} INFO - Setting next_dagrun for example_dag_decorator to None
[2021-03-08 03:18:12,896] {scheduler_job.py:190} INFO - Processing /usr/local/lib/python3.6/dist-packages/airflow/example_dags/example_dag_decorator.py took 0.104 seconds
[2021-03-08 03:18:43,828] {scheduler_job.py:182} INFO - Started process (PID=111) to work on /usr/local/lib/python3.6/dist-packages/airflow/example_dags/example_dag_decorator.py
[2021-03-08 03:18:43,830] {scheduler_job.py:629} INFO - Processing file /usr/local/lib/python3.6/dist-packages/airflow/example_dags/example_dag_decorator.py for tasks to queue
[2021-03-08 03:18:43,831] {logging_mixin.py:104} INFO - [2021-03-08 03:18:43,831] {dagbag.py:448} INFO - Filling up the DagBag from /usr/local/lib/python3.6/dist-packages/airflow/example_dags/example_dag_decorator.py
[2021-03-08 03:18:43,846] {scheduler_job.py:639} INFO - DAG(s) dict_keys(['example_dag_decorator']) retrieved from /usr/local/lib/python3.6/dist-packages/airflow/example_dags/example_dag_decorator.py
[2021-03-08 03:18:43,859] {logging_mixin.py:104} INFO - [2021-03-08 03:18:43,859] {dag.py:1818} INFO - Sync 1 DAGs
[2021-03-08 03:18:43,868] {logging_mixin.py:104} INFO - [2021-03-08 03:18:43,868] {dag.py:2273} INFO - Setting next_dagrun for example_dag_decorator to None
[2021-03-08 03:18:43,875] {scheduler_job.py:190} INFO - Processing /usr/local/lib/python3.6/dist-packages/airflow/example_dags/example_dag_decorator.py took 0.051 seconds
[2021-03-08 03:19:14,519] {scheduler_job.py:182} INFO - Started process (PID=169) to work on /usr/local/lib/python3.6/dist-packages/airflow/example_dags/example_dag_decorator.py
[2021-03-08 03:19:14,520] {scheduler_job.py:629} INFO - Processing file /usr/local/lib/python3.6/dist-packages/airflow/example_dags/example_dag_decorator.py for tasks to queue
[2021-03-08 03:19:14,520] {logging_mixin.py:104} INFO - [2021-03-08 03:19:14,520] {dagbag.py:448} INFO - Filling up the DagBag from /usr/local/lib/python3.6/dist-packages/airflow/example_dags/example_dag_decorator.py
[2021-03-08 03:19:14,536] {scheduler_job.py:639} INFO - DAG(s) dict_keys(['example_dag_decorator']) retrieved from /usr/local/lib/python3.6/dist-packages/airflow/example_dags/example_dag_decorator.py
[2021-03-08 03:19:14,549] {logging_mixin.py:104} INFO - [2021-03-08 03:19:14,549] {dag.py:1818} INFO - Sync 1 DAGs
[2021-03-08 03:19:14,557] {logging_mixin.py:104} INFO - [2021-03-08 03:19:14,557] {dag.py:2273} INFO - Setting next_dagrun for example_dag_decorator to None
[2021-03-08 03:19:14,563] {scheduler_job.py:190} INFO - Processing /usr/local/lib/python3.6/dist-packages/airflow/example_dags/example_dag_decorator.py took 0.049 seconds
[2021-03-08 03:19:46,006] {scheduler_job.py:182} INFO - Started process (PID=39) to work on /usr/local/lib/python3.6/dist-packages/airflow/example_dags/example_dag_decorator.py
[2021-03-08 03:19:46,007] {scheduler_job.py:629} INFO - Processing file /usr/local/lib/python3.6/dist-packages/airflow/example_dags/example_dag_decorator.py for tasks to queue
[2021-03-08 03:19:46,007] {logging_mixin.py:104} INFO - [2021-03-08 03:19:46,007] {dagbag.py:448} INFO - Filling up the DagBag from /usr/local/lib/python3.6/dist-packages/airflow/example_dags/example_dag_decorator.py
[2021-03-08 03:19:46,021] {scheduler_job.py:639} INFO - DAG(s) dict_keys(['example_dag_decorator']) retrieved from /usr/local/lib/python3.6/dist-packages/airflow/example_dags/example_dag_decorator.py
[2021-03-08 03:19:46,040] {logging_mixin.py:104} INFO - [2021-03-08 03:19:46,040] {dag.py:1818} INFO - Sync 1 DAGs
[2021-03-08 03:19:46,053] {logging_mixin.py:104} INFO - [2021-03-08 03:19:46,053] {dag.py:2273} INFO - Setting next_dagrun for example_dag_decorator to None
[2021-03-08 03:19:46,061] {scheduler_job.py:190} INFO - Processing /usr/local/lib/python3.6/dist-packages/airflow/example_dags/example_dag_decorator.py took 0.057 seconds
[2021-03-08 03:20:16,700] {scheduler_job.py:182} INFO - Started process (PID=126) to work on /usr/local/lib/python3.6/dist-packages/airflow/example_dags/example_dag_decorator.py
[2021-03-08 03:20:16,701] {scheduler_job.py:629} INFO - Processing file /usr/local/lib/python3.6/dist-packages/airflow/example_dags/example_dag_decorator.py for tasks to queue
[2021-03-08 03:20:16,701] {logging_mixin.py:104} INFO - [2021-03-08 03:20:16,701] {dagbag.py:448} INFO - Filling up the DagBag from /usr/local/lib/python3.6/dist-packages/airflow/example_dags/example_dag_decorator.py
[2021-03-08 03:20:16,712] {scheduler_job.py:639} INFO - DAG(s) dict_keys(['example_dag_decorator']) retrieved from /usr/local/lib/python3.6/dist-packages/airflow/example_dags/example_dag_decorator.py
[2021-03-08 03:20:16,727] {logging_mixin.py:104} INFO - [2021-03-08 03:20:16,727] {dag.py:1818} INFO - Sync 1 DAGs
[2021-03-08 03:20:16,737] {logging_mixin.py:104} INFO - [2021-03-08 03:20:16,737] {dag.py:2273} INFO - Setting next_dagrun for example_dag_decorator to None
[2021-03-08 03:20:16,745] {scheduler_job.py:190} INFO - Processing /usr/local/lib/python3.6/dist-packages/airflow/example_dags/example_dag_decorator.py took 0.047 seconds
[2021-03-08 03:20:47,433] {scheduler_job.py:182} INFO - Started process (PID=183) to work on /usr/local/lib/python3.6/dist-packages/airflow/example_dags/example_dag_decorator.py
[2021-03-08 03:20:47,435] {scheduler_job.py:629} INFO - Processing file /usr/local/lib/python3.6/dist-packages/airflow/example_dags/example_dag_decorator.py for tasks to queue
[2021-03-08 03:20:47,436] {logging_mixin.py:104} INFO - [2021-03-08 03:20:47,435] {dagbag.py:448} INFO - Filling up the DagBag from /usr/local/lib/python3.6/dist-packages/airflow/example_dags/example_dag_decorator.py
[2021-03-08 03:20:47,443] {scheduler_job.py:639} INFO - DAG(s) dict_keys(['example_dag_decorator']) retrieved from /usr/local/lib/python3.6/dist-packages/airflow/example_dags/example_dag_decorator.py
[2021-03-08 03:20:47,458] {logging_mixin.py:104} INFO - [2021-03-08 03:20:47,458] {dag.py:1818} INFO - Sync 1 DAGs
[2021-03-08 03:20:47,467] {logging_mixin.py:104} INFO - [2021-03-08 03:20:47,467] {dag.py:2273} INFO - Setting next_dagrun for example_dag_decorator to None
[2021-03-08 03:20:47,474] {scheduler_job.py:190} INFO - Processing /usr/local/lib/python3.6/dist-packages/airflow/example_dags/example_dag_decorator.py took 0.042 seconds
[2021-03-08 03:21:18,107] {scheduler_job.py:182} INFO - Started process (PID=241) to work on /usr/local/lib/python3.6/dist-packages/airflow/example_dags/example_dag_decorator.py
[2021-03-08 03:21:18,107] {scheduler_job.py:629} INFO - Processing file /usr/local/lib/python3.6/dist-packages/airflow/example_dags/example_dag_decorator.py for tasks to queue
[2021-03-08 03:21:18,108] {logging_mixin.py:104} INFO - [2021-03-08 03:21:18,108] {dagbag.py:448} INFO - Filling up the DagBag from /usr/local/lib/python3.6/dist-packages/airflow/example_dags/example_dag_decorator.py
[2021-03-08 03:21:18,117] {scheduler_job.py:639} INFO - DAG(s) dict_keys(['example_dag_decorator']) retrieved from /usr/local/lib/python3.6/dist-packages/airflow/example_dags/example_dag_decorator.py
[2021-03-08 03:21:18,130] {logging_mixin.py:104} INFO - [2021-03-08 03:21:18,130] {dag.py:1818} INFO - Sync 1 DAGs
[2021-03-08 03:21:18,138] {logging_mixin.py:104} INFO - [2021-03-08 03:21:18,138] {dag.py:2273} INFO - Setting next_dagrun for example_dag_decorator to None
[2021-03-08 03:21:18,145] {scheduler_job.py:190} INFO - Processing /usr/local/lib/python3.6/dist-packages/airflow/example_dags/example_dag_decorator.py took 0.040 seconds
[2021-03-08 03:21:48,790] {scheduler_job.py:182} INFO - Started process (PID=299) to work on /usr/local/lib/python3.6/dist-packages/airflow/example_dags/example_dag_decorator.py
[2021-03-08 03:21:48,790] {scheduler_job.py:629} INFO - Processing file /usr/local/lib/python3.6/dist-packages/airflow/example_dags/example_dag_decorator.py for tasks to queue
[2021-03-08 03:21:48,790] {logging_mixin.py:104} INFO - [2021-03-08 03:21:48,790] {dagbag.py:448} INFO - Filling up the DagBag from /usr/local/lib/python3.6/dist-packages/airflow/example_dags/example_dag_decorator.py
[2021-03-08 03:21:48,799] {scheduler_job.py:639} INFO - DAG(s) dict_keys(['example_dag_decorator']) retrieved from /usr/local/lib/python3.6/dist-packages/airflow/example_dags/example_dag_decorator.py
[2021-03-08 03:21:48,813] {logging_mixin.py:104} INFO - [2021-03-08 03:21:48,813] {dag.py:1818} INFO - Sync 1 DAGs
[2021-03-08 03:21:48,821] {logging_mixin.py:104} INFO - [2021-03-08 03:21:48,821] {dag.py:2273} INFO - Setting next_dagrun for example_dag_decorator to None
[2021-03-08 03:21:48,827] {scheduler_job.py:190} INFO - Processing /usr/local/lib/python3.6/dist-packages/airflow/example_dags/example_dag_decorator.py took 0.039 seconds
[2021-03-08 03:22:19,430] {scheduler_job.py:182} INFO - Started process (PID=358) to work on /usr/local/lib/python3.6/dist-packages/airflow/example_dags/example_dag_decorator.py
[2021-03-08 03:22:19,430] {scheduler_job.py:629} INFO - Processing file /usr/local/lib/python3.6/dist-packages/airflow/example_dags/example_dag_decorator.py for tasks to queue
[2021-03-08 03:22:19,431] {logging_mixin.py:104} INFO - [2021-03-08 03:22:19,431] {dagbag.py:448} INFO - Filling up the DagBag from /usr/local/lib/python3.6/dist-packages/airflow/example_dags/example_dag_decorator.py
[2021-03-08 03:22:19,439] {scheduler_job.py:639} INFO - DAG(s) dict_keys(['example_dag_decorator']) retrieved from /usr/local/lib/python3.6/dist-packages/airflow/example_dags/example_dag_decorator.py
[2021-03-08 03:22:19,452] {logging_mixin.py:104} INFO - [2021-03-08 03:22:19,452] {dag.py:1818} INFO - Sync 1 DAGs
[2021-03-08 03:22:19,460] {logging_mixin.py:104} INFO - [2021-03-08 03:22:19,460] {dag.py:2273} INFO - Setting next_dagrun for example_dag_decorator to None
[2021-03-08 03:22:19,467] {scheduler_job.py:190} INFO - Processing /usr/local/lib/python3.6/dist-packages/airflow/example_dags/example_dag_decorator.py took 0.038 seconds
[2021-03-08 03:22:50,095] {scheduler_job.py:182} INFO - Started process (PID=417) to work on /usr/local/lib/python3.6/dist-packages/airflow/example_dags/example_dag_decorator.py
[2021-03-08 03:22:50,096] {scheduler_job.py:629} INFO - Processing file /usr/local/lib/python3.6/dist-packages/airflow/example_dags/example_dag_decorator.py for tasks to queue
[2021-03-08 03:22:50,096] {logging_mixin.py:104} INFO - [2021-03-08 03:22:50,096] {dagbag.py:448} INFO - Filling up the DagBag from /usr/local/lib/python3.6/dist-packages/airflow/example_dags/example_dag_decorator.py
[2021-03-08 03:22:50,105] {scheduler_job.py:639} INFO - DAG(s) dict_keys(['example_dag_decorator']) retrieved from /usr/local/lib/python3.6/dist-packages/airflow/example_dags/example_dag_decorator.py
[2021-03-08 03:22:50,118] {logging_mixin.py:104} INFO - [2021-03-08 03:22:50,118] {dag.py:1818} INFO - Sync 1 DAGs
[2021-03-08 03:22:50,125] {logging_mixin.py:104} INFO - [2021-03-08 03:22:50,125] {dag.py:2273} INFO - Setting next_dagrun for example_dag_decorator to None
[2021-03-08 03:22:50,131] {scheduler_job.py:190} INFO - Processing /usr/local/lib/python3.6/dist-packages/airflow/example_dags/example_dag_decorator.py took 0.038 seconds
[2021-03-08 03:23:20,766] {scheduler_job.py:182} INFO - Started process (PID=477) to work on /usr/local/lib/python3.6/dist-packages/airflow/example_dags/example_dag_decorator.py
[2021-03-08 03:23:20,766] {scheduler_job.py:629} INFO - Processing file /usr/local/lib/python3.6/dist-packages/airflow/example_dags/example_dag_decorator.py for tasks to queue
[2021-03-08 03:23:20,767] {logging_mixin.py:104} INFO - [2021-03-08 03:23:20,766] {dagbag.py:448} INFO - Filling up the DagBag from /usr/local/lib/python3.6/dist-packages/airflow/example_dags/example_dag_decorator.py
[2021-03-08 03:23:20,775] {scheduler_job.py:639} INFO - DAG(s) dict_keys(['example_dag_decorator']) retrieved from /usr/local/lib/python3.6/dist-packages/airflow/example_dags/example_dag_decorator.py
[2021-03-08 03:23:20,788] {logging_mixin.py:104} INFO - [2021-03-08 03:23:20,788] {dag.py:1818} INFO - Sync 1 DAGs
[2021-03-08 03:23:20,796] {logging_mixin.py:104} INFO - [2021-03-08 03:23:20,796] {dag.py:2273} INFO - Setting next_dagrun for example_dag_decorator to None
[2021-03-08 03:23:20,802] {scheduler_job.py:190} INFO - Processing /usr/local/lib/python3.6/dist-packages/airflow/example_dags/example_dag_decorator.py took 0.038 seconds
[2021-03-08 03:23:51,533] {scheduler_job.py:182} INFO - Started process (PID=536) to work on /usr/local/lib/python3.6/dist-packages/airflow/example_dags/example_dag_decorator.py
[2021-03-08 03:23:51,534] {scheduler_job.py:629} INFO - Processing file /usr/local/lib/python3.6/dist-packages/airflow/example_dags/example_dag_decorator.py for tasks to queue
[2021-03-08 03:23:51,534] {logging_mixin.py:104} INFO - [2021-03-08 03:23:51,534] {dagbag.py:448} INFO - Filling up the DagBag from /usr/local/lib/python3.6/dist-packages/airflow/example_dags/example_dag_decorator.py
[2021-03-08 03:23:51,544] {scheduler_job.py:639} INFO - DAG(s) dict_keys(['example_dag_decorator']) retrieved from /usr/local/lib/python3.6/dist-packages/airflow/example_dags/example_dag_decorator.py
[2021-03-08 03:23:51,558] {logging_mixin.py:104} INFO - [2021-03-08 03:23:51,558] {dag.py:1818} INFO - Sync 1 DAGs
[2021-03-08 03:23:51,570] {logging_mixin.py:104} INFO - [2021-03-08 03:23:51,570] {dag.py:2273} INFO - Setting next_dagrun for example_dag_decorator to None
[2021-03-08 03:23:51,579] {scheduler_job.py:190} INFO - Processing /usr/local/lib/python3.6/dist-packages/airflow/example_dags/example_dag_decorator.py took 0.048 seconds
[2021-03-08 03:24:22,218] {scheduler_job.py:182} INFO - Started process (PID=594) to work on /usr/local/lib/python3.6/dist-packages/airflow/example_dags/example_dag_decorator.py
[2021-03-08 03:24:22,218] {scheduler_job.py:629} INFO - Processing file /usr/local/lib/python3.6/dist-packages/airflow/example_dags/example_dag_decorator.py for tasks to queue
[2021-03-08 03:24:22,219] {logging_mixin.py:104} INFO - [2021-03-08 03:24:22,218] {dagbag.py:448} INFO - Filling up the DagBag from /usr/local/lib/python3.6/dist-packages/airflow/example_dags/example_dag_decorator.py
[2021-03-08 03:24:22,227] {scheduler_job.py:639} INFO - DAG(s) dict_keys(['example_dag_decorator']) retrieved from /usr/local/lib/python3.6/dist-packages/airflow/example_dags/example_dag_decorator.py
[2021-03-08 03:24:22,241] {logging_mixin.py:104} INFO - [2021-03-08 03:24:22,241] {dag.py:1818} INFO - Sync 1 DAGs
[2021-03-08 03:24:22,250] {logging_mixin.py:104} INFO - [2021-03-08 03:24:22,250] {dag.py:2273} INFO - Setting next_dagrun for example_dag_decorator to None
[2021-03-08 03:24:22,257] {scheduler_job.py:190} INFO - Processing /usr/local/lib/python3.6/dist-packages/airflow/example_dags/example_dag_decorator.py took 0.042 seconds
[2021-03-08 03:24:52,909] {scheduler_job.py:182} INFO - Started process (PID=653) to work on /usr/local/lib/python3.6/dist-packages/airflow/example_dags/example_dag_decorator.py
[2021-03-08 03:24:52,910] {scheduler_job.py:629} INFO - Processing file /usr/local/lib/python3.6/dist-packages/airflow/example_dags/example_dag_decorator.py for tasks to queue
[2021-03-08 03:24:52,910] {logging_mixin.py:104} INFO - [2021-03-08 03:24:52,910] {dagbag.py:448} INFO - Filling up the DagBag from /usr/local/lib/python3.6/dist-packages/airflow/example_dags/example_dag_decorator.py
[2021-03-08 03:24:52,918] {scheduler_job.py:639} INFO - DAG(s) dict_keys(['example_dag_decorator']) retrieved from /usr/local/lib/python3.6/dist-packages/airflow/example_dags/example_dag_decorator.py
[2021-03-08 03:24:52,931] {logging_mixin.py:104} INFO - [2021-03-08 03:24:52,931] {dag.py:1818} INFO - Sync 1 DAGs
[2021-03-08 03:24:52,939] {logging_mixin.py:104} INFO - [2021-03-08 03:24:52,939] {dag.py:2273} INFO - Setting next_dagrun for example_dag_decorator to None
[2021-03-08 03:24:52,945] {scheduler_job.py:190} INFO - Processing /usr/local/lib/python3.6/dist-packages/airflow/example_dags/example_dag_decorator.py took 0.038 seconds
[2021-03-08 03:25:23,796] {scheduler_job.py:182} INFO - Started process (PID=720) to work on /usr/local/lib/python3.6/dist-packages/airflow/example_dags/example_dag_decorator.py
[2021-03-08 03:25:23,796] {scheduler_job.py:629} INFO - Processing file /usr/local/lib/python3.6/dist-packages/airflow/example_dags/example_dag_decorator.py for tasks to queue
[2021-03-08 03:25:23,797] {logging_mixin.py:104} INFO - [2021-03-08 03:25:23,797] {dagbag.py:448} INFO - Filling up the DagBag from /usr/local/lib/python3.6/dist-packages/airflow/example_dags/example_dag_decorator.py
[2021-03-08 03:25:23,805] {scheduler_job.py:639} INFO - DAG(s) dict_keys(['example_dag_decorator']) retrieved from /usr/local/lib/python3.6/dist-packages/airflow/example_dags/example_dag_decorator.py
[2021-03-08 03:25:23,818] {logging_mixin.py:104} INFO - [2021-03-08 03:25:23,818] {dag.py:1818} INFO - Sync 1 DAGs
[2021-03-08 03:25:23,827] {logging_mixin.py:104} INFO - [2021-03-08 03:25:23,827] {dag.py:2273} INFO - Setting next_dagrun for example_dag_decorator to None
[2021-03-08 03:25:23,833] {scheduler_job.py:190} INFO - Processing /usr/local/lib/python3.6/dist-packages/airflow/example_dags/example_dag_decorator.py took 0.039 seconds
[2021-03-08 03:25:54,613] {scheduler_job.py:182} INFO - Started process (PID=779) to work on /usr/local/lib/python3.6/dist-packages/airflow/example_dags/example_dag_decorator.py
[2021-03-08 03:25:54,614] {scheduler_job.py:629} INFO - Processing file /usr/local/lib/python3.6/dist-packages/airflow/example_dags/example_dag_decorator.py for tasks to queue
[2021-03-08 03:25:54,615] {logging_mixin.py:104} INFO - [2021-03-08 03:25:54,615] {dagbag.py:448} INFO - Filling up the DagBag from /usr/local/lib/python3.6/dist-packages/airflow/example_dags/example_dag_decorator.py
[2021-03-08 03:25:54,626] {scheduler_job.py:639} INFO - DAG(s) dict_keys(['example_dag_decorator']) retrieved from /usr/local/lib/python3.6/dist-packages/airflow/example_dags/example_dag_decorator.py
[2021-03-08 03:25:54,646] {logging_mixin.py:104} INFO - [2021-03-08 03:25:54,645] {dag.py:1818} INFO - Sync 1 DAGs
[2021-03-08 03:25:54,657] {logging_mixin.py:104} INFO - [2021-03-08 03:25:54,657] {dag.py:2273} INFO - Setting next_dagrun for example_dag_decorator to None
[2021-03-08 03:25:54,667] {scheduler_job.py:190} INFO - Processing /usr/local/lib/python3.6/dist-packages/airflow/example_dags/example_dag_decorator.py took 0.057 seconds
