[2021-03-08 03:06:31,545] {scheduler_job.py:182} INFO - Started process (PID=107) to work on /usr/local/lib/python3.6/dist-packages/airflow/example_dags/example_trigger_target_dag.py
[2021-03-08 03:06:31,548] {scheduler_job.py:629} INFO - Processing file /usr/local/lib/python3.6/dist-packages/airflow/example_dags/example_trigger_target_dag.py for tasks to queue
[2021-03-08 03:06:31,549] {logging_mixin.py:104} INFO - [2021-03-08 03:06:31,549] {dagbag.py:448} INFO - Filling up the DagBag from /usr/local/lib/python3.6/dist-packages/airflow/example_dags/example_trigger_target_dag.py
[2021-03-08 03:06:31,569] {scheduler_job.py:639} INFO - DAG(s) dict_keys(['example_trigger_target_dag']) retrieved from /usr/local/lib/python3.6/dist-packages/airflow/example_dags/example_trigger_target_dag.py
[2021-03-08 03:06:31,576] {logging_mixin.py:104} INFO - [2021-03-08 03:06:31,576] {dag.py:1818} INFO - Sync 1 DAGs
[2021-03-08 03:06:31,587] {logging_mixin.py:104} INFO - [2021-03-08 03:06:31,587] {dag.py:2273} INFO - Setting next_dagrun for example_trigger_target_dag to None
[2021-03-08 03:06:31,591] {scheduler_job.py:190} INFO - Processing /usr/local/lib/python3.6/dist-packages/airflow/example_dags/example_trigger_target_dag.py took 0.051 seconds
[2021-03-08 03:07:03,527] {scheduler_job.py:182} INFO - Started process (PID=166) to work on /usr/local/lib/python3.6/dist-packages/airflow/example_dags/example_trigger_target_dag.py
[2021-03-08 03:07:03,529] {scheduler_job.py:629} INFO - Processing file /usr/local/lib/python3.6/dist-packages/airflow/example_dags/example_trigger_target_dag.py for tasks to queue
[2021-03-08 03:07:03,531] {logging_mixin.py:104} INFO - [2021-03-08 03:07:03,531] {dagbag.py:448} INFO - Filling up the DagBag from /usr/local/lib/python3.6/dist-packages/airflow/example_dags/example_trigger_target_dag.py
[2021-03-08 03:07:03,553] {scheduler_job.py:639} INFO - DAG(s) dict_keys(['example_trigger_target_dag']) retrieved from /usr/local/lib/python3.6/dist-packages/airflow/example_dags/example_trigger_target_dag.py
[2021-03-08 03:07:03,564] {logging_mixin.py:104} INFO - [2021-03-08 03:07:03,564] {dag.py:1818} INFO - Sync 1 DAGs
[2021-03-08 03:07:03,571] {logging_mixin.py:104} INFO - [2021-03-08 03:07:03,571] {dag.py:2273} INFO - Setting next_dagrun for example_trigger_target_dag to None
[2021-03-08 03:07:03,576] {scheduler_job.py:190} INFO - Processing /usr/local/lib/python3.6/dist-packages/airflow/example_dags/example_trigger_target_dag.py took 0.055 seconds
[2021-03-08 03:07:34,349] {scheduler_job.py:182} INFO - Started process (PID=226) to work on /usr/local/lib/python3.6/dist-packages/airflow/example_dags/example_trigger_target_dag.py
[2021-03-08 03:07:34,352] {scheduler_job.py:629} INFO - Processing file /usr/local/lib/python3.6/dist-packages/airflow/example_dags/example_trigger_target_dag.py for tasks to queue
[2021-03-08 03:07:34,354] {logging_mixin.py:104} INFO - [2021-03-08 03:07:34,353] {dagbag.py:448} INFO - Filling up the DagBag from /usr/local/lib/python3.6/dist-packages/airflow/example_dags/example_trigger_target_dag.py
[2021-03-08 03:07:34,374] {scheduler_job.py:639} INFO - DAG(s) dict_keys(['example_trigger_target_dag']) retrieved from /usr/local/lib/python3.6/dist-packages/airflow/example_dags/example_trigger_target_dag.py
[2021-03-08 03:07:34,385] {logging_mixin.py:104} INFO - [2021-03-08 03:07:34,385] {dag.py:1818} INFO - Sync 1 DAGs
[2021-03-08 03:07:34,393] {logging_mixin.py:104} INFO - [2021-03-08 03:07:34,393] {dag.py:2273} INFO - Setting next_dagrun for example_trigger_target_dag to None
[2021-03-08 03:07:34,398] {scheduler_job.py:190} INFO - Processing /usr/local/lib/python3.6/dist-packages/airflow/example_dags/example_trigger_target_dag.py took 0.055 seconds
[2021-03-08 03:08:05,323] {scheduler_job.py:182} INFO - Started process (PID=286) to work on /usr/local/lib/python3.6/dist-packages/airflow/example_dags/example_trigger_target_dag.py
[2021-03-08 03:08:05,326] {scheduler_job.py:629} INFO - Processing file /usr/local/lib/python3.6/dist-packages/airflow/example_dags/example_trigger_target_dag.py for tasks to queue
[2021-03-08 03:08:05,328] {logging_mixin.py:104} INFO - [2021-03-08 03:08:05,327] {dagbag.py:448} INFO - Filling up the DagBag from /usr/local/lib/python3.6/dist-packages/airflow/example_dags/example_trigger_target_dag.py
[2021-03-08 03:08:05,349] {scheduler_job.py:639} INFO - DAG(s) dict_keys(['example_trigger_target_dag']) retrieved from /usr/local/lib/python3.6/dist-packages/airflow/example_dags/example_trigger_target_dag.py
[2021-03-08 03:08:05,361] {logging_mixin.py:104} INFO - [2021-03-08 03:08:05,361] {dag.py:1818} INFO - Sync 1 DAGs
[2021-03-08 03:08:05,370] {logging_mixin.py:104} INFO - [2021-03-08 03:08:05,370] {dag.py:2273} INFO - Setting next_dagrun for example_trigger_target_dag to None
[2021-03-08 03:08:05,374] {scheduler_job.py:190} INFO - Processing /usr/local/lib/python3.6/dist-packages/airflow/example_dags/example_trigger_target_dag.py took 0.056 seconds
[2021-03-08 03:08:36,161] {scheduler_job.py:182} INFO - Started process (PID=345) to work on /usr/local/lib/python3.6/dist-packages/airflow/example_dags/example_trigger_target_dag.py
[2021-03-08 03:08:36,163] {scheduler_job.py:629} INFO - Processing file /usr/local/lib/python3.6/dist-packages/airflow/example_dags/example_trigger_target_dag.py for tasks to queue
[2021-03-08 03:08:36,165] {logging_mixin.py:104} INFO - [2021-03-08 03:08:36,165] {dagbag.py:448} INFO - Filling up the DagBag from /usr/local/lib/python3.6/dist-packages/airflow/example_dags/example_trigger_target_dag.py
[2021-03-08 03:08:36,184] {scheduler_job.py:639} INFO - DAG(s) dict_keys(['example_trigger_target_dag']) retrieved from /usr/local/lib/python3.6/dist-packages/airflow/example_dags/example_trigger_target_dag.py
[2021-03-08 03:08:36,195] {logging_mixin.py:104} INFO - [2021-03-08 03:08:36,195] {dag.py:1818} INFO - Sync 1 DAGs
[2021-03-08 03:08:36,203] {logging_mixin.py:104} INFO - [2021-03-08 03:08:36,203] {dag.py:2273} INFO - Setting next_dagrun for example_trigger_target_dag to None
[2021-03-08 03:08:36,207] {scheduler_job.py:190} INFO - Processing /usr/local/lib/python3.6/dist-packages/airflow/example_dags/example_trigger_target_dag.py took 0.052 seconds
[2021-03-08 03:09:06,939] {scheduler_job.py:182} INFO - Started process (PID=405) to work on /usr/local/lib/python3.6/dist-packages/airflow/example_dags/example_trigger_target_dag.py
[2021-03-08 03:09:06,942] {scheduler_job.py:629} INFO - Processing file /usr/local/lib/python3.6/dist-packages/airflow/example_dags/example_trigger_target_dag.py for tasks to queue
[2021-03-08 03:09:06,944] {logging_mixin.py:104} INFO - [2021-03-08 03:09:06,943] {dagbag.py:448} INFO - Filling up the DagBag from /usr/local/lib/python3.6/dist-packages/airflow/example_dags/example_trigger_target_dag.py
[2021-03-08 03:09:06,962] {scheduler_job.py:639} INFO - DAG(s) dict_keys(['example_trigger_target_dag']) retrieved from /usr/local/lib/python3.6/dist-packages/airflow/example_dags/example_trigger_target_dag.py
[2021-03-08 03:09:06,974] {logging_mixin.py:104} INFO - [2021-03-08 03:09:06,974] {dag.py:1818} INFO - Sync 1 DAGs
[2021-03-08 03:09:06,982] {logging_mixin.py:104} INFO - [2021-03-08 03:09:06,981] {dag.py:2273} INFO - Setting next_dagrun for example_trigger_target_dag to None
[2021-03-08 03:09:06,986] {scheduler_job.py:190} INFO - Processing /usr/local/lib/python3.6/dist-packages/airflow/example_dags/example_trigger_target_dag.py took 0.052 seconds
[2021-03-08 03:09:37,686] {scheduler_job.py:182} INFO - Started process (PID=466) to work on /usr/local/lib/python3.6/dist-packages/airflow/example_dags/example_trigger_target_dag.py
[2021-03-08 03:09:37,689] {scheduler_job.py:629} INFO - Processing file /usr/local/lib/python3.6/dist-packages/airflow/example_dags/example_trigger_target_dag.py for tasks to queue
[2021-03-08 03:09:37,690] {logging_mixin.py:104} INFO - [2021-03-08 03:09:37,690] {dagbag.py:448} INFO - Filling up the DagBag from /usr/local/lib/python3.6/dist-packages/airflow/example_dags/example_trigger_target_dag.py
[2021-03-08 03:09:37,709] {scheduler_job.py:639} INFO - DAG(s) dict_keys(['example_trigger_target_dag']) retrieved from /usr/local/lib/python3.6/dist-packages/airflow/example_dags/example_trigger_target_dag.py
[2021-03-08 03:09:37,721] {logging_mixin.py:104} INFO - [2021-03-08 03:09:37,721] {dag.py:1818} INFO - Sync 1 DAGs
[2021-03-08 03:09:37,729] {logging_mixin.py:104} INFO - [2021-03-08 03:09:37,729] {dag.py:2273} INFO - Setting next_dagrun for example_trigger_target_dag to None
[2021-03-08 03:09:37,733] {scheduler_job.py:190} INFO - Processing /usr/local/lib/python3.6/dist-packages/airflow/example_dags/example_trigger_target_dag.py took 0.052 seconds
[2021-03-08 03:10:08,585] {scheduler_job.py:182} INFO - Started process (PID=525) to work on /usr/local/lib/python3.6/dist-packages/airflow/example_dags/example_trigger_target_dag.py
[2021-03-08 03:10:08,587] {scheduler_job.py:629} INFO - Processing file /usr/local/lib/python3.6/dist-packages/airflow/example_dags/example_trigger_target_dag.py for tasks to queue
[2021-03-08 03:10:08,588] {logging_mixin.py:104} INFO - [2021-03-08 03:10:08,588] {dagbag.py:448} INFO - Filling up the DagBag from /usr/local/lib/python3.6/dist-packages/airflow/example_dags/example_trigger_target_dag.py
[2021-03-08 03:10:08,607] {scheduler_job.py:639} INFO - DAG(s) dict_keys(['example_trigger_target_dag']) retrieved from /usr/local/lib/python3.6/dist-packages/airflow/example_dags/example_trigger_target_dag.py
[2021-03-08 03:10:08,619] {logging_mixin.py:104} INFO - [2021-03-08 03:10:08,618] {dag.py:1818} INFO - Sync 1 DAGs
[2021-03-08 03:10:08,626] {logging_mixin.py:104} INFO - [2021-03-08 03:10:08,626] {dag.py:2273} INFO - Setting next_dagrun for example_trigger_target_dag to None
[2021-03-08 03:10:08,630] {scheduler_job.py:190} INFO - Processing /usr/local/lib/python3.6/dist-packages/airflow/example_dags/example_trigger_target_dag.py took 0.051 seconds
[2021-03-08 03:10:39,367] {scheduler_job.py:182} INFO - Started process (PID=584) to work on /usr/local/lib/python3.6/dist-packages/airflow/example_dags/example_trigger_target_dag.py
[2021-03-08 03:10:39,369] {scheduler_job.py:629} INFO - Processing file /usr/local/lib/python3.6/dist-packages/airflow/example_dags/example_trigger_target_dag.py for tasks to queue
[2021-03-08 03:10:39,371] {logging_mixin.py:104} INFO - [2021-03-08 03:10:39,370] {dagbag.py:448} INFO - Filling up the DagBag from /usr/local/lib/python3.6/dist-packages/airflow/example_dags/example_trigger_target_dag.py
[2021-03-08 03:10:39,390] {scheduler_job.py:639} INFO - DAG(s) dict_keys(['example_trigger_target_dag']) retrieved from /usr/local/lib/python3.6/dist-packages/airflow/example_dags/example_trigger_target_dag.py
[2021-03-08 03:10:39,401] {logging_mixin.py:104} INFO - [2021-03-08 03:10:39,401] {dag.py:1818} INFO - Sync 1 DAGs
[2021-03-08 03:10:39,409] {logging_mixin.py:104} INFO - [2021-03-08 03:10:39,409] {dag.py:2273} INFO - Setting next_dagrun for example_trigger_target_dag to None
[2021-03-08 03:10:39,414] {scheduler_job.py:190} INFO - Processing /usr/local/lib/python3.6/dist-packages/airflow/example_dags/example_trigger_target_dag.py took 0.052 seconds
[2021-03-08 03:11:10,114] {scheduler_job.py:182} INFO - Started process (PID=643) to work on /usr/local/lib/python3.6/dist-packages/airflow/example_dags/example_trigger_target_dag.py
[2021-03-08 03:11:10,116] {scheduler_job.py:629} INFO - Processing file /usr/local/lib/python3.6/dist-packages/airflow/example_dags/example_trigger_target_dag.py for tasks to queue
[2021-03-08 03:11:10,117] {logging_mixin.py:104} INFO - [2021-03-08 03:11:10,117] {dagbag.py:448} INFO - Filling up the DagBag from /usr/local/lib/python3.6/dist-packages/airflow/example_dags/example_trigger_target_dag.py
[2021-03-08 03:11:10,138] {scheduler_job.py:639} INFO - DAG(s) dict_keys(['example_trigger_target_dag']) retrieved from /usr/local/lib/python3.6/dist-packages/airflow/example_dags/example_trigger_target_dag.py
[2021-03-08 03:11:10,149] {logging_mixin.py:104} INFO - [2021-03-08 03:11:10,149] {dag.py:1818} INFO - Sync 1 DAGs
[2021-03-08 03:11:10,158] {logging_mixin.py:104} INFO - [2021-03-08 03:11:10,157] {dag.py:2273} INFO - Setting next_dagrun for example_trigger_target_dag to None
[2021-03-08 03:11:10,161] {scheduler_job.py:190} INFO - Processing /usr/local/lib/python3.6/dist-packages/airflow/example_dags/example_trigger_target_dag.py took 0.053 seconds
[2021-03-08 03:17:39,785] {scheduler_job.py:182} INFO - Started process (PID=38) to work on /usr/local/lib/python3.6/dist-packages/airflow/example_dags/example_trigger_target_dag.py
[2021-03-08 03:17:39,786] {scheduler_job.py:629} INFO - Processing file /usr/local/lib/python3.6/dist-packages/airflow/example_dags/example_trigger_target_dag.py for tasks to queue
[2021-03-08 03:17:39,787] {logging_mixin.py:104} INFO - [2021-03-08 03:17:39,787] {dagbag.py:448} INFO - Filling up the DagBag from /usr/local/lib/python3.6/dist-packages/airflow/example_dags/example_trigger_target_dag.py
[2021-03-08 03:17:39,795] {scheduler_job.py:639} INFO - DAG(s) dict_keys(['example_trigger_target_dag']) retrieved from /usr/local/lib/python3.6/dist-packages/airflow/example_dags/example_trigger_target_dag.py
[2021-03-08 03:17:39,804] {logging_mixin.py:104} INFO - [2021-03-08 03:17:39,804] {dag.py:1818} INFO - Sync 1 DAGs
[2021-03-08 03:17:39,813] {logging_mixin.py:104} INFO - [2021-03-08 03:17:39,813] {dag.py:2273} INFO - Setting next_dagrun for example_trigger_target_dag to None
[2021-03-08 03:17:39,819] {scheduler_job.py:190} INFO - Processing /usr/local/lib/python3.6/dist-packages/airflow/example_dags/example_trigger_target_dag.py took 0.035 seconds
[2021-03-08 03:18:12,782] {scheduler_job.py:182} INFO - Started process (PID=23) to work on /usr/local/lib/python3.6/dist-packages/airflow/example_dags/example_trigger_target_dag.py
[2021-03-08 03:18:12,783] {scheduler_job.py:629} INFO - Processing file /usr/local/lib/python3.6/dist-packages/airflow/example_dags/example_trigger_target_dag.py for tasks to queue
[2021-03-08 03:18:12,783] {logging_mixin.py:104} INFO - [2021-03-08 03:18:12,783] {dagbag.py:448} INFO - Filling up the DagBag from /usr/local/lib/python3.6/dist-packages/airflow/example_dags/example_trigger_target_dag.py
[2021-03-08 03:18:12,796] {scheduler_job.py:639} INFO - DAG(s) dict_keys(['example_trigger_target_dag']) retrieved from /usr/local/lib/python3.6/dist-packages/airflow/example_dags/example_trigger_target_dag.py
[2021-03-08 03:18:12,835] {logging_mixin.py:104} INFO - [2021-03-08 03:18:12,835] {dag.py:1818} INFO - Sync 1 DAGs
[2021-03-08 03:18:12,861] {logging_mixin.py:104} INFO - [2021-03-08 03:18:12,860] {dag.py:2273} INFO - Setting next_dagrun for example_trigger_target_dag to None
[2021-03-08 03:18:12,883] {scheduler_job.py:190} INFO - Processing /usr/local/lib/python3.6/dist-packages/airflow/example_dags/example_trigger_target_dag.py took 0.103 seconds
[2021-03-08 03:18:43,824] {scheduler_job.py:182} INFO - Started process (PID=110) to work on /usr/local/lib/python3.6/dist-packages/airflow/example_dags/example_trigger_target_dag.py
[2021-03-08 03:18:43,826] {scheduler_job.py:629} INFO - Processing file /usr/local/lib/python3.6/dist-packages/airflow/example_dags/example_trigger_target_dag.py for tasks to queue
[2021-03-08 03:18:43,827] {logging_mixin.py:104} INFO - [2021-03-08 03:18:43,827] {dagbag.py:448} INFO - Filling up the DagBag from /usr/local/lib/python3.6/dist-packages/airflow/example_dags/example_trigger_target_dag.py
[2021-03-08 03:18:43,843] {scheduler_job.py:639} INFO - DAG(s) dict_keys(['example_trigger_target_dag']) retrieved from /usr/local/lib/python3.6/dist-packages/airflow/example_dags/example_trigger_target_dag.py
[2021-03-08 03:18:43,855] {logging_mixin.py:104} INFO - [2021-03-08 03:18:43,855] {dag.py:1818} INFO - Sync 1 DAGs
[2021-03-08 03:18:43,864] {logging_mixin.py:104} INFO - [2021-03-08 03:18:43,863] {dag.py:2273} INFO - Setting next_dagrun for example_trigger_target_dag to None
[2021-03-08 03:18:43,875] {scheduler_job.py:190} INFO - Processing /usr/local/lib/python3.6/dist-packages/airflow/example_dags/example_trigger_target_dag.py took 0.057 seconds
[2021-03-08 03:19:14,516] {scheduler_job.py:182} INFO - Started process (PID=168) to work on /usr/local/lib/python3.6/dist-packages/airflow/example_dags/example_trigger_target_dag.py
[2021-03-08 03:19:14,518] {scheduler_job.py:629} INFO - Processing file /usr/local/lib/python3.6/dist-packages/airflow/example_dags/example_trigger_target_dag.py for tasks to queue
[2021-03-08 03:19:14,519] {logging_mixin.py:104} INFO - [2021-03-08 03:19:14,519] {dagbag.py:448} INFO - Filling up the DagBag from /usr/local/lib/python3.6/dist-packages/airflow/example_dags/example_trigger_target_dag.py
[2021-03-08 03:19:14,533] {scheduler_job.py:639} INFO - DAG(s) dict_keys(['example_trigger_target_dag']) retrieved from /usr/local/lib/python3.6/dist-packages/airflow/example_dags/example_trigger_target_dag.py
[2021-03-08 03:19:14,546] {logging_mixin.py:104} INFO - [2021-03-08 03:19:14,546] {dag.py:1818} INFO - Sync 1 DAGs
[2021-03-08 03:19:14,555] {logging_mixin.py:104} INFO - [2021-03-08 03:19:14,555] {dag.py:2273} INFO - Setting next_dagrun for example_trigger_target_dag to None
[2021-03-08 03:19:14,560] {scheduler_job.py:190} INFO - Processing /usr/local/lib/python3.6/dist-packages/airflow/example_dags/example_trigger_target_dag.py took 0.050 seconds
[2021-03-08 03:19:45,882] {scheduler_job.py:182} INFO - Started process (PID=36) to work on /usr/local/lib/python3.6/dist-packages/airflow/example_dags/example_trigger_target_dag.py
[2021-03-08 03:19:45,882] {scheduler_job.py:629} INFO - Processing file /usr/local/lib/python3.6/dist-packages/airflow/example_dags/example_trigger_target_dag.py for tasks to queue
[2021-03-08 03:19:45,883] {logging_mixin.py:104} INFO - [2021-03-08 03:19:45,883] {dagbag.py:448} INFO - Filling up the DagBag from /usr/local/lib/python3.6/dist-packages/airflow/example_dags/example_trigger_target_dag.py
[2021-03-08 03:19:45,895] {scheduler_job.py:639} INFO - DAG(s) dict_keys(['example_trigger_target_dag']) retrieved from /usr/local/lib/python3.6/dist-packages/airflow/example_dags/example_trigger_target_dag.py
[2021-03-08 03:19:45,910] {logging_mixin.py:104} INFO - [2021-03-08 03:19:45,910] {dag.py:1818} INFO - Sync 1 DAGs
[2021-03-08 03:19:45,923] {logging_mixin.py:104} INFO - [2021-03-08 03:19:45,923] {dag.py:2273} INFO - Setting next_dagrun for example_trigger_target_dag to None
[2021-03-08 03:19:45,930] {scheduler_job.py:190} INFO - Processing /usr/local/lib/python3.6/dist-packages/airflow/example_dags/example_trigger_target_dag.py took 0.051 seconds
[2021-03-08 03:20:16,648] {scheduler_job.py:182} INFO - Started process (PID=123) to work on /usr/local/lib/python3.6/dist-packages/airflow/example_dags/example_trigger_target_dag.py
[2021-03-08 03:20:16,649] {scheduler_job.py:629} INFO - Processing file /usr/local/lib/python3.6/dist-packages/airflow/example_dags/example_trigger_target_dag.py for tasks to queue
[2021-03-08 03:20:16,649] {logging_mixin.py:104} INFO - [2021-03-08 03:20:16,649] {dagbag.py:448} INFO - Filling up the DagBag from /usr/local/lib/python3.6/dist-packages/airflow/example_dags/example_trigger_target_dag.py
[2021-03-08 03:20:16,659] {scheduler_job.py:639} INFO - DAG(s) dict_keys(['example_trigger_target_dag']) retrieved from /usr/local/lib/python3.6/dist-packages/airflow/example_dags/example_trigger_target_dag.py
[2021-03-08 03:20:16,671] {logging_mixin.py:104} INFO - [2021-03-08 03:20:16,671] {dag.py:1818} INFO - Sync 1 DAGs
[2021-03-08 03:20:16,680] {logging_mixin.py:104} INFO - [2021-03-08 03:20:16,680] {dag.py:2273} INFO - Setting next_dagrun for example_trigger_target_dag to None
[2021-03-08 03:20:16,685] {scheduler_job.py:190} INFO - Processing /usr/local/lib/python3.6/dist-packages/airflow/example_dags/example_trigger_target_dag.py took 0.039 seconds
[2021-03-08 03:20:47,360] {scheduler_job.py:182} INFO - Started process (PID=180) to work on /usr/local/lib/python3.6/dist-packages/airflow/example_dags/example_trigger_target_dag.py
[2021-03-08 03:20:47,362] {scheduler_job.py:629} INFO - Processing file /usr/local/lib/python3.6/dist-packages/airflow/example_dags/example_trigger_target_dag.py for tasks to queue
[2021-03-08 03:20:47,363] {logging_mixin.py:104} INFO - [2021-03-08 03:20:47,363] {dagbag.py:448} INFO - Filling up the DagBag from /usr/local/lib/python3.6/dist-packages/airflow/example_dags/example_trigger_target_dag.py
[2021-03-08 03:20:47,369] {scheduler_job.py:639} INFO - DAG(s) dict_keys(['example_trigger_target_dag']) retrieved from /usr/local/lib/python3.6/dist-packages/airflow/example_dags/example_trigger_target_dag.py
[2021-03-08 03:20:47,380] {logging_mixin.py:104} INFO - [2021-03-08 03:20:47,380] {dag.py:1818} INFO - Sync 1 DAGs
[2021-03-08 03:20:47,389] {logging_mixin.py:104} INFO - [2021-03-08 03:20:47,389] {dag.py:2273} INFO - Setting next_dagrun for example_trigger_target_dag to None
[2021-03-08 03:20:47,394] {scheduler_job.py:190} INFO - Processing /usr/local/lib/python3.6/dist-packages/airflow/example_dags/example_trigger_target_dag.py took 0.036 seconds
[2021-03-08 03:21:18,012] {scheduler_job.py:182} INFO - Started process (PID=238) to work on /usr/local/lib/python3.6/dist-packages/airflow/example_dags/example_trigger_target_dag.py
[2021-03-08 03:21:18,013] {scheduler_job.py:629} INFO - Processing file /usr/local/lib/python3.6/dist-packages/airflow/example_dags/example_trigger_target_dag.py for tasks to queue
[2021-03-08 03:21:18,013] {logging_mixin.py:104} INFO - [2021-03-08 03:21:18,013] {dagbag.py:448} INFO - Filling up the DagBag from /usr/local/lib/python3.6/dist-packages/airflow/example_dags/example_trigger_target_dag.py
[2021-03-08 03:21:18,023] {scheduler_job.py:639} INFO - DAG(s) dict_keys(['example_trigger_target_dag']) retrieved from /usr/local/lib/python3.6/dist-packages/airflow/example_dags/example_trigger_target_dag.py
[2021-03-08 03:21:18,037] {logging_mixin.py:104} INFO - [2021-03-08 03:21:18,037] {dag.py:1818} INFO - Sync 1 DAGs
[2021-03-08 03:21:18,050] {logging_mixin.py:104} INFO - [2021-03-08 03:21:18,050] {dag.py:2273} INFO - Setting next_dagrun for example_trigger_target_dag to None
[2021-03-08 03:21:18,060] {scheduler_job.py:190} INFO - Processing /usr/local/lib/python3.6/dist-packages/airflow/example_dags/example_trigger_target_dag.py took 0.050 seconds
[2021-03-08 03:21:48,711] {scheduler_job.py:182} INFO - Started process (PID=296) to work on /usr/local/lib/python3.6/dist-packages/airflow/example_dags/example_trigger_target_dag.py
[2021-03-08 03:21:48,712] {scheduler_job.py:629} INFO - Processing file /usr/local/lib/python3.6/dist-packages/airflow/example_dags/example_trigger_target_dag.py for tasks to queue
[2021-03-08 03:21:48,712] {logging_mixin.py:104} INFO - [2021-03-08 03:21:48,712] {dagbag.py:448} INFO - Filling up the DagBag from /usr/local/lib/python3.6/dist-packages/airflow/example_dags/example_trigger_target_dag.py
[2021-03-08 03:21:48,720] {scheduler_job.py:639} INFO - DAG(s) dict_keys(['example_trigger_target_dag']) retrieved from /usr/local/lib/python3.6/dist-packages/airflow/example_dags/example_trigger_target_dag.py
[2021-03-08 03:21:48,732] {logging_mixin.py:104} INFO - [2021-03-08 03:21:48,732] {dag.py:1818} INFO - Sync 1 DAGs
[2021-03-08 03:21:48,741] {logging_mixin.py:104} INFO - [2021-03-08 03:21:48,741] {dag.py:2273} INFO - Setting next_dagrun for example_trigger_target_dag to None
[2021-03-08 03:21:48,747] {scheduler_job.py:190} INFO - Processing /usr/local/lib/python3.6/dist-packages/airflow/example_dags/example_trigger_target_dag.py took 0.038 seconds
[2021-03-08 03:22:19,379] {scheduler_job.py:182} INFO - Started process (PID=355) to work on /usr/local/lib/python3.6/dist-packages/airflow/example_dags/example_trigger_target_dag.py
[2021-03-08 03:22:19,380] {scheduler_job.py:629} INFO - Processing file /usr/local/lib/python3.6/dist-packages/airflow/example_dags/example_trigger_target_dag.py for tasks to queue
[2021-03-08 03:22:19,380] {logging_mixin.py:104} INFO - [2021-03-08 03:22:19,380] {dagbag.py:448} INFO - Filling up the DagBag from /usr/local/lib/python3.6/dist-packages/airflow/example_dags/example_trigger_target_dag.py
[2021-03-08 03:22:19,387] {scheduler_job.py:639} INFO - DAG(s) dict_keys(['example_trigger_target_dag']) retrieved from /usr/local/lib/python3.6/dist-packages/airflow/example_dags/example_trigger_target_dag.py
[2021-03-08 03:22:19,400] {logging_mixin.py:104} INFO - [2021-03-08 03:22:19,400] {dag.py:1818} INFO - Sync 1 DAGs
[2021-03-08 03:22:19,409] {logging_mixin.py:104} INFO - [2021-03-08 03:22:19,409] {dag.py:2273} INFO - Setting next_dagrun for example_trigger_target_dag to None
[2021-03-08 03:22:19,414] {scheduler_job.py:190} INFO - Processing /usr/local/lib/python3.6/dist-packages/airflow/example_dags/example_trigger_target_dag.py took 0.036 seconds
[2021-03-08 03:22:50,043] {scheduler_job.py:182} INFO - Started process (PID=414) to work on /usr/local/lib/python3.6/dist-packages/airflow/example_dags/example_trigger_target_dag.py
[2021-03-08 03:22:50,044] {scheduler_job.py:629} INFO - Processing file /usr/local/lib/python3.6/dist-packages/airflow/example_dags/example_trigger_target_dag.py for tasks to queue
[2021-03-08 03:22:50,044] {logging_mixin.py:104} INFO - [2021-03-08 03:22:50,044] {dagbag.py:448} INFO - Filling up the DagBag from /usr/local/lib/python3.6/dist-packages/airflow/example_dags/example_trigger_target_dag.py
[2021-03-08 03:22:50,051] {scheduler_job.py:639} INFO - DAG(s) dict_keys(['example_trigger_target_dag']) retrieved from /usr/local/lib/python3.6/dist-packages/airflow/example_dags/example_trigger_target_dag.py
[2021-03-08 03:22:50,063] {logging_mixin.py:104} INFO - [2021-03-08 03:22:50,063] {dag.py:1818} INFO - Sync 1 DAGs
[2021-03-08 03:22:50,072] {logging_mixin.py:104} INFO - [2021-03-08 03:22:50,072] {dag.py:2273} INFO - Setting next_dagrun for example_trigger_target_dag to None
[2021-03-08 03:22:50,078] {scheduler_job.py:190} INFO - Processing /usr/local/lib/python3.6/dist-packages/airflow/example_dags/example_trigger_target_dag.py took 0.037 seconds
[2021-03-08 03:23:20,720] {scheduler_job.py:182} INFO - Started process (PID=474) to work on /usr/local/lib/python3.6/dist-packages/airflow/example_dags/example_trigger_target_dag.py
[2021-03-08 03:23:20,720] {scheduler_job.py:629} INFO - Processing file /usr/local/lib/python3.6/dist-packages/airflow/example_dags/example_trigger_target_dag.py for tasks to queue
[2021-03-08 03:23:20,721] {logging_mixin.py:104} INFO - [2021-03-08 03:23:20,721] {dagbag.py:448} INFO - Filling up the DagBag from /usr/local/lib/python3.6/dist-packages/airflow/example_dags/example_trigger_target_dag.py
[2021-03-08 03:23:20,729] {scheduler_job.py:639} INFO - DAG(s) dict_keys(['example_trigger_target_dag']) retrieved from /usr/local/lib/python3.6/dist-packages/airflow/example_dags/example_trigger_target_dag.py
[2021-03-08 03:23:20,741] {logging_mixin.py:104} INFO - [2021-03-08 03:23:20,741] {dag.py:1818} INFO - Sync 1 DAGs
[2021-03-08 03:23:20,750] {logging_mixin.py:104} INFO - [2021-03-08 03:23:20,749] {dag.py:2273} INFO - Setting next_dagrun for example_trigger_target_dag to None
[2021-03-08 03:23:20,756] {scheduler_job.py:190} INFO - Processing /usr/local/lib/python3.6/dist-packages/airflow/example_dags/example_trigger_target_dag.py took 0.038 seconds
[2021-03-08 03:23:51,438] {scheduler_job.py:182} INFO - Started process (PID=533) to work on /usr/local/lib/python3.6/dist-packages/airflow/example_dags/example_trigger_target_dag.py
[2021-03-08 03:23:51,440] {scheduler_job.py:629} INFO - Processing file /usr/local/lib/python3.6/dist-packages/airflow/example_dags/example_trigger_target_dag.py for tasks to queue
[2021-03-08 03:23:51,440] {logging_mixin.py:104} INFO - [2021-03-08 03:23:51,440] {dagbag.py:448} INFO - Filling up the DagBag from /usr/local/lib/python3.6/dist-packages/airflow/example_dags/example_trigger_target_dag.py
[2021-03-08 03:23:51,450] {scheduler_job.py:639} INFO - DAG(s) dict_keys(['example_trigger_target_dag']) retrieved from /usr/local/lib/python3.6/dist-packages/airflow/example_dags/example_trigger_target_dag.py
[2021-03-08 03:23:51,472] {logging_mixin.py:104} INFO - [2021-03-08 03:23:51,472] {dag.py:1818} INFO - Sync 1 DAGs
[2021-03-08 03:23:51,485] {logging_mixin.py:104} INFO - [2021-03-08 03:23:51,485] {dag.py:2273} INFO - Setting next_dagrun for example_trigger_target_dag to None
[2021-03-08 03:23:51,492] {scheduler_job.py:190} INFO - Processing /usr/local/lib/python3.6/dist-packages/airflow/example_dags/example_trigger_target_dag.py took 0.056 seconds
[2021-03-08 03:24:22,156] {scheduler_job.py:182} INFO - Started process (PID=591) to work on /usr/local/lib/python3.6/dist-packages/airflow/example_dags/example_trigger_target_dag.py
[2021-03-08 03:24:22,157] {scheduler_job.py:629} INFO - Processing file /usr/local/lib/python3.6/dist-packages/airflow/example_dags/example_trigger_target_dag.py for tasks to queue
[2021-03-08 03:24:22,157] {logging_mixin.py:104} INFO - [2021-03-08 03:24:22,157] {dagbag.py:448} INFO - Filling up the DagBag from /usr/local/lib/python3.6/dist-packages/airflow/example_dags/example_trigger_target_dag.py
[2021-03-08 03:24:22,163] {scheduler_job.py:639} INFO - DAG(s) dict_keys(['example_trigger_target_dag']) retrieved from /usr/local/lib/python3.6/dist-packages/airflow/example_dags/example_trigger_target_dag.py
[2021-03-08 03:24:22,176] {logging_mixin.py:104} INFO - [2021-03-08 03:24:22,176] {dag.py:1818} INFO - Sync 1 DAGs
[2021-03-08 03:24:22,185] {logging_mixin.py:104} INFO - [2021-03-08 03:24:22,185] {dag.py:2273} INFO - Setting next_dagrun for example_trigger_target_dag to None
[2021-03-08 03:24:22,190] {scheduler_job.py:190} INFO - Processing /usr/local/lib/python3.6/dist-packages/airflow/example_dags/example_trigger_target_dag.py took 0.035 seconds
[2021-03-08 03:24:52,862] {scheduler_job.py:182} INFO - Started process (PID=650) to work on /usr/local/lib/python3.6/dist-packages/airflow/example_dags/example_trigger_target_dag.py
[2021-03-08 03:24:52,862] {scheduler_job.py:629} INFO - Processing file /usr/local/lib/python3.6/dist-packages/airflow/example_dags/example_trigger_target_dag.py for tasks to queue
[2021-03-08 03:24:52,863] {logging_mixin.py:104} INFO - [2021-03-08 03:24:52,863] {dagbag.py:448} INFO - Filling up the DagBag from /usr/local/lib/python3.6/dist-packages/airflow/example_dags/example_trigger_target_dag.py
[2021-03-08 03:24:52,869] {scheduler_job.py:639} INFO - DAG(s) dict_keys(['example_trigger_target_dag']) retrieved from /usr/local/lib/python3.6/dist-packages/airflow/example_dags/example_trigger_target_dag.py
[2021-03-08 03:24:52,881] {logging_mixin.py:104} INFO - [2021-03-08 03:24:52,880] {dag.py:1818} INFO - Sync 1 DAGs
[2021-03-08 03:24:52,889] {logging_mixin.py:104} INFO - [2021-03-08 03:24:52,889] {dag.py:2273} INFO - Setting next_dagrun for example_trigger_target_dag to None
[2021-03-08 03:24:52,893] {scheduler_job.py:190} INFO - Processing /usr/local/lib/python3.6/dist-packages/airflow/example_dags/example_trigger_target_dag.py took 0.033 seconds
[2021-03-08 03:25:23,750] {scheduler_job.py:182} INFO - Started process (PID=717) to work on /usr/local/lib/python3.6/dist-packages/airflow/example_dags/example_trigger_target_dag.py
[2021-03-08 03:25:23,751] {scheduler_job.py:629} INFO - Processing file /usr/local/lib/python3.6/dist-packages/airflow/example_dags/example_trigger_target_dag.py for tasks to queue
[2021-03-08 03:25:23,751] {logging_mixin.py:104} INFO - [2021-03-08 03:25:23,751] {dagbag.py:448} INFO - Filling up the DagBag from /usr/local/lib/python3.6/dist-packages/airflow/example_dags/example_trigger_target_dag.py
[2021-03-08 03:25:23,758] {scheduler_job.py:639} INFO - DAG(s) dict_keys(['example_trigger_target_dag']) retrieved from /usr/local/lib/python3.6/dist-packages/airflow/example_dags/example_trigger_target_dag.py
[2021-03-08 03:25:23,769] {logging_mixin.py:104} INFO - [2021-03-08 03:25:23,769] {dag.py:1818} INFO - Sync 1 DAGs
[2021-03-08 03:25:23,778] {logging_mixin.py:104} INFO - [2021-03-08 03:25:23,778] {dag.py:2273} INFO - Setting next_dagrun for example_trigger_target_dag to None
[2021-03-08 03:25:23,782] {scheduler_job.py:190} INFO - Processing /usr/local/lib/python3.6/dist-packages/airflow/example_dags/example_trigger_target_dag.py took 0.034 seconds
[2021-03-08 03:25:54,492] {scheduler_job.py:182} INFO - Started process (PID=776) to work on /usr/local/lib/python3.6/dist-packages/airflow/example_dags/example_trigger_target_dag.py
[2021-03-08 03:25:54,493] {scheduler_job.py:629} INFO - Processing file /usr/local/lib/python3.6/dist-packages/airflow/example_dags/example_trigger_target_dag.py for tasks to queue
[2021-03-08 03:25:54,494] {logging_mixin.py:104} INFO - [2021-03-08 03:25:54,494] {dagbag.py:448} INFO - Filling up the DagBag from /usr/local/lib/python3.6/dist-packages/airflow/example_dags/example_trigger_target_dag.py
[2021-03-08 03:25:54,503] {scheduler_job.py:639} INFO - DAG(s) dict_keys(['example_trigger_target_dag']) retrieved from /usr/local/lib/python3.6/dist-packages/airflow/example_dags/example_trigger_target_dag.py
[2021-03-08 03:25:54,520] {logging_mixin.py:104} INFO - [2021-03-08 03:25:54,520] {dag.py:1818} INFO - Sync 1 DAGs
[2021-03-08 03:25:54,532] {logging_mixin.py:104} INFO - [2021-03-08 03:25:54,532] {dag.py:2273} INFO - Setting next_dagrun for example_trigger_target_dag to None
[2021-03-08 03:25:54,539] {scheduler_job.py:190} INFO - Processing /usr/local/lib/python3.6/dist-packages/airflow/example_dags/example_trigger_target_dag.py took 0.049 seconds
