[2021-03-08 03:06:33,859] {scheduler_job.py:182} INFO - Started process (PID=109) to work on /usr/local/lib/python3.6/dist-packages/airflow/example_dags/example_branch_operator.py
[2021-03-08 03:06:33,861] {scheduler_job.py:629} INFO - Processing file /usr/local/lib/python3.6/dist-packages/airflow/example_dags/example_branch_operator.py for tasks to queue
[2021-03-08 03:06:33,863] {logging_mixin.py:104} INFO - [2021-03-08 03:06:33,862] {dagbag.py:448} INFO - Filling up the DagBag from /usr/local/lib/python3.6/dist-packages/airflow/example_dags/example_branch_operator.py
[2021-03-08 03:06:33,885] {scheduler_job.py:639} INFO - DAG(s) dict_keys(['example_branch_operator']) retrieved from /usr/local/lib/python3.6/dist-packages/airflow/example_dags/example_branch_operator.py
[2021-03-08 03:06:33,892] {logging_mixin.py:104} INFO - [2021-03-08 03:06:33,892] {dag.py:1818} INFO - Sync 1 DAGs
[2021-03-08 03:06:33,905] {logging_mixin.py:104} INFO - [2021-03-08 03:06:33,905] {dag.py:2273} INFO - Setting next_dagrun for example_branch_operator to 2021-03-06 00:00:00+00:00
[2021-03-08 03:06:33,909] {scheduler_job.py:190} INFO - Processing /usr/local/lib/python3.6/dist-packages/airflow/example_dags/example_branch_operator.py took 0.056 seconds
[2021-03-08 03:07:05,803] {scheduler_job.py:182} INFO - Started process (PID=168) to work on /usr/local/lib/python3.6/dist-packages/airflow/example_dags/example_branch_operator.py
[2021-03-08 03:07:05,805] {scheduler_job.py:629} INFO - Processing file /usr/local/lib/python3.6/dist-packages/airflow/example_dags/example_branch_operator.py for tasks to queue
[2021-03-08 03:07:05,807] {logging_mixin.py:104} INFO - [2021-03-08 03:07:05,807] {dagbag.py:448} INFO - Filling up the DagBag from /usr/local/lib/python3.6/dist-packages/airflow/example_dags/example_branch_operator.py
[2021-03-08 03:07:05,832] {scheduler_job.py:639} INFO - DAG(s) dict_keys(['example_branch_operator']) retrieved from /usr/local/lib/python3.6/dist-packages/airflow/example_dags/example_branch_operator.py
[2021-03-08 03:07:05,846] {logging_mixin.py:104} INFO - [2021-03-08 03:07:05,846] {dag.py:1818} INFO - Sync 1 DAGs
[2021-03-08 03:07:05,857] {logging_mixin.py:104} INFO - [2021-03-08 03:07:05,857] {dag.py:2273} INFO - Setting next_dagrun for example_branch_operator to 2021-03-06 00:00:00+00:00
[2021-03-08 03:07:05,869] {scheduler_job.py:190} INFO - Processing /usr/local/lib/python3.6/dist-packages/airflow/example_dags/example_branch_operator.py took 0.071 seconds
[2021-03-08 03:07:36,632] {scheduler_job.py:182} INFO - Started process (PID=228) to work on /usr/local/lib/python3.6/dist-packages/airflow/example_dags/example_branch_operator.py
[2021-03-08 03:07:36,633] {scheduler_job.py:629} INFO - Processing file /usr/local/lib/python3.6/dist-packages/airflow/example_dags/example_branch_operator.py for tasks to queue
[2021-03-08 03:07:36,634] {logging_mixin.py:104} INFO - [2021-03-08 03:07:36,634] {dagbag.py:448} INFO - Filling up the DagBag from /usr/local/lib/python3.6/dist-packages/airflow/example_dags/example_branch_operator.py
[2021-03-08 03:07:36,650] {scheduler_job.py:639} INFO - DAG(s) dict_keys(['example_branch_operator']) retrieved from /usr/local/lib/python3.6/dist-packages/airflow/example_dags/example_branch_operator.py
[2021-03-08 03:07:36,660] {logging_mixin.py:104} INFO - [2021-03-08 03:07:36,660] {dag.py:1818} INFO - Sync 1 DAGs
[2021-03-08 03:07:36,671] {logging_mixin.py:104} INFO - [2021-03-08 03:07:36,671] {dag.py:2273} INFO - Setting next_dagrun for example_branch_operator to 2021-03-06 00:00:00+00:00
[2021-03-08 03:07:36,675] {scheduler_job.py:190} INFO - Processing /usr/local/lib/python3.6/dist-packages/airflow/example_dags/example_branch_operator.py took 0.049 seconds
[2021-03-08 03:08:07,629] {scheduler_job.py:182} INFO - Started process (PID=288) to work on /usr/local/lib/python3.6/dist-packages/airflow/example_dags/example_branch_operator.py
[2021-03-08 03:08:07,631] {scheduler_job.py:629} INFO - Processing file /usr/local/lib/python3.6/dist-packages/airflow/example_dags/example_branch_operator.py for tasks to queue
[2021-03-08 03:08:07,632] {logging_mixin.py:104} INFO - [2021-03-08 03:08:07,632] {dagbag.py:448} INFO - Filling up the DagBag from /usr/local/lib/python3.6/dist-packages/airflow/example_dags/example_branch_operator.py
[2021-03-08 03:08:07,655] {scheduler_job.py:639} INFO - DAG(s) dict_keys(['example_branch_operator']) retrieved from /usr/local/lib/python3.6/dist-packages/airflow/example_dags/example_branch_operator.py
[2021-03-08 03:08:07,666] {logging_mixin.py:104} INFO - [2021-03-08 03:08:07,666] {dag.py:1818} INFO - Sync 1 DAGs
[2021-03-08 03:08:07,678] {logging_mixin.py:104} INFO - [2021-03-08 03:08:07,678] {dag.py:2273} INFO - Setting next_dagrun for example_branch_operator to 2021-03-06 00:00:00+00:00
[2021-03-08 03:08:07,683] {scheduler_job.py:190} INFO - Processing /usr/local/lib/python3.6/dist-packages/airflow/example_dags/example_branch_operator.py took 0.060 seconds
[2021-03-08 03:08:38,464] {scheduler_job.py:182} INFO - Started process (PID=347) to work on /usr/local/lib/python3.6/dist-packages/airflow/example_dags/example_branch_operator.py
[2021-03-08 03:08:38,466] {scheduler_job.py:629} INFO - Processing file /usr/local/lib/python3.6/dist-packages/airflow/example_dags/example_branch_operator.py for tasks to queue
[2021-03-08 03:08:38,468] {logging_mixin.py:104} INFO - [2021-03-08 03:08:38,468] {dagbag.py:448} INFO - Filling up the DagBag from /usr/local/lib/python3.6/dist-packages/airflow/example_dags/example_branch_operator.py
[2021-03-08 03:08:38,491] {scheduler_job.py:639} INFO - DAG(s) dict_keys(['example_branch_operator']) retrieved from /usr/local/lib/python3.6/dist-packages/airflow/example_dags/example_branch_operator.py
[2021-03-08 03:08:38,499] {logging_mixin.py:104} INFO - [2021-03-08 03:08:38,499] {dag.py:1818} INFO - Sync 1 DAGs
[2021-03-08 03:08:38,509] {logging_mixin.py:104} INFO - [2021-03-08 03:08:38,509] {dag.py:2273} INFO - Setting next_dagrun for example_branch_operator to 2021-03-06 00:00:00+00:00
[2021-03-08 03:08:38,515] {scheduler_job.py:190} INFO - Processing /usr/local/lib/python3.6/dist-packages/airflow/example_dags/example_branch_operator.py took 0.057 seconds
[2021-03-08 03:09:09,252] {scheduler_job.py:182} INFO - Started process (PID=407) to work on /usr/local/lib/python3.6/dist-packages/airflow/example_dags/example_branch_operator.py
[2021-03-08 03:09:09,255] {scheduler_job.py:629} INFO - Processing file /usr/local/lib/python3.6/dist-packages/airflow/example_dags/example_branch_operator.py for tasks to queue
[2021-03-08 03:09:09,257] {logging_mixin.py:104} INFO - [2021-03-08 03:09:09,256] {dagbag.py:448} INFO - Filling up the DagBag from /usr/local/lib/python3.6/dist-packages/airflow/example_dags/example_branch_operator.py
[2021-03-08 03:09:09,278] {scheduler_job.py:639} INFO - DAG(s) dict_keys(['example_branch_operator']) retrieved from /usr/local/lib/python3.6/dist-packages/airflow/example_dags/example_branch_operator.py
[2021-03-08 03:09:09,289] {logging_mixin.py:104} INFO - [2021-03-08 03:09:09,289] {dag.py:1818} INFO - Sync 1 DAGs
[2021-03-08 03:09:09,300] {logging_mixin.py:104} INFO - [2021-03-08 03:09:09,300] {dag.py:2273} INFO - Setting next_dagrun for example_branch_operator to 2021-03-06 00:00:00+00:00
[2021-03-08 03:09:09,304] {scheduler_job.py:190} INFO - Processing /usr/local/lib/python3.6/dist-packages/airflow/example_dags/example_branch_operator.py took 0.058 seconds
[2021-03-08 03:09:39,995] {scheduler_job.py:182} INFO - Started process (PID=468) to work on /usr/local/lib/python3.6/dist-packages/airflow/example_dags/example_branch_operator.py
[2021-03-08 03:09:39,997] {scheduler_job.py:629} INFO - Processing file /usr/local/lib/python3.6/dist-packages/airflow/example_dags/example_branch_operator.py for tasks to queue
[2021-03-08 03:09:39,999] {logging_mixin.py:104} INFO - [2021-03-08 03:09:39,998] {dagbag.py:448} INFO - Filling up the DagBag from /usr/local/lib/python3.6/dist-packages/airflow/example_dags/example_branch_operator.py
[2021-03-08 03:09:40,018] {scheduler_job.py:639} INFO - DAG(s) dict_keys(['example_branch_operator']) retrieved from /usr/local/lib/python3.6/dist-packages/airflow/example_dags/example_branch_operator.py
[2021-03-08 03:09:40,027] {logging_mixin.py:104} INFO - [2021-03-08 03:09:40,027] {dag.py:1818} INFO - Sync 1 DAGs
[2021-03-08 03:09:40,037] {logging_mixin.py:104} INFO - [2021-03-08 03:09:40,037] {dag.py:2273} INFO - Setting next_dagrun for example_branch_operator to 2021-03-06 00:00:00+00:00
[2021-03-08 03:09:40,041] {scheduler_job.py:190} INFO - Processing /usr/local/lib/python3.6/dist-packages/airflow/example_dags/example_branch_operator.py took 0.051 seconds
[2021-03-08 03:10:10,890] {scheduler_job.py:182} INFO - Started process (PID=527) to work on /usr/local/lib/python3.6/dist-packages/airflow/example_dags/example_branch_operator.py
[2021-03-08 03:10:10,892] {scheduler_job.py:629} INFO - Processing file /usr/local/lib/python3.6/dist-packages/airflow/example_dags/example_branch_operator.py for tasks to queue
[2021-03-08 03:10:10,894] {logging_mixin.py:104} INFO - [2021-03-08 03:10:10,894] {dagbag.py:448} INFO - Filling up the DagBag from /usr/local/lib/python3.6/dist-packages/airflow/example_dags/example_branch_operator.py
[2021-03-08 03:10:10,918] {scheduler_job.py:639} INFO - DAG(s) dict_keys(['example_branch_operator']) retrieved from /usr/local/lib/python3.6/dist-packages/airflow/example_dags/example_branch_operator.py
[2021-03-08 03:10:10,929] {logging_mixin.py:104} INFO - [2021-03-08 03:10:10,929] {dag.py:1818} INFO - Sync 1 DAGs
[2021-03-08 03:10:10,940] {logging_mixin.py:104} INFO - [2021-03-08 03:10:10,940] {dag.py:2273} INFO - Setting next_dagrun for example_branch_operator to 2021-03-06 00:00:00+00:00
[2021-03-08 03:10:10,945] {scheduler_job.py:190} INFO - Processing /usr/local/lib/python3.6/dist-packages/airflow/example_dags/example_branch_operator.py took 0.060 seconds
[2021-03-08 03:10:41,677] {scheduler_job.py:182} INFO - Started process (PID=594) to work on /usr/local/lib/python3.6/dist-packages/airflow/example_dags/example_branch_operator.py
[2021-03-08 03:10:41,680] {scheduler_job.py:629} INFO - Processing file /usr/local/lib/python3.6/dist-packages/airflow/example_dags/example_branch_operator.py for tasks to queue
[2021-03-08 03:10:41,681] {logging_mixin.py:104} INFO - [2021-03-08 03:10:41,681] {dagbag.py:448} INFO - Filling up the DagBag from /usr/local/lib/python3.6/dist-packages/airflow/example_dags/example_branch_operator.py
[2021-03-08 03:10:41,706] {scheduler_job.py:639} INFO - DAG(s) dict_keys(['example_branch_operator']) retrieved from /usr/local/lib/python3.6/dist-packages/airflow/example_dags/example_branch_operator.py
[2021-03-08 03:10:41,719] {logging_mixin.py:104} INFO - [2021-03-08 03:10:41,718] {dag.py:1818} INFO - Sync 1 DAGs
[2021-03-08 03:10:41,730] {logging_mixin.py:104} INFO - [2021-03-08 03:10:41,730] {dag.py:2273} INFO - Setting next_dagrun for example_branch_operator to 2021-03-06 00:00:00+00:00
[2021-03-08 03:10:41,735] {scheduler_job.py:190} INFO - Processing /usr/local/lib/python3.6/dist-packages/airflow/example_dags/example_branch_operator.py took 0.063 seconds
[2021-03-08 03:11:12,384] {scheduler_job.py:182} INFO - Started process (PID=653) to work on /usr/local/lib/python3.6/dist-packages/airflow/example_dags/example_branch_operator.py
[2021-03-08 03:11:12,385] {scheduler_job.py:629} INFO - Processing file /usr/local/lib/python3.6/dist-packages/airflow/example_dags/example_branch_operator.py for tasks to queue
[2021-03-08 03:11:12,386] {logging_mixin.py:104} INFO - [2021-03-08 03:11:12,385] {dagbag.py:448} INFO - Filling up the DagBag from /usr/local/lib/python3.6/dist-packages/airflow/example_dags/example_branch_operator.py
[2021-03-08 03:11:12,395] {scheduler_job.py:639} INFO - DAG(s) dict_keys(['example_branch_operator']) retrieved from /usr/local/lib/python3.6/dist-packages/airflow/example_dags/example_branch_operator.py
[2021-03-08 03:11:12,403] {logging_mixin.py:104} INFO - [2021-03-08 03:11:12,403] {dag.py:1818} INFO - Sync 1 DAGs
[2021-03-08 03:11:12,416] {logging_mixin.py:104} INFO - [2021-03-08 03:11:12,416] {dag.py:2273} INFO - Setting next_dagrun for example_branch_operator to 2021-03-06 00:00:00+00:00
[2021-03-08 03:11:12,421] {scheduler_job.py:190} INFO - Processing /usr/local/lib/python3.6/dist-packages/airflow/example_dags/example_branch_operator.py took 0.039 seconds
[2021-03-08 03:17:39,789] {scheduler_job.py:182} INFO - Started process (PID=39) to work on /usr/local/lib/python3.6/dist-packages/airflow/example_dags/example_branch_operator.py
[2021-03-08 03:17:39,790] {scheduler_job.py:629} INFO - Processing file /usr/local/lib/python3.6/dist-packages/airflow/example_dags/example_branch_operator.py for tasks to queue
[2021-03-08 03:17:39,790] {logging_mixin.py:104} INFO - [2021-03-08 03:17:39,790] {dagbag.py:448} INFO - Filling up the DagBag from /usr/local/lib/python3.6/dist-packages/airflow/example_dags/example_branch_operator.py
[2021-03-08 03:17:39,801] {scheduler_job.py:639} INFO - DAG(s) dict_keys(['example_branch_operator']) retrieved from /usr/local/lib/python3.6/dist-packages/airflow/example_dags/example_branch_operator.py
[2021-03-08 03:17:39,809] {logging_mixin.py:104} INFO - [2021-03-08 03:17:39,809] {dag.py:1818} INFO - Sync 1 DAGs
[2021-03-08 03:17:39,822] {logging_mixin.py:104} INFO - [2021-03-08 03:17:39,822] {dag.py:2273} INFO - Setting next_dagrun for example_branch_operator to 2021-03-06 00:00:00+00:00
[2021-03-08 03:17:39,828] {scheduler_job.py:190} INFO - Processing /usr/local/lib/python3.6/dist-packages/airflow/example_dags/example_branch_operator.py took 0.041 seconds
[2021-03-08 03:18:13,510] {scheduler_job.py:182} INFO - Started process (PID=40) to work on /usr/local/lib/python3.6/dist-packages/airflow/example_dags/example_branch_operator.py
[2021-03-08 03:18:13,511] {scheduler_job.py:629} INFO - Processing file /usr/local/lib/python3.6/dist-packages/airflow/example_dags/example_branch_operator.py for tasks to queue
[2021-03-08 03:18:13,511] {logging_mixin.py:104} INFO - [2021-03-08 03:18:13,511] {dagbag.py:448} INFO - Filling up the DagBag from /usr/local/lib/python3.6/dist-packages/airflow/example_dags/example_branch_operator.py
[2021-03-08 03:18:13,524] {scheduler_job.py:639} INFO - DAG(s) dict_keys(['example_branch_operator']) retrieved from /usr/local/lib/python3.6/dist-packages/airflow/example_dags/example_branch_operator.py
[2021-03-08 03:18:13,539] {logging_mixin.py:104} INFO - [2021-03-08 03:18:13,539] {dag.py:1818} INFO - Sync 1 DAGs
[2021-03-08 03:18:13,552] {logging_mixin.py:104} INFO - [2021-03-08 03:18:13,552] {dag.py:2273} INFO - Setting next_dagrun for example_branch_operator to 2021-03-06 00:00:00+00:00
[2021-03-08 03:18:13,560] {scheduler_job.py:190} INFO - Processing /usr/local/lib/python3.6/dist-packages/airflow/example_dags/example_branch_operator.py took 0.051 seconds
[2021-03-08 03:18:44,240] {scheduler_job.py:182} INFO - Started process (PID=127) to work on /usr/local/lib/python3.6/dist-packages/airflow/example_dags/example_branch_operator.py
[2021-03-08 03:18:44,241] {scheduler_job.py:629} INFO - Processing file /usr/local/lib/python3.6/dist-packages/airflow/example_dags/example_branch_operator.py for tasks to queue
[2021-03-08 03:18:44,241] {logging_mixin.py:104} INFO - [2021-03-08 03:18:44,241] {dagbag.py:448} INFO - Filling up the DagBag from /usr/local/lib/python3.6/dist-packages/airflow/example_dags/example_branch_operator.py
[2021-03-08 03:18:44,252] {scheduler_job.py:639} INFO - DAG(s) dict_keys(['example_branch_operator']) retrieved from /usr/local/lib/python3.6/dist-packages/airflow/example_dags/example_branch_operator.py
[2021-03-08 03:18:44,264] {logging_mixin.py:104} INFO - [2021-03-08 03:18:44,264] {dag.py:1818} INFO - Sync 1 DAGs
[2021-03-08 03:18:44,280] {logging_mixin.py:104} INFO - [2021-03-08 03:18:44,279] {dag.py:2273} INFO - Setting next_dagrun for example_branch_operator to 2021-03-06 00:00:00+00:00
[2021-03-08 03:18:44,286] {scheduler_job.py:190} INFO - Processing /usr/local/lib/python3.6/dist-packages/airflow/example_dags/example_branch_operator.py took 0.048 seconds
[2021-03-08 03:19:14,870] {scheduler_job.py:182} INFO - Started process (PID=185) to work on /usr/local/lib/python3.6/dist-packages/airflow/example_dags/example_branch_operator.py
[2021-03-08 03:19:14,871] {scheduler_job.py:629} INFO - Processing file /usr/local/lib/python3.6/dist-packages/airflow/example_dags/example_branch_operator.py for tasks to queue
[2021-03-08 03:19:14,871] {logging_mixin.py:104} INFO - [2021-03-08 03:19:14,871] {dagbag.py:448} INFO - Filling up the DagBag from /usr/local/lib/python3.6/dist-packages/airflow/example_dags/example_branch_operator.py
[2021-03-08 03:19:14,881] {scheduler_job.py:639} INFO - DAG(s) dict_keys(['example_branch_operator']) retrieved from /usr/local/lib/python3.6/dist-packages/airflow/example_dags/example_branch_operator.py
[2021-03-08 03:19:14,892] {logging_mixin.py:104} INFO - [2021-03-08 03:19:14,892] {dag.py:1818} INFO - Sync 1 DAGs
[2021-03-08 03:19:14,904] {logging_mixin.py:104} INFO - [2021-03-08 03:19:14,904] {dag.py:2273} INFO - Setting next_dagrun for example_branch_operator to 2021-03-06 00:00:00+00:00
[2021-03-08 03:19:14,910] {scheduler_job.py:190} INFO - Processing /usr/local/lib/python3.6/dist-packages/airflow/example_dags/example_branch_operator.py took 0.041 seconds
[2021-03-08 03:19:45,322] {scheduler_job.py:182} INFO - Started process (PID=23) to work on /usr/local/lib/python3.6/dist-packages/airflow/example_dags/example_branch_operator.py
[2021-03-08 03:19:45,323] {scheduler_job.py:629} INFO - Processing file /usr/local/lib/python3.6/dist-packages/airflow/example_dags/example_branch_operator.py for tasks to queue
[2021-03-08 03:19:45,323] {logging_mixin.py:104} INFO - [2021-03-08 03:19:45,323] {dagbag.py:448} INFO - Filling up the DagBag from /usr/local/lib/python3.6/dist-packages/airflow/example_dags/example_branch_operator.py
[2021-03-08 03:19:45,338] {scheduler_job.py:639} INFO - DAG(s) dict_keys(['example_branch_operator']) retrieved from /usr/local/lib/python3.6/dist-packages/airflow/example_dags/example_branch_operator.py
[2021-03-08 03:19:45,379] {logging_mixin.py:104} INFO - [2021-03-08 03:19:45,379] {dag.py:1818} INFO - Sync 1 DAGs
[2021-03-08 03:19:45,399] {logging_mixin.py:104} INFO - [2021-03-08 03:19:45,399] {dag.py:2273} INFO - Setting next_dagrun for example_branch_operator to 2021-03-06 00:00:00+00:00
[2021-03-08 03:19:45,408] {scheduler_job.py:190} INFO - Processing /usr/local/lib/python3.6/dist-packages/airflow/example_dags/example_branch_operator.py took 0.089 seconds
[2021-03-08 03:20:16,324] {scheduler_job.py:182} INFO - Started process (PID=110) to work on /usr/local/lib/python3.6/dist-packages/airflow/example_dags/example_branch_operator.py
[2021-03-08 03:20:16,325] {scheduler_job.py:629} INFO - Processing file /usr/local/lib/python3.6/dist-packages/airflow/example_dags/example_branch_operator.py for tasks to queue
[2021-03-08 03:20:16,326] {logging_mixin.py:104} INFO - [2021-03-08 03:20:16,326] {dagbag.py:448} INFO - Filling up the DagBag from /usr/local/lib/python3.6/dist-packages/airflow/example_dags/example_branch_operator.py
[2021-03-08 03:20:16,341] {scheduler_job.py:639} INFO - DAG(s) dict_keys(['example_branch_operator']) retrieved from /usr/local/lib/python3.6/dist-packages/airflow/example_dags/example_branch_operator.py
[2021-03-08 03:20:16,353] {logging_mixin.py:104} INFO - [2021-03-08 03:20:16,353] {dag.py:1818} INFO - Sync 1 DAGs
[2021-03-08 03:20:16,366] {logging_mixin.py:104} INFO - [2021-03-08 03:20:16,366] {dag.py:2273} INFO - Setting next_dagrun for example_branch_operator to 2021-03-06 00:00:00+00:00
[2021-03-08 03:20:16,372] {scheduler_job.py:190} INFO - Processing /usr/local/lib/python3.6/dist-packages/airflow/example_dags/example_branch_operator.py took 0.054 seconds
[2021-03-08 03:20:47,047] {scheduler_job.py:182} INFO - Started process (PID=167) to work on /usr/local/lib/python3.6/dist-packages/airflow/example_dags/example_branch_operator.py
[2021-03-08 03:20:47,051] {scheduler_job.py:629} INFO - Processing file /usr/local/lib/python3.6/dist-packages/airflow/example_dags/example_branch_operator.py for tasks to queue
[2021-03-08 03:20:47,052] {logging_mixin.py:104} INFO - [2021-03-08 03:20:47,052] {dagbag.py:448} INFO - Filling up the DagBag from /usr/local/lib/python3.6/dist-packages/airflow/example_dags/example_branch_operator.py
[2021-03-08 03:20:47,064] {scheduler_job.py:639} INFO - DAG(s) dict_keys(['example_branch_operator']) retrieved from /usr/local/lib/python3.6/dist-packages/airflow/example_dags/example_branch_operator.py
[2021-03-08 03:20:47,076] {logging_mixin.py:104} INFO - [2021-03-08 03:20:47,076] {dag.py:1818} INFO - Sync 1 DAGs
[2021-03-08 03:20:47,088] {logging_mixin.py:104} INFO - [2021-03-08 03:20:47,088] {dag.py:2273} INFO - Setting next_dagrun for example_branch_operator to 2021-03-06 00:00:00+00:00
[2021-03-08 03:20:47,094] {scheduler_job.py:190} INFO - Processing /usr/local/lib/python3.6/dist-packages/airflow/example_dags/example_branch_operator.py took 0.051 seconds
[2021-03-08 03:21:17,704] {scheduler_job.py:182} INFO - Started process (PID=225) to work on /usr/local/lib/python3.6/dist-packages/airflow/example_dags/example_branch_operator.py
[2021-03-08 03:21:17,704] {scheduler_job.py:629} INFO - Processing file /usr/local/lib/python3.6/dist-packages/airflow/example_dags/example_branch_operator.py for tasks to queue
[2021-03-08 03:21:17,705] {logging_mixin.py:104} INFO - [2021-03-08 03:21:17,704] {dagbag.py:448} INFO - Filling up the DagBag from /usr/local/lib/python3.6/dist-packages/airflow/example_dags/example_branch_operator.py
[2021-03-08 03:21:17,713] {scheduler_job.py:639} INFO - DAG(s) dict_keys(['example_branch_operator']) retrieved from /usr/local/lib/python3.6/dist-packages/airflow/example_dags/example_branch_operator.py
[2021-03-08 03:21:17,725] {logging_mixin.py:104} INFO - [2021-03-08 03:21:17,724] {dag.py:1818} INFO - Sync 1 DAGs
[2021-03-08 03:21:17,738] {logging_mixin.py:104} INFO - [2021-03-08 03:21:17,738] {dag.py:2273} INFO - Setting next_dagrun for example_branch_operator to 2021-03-06 00:00:00+00:00
[2021-03-08 03:21:17,746] {scheduler_job.py:190} INFO - Processing /usr/local/lib/python3.6/dist-packages/airflow/example_dags/example_branch_operator.py took 0.044 seconds
[2021-03-08 03:21:48,394] {scheduler_job.py:182} INFO - Started process (PID=283) to work on /usr/local/lib/python3.6/dist-packages/airflow/example_dags/example_branch_operator.py
[2021-03-08 03:21:48,395] {scheduler_job.py:629} INFO - Processing file /usr/local/lib/python3.6/dist-packages/airflow/example_dags/example_branch_operator.py for tasks to queue
[2021-03-08 03:21:48,395] {logging_mixin.py:104} INFO - [2021-03-08 03:21:48,395] {dagbag.py:448} INFO - Filling up the DagBag from /usr/local/lib/python3.6/dist-packages/airflow/example_dags/example_branch_operator.py
[2021-03-08 03:21:48,406] {scheduler_job.py:639} INFO - DAG(s) dict_keys(['example_branch_operator']) retrieved from /usr/local/lib/python3.6/dist-packages/airflow/example_dags/example_branch_operator.py
[2021-03-08 03:21:48,418] {logging_mixin.py:104} INFO - [2021-03-08 03:21:48,418] {dag.py:1818} INFO - Sync 1 DAGs
[2021-03-08 03:21:48,434] {logging_mixin.py:104} INFO - [2021-03-08 03:21:48,434] {dag.py:2273} INFO - Setting next_dagrun for example_branch_operator to 2021-03-06 00:00:00+00:00
[2021-03-08 03:21:48,439] {scheduler_job.py:190} INFO - Processing /usr/local/lib/python3.6/dist-packages/airflow/example_dags/example_branch_operator.py took 0.047 seconds
[2021-03-08 03:22:19,097] {scheduler_job.py:182} INFO - Started process (PID=342) to work on /usr/local/lib/python3.6/dist-packages/airflow/example_dags/example_branch_operator.py
[2021-03-08 03:22:19,098] {scheduler_job.py:629} INFO - Processing file /usr/local/lib/python3.6/dist-packages/airflow/example_dags/example_branch_operator.py for tasks to queue
[2021-03-08 03:22:19,100] {logging_mixin.py:104} INFO - [2021-03-08 03:22:19,099] {dagbag.py:448} INFO - Filling up the DagBag from /usr/local/lib/python3.6/dist-packages/airflow/example_dags/example_branch_operator.py
[2021-03-08 03:22:19,116] {scheduler_job.py:639} INFO - DAG(s) dict_keys(['example_branch_operator']) retrieved from /usr/local/lib/python3.6/dist-packages/airflow/example_dags/example_branch_operator.py
[2021-03-08 03:22:19,127] {logging_mixin.py:104} INFO - [2021-03-08 03:22:19,127] {dag.py:1818} INFO - Sync 1 DAGs
[2021-03-08 03:22:19,139] {logging_mixin.py:104} INFO - [2021-03-08 03:22:19,139] {dag.py:2273} INFO - Setting next_dagrun for example_branch_operator to 2021-03-06 00:00:00+00:00
[2021-03-08 03:22:19,145] {scheduler_job.py:190} INFO - Processing /usr/local/lib/python3.6/dist-packages/airflow/example_dags/example_branch_operator.py took 0.055 seconds
[2021-03-08 03:22:49,744] {scheduler_job.py:182} INFO - Started process (PID=401) to work on /usr/local/lib/python3.6/dist-packages/airflow/example_dags/example_branch_operator.py
[2021-03-08 03:22:49,745] {scheduler_job.py:629} INFO - Processing file /usr/local/lib/python3.6/dist-packages/airflow/example_dags/example_branch_operator.py for tasks to queue
[2021-03-08 03:22:49,745] {logging_mixin.py:104} INFO - [2021-03-08 03:22:49,745] {dagbag.py:448} INFO - Filling up the DagBag from /usr/local/lib/python3.6/dist-packages/airflow/example_dags/example_branch_operator.py
[2021-03-08 03:22:49,759] {scheduler_job.py:639} INFO - DAG(s) dict_keys(['example_branch_operator']) retrieved from /usr/local/lib/python3.6/dist-packages/airflow/example_dags/example_branch_operator.py
[2021-03-08 03:22:49,772] {logging_mixin.py:104} INFO - [2021-03-08 03:22:49,772] {dag.py:1818} INFO - Sync 1 DAGs
[2021-03-08 03:22:49,785] {logging_mixin.py:104} INFO - [2021-03-08 03:22:49,785] {dag.py:2273} INFO - Setting next_dagrun for example_branch_operator to 2021-03-06 00:00:00+00:00
[2021-03-08 03:22:49,792] {scheduler_job.py:190} INFO - Processing /usr/local/lib/python3.6/dist-packages/airflow/example_dags/example_branch_operator.py took 0.052 seconds
[2021-03-08 03:23:20,383] {scheduler_job.py:182} INFO - Started process (PID=461) to work on /usr/local/lib/python3.6/dist-packages/airflow/example_dags/example_branch_operator.py
[2021-03-08 03:23:20,384] {scheduler_job.py:629} INFO - Processing file /usr/local/lib/python3.6/dist-packages/airflow/example_dags/example_branch_operator.py for tasks to queue
[2021-03-08 03:23:20,384] {logging_mixin.py:104} INFO - [2021-03-08 03:23:20,384] {dagbag.py:448} INFO - Filling up the DagBag from /usr/local/lib/python3.6/dist-packages/airflow/example_dags/example_branch_operator.py
[2021-03-08 03:23:20,393] {scheduler_job.py:639} INFO - DAG(s) dict_keys(['example_branch_operator']) retrieved from /usr/local/lib/python3.6/dist-packages/airflow/example_dags/example_branch_operator.py
[2021-03-08 03:23:20,404] {logging_mixin.py:104} INFO - [2021-03-08 03:23:20,404] {dag.py:1818} INFO - Sync 1 DAGs
[2021-03-08 03:23:20,417] {logging_mixin.py:104} INFO - [2021-03-08 03:23:20,417] {dag.py:2273} INFO - Setting next_dagrun for example_branch_operator to 2021-03-06 00:00:00+00:00
[2021-03-08 03:23:20,422] {scheduler_job.py:190} INFO - Processing /usr/local/lib/python3.6/dist-packages/airflow/example_dags/example_branch_operator.py took 0.040 seconds
[2021-03-08 03:23:51,072] {scheduler_job.py:182} INFO - Started process (PID=520) to work on /usr/local/lib/python3.6/dist-packages/airflow/example_dags/example_branch_operator.py
[2021-03-08 03:23:51,073] {scheduler_job.py:629} INFO - Processing file /usr/local/lib/python3.6/dist-packages/airflow/example_dags/example_branch_operator.py for tasks to queue
[2021-03-08 03:23:51,073] {logging_mixin.py:104} INFO - [2021-03-08 03:23:51,073] {dagbag.py:448} INFO - Filling up the DagBag from /usr/local/lib/python3.6/dist-packages/airflow/example_dags/example_branch_operator.py
[2021-03-08 03:23:51,083] {scheduler_job.py:639} INFO - DAG(s) dict_keys(['example_branch_operator']) retrieved from /usr/local/lib/python3.6/dist-packages/airflow/example_dags/example_branch_operator.py
[2021-03-08 03:23:51,098] {logging_mixin.py:104} INFO - [2021-03-08 03:23:51,098] {dag.py:1818} INFO - Sync 1 DAGs
[2021-03-08 03:23:51,113] {logging_mixin.py:104} INFO - [2021-03-08 03:23:51,113] {dag.py:2273} INFO - Setting next_dagrun for example_branch_operator to 2021-03-06 00:00:00+00:00
[2021-03-08 03:23:51,121] {scheduler_job.py:190} INFO - Processing /usr/local/lib/python3.6/dist-packages/airflow/example_dags/example_branch_operator.py took 0.051 seconds
[2021-03-08 03:24:21,842] {scheduler_job.py:182} INFO - Started process (PID=578) to work on /usr/local/lib/python3.6/dist-packages/airflow/example_dags/example_branch_operator.py
[2021-03-08 03:24:21,843] {scheduler_job.py:629} INFO - Processing file /usr/local/lib/python3.6/dist-packages/airflow/example_dags/example_branch_operator.py for tasks to queue
[2021-03-08 03:24:21,843] {logging_mixin.py:104} INFO - [2021-03-08 03:24:21,843] {dagbag.py:448} INFO - Filling up the DagBag from /usr/local/lib/python3.6/dist-packages/airflow/example_dags/example_branch_operator.py
[2021-03-08 03:24:21,852] {scheduler_job.py:639} INFO - DAG(s) dict_keys(['example_branch_operator']) retrieved from /usr/local/lib/python3.6/dist-packages/airflow/example_dags/example_branch_operator.py
[2021-03-08 03:24:21,864] {logging_mixin.py:104} INFO - [2021-03-08 03:24:21,864] {dag.py:1818} INFO - Sync 1 DAGs
[2021-03-08 03:24:21,877] {logging_mixin.py:104} INFO - [2021-03-08 03:24:21,877] {dag.py:2273} INFO - Setting next_dagrun for example_branch_operator to 2021-03-06 00:00:00+00:00
[2021-03-08 03:24:21,883] {scheduler_job.py:190} INFO - Processing /usr/local/lib/python3.6/dist-packages/airflow/example_dags/example_branch_operator.py took 0.042 seconds
[2021-03-08 03:24:52,577] {scheduler_job.py:182} INFO - Started process (PID=637) to work on /usr/local/lib/python3.6/dist-packages/airflow/example_dags/example_branch_operator.py
[2021-03-08 03:24:52,578] {scheduler_job.py:629} INFO - Processing file /usr/local/lib/python3.6/dist-packages/airflow/example_dags/example_branch_operator.py for tasks to queue
[2021-03-08 03:24:52,579] {logging_mixin.py:104} INFO - [2021-03-08 03:24:52,579] {dagbag.py:448} INFO - Filling up the DagBag from /usr/local/lib/python3.6/dist-packages/airflow/example_dags/example_branch_operator.py
[2021-03-08 03:24:52,596] {scheduler_job.py:639} INFO - DAG(s) dict_keys(['example_branch_operator']) retrieved from /usr/local/lib/python3.6/dist-packages/airflow/example_dags/example_branch_operator.py
[2021-03-08 03:24:52,608] {logging_mixin.py:104} INFO - [2021-03-08 03:24:52,608] {dag.py:1818} INFO - Sync 1 DAGs
[2021-03-08 03:24:52,620] {logging_mixin.py:104} INFO - [2021-03-08 03:24:52,620] {dag.py:2273} INFO - Setting next_dagrun for example_branch_operator to 2021-03-06 00:00:00+00:00
[2021-03-08 03:24:52,625] {scheduler_job.py:190} INFO - Processing /usr/local/lib/python3.6/dist-packages/airflow/example_dags/example_branch_operator.py took 0.053 seconds
[2021-03-08 03:25:23,313] {scheduler_job.py:182} INFO - Started process (PID=696) to work on /usr/local/lib/python3.6/dist-packages/airflow/example_dags/example_branch_operator.py
[2021-03-08 03:25:23,313] {scheduler_job.py:629} INFO - Processing file /usr/local/lib/python3.6/dist-packages/airflow/example_dags/example_branch_operator.py for tasks to queue
[2021-03-08 03:25:23,314] {logging_mixin.py:104} INFO - [2021-03-08 03:25:23,314] {dagbag.py:448} INFO - Filling up the DagBag from /usr/local/lib/python3.6/dist-packages/airflow/example_dags/example_branch_operator.py
[2021-03-08 03:25:23,323] {scheduler_job.py:639} INFO - DAG(s) dict_keys(['example_branch_operator']) retrieved from /usr/local/lib/python3.6/dist-packages/airflow/example_dags/example_branch_operator.py
[2021-03-08 03:25:23,336] {logging_mixin.py:104} INFO - [2021-03-08 03:25:23,336] {dag.py:1818} INFO - Sync 1 DAGs
[2021-03-08 03:25:23,352] {logging_mixin.py:104} INFO - [2021-03-08 03:25:23,352] {dag.py:2273} INFO - Setting next_dagrun for example_branch_operator to 2021-03-06 00:00:00+00:00
[2021-03-08 03:25:23,358] {scheduler_job.py:190} INFO - Processing /usr/local/lib/python3.6/dist-packages/airflow/example_dags/example_branch_operator.py took 0.046 seconds
[2021-03-08 03:25:54,090] {scheduler_job.py:182} INFO - Started process (PID=763) to work on /usr/local/lib/python3.6/dist-packages/airflow/example_dags/example_branch_operator.py
[2021-03-08 03:25:54,091] {scheduler_job.py:629} INFO - Processing file /usr/local/lib/python3.6/dist-packages/airflow/example_dags/example_branch_operator.py for tasks to queue
[2021-03-08 03:25:54,092] {logging_mixin.py:104} INFO - [2021-03-08 03:25:54,091] {dagbag.py:448} INFO - Filling up the DagBag from /usr/local/lib/python3.6/dist-packages/airflow/example_dags/example_branch_operator.py
[2021-03-08 03:25:54,101] {scheduler_job.py:639} INFO - DAG(s) dict_keys(['example_branch_operator']) retrieved from /usr/local/lib/python3.6/dist-packages/airflow/example_dags/example_branch_operator.py
[2021-03-08 03:25:54,113] {logging_mixin.py:104} INFO - [2021-03-08 03:25:54,113] {dag.py:1818} INFO - Sync 1 DAGs
[2021-03-08 03:25:54,125] {logging_mixin.py:104} INFO - [2021-03-08 03:25:54,125] {dag.py:2273} INFO - Setting next_dagrun for example_branch_operator to 2021-03-06 00:00:00+00:00
[2021-03-08 03:25:54,132] {scheduler_job.py:190} INFO - Processing /usr/local/lib/python3.6/dist-packages/airflow/example_dags/example_branch_operator.py took 0.043 seconds
