[2021-03-08 03:06:41,370] {scheduler_job.py:182} INFO - Started process (PID=124) to work on /usr/local/lib/python3.6/dist-packages/airflow/example_dags/tutorial.py
[2021-03-08 03:06:41,372] {scheduler_job.py:629} INFO - Processing file /usr/local/lib/python3.6/dist-packages/airflow/example_dags/tutorial.py for tasks to queue
[2021-03-08 03:06:41,374] {logging_mixin.py:104} INFO - [2021-03-08 03:06:41,374] {dagbag.py:448} INFO - Filling up the DagBag from /usr/local/lib/python3.6/dist-packages/airflow/example_dags/tutorial.py
[2021-03-08 03:06:41,392] {scheduler_job.py:639} INFO - DAG(s) dict_keys(['tutorial']) retrieved from /usr/local/lib/python3.6/dist-packages/airflow/example_dags/tutorial.py
[2021-03-08 03:06:41,400] {logging_mixin.py:104} INFO - [2021-03-08 03:06:41,400] {dag.py:1818} INFO - Sync 1 DAGs
[2021-03-08 03:06:41,410] {logging_mixin.py:104} INFO - [2021-03-08 03:06:41,410] {dag.py:2273} INFO - Setting next_dagrun for tutorial to 2021-03-06 00:00:00+00:00
[2021-03-08 03:06:41,415] {scheduler_job.py:190} INFO - Processing /usr/local/lib/python3.6/dist-packages/airflow/example_dags/tutorial.py took 0.050 seconds
[2021-03-08 03:07:12,153] {scheduler_job.py:182} INFO - Started process (PID=182) to work on /usr/local/lib/python3.6/dist-packages/airflow/example_dags/tutorial.py
[2021-03-08 03:07:12,155] {scheduler_job.py:629} INFO - Processing file /usr/local/lib/python3.6/dist-packages/airflow/example_dags/tutorial.py for tasks to queue
[2021-03-08 03:07:12,157] {logging_mixin.py:104} INFO - [2021-03-08 03:07:12,156] {dagbag.py:448} INFO - Filling up the DagBag from /usr/local/lib/python3.6/dist-packages/airflow/example_dags/tutorial.py
[2021-03-08 03:07:12,172] {scheduler_job.py:639} INFO - DAG(s) dict_keys(['tutorial']) retrieved from /usr/local/lib/python3.6/dist-packages/airflow/example_dags/tutorial.py
[2021-03-08 03:07:12,186] {logging_mixin.py:104} INFO - [2021-03-08 03:07:12,186] {dag.py:1818} INFO - Sync 1 DAGs
[2021-03-08 03:07:12,194] {logging_mixin.py:104} INFO - [2021-03-08 03:07:12,194] {dag.py:2273} INFO - Setting next_dagrun for tutorial to 2021-03-06 00:00:00+00:00
[2021-03-08 03:07:12,205] {scheduler_job.py:190} INFO - Processing /usr/local/lib/python3.6/dist-packages/airflow/example_dags/tutorial.py took 0.057 seconds
[2021-03-08 03:07:42,943] {scheduler_job.py:182} INFO - Started process (PID=242) to work on /usr/local/lib/python3.6/dist-packages/airflow/example_dags/tutorial.py
[2021-03-08 03:07:42,945] {scheduler_job.py:629} INFO - Processing file /usr/local/lib/python3.6/dist-packages/airflow/example_dags/tutorial.py for tasks to queue
[2021-03-08 03:07:42,947] {logging_mixin.py:104} INFO - [2021-03-08 03:07:42,946] {dagbag.py:448} INFO - Filling up the DagBag from /usr/local/lib/python3.6/dist-packages/airflow/example_dags/tutorial.py
[2021-03-08 03:07:42,963] {scheduler_job.py:639} INFO - DAG(s) dict_keys(['tutorial']) retrieved from /usr/local/lib/python3.6/dist-packages/airflow/example_dags/tutorial.py
[2021-03-08 03:07:42,975] {logging_mixin.py:104} INFO - [2021-03-08 03:07:42,975] {dag.py:1818} INFO - Sync 1 DAGs
[2021-03-08 03:07:42,983] {logging_mixin.py:104} INFO - [2021-03-08 03:07:42,983] {dag.py:2273} INFO - Setting next_dagrun for tutorial to 2021-03-06 00:00:00+00:00
[2021-03-08 03:07:42,988] {scheduler_job.py:190} INFO - Processing /usr/local/lib/python3.6/dist-packages/airflow/example_dags/tutorial.py took 0.050 seconds
[2021-03-08 03:08:13,934] {scheduler_job.py:182} INFO - Started process (PID=302) to work on /usr/local/lib/python3.6/dist-packages/airflow/example_dags/tutorial.py
[2021-03-08 03:08:13,936] {scheduler_job.py:629} INFO - Processing file /usr/local/lib/python3.6/dist-packages/airflow/example_dags/tutorial.py for tasks to queue
[2021-03-08 03:08:13,937] {logging_mixin.py:104} INFO - [2021-03-08 03:08:13,937] {dagbag.py:448} INFO - Filling up the DagBag from /usr/local/lib/python3.6/dist-packages/airflow/example_dags/tutorial.py
[2021-03-08 03:08:13,954] {scheduler_job.py:639} INFO - DAG(s) dict_keys(['tutorial']) retrieved from /usr/local/lib/python3.6/dist-packages/airflow/example_dags/tutorial.py
[2021-03-08 03:08:13,967] {logging_mixin.py:104} INFO - [2021-03-08 03:08:13,967] {dag.py:1818} INFO - Sync 1 DAGs
[2021-03-08 03:08:13,976] {logging_mixin.py:104} INFO - [2021-03-08 03:08:13,976] {dag.py:2273} INFO - Setting next_dagrun for tutorial to 2021-03-06 00:00:00+00:00
[2021-03-08 03:08:13,980] {scheduler_job.py:190} INFO - Processing /usr/local/lib/python3.6/dist-packages/airflow/example_dags/tutorial.py took 0.052 seconds
[2021-03-08 03:08:44,778] {scheduler_job.py:182} INFO - Started process (PID=361) to work on /usr/local/lib/python3.6/dist-packages/airflow/example_dags/tutorial.py
[2021-03-08 03:08:44,780] {scheduler_job.py:629} INFO - Processing file /usr/local/lib/python3.6/dist-packages/airflow/example_dags/tutorial.py for tasks to queue
[2021-03-08 03:08:44,782] {logging_mixin.py:104} INFO - [2021-03-08 03:08:44,781] {dagbag.py:448} INFO - Filling up the DagBag from /usr/local/lib/python3.6/dist-packages/airflow/example_dags/tutorial.py
[2021-03-08 03:08:44,797] {scheduler_job.py:639} INFO - DAG(s) dict_keys(['tutorial']) retrieved from /usr/local/lib/python3.6/dist-packages/airflow/example_dags/tutorial.py
[2021-03-08 03:08:44,810] {logging_mixin.py:104} INFO - [2021-03-08 03:08:44,810] {dag.py:1818} INFO - Sync 1 DAGs
[2021-03-08 03:08:44,818] {logging_mixin.py:104} INFO - [2021-03-08 03:08:44,818] {dag.py:2273} INFO - Setting next_dagrun for tutorial to 2021-03-06 00:00:00+00:00
[2021-03-08 03:08:44,822] {scheduler_job.py:190} INFO - Processing /usr/local/lib/python3.6/dist-packages/airflow/example_dags/tutorial.py took 0.050 seconds
[2021-03-08 03:09:15,561] {scheduler_job.py:182} INFO - Started process (PID=421) to work on /usr/local/lib/python3.6/dist-packages/airflow/example_dags/tutorial.py
[2021-03-08 03:09:15,563] {scheduler_job.py:629} INFO - Processing file /usr/local/lib/python3.6/dist-packages/airflow/example_dags/tutorial.py for tasks to queue
[2021-03-08 03:09:15,564] {logging_mixin.py:104} INFO - [2021-03-08 03:09:15,564] {dagbag.py:448} INFO - Filling up the DagBag from /usr/local/lib/python3.6/dist-packages/airflow/example_dags/tutorial.py
[2021-03-08 03:09:15,579] {scheduler_job.py:639} INFO - DAG(s) dict_keys(['tutorial']) retrieved from /usr/local/lib/python3.6/dist-packages/airflow/example_dags/tutorial.py
[2021-03-08 03:09:15,589] {logging_mixin.py:104} INFO - [2021-03-08 03:09:15,589] {dag.py:1818} INFO - Sync 1 DAGs
[2021-03-08 03:09:15,596] {logging_mixin.py:104} INFO - [2021-03-08 03:09:15,596] {dag.py:2273} INFO - Setting next_dagrun for tutorial to 2021-03-06 00:00:00+00:00
[2021-03-08 03:09:15,599] {scheduler_job.py:190} INFO - Processing /usr/local/lib/python3.6/dist-packages/airflow/example_dags/tutorial.py took 0.044 seconds
[2021-03-08 03:09:46,342] {scheduler_job.py:182} INFO - Started process (PID=482) to work on /usr/local/lib/python3.6/dist-packages/airflow/example_dags/tutorial.py
[2021-03-08 03:09:46,344] {scheduler_job.py:629} INFO - Processing file /usr/local/lib/python3.6/dist-packages/airflow/example_dags/tutorial.py for tasks to queue
[2021-03-08 03:09:46,346] {logging_mixin.py:104} INFO - [2021-03-08 03:09:46,345] {dagbag.py:448} INFO - Filling up the DagBag from /usr/local/lib/python3.6/dist-packages/airflow/example_dags/tutorial.py
[2021-03-08 03:09:46,362] {scheduler_job.py:639} INFO - DAG(s) dict_keys(['tutorial']) retrieved from /usr/local/lib/python3.6/dist-packages/airflow/example_dags/tutorial.py
[2021-03-08 03:09:46,375] {logging_mixin.py:104} INFO - [2021-03-08 03:09:46,375] {dag.py:1818} INFO - Sync 1 DAGs
[2021-03-08 03:09:46,383] {logging_mixin.py:104} INFO - [2021-03-08 03:09:46,383] {dag.py:2273} INFO - Setting next_dagrun for tutorial to 2021-03-06 00:00:00+00:00
[2021-03-08 03:09:46,387] {scheduler_job.py:190} INFO - Processing /usr/local/lib/python3.6/dist-packages/airflow/example_dags/tutorial.py took 0.051 seconds
[2021-03-08 03:10:17,224] {scheduler_job.py:182} INFO - Started process (PID=541) to work on /usr/local/lib/python3.6/dist-packages/airflow/example_dags/tutorial.py
[2021-03-08 03:10:17,225] {scheduler_job.py:629} INFO - Processing file /usr/local/lib/python3.6/dist-packages/airflow/example_dags/tutorial.py for tasks to queue
[2021-03-08 03:10:17,226] {logging_mixin.py:104} INFO - [2021-03-08 03:10:17,226] {dagbag.py:448} INFO - Filling up the DagBag from /usr/local/lib/python3.6/dist-packages/airflow/example_dags/tutorial.py
[2021-03-08 03:10:17,234] {scheduler_job.py:639} INFO - DAG(s) dict_keys(['tutorial']) retrieved from /usr/local/lib/python3.6/dist-packages/airflow/example_dags/tutorial.py
[2021-03-08 03:10:17,242] {logging_mixin.py:104} INFO - [2021-03-08 03:10:17,242] {dag.py:1818} INFO - Sync 1 DAGs
[2021-03-08 03:10:17,249] {logging_mixin.py:104} INFO - [2021-03-08 03:10:17,249] {dag.py:2273} INFO - Setting next_dagrun for tutorial to 2021-03-06 00:00:00+00:00
[2021-03-08 03:10:17,252] {scheduler_job.py:190} INFO - Processing /usr/local/lib/python3.6/dist-packages/airflow/example_dags/tutorial.py took 0.030 seconds
[2021-03-08 03:10:48,010] {scheduler_job.py:182} INFO - Started process (PID=600) to work on /usr/local/lib/python3.6/dist-packages/airflow/example_dags/tutorial.py
[2021-03-08 03:10:48,012] {scheduler_job.py:629} INFO - Processing file /usr/local/lib/python3.6/dist-packages/airflow/example_dags/tutorial.py for tasks to queue
[2021-03-08 03:10:48,014] {logging_mixin.py:104} INFO - [2021-03-08 03:10:48,013] {dagbag.py:448} INFO - Filling up the DagBag from /usr/local/lib/python3.6/dist-packages/airflow/example_dags/tutorial.py
[2021-03-08 03:10:48,031] {scheduler_job.py:639} INFO - DAG(s) dict_keys(['tutorial']) retrieved from /usr/local/lib/python3.6/dist-packages/airflow/example_dags/tutorial.py
[2021-03-08 03:10:48,044] {logging_mixin.py:104} INFO - [2021-03-08 03:10:48,044] {dag.py:1818} INFO - Sync 1 DAGs
[2021-03-08 03:10:48,053] {logging_mixin.py:104} INFO - [2021-03-08 03:10:48,053] {dag.py:2273} INFO - Setting next_dagrun for tutorial to 2021-03-06 00:00:00+00:00
[2021-03-08 03:10:48,058] {scheduler_job.py:190} INFO - Processing /usr/local/lib/python3.6/dist-packages/airflow/example_dags/tutorial.py took 0.053 seconds
[2021-03-08 03:11:18,494] {scheduler_job.py:182} INFO - Started process (PID=659) to work on /usr/local/lib/python3.6/dist-packages/airflow/example_dags/tutorial.py
[2021-03-08 03:11:18,496] {scheduler_job.py:629} INFO - Processing file /usr/local/lib/python3.6/dist-packages/airflow/example_dags/tutorial.py for tasks to queue
[2021-03-08 03:11:18,497] {logging_mixin.py:104} INFO - [2021-03-08 03:11:18,497] {dagbag.py:448} INFO - Filling up the DagBag from /usr/local/lib/python3.6/dist-packages/airflow/example_dags/tutorial.py
[2021-03-08 03:11:18,514] {scheduler_job.py:639} INFO - DAG(s) dict_keys(['tutorial']) retrieved from /usr/local/lib/python3.6/dist-packages/airflow/example_dags/tutorial.py
[2021-03-08 03:11:18,531] {logging_mixin.py:104} INFO - [2021-03-08 03:11:18,530] {dag.py:1818} INFO - Sync 1 DAGs
[2021-03-08 03:11:18,539] {logging_mixin.py:104} INFO - [2021-03-08 03:11:18,539] {dag.py:2273} INFO - Setting next_dagrun for tutorial to 2021-03-06 00:00:00+00:00
[2021-03-08 03:11:18,544] {scheduler_job.py:190} INFO - Processing /usr/local/lib/python3.6/dist-packages/airflow/example_dags/tutorial.py took 0.056 seconds
[2021-03-08 03:17:39,893] {scheduler_job.py:182} INFO - Started process (PID=43) to work on /usr/local/lib/python3.6/dist-packages/airflow/example_dags/tutorial.py
[2021-03-08 03:17:39,893] {scheduler_job.py:629} INFO - Processing file /usr/local/lib/python3.6/dist-packages/airflow/example_dags/tutorial.py for tasks to queue
[2021-03-08 03:17:39,894] {logging_mixin.py:104} INFO - [2021-03-08 03:17:39,894] {dagbag.py:448} INFO - Filling up the DagBag from /usr/local/lib/python3.6/dist-packages/airflow/example_dags/tutorial.py
[2021-03-08 03:17:39,902] {scheduler_job.py:639} INFO - DAG(s) dict_keys(['tutorial']) retrieved from /usr/local/lib/python3.6/dist-packages/airflow/example_dags/tutorial.py
[2021-03-08 03:17:39,911] {logging_mixin.py:104} INFO - [2021-03-08 03:17:39,911] {dag.py:1818} INFO - Sync 1 DAGs
[2021-03-08 03:17:39,923] {logging_mixin.py:104} INFO - [2021-03-08 03:17:39,923] {dag.py:2273} INFO - Setting next_dagrun for tutorial to 2021-03-06 00:00:00+00:00
[2021-03-08 03:17:39,929] {scheduler_job.py:190} INFO - Processing /usr/local/lib/python3.6/dist-packages/airflow/example_dags/tutorial.py took 0.039 seconds
[2021-03-08 03:18:13,318] {scheduler_job.py:182} INFO - Started process (PID=35) to work on /usr/local/lib/python3.6/dist-packages/airflow/example_dags/tutorial.py
[2021-03-08 03:18:13,318] {scheduler_job.py:629} INFO - Processing file /usr/local/lib/python3.6/dist-packages/airflow/example_dags/tutorial.py for tasks to queue
[2021-03-08 03:18:13,319] {logging_mixin.py:104} INFO - [2021-03-08 03:18:13,319] {dagbag.py:448} INFO - Filling up the DagBag from /usr/local/lib/python3.6/dist-packages/airflow/example_dags/tutorial.py
[2021-03-08 03:18:13,329] {scheduler_job.py:639} INFO - DAG(s) dict_keys(['tutorial']) retrieved from /usr/local/lib/python3.6/dist-packages/airflow/example_dags/tutorial.py
[2021-03-08 03:18:13,355] {logging_mixin.py:104} INFO - [2021-03-08 03:18:13,355] {dag.py:1818} INFO - Sync 1 DAGs
[2021-03-08 03:18:13,367] {logging_mixin.py:104} INFO - [2021-03-08 03:18:13,367] {dag.py:2273} INFO - Setting next_dagrun for tutorial to 2021-03-06 00:00:00+00:00
[2021-03-08 03:18:13,375] {scheduler_job.py:190} INFO - Processing /usr/local/lib/python3.6/dist-packages/airflow/example_dags/tutorial.py took 0.060 seconds
[2021-03-08 03:18:44,116] {scheduler_job.py:182} INFO - Started process (PID=122) to work on /usr/local/lib/python3.6/dist-packages/airflow/example_dags/tutorial.py
[2021-03-08 03:18:44,117] {scheduler_job.py:629} INFO - Processing file /usr/local/lib/python3.6/dist-packages/airflow/example_dags/tutorial.py for tasks to queue
[2021-03-08 03:18:44,117] {logging_mixin.py:104} INFO - [2021-03-08 03:18:44,117] {dagbag.py:448} INFO - Filling up the DagBag from /usr/local/lib/python3.6/dist-packages/airflow/example_dags/tutorial.py
[2021-03-08 03:18:44,125] {scheduler_job.py:639} INFO - DAG(s) dict_keys(['tutorial']) retrieved from /usr/local/lib/python3.6/dist-packages/airflow/example_dags/tutorial.py
[2021-03-08 03:18:44,138] {logging_mixin.py:104} INFO - [2021-03-08 03:18:44,138] {dag.py:1818} INFO - Sync 1 DAGs
[2021-03-08 03:18:44,146] {logging_mixin.py:104} INFO - [2021-03-08 03:18:44,146] {dag.py:2273} INFO - Setting next_dagrun for tutorial to 2021-03-06 00:00:00+00:00
[2021-03-08 03:18:44,152] {scheduler_job.py:190} INFO - Processing /usr/local/lib/python3.6/dist-packages/airflow/example_dags/tutorial.py took 0.038 seconds
[2021-03-08 03:19:14,780] {scheduler_job.py:182} INFO - Started process (PID=180) to work on /usr/local/lib/python3.6/dist-packages/airflow/example_dags/tutorial.py
[2021-03-08 03:19:14,781] {scheduler_job.py:629} INFO - Processing file /usr/local/lib/python3.6/dist-packages/airflow/example_dags/tutorial.py for tasks to queue
[2021-03-08 03:19:14,781] {logging_mixin.py:104} INFO - [2021-03-08 03:19:14,781] {dagbag.py:448} INFO - Filling up the DagBag from /usr/local/lib/python3.6/dist-packages/airflow/example_dags/tutorial.py
[2021-03-08 03:19:14,787] {scheduler_job.py:639} INFO - DAG(s) dict_keys(['tutorial']) retrieved from /usr/local/lib/python3.6/dist-packages/airflow/example_dags/tutorial.py
[2021-03-08 03:19:14,799] {logging_mixin.py:104} INFO - [2021-03-08 03:19:14,799] {dag.py:1818} INFO - Sync 1 DAGs
[2021-03-08 03:19:14,809] {logging_mixin.py:104} INFO - [2021-03-08 03:19:14,809] {dag.py:2273} INFO - Setting next_dagrun for tutorial to 2021-03-06 00:00:00+00:00
[2021-03-08 03:19:14,816] {scheduler_job.py:190} INFO - Processing /usr/local/lib/python3.6/dist-packages/airflow/example_dags/tutorial.py took 0.037 seconds
[2021-03-08 03:19:45,331] {scheduler_job.py:182} INFO - Started process (PID=22) to work on /usr/local/lib/python3.6/dist-packages/airflow/example_dags/tutorial.py
[2021-03-08 03:19:45,333] {scheduler_job.py:629} INFO - Processing file /usr/local/lib/python3.6/dist-packages/airflow/example_dags/tutorial.py for tasks to queue
[2021-03-08 03:19:45,333] {logging_mixin.py:104} INFO - [2021-03-08 03:19:45,333] {dagbag.py:448} INFO - Filling up the DagBag from /usr/local/lib/python3.6/dist-packages/airflow/example_dags/tutorial.py
[2021-03-08 03:19:45,341] {scheduler_job.py:639} INFO - DAG(s) dict_keys(['tutorial']) retrieved from /usr/local/lib/python3.6/dist-packages/airflow/example_dags/tutorial.py
[2021-03-08 03:19:45,358] {logging_mixin.py:104} INFO - [2021-03-08 03:19:45,358] {dag.py:1818} INFO - Sync 1 DAGs
[2021-03-08 03:19:45,376] {logging_mixin.py:104} INFO - [2021-03-08 03:19:45,376] {dag.py:2273} INFO - Setting next_dagrun for tutorial to 2021-03-06 00:00:00+00:00
[2021-03-08 03:19:45,387] {scheduler_job.py:190} INFO - Processing /usr/local/lib/python3.6/dist-packages/airflow/example_dags/tutorial.py took 0.066 seconds
[2021-03-08 03:20:16,318] {scheduler_job.py:182} INFO - Started process (PID=109) to work on /usr/local/lib/python3.6/dist-packages/airflow/example_dags/tutorial.py
[2021-03-08 03:20:16,320] {scheduler_job.py:629} INFO - Processing file /usr/local/lib/python3.6/dist-packages/airflow/example_dags/tutorial.py for tasks to queue
[2021-03-08 03:20:16,321] {logging_mixin.py:104} INFO - [2021-03-08 03:20:16,320] {dagbag.py:448} INFO - Filling up the DagBag from /usr/local/lib/python3.6/dist-packages/airflow/example_dags/tutorial.py
[2021-03-08 03:20:16,333] {scheduler_job.py:639} INFO - DAG(s) dict_keys(['tutorial']) retrieved from /usr/local/lib/python3.6/dist-packages/airflow/example_dags/tutorial.py
[2021-03-08 03:20:16,347] {logging_mixin.py:104} INFO - [2021-03-08 03:20:16,347] {dag.py:1818} INFO - Sync 1 DAGs
[2021-03-08 03:20:16,356] {logging_mixin.py:104} INFO - [2021-03-08 03:20:16,356] {dag.py:2273} INFO - Setting next_dagrun for tutorial to 2021-03-06 00:00:00+00:00
[2021-03-08 03:20:16,366] {scheduler_job.py:190} INFO - Processing /usr/local/lib/python3.6/dist-packages/airflow/example_dags/tutorial.py took 0.052 seconds
[2021-03-08 03:20:47,045] {scheduler_job.py:182} INFO - Started process (PID=166) to work on /usr/local/lib/python3.6/dist-packages/airflow/example_dags/tutorial.py
[2021-03-08 03:20:47,050] {scheduler_job.py:629} INFO - Processing file /usr/local/lib/python3.6/dist-packages/airflow/example_dags/tutorial.py for tasks to queue
[2021-03-08 03:20:47,051] {logging_mixin.py:104} INFO - [2021-03-08 03:20:47,051] {dagbag.py:448} INFO - Filling up the DagBag from /usr/local/lib/python3.6/dist-packages/airflow/example_dags/tutorial.py
[2021-03-08 03:20:47,059] {scheduler_job.py:639} INFO - DAG(s) dict_keys(['tutorial']) retrieved from /usr/local/lib/python3.6/dist-packages/airflow/example_dags/tutorial.py
[2021-03-08 03:20:47,074] {logging_mixin.py:104} INFO - [2021-03-08 03:20:47,074] {dag.py:1818} INFO - Sync 1 DAGs
[2021-03-08 03:20:47,083] {logging_mixin.py:104} INFO - [2021-03-08 03:20:47,083] {dag.py:2273} INFO - Setting next_dagrun for tutorial to 2021-03-06 00:00:00+00:00
[2021-03-08 03:20:47,089] {scheduler_job.py:190} INFO - Processing /usr/local/lib/python3.6/dist-packages/airflow/example_dags/tutorial.py took 0.050 seconds
[2021-03-08 03:21:17,702] {scheduler_job.py:182} INFO - Started process (PID=224) to work on /usr/local/lib/python3.6/dist-packages/airflow/example_dags/tutorial.py
[2021-03-08 03:21:17,703] {scheduler_job.py:629} INFO - Processing file /usr/local/lib/python3.6/dist-packages/airflow/example_dags/tutorial.py for tasks to queue
[2021-03-08 03:21:17,703] {logging_mixin.py:104} INFO - [2021-03-08 03:21:17,703] {dagbag.py:448} INFO - Filling up the DagBag from /usr/local/lib/python3.6/dist-packages/airflow/example_dags/tutorial.py
[2021-03-08 03:21:17,708] {scheduler_job.py:639} INFO - DAG(s) dict_keys(['tutorial']) retrieved from /usr/local/lib/python3.6/dist-packages/airflow/example_dags/tutorial.py
[2021-03-08 03:21:17,720] {logging_mixin.py:104} INFO - [2021-03-08 03:21:17,720] {dag.py:1818} INFO - Sync 1 DAGs
[2021-03-08 03:21:17,730] {logging_mixin.py:104} INFO - [2021-03-08 03:21:17,730] {dag.py:2273} INFO - Setting next_dagrun for tutorial to 2021-03-06 00:00:00+00:00
[2021-03-08 03:21:17,736] {scheduler_job.py:190} INFO - Processing /usr/local/lib/python3.6/dist-packages/airflow/example_dags/tutorial.py took 0.036 seconds
[2021-03-08 03:21:48,392] {scheduler_job.py:182} INFO - Started process (PID=282) to work on /usr/local/lib/python3.6/dist-packages/airflow/example_dags/tutorial.py
[2021-03-08 03:21:48,393] {scheduler_job.py:629} INFO - Processing file /usr/local/lib/python3.6/dist-packages/airflow/example_dags/tutorial.py for tasks to queue
[2021-03-08 03:21:48,393] {logging_mixin.py:104} INFO - [2021-03-08 03:21:48,393] {dagbag.py:448} INFO - Filling up the DagBag from /usr/local/lib/python3.6/dist-packages/airflow/example_dags/tutorial.py
[2021-03-08 03:21:48,400] {scheduler_job.py:639} INFO - DAG(s) dict_keys(['tutorial']) retrieved from /usr/local/lib/python3.6/dist-packages/airflow/example_dags/tutorial.py
[2021-03-08 03:21:48,414] {logging_mixin.py:104} INFO - [2021-03-08 03:21:48,414] {dag.py:1818} INFO - Sync 1 DAGs
[2021-03-08 03:21:48,422] {logging_mixin.py:104} INFO - [2021-03-08 03:21:48,421] {dag.py:2273} INFO - Setting next_dagrun for tutorial to 2021-03-06 00:00:00+00:00
[2021-03-08 03:21:48,427] {scheduler_job.py:190} INFO - Processing /usr/local/lib/python3.6/dist-packages/airflow/example_dags/tutorial.py took 0.037 seconds
[2021-03-08 03:22:19,091] {scheduler_job.py:182} INFO - Started process (PID=341) to work on /usr/local/lib/python3.6/dist-packages/airflow/example_dags/tutorial.py
[2021-03-08 03:22:19,094] {scheduler_job.py:629} INFO - Processing file /usr/local/lib/python3.6/dist-packages/airflow/example_dags/tutorial.py for tasks to queue
[2021-03-08 03:22:19,096] {logging_mixin.py:104} INFO - [2021-03-08 03:22:19,095] {dagbag.py:448} INFO - Filling up the DagBag from /usr/local/lib/python3.6/dist-packages/airflow/example_dags/tutorial.py
[2021-03-08 03:22:19,109] {scheduler_job.py:639} INFO - DAG(s) dict_keys(['tutorial']) retrieved from /usr/local/lib/python3.6/dist-packages/airflow/example_dags/tutorial.py
[2021-03-08 03:22:19,123] {logging_mixin.py:104} INFO - [2021-03-08 03:22:19,123] {dag.py:1818} INFO - Sync 1 DAGs
[2021-03-08 03:22:19,132] {logging_mixin.py:104} INFO - [2021-03-08 03:22:19,132] {dag.py:2273} INFO - Setting next_dagrun for tutorial to 2021-03-06 00:00:00+00:00
[2021-03-08 03:22:19,137] {scheduler_job.py:190} INFO - Processing /usr/local/lib/python3.6/dist-packages/airflow/example_dags/tutorial.py took 0.052 seconds
[2021-03-08 03:22:49,741] {scheduler_job.py:182} INFO - Started process (PID=400) to work on /usr/local/lib/python3.6/dist-packages/airflow/example_dags/tutorial.py
[2021-03-08 03:22:49,742] {scheduler_job.py:629} INFO - Processing file /usr/local/lib/python3.6/dist-packages/airflow/example_dags/tutorial.py for tasks to queue
[2021-03-08 03:22:49,743] {logging_mixin.py:104} INFO - [2021-03-08 03:22:49,743] {dagbag.py:448} INFO - Filling up the DagBag from /usr/local/lib/python3.6/dist-packages/airflow/example_dags/tutorial.py
[2021-03-08 03:22:49,754] {scheduler_job.py:639} INFO - DAG(s) dict_keys(['tutorial']) retrieved from /usr/local/lib/python3.6/dist-packages/airflow/example_dags/tutorial.py
[2021-03-08 03:22:49,768] {logging_mixin.py:104} INFO - [2021-03-08 03:22:49,768] {dag.py:1818} INFO - Sync 1 DAGs
[2021-03-08 03:22:49,777] {logging_mixin.py:104} INFO - [2021-03-08 03:22:49,777] {dag.py:2273} INFO - Setting next_dagrun for tutorial to 2021-03-06 00:00:00+00:00
[2021-03-08 03:22:49,782] {scheduler_job.py:190} INFO - Processing /usr/local/lib/python3.6/dist-packages/airflow/example_dags/tutorial.py took 0.046 seconds
[2021-03-08 03:23:20,382] {scheduler_job.py:182} INFO - Started process (PID=460) to work on /usr/local/lib/python3.6/dist-packages/airflow/example_dags/tutorial.py
[2021-03-08 03:23:20,383] {scheduler_job.py:629} INFO - Processing file /usr/local/lib/python3.6/dist-packages/airflow/example_dags/tutorial.py for tasks to queue
[2021-03-08 03:23:20,383] {logging_mixin.py:104} INFO - [2021-03-08 03:23:20,383] {dagbag.py:448} INFO - Filling up the DagBag from /usr/local/lib/python3.6/dist-packages/airflow/example_dags/tutorial.py
[2021-03-08 03:23:20,388] {scheduler_job.py:639} INFO - DAG(s) dict_keys(['tutorial']) retrieved from /usr/local/lib/python3.6/dist-packages/airflow/example_dags/tutorial.py
[2021-03-08 03:23:20,400] {logging_mixin.py:104} INFO - [2021-03-08 03:23:20,400] {dag.py:1818} INFO - Sync 1 DAGs
[2021-03-08 03:23:20,409] {logging_mixin.py:104} INFO - [2021-03-08 03:23:20,408] {dag.py:2273} INFO - Setting next_dagrun for tutorial to 2021-03-06 00:00:00+00:00
[2021-03-08 03:23:20,418] {scheduler_job.py:190} INFO - Processing /usr/local/lib/python3.6/dist-packages/airflow/example_dags/tutorial.py took 0.038 seconds
[2021-03-08 03:23:51,069] {scheduler_job.py:182} INFO - Started process (PID=519) to work on /usr/local/lib/python3.6/dist-packages/airflow/example_dags/tutorial.py
[2021-03-08 03:23:51,070] {scheduler_job.py:629} INFO - Processing file /usr/local/lib/python3.6/dist-packages/airflow/example_dags/tutorial.py for tasks to queue
[2021-03-08 03:23:51,070] {logging_mixin.py:104} INFO - [2021-03-08 03:23:51,070] {dagbag.py:448} INFO - Filling up the DagBag from /usr/local/lib/python3.6/dist-packages/airflow/example_dags/tutorial.py
[2021-03-08 03:23:51,076] {scheduler_job.py:639} INFO - DAG(s) dict_keys(['tutorial']) retrieved from /usr/local/lib/python3.6/dist-packages/airflow/example_dags/tutorial.py
[2021-03-08 03:23:51,090] {logging_mixin.py:104} INFO - [2021-03-08 03:23:51,090] {dag.py:1818} INFO - Sync 1 DAGs
[2021-03-08 03:23:51,102] {logging_mixin.py:104} INFO - [2021-03-08 03:23:51,102] {dag.py:2273} INFO - Setting next_dagrun for tutorial to 2021-03-06 00:00:00+00:00
[2021-03-08 03:23:51,109] {scheduler_job.py:190} INFO - Processing /usr/local/lib/python3.6/dist-packages/airflow/example_dags/tutorial.py took 0.041 seconds
[2021-03-08 03:24:21,840] {scheduler_job.py:182} INFO - Started process (PID=577) to work on /usr/local/lib/python3.6/dist-packages/airflow/example_dags/tutorial.py
[2021-03-08 03:24:21,841] {scheduler_job.py:629} INFO - Processing file /usr/local/lib/python3.6/dist-packages/airflow/example_dags/tutorial.py for tasks to queue
[2021-03-08 03:24:21,841] {logging_mixin.py:104} INFO - [2021-03-08 03:24:21,841] {dagbag.py:448} INFO - Filling up the DagBag from /usr/local/lib/python3.6/dist-packages/airflow/example_dags/tutorial.py
[2021-03-08 03:24:21,847] {scheduler_job.py:639} INFO - DAG(s) dict_keys(['tutorial']) retrieved from /usr/local/lib/python3.6/dist-packages/airflow/example_dags/tutorial.py
[2021-03-08 03:24:21,861] {logging_mixin.py:104} INFO - [2021-03-08 03:24:21,861] {dag.py:1818} INFO - Sync 1 DAGs
[2021-03-08 03:24:21,870] {logging_mixin.py:104} INFO - [2021-03-08 03:24:21,870] {dag.py:2273} INFO - Setting next_dagrun for tutorial to 2021-03-06 00:00:00+00:00
[2021-03-08 03:24:21,875] {scheduler_job.py:190} INFO - Processing /usr/local/lib/python3.6/dist-packages/airflow/example_dags/tutorial.py took 0.036 seconds
[2021-03-08 03:24:52,574] {scheduler_job.py:182} INFO - Started process (PID=636) to work on /usr/local/lib/python3.6/dist-packages/airflow/example_dags/tutorial.py
[2021-03-08 03:24:52,576] {scheduler_job.py:629} INFO - Processing file /usr/local/lib/python3.6/dist-packages/airflow/example_dags/tutorial.py for tasks to queue
[2021-03-08 03:24:52,577] {logging_mixin.py:104} INFO - [2021-03-08 03:24:52,577] {dagbag.py:448} INFO - Filling up the DagBag from /usr/local/lib/python3.6/dist-packages/airflow/example_dags/tutorial.py
[2021-03-08 03:24:52,590] {scheduler_job.py:639} INFO - DAG(s) dict_keys(['tutorial']) retrieved from /usr/local/lib/python3.6/dist-packages/airflow/example_dags/tutorial.py
[2021-03-08 03:24:52,605] {logging_mixin.py:104} INFO - [2021-03-08 03:24:52,605] {dag.py:1818} INFO - Sync 1 DAGs
[2021-03-08 03:24:52,613] {logging_mixin.py:104} INFO - [2021-03-08 03:24:52,613] {dag.py:2273} INFO - Setting next_dagrun for tutorial to 2021-03-06 00:00:00+00:00
[2021-03-08 03:24:52,618] {scheduler_job.py:190} INFO - Processing /usr/local/lib/python3.6/dist-packages/airflow/example_dags/tutorial.py took 0.049 seconds
[2021-03-08 03:25:23,311] {scheduler_job.py:182} INFO - Started process (PID=695) to work on /usr/local/lib/python3.6/dist-packages/airflow/example_dags/tutorial.py
[2021-03-08 03:25:23,312] {scheduler_job.py:629} INFO - Processing file /usr/local/lib/python3.6/dist-packages/airflow/example_dags/tutorial.py for tasks to queue
[2021-03-08 03:25:23,312] {logging_mixin.py:104} INFO - [2021-03-08 03:25:23,312] {dagbag.py:448} INFO - Filling up the DagBag from /usr/local/lib/python3.6/dist-packages/airflow/example_dags/tutorial.py
[2021-03-08 03:25:23,318] {scheduler_job.py:639} INFO - DAG(s) dict_keys(['tutorial']) retrieved from /usr/local/lib/python3.6/dist-packages/airflow/example_dags/tutorial.py
[2021-03-08 03:25:23,333] {logging_mixin.py:104} INFO - [2021-03-08 03:25:23,332] {dag.py:1818} INFO - Sync 1 DAGs
[2021-03-08 03:25:23,342] {logging_mixin.py:104} INFO - [2021-03-08 03:25:23,342] {dag.py:2273} INFO - Setting next_dagrun for tutorial to 2021-03-06 00:00:00+00:00
[2021-03-08 03:25:23,354] {scheduler_job.py:190} INFO - Processing /usr/local/lib/python3.6/dist-packages/airflow/example_dags/tutorial.py took 0.044 seconds
[2021-03-08 03:25:54,089] {scheduler_job.py:182} INFO - Started process (PID=762) to work on /usr/local/lib/python3.6/dist-packages/airflow/example_dags/tutorial.py
[2021-03-08 03:25:54,089] {scheduler_job.py:629} INFO - Processing file /usr/local/lib/python3.6/dist-packages/airflow/example_dags/tutorial.py for tasks to queue
[2021-03-08 03:25:54,090] {logging_mixin.py:104} INFO - [2021-03-08 03:25:54,090] {dagbag.py:448} INFO - Filling up the DagBag from /usr/local/lib/python3.6/dist-packages/airflow/example_dags/tutorial.py
[2021-03-08 03:25:54,096] {scheduler_job.py:639} INFO - DAG(s) dict_keys(['tutorial']) retrieved from /usr/local/lib/python3.6/dist-packages/airflow/example_dags/tutorial.py
[2021-03-08 03:25:54,108] {logging_mixin.py:104} INFO - [2021-03-08 03:25:54,108] {dag.py:1818} INFO - Sync 1 DAGs
[2021-03-08 03:25:54,117] {logging_mixin.py:104} INFO - [2021-03-08 03:25:54,117] {dag.py:2273} INFO - Setting next_dagrun for tutorial to 2021-03-06 00:00:00+00:00
[2021-03-08 03:25:54,122] {scheduler_job.py:190} INFO - Processing /usr/local/lib/python3.6/dist-packages/airflow/example_dags/tutorial.py took 0.035 seconds
