[2021-03-08 03:06:27,547] {scheduler_job.py:182} INFO - Started process (PID=94) to work on /usr/local/lib/python3.6/dist-packages/airflow/example_dags/tutorial_taskflow_api_etl.py
[2021-03-08 03:06:27,549] {scheduler_job.py:629} INFO - Processing file /usr/local/lib/python3.6/dist-packages/airflow/example_dags/tutorial_taskflow_api_etl.py for tasks to queue
[2021-03-08 03:06:27,551] {logging_mixin.py:104} INFO - [2021-03-08 03:06:27,550] {dagbag.py:448} INFO - Filling up the DagBag from /usr/local/lib/python3.6/dist-packages/airflow/example_dags/tutorial_taskflow_api_etl.py
[2021-03-08 03:06:27,573] {scheduler_job.py:639} INFO - DAG(s) dict_keys(['tutorial_taskflow_api_etl']) retrieved from /usr/local/lib/python3.6/dist-packages/airflow/example_dags/tutorial_taskflow_api_etl.py
[2021-03-08 03:06:27,580] {logging_mixin.py:104} INFO - [2021-03-08 03:06:27,580] {dag.py:1818} INFO - Sync 1 DAGs
[2021-03-08 03:06:27,589] {logging_mixin.py:104} INFO - [2021-03-08 03:06:27,589] {dag.py:2273} INFO - Setting next_dagrun for tutorial_taskflow_api_etl to None
[2021-03-08 03:06:27,594] {scheduler_job.py:190} INFO - Processing /usr/local/lib/python3.6/dist-packages/airflow/example_dags/tutorial_taskflow_api_etl.py took 0.052 seconds
[2021-03-08 03:06:58,377] {scheduler_job.py:182} INFO - Started process (PID=153) to work on /usr/local/lib/python3.6/dist-packages/airflow/example_dags/tutorial_taskflow_api_etl.py
[2021-03-08 03:06:58,379] {scheduler_job.py:629} INFO - Processing file /usr/local/lib/python3.6/dist-packages/airflow/example_dags/tutorial_taskflow_api_etl.py for tasks to queue
[2021-03-08 03:06:58,381] {logging_mixin.py:104} INFO - [2021-03-08 03:06:58,380] {dagbag.py:448} INFO - Filling up the DagBag from /usr/local/lib/python3.6/dist-packages/airflow/example_dags/tutorial_taskflow_api_etl.py
[2021-03-08 03:06:58,399] {scheduler_job.py:639} INFO - DAG(s) dict_keys(['tutorial_taskflow_api_etl']) retrieved from /usr/local/lib/python3.6/dist-packages/airflow/example_dags/tutorial_taskflow_api_etl.py
[2021-03-08 03:06:58,411] {logging_mixin.py:104} INFO - [2021-03-08 03:06:58,411] {dag.py:1818} INFO - Sync 1 DAGs
[2021-03-08 03:06:58,419] {logging_mixin.py:104} INFO - [2021-03-08 03:06:58,419] {dag.py:2273} INFO - Setting next_dagrun for tutorial_taskflow_api_etl to None
[2021-03-08 03:06:58,430] {scheduler_job.py:190} INFO - Processing /usr/local/lib/python3.6/dist-packages/airflow/example_dags/tutorial_taskflow_api_etl.py took 0.058 seconds
[2021-03-08 03:07:29,251] {scheduler_job.py:182} INFO - Started process (PID=213) to work on /usr/local/lib/python3.6/dist-packages/airflow/example_dags/tutorial_taskflow_api_etl.py
[2021-03-08 03:07:29,253] {scheduler_job.py:629} INFO - Processing file /usr/local/lib/python3.6/dist-packages/airflow/example_dags/tutorial_taskflow_api_etl.py for tasks to queue
[2021-03-08 03:07:29,254] {logging_mixin.py:104} INFO - [2021-03-08 03:07:29,254] {dagbag.py:448} INFO - Filling up the DagBag from /usr/local/lib/python3.6/dist-packages/airflow/example_dags/tutorial_taskflow_api_etl.py
[2021-03-08 03:07:29,274] {scheduler_job.py:639} INFO - DAG(s) dict_keys(['tutorial_taskflow_api_etl']) retrieved from /usr/local/lib/python3.6/dist-packages/airflow/example_dags/tutorial_taskflow_api_etl.py
[2021-03-08 03:07:29,286] {logging_mixin.py:104} INFO - [2021-03-08 03:07:29,286] {dag.py:1818} INFO - Sync 1 DAGs
[2021-03-08 03:07:29,293] {logging_mixin.py:104} INFO - [2021-03-08 03:07:29,293] {dag.py:2273} INFO - Setting next_dagrun for tutorial_taskflow_api_etl to None
[2021-03-08 03:07:29,300] {scheduler_job.py:190} INFO - Processing /usr/local/lib/python3.6/dist-packages/airflow/example_dags/tutorial_taskflow_api_etl.py took 0.055 seconds
[2021-03-08 03:08:00,106] {scheduler_job.py:182} INFO - Started process (PID=281) to work on /usr/local/lib/python3.6/dist-packages/airflow/example_dags/tutorial_taskflow_api_etl.py
[2021-03-08 03:08:00,107] {scheduler_job.py:629} INFO - Processing file /usr/local/lib/python3.6/dist-packages/airflow/example_dags/tutorial_taskflow_api_etl.py for tasks to queue
[2021-03-08 03:08:00,107] {logging_mixin.py:104} INFO - [2021-03-08 03:08:00,107] {dagbag.py:448} INFO - Filling up the DagBag from /usr/local/lib/python3.6/dist-packages/airflow/example_dags/tutorial_taskflow_api_etl.py
[2021-03-08 03:08:00,114] {scheduler_job.py:639} INFO - DAG(s) dict_keys(['tutorial_taskflow_api_etl']) retrieved from /usr/local/lib/python3.6/dist-packages/airflow/example_dags/tutorial_taskflow_api_etl.py
[2021-03-08 03:08:00,122] {logging_mixin.py:104} INFO - [2021-03-08 03:08:00,122] {dag.py:1818} INFO - Sync 1 DAGs
[2021-03-08 03:08:00,128] {logging_mixin.py:104} INFO - [2021-03-08 03:08:00,128] {dag.py:2273} INFO - Setting next_dagrun for tutorial_taskflow_api_etl to None
[2021-03-08 03:08:00,135] {scheduler_job.py:190} INFO - Processing /usr/local/lib/python3.6/dist-packages/airflow/example_dags/tutorial_taskflow_api_etl.py took 0.030 seconds
[2021-03-08 03:08:31,058] {scheduler_job.py:182} INFO - Started process (PID=340) to work on /usr/local/lib/python3.6/dist-packages/airflow/example_dags/tutorial_taskflow_api_etl.py
[2021-03-08 03:08:31,060] {scheduler_job.py:629} INFO - Processing file /usr/local/lib/python3.6/dist-packages/airflow/example_dags/tutorial_taskflow_api_etl.py for tasks to queue
[2021-03-08 03:08:31,062] {logging_mixin.py:104} INFO - [2021-03-08 03:08:31,062] {dagbag.py:448} INFO - Filling up the DagBag from /usr/local/lib/python3.6/dist-packages/airflow/example_dags/tutorial_taskflow_api_etl.py
[2021-03-08 03:08:31,081] {scheduler_job.py:639} INFO - DAG(s) dict_keys(['tutorial_taskflow_api_etl']) retrieved from /usr/local/lib/python3.6/dist-packages/airflow/example_dags/tutorial_taskflow_api_etl.py
[2021-03-08 03:08:31,093] {logging_mixin.py:104} INFO - [2021-03-08 03:08:31,093] {dag.py:1818} INFO - Sync 1 DAGs
[2021-03-08 03:08:31,100] {logging_mixin.py:104} INFO - [2021-03-08 03:08:31,100] {dag.py:2273} INFO - Setting next_dagrun for tutorial_taskflow_api_etl to None
[2021-03-08 03:08:31,111] {scheduler_job.py:190} INFO - Processing /usr/local/lib/python3.6/dist-packages/airflow/example_dags/tutorial_taskflow_api_etl.py took 0.058 seconds
[2021-03-08 03:09:01,775] {scheduler_job.py:182} INFO - Started process (PID=400) to work on /usr/local/lib/python3.6/dist-packages/airflow/example_dags/tutorial_taskflow_api_etl.py
[2021-03-08 03:09:01,778] {scheduler_job.py:629} INFO - Processing file /usr/local/lib/python3.6/dist-packages/airflow/example_dags/tutorial_taskflow_api_etl.py for tasks to queue
[2021-03-08 03:09:01,780] {logging_mixin.py:104} INFO - [2021-03-08 03:09:01,779] {dagbag.py:448} INFO - Filling up the DagBag from /usr/local/lib/python3.6/dist-packages/airflow/example_dags/tutorial_taskflow_api_etl.py
[2021-03-08 03:09:01,800] {scheduler_job.py:639} INFO - DAG(s) dict_keys(['tutorial_taskflow_api_etl']) retrieved from /usr/local/lib/python3.6/dist-packages/airflow/example_dags/tutorial_taskflow_api_etl.py
[2021-03-08 03:09:01,812] {logging_mixin.py:104} INFO - [2021-03-08 03:09:01,812] {dag.py:1818} INFO - Sync 1 DAGs
[2021-03-08 03:09:01,819] {logging_mixin.py:104} INFO - [2021-03-08 03:09:01,819] {dag.py:2273} INFO - Setting next_dagrun for tutorial_taskflow_api_etl to None
[2021-03-08 03:09:01,830] {scheduler_job.py:190} INFO - Processing /usr/local/lib/python3.6/dist-packages/airflow/example_dags/tutorial_taskflow_api_etl.py took 0.061 seconds
[2021-03-08 03:09:32,633] {scheduler_job.py:182} INFO - Started process (PID=461) to work on /usr/local/lib/python3.6/dist-packages/airflow/example_dags/tutorial_taskflow_api_etl.py
[2021-03-08 03:09:32,635] {scheduler_job.py:629} INFO - Processing file /usr/local/lib/python3.6/dist-packages/airflow/example_dags/tutorial_taskflow_api_etl.py for tasks to queue
[2021-03-08 03:09:32,636] {logging_mixin.py:104} INFO - [2021-03-08 03:09:32,636] {dagbag.py:448} INFO - Filling up the DagBag from /usr/local/lib/python3.6/dist-packages/airflow/example_dags/tutorial_taskflow_api_etl.py
[2021-03-08 03:09:32,656] {scheduler_job.py:639} INFO - DAG(s) dict_keys(['tutorial_taskflow_api_etl']) retrieved from /usr/local/lib/python3.6/dist-packages/airflow/example_dags/tutorial_taskflow_api_etl.py
[2021-03-08 03:09:32,670] {logging_mixin.py:104} INFO - [2021-03-08 03:09:32,670] {dag.py:1818} INFO - Sync 1 DAGs
[2021-03-08 03:09:32,677] {logging_mixin.py:104} INFO - [2021-03-08 03:09:32,677] {dag.py:2273} INFO - Setting next_dagrun for tutorial_taskflow_api_etl to None
[2021-03-08 03:09:32,688] {scheduler_job.py:190} INFO - Processing /usr/local/lib/python3.6/dist-packages/airflow/example_dags/tutorial_taskflow_api_etl.py took 0.061 seconds
[2021-03-08 03:10:04,362] {scheduler_job.py:182} INFO - Started process (PID=521) to work on /usr/local/lib/python3.6/dist-packages/airflow/example_dags/tutorial_taskflow_api_etl.py
[2021-03-08 03:10:04,364] {scheduler_job.py:629} INFO - Processing file /usr/local/lib/python3.6/dist-packages/airflow/example_dags/tutorial_taskflow_api_etl.py for tasks to queue
[2021-03-08 03:10:04,365] {logging_mixin.py:104} INFO - [2021-03-08 03:10:04,365] {dagbag.py:448} INFO - Filling up the DagBag from /usr/local/lib/python3.6/dist-packages/airflow/example_dags/tutorial_taskflow_api_etl.py
[2021-03-08 03:10:04,384] {scheduler_job.py:639} INFO - DAG(s) dict_keys(['tutorial_taskflow_api_etl']) retrieved from /usr/local/lib/python3.6/dist-packages/airflow/example_dags/tutorial_taskflow_api_etl.py
[2021-03-08 03:10:04,397] {logging_mixin.py:104} INFO - [2021-03-08 03:10:04,397] {dag.py:1818} INFO - Sync 1 DAGs
[2021-03-08 03:10:04,404] {logging_mixin.py:104} INFO - [2021-03-08 03:10:04,404] {dag.py:2273} INFO - Setting next_dagrun for tutorial_taskflow_api_etl to None
[2021-03-08 03:10:04,416] {scheduler_job.py:190} INFO - Processing /usr/local/lib/python3.6/dist-packages/airflow/example_dags/tutorial_taskflow_api_etl.py took 0.060 seconds
[2021-03-08 03:10:34,627] {scheduler_job.py:182} INFO - Started process (PID=580) to work on /usr/local/lib/python3.6/dist-packages/airflow/example_dags/tutorial_taskflow_api_etl.py
[2021-03-08 03:10:34,629] {scheduler_job.py:629} INFO - Processing file /usr/local/lib/python3.6/dist-packages/airflow/example_dags/tutorial_taskflow_api_etl.py for tasks to queue
[2021-03-08 03:10:34,631] {logging_mixin.py:104} INFO - [2021-03-08 03:10:34,630] {dagbag.py:448} INFO - Filling up the DagBag from /usr/local/lib/python3.6/dist-packages/airflow/example_dags/tutorial_taskflow_api_etl.py
[2021-03-08 03:10:34,653] {scheduler_job.py:639} INFO - DAG(s) dict_keys(['tutorial_taskflow_api_etl']) retrieved from /usr/local/lib/python3.6/dist-packages/airflow/example_dags/tutorial_taskflow_api_etl.py
[2021-03-08 03:10:34,666] {logging_mixin.py:104} INFO - [2021-03-08 03:10:34,666] {dag.py:1818} INFO - Sync 1 DAGs
[2021-03-08 03:10:34,674] {logging_mixin.py:104} INFO - [2021-03-08 03:10:34,673] {dag.py:2273} INFO - Setting next_dagrun for tutorial_taskflow_api_etl to None
[2021-03-08 03:10:34,685] {scheduler_job.py:190} INFO - Processing /usr/local/lib/python3.6/dist-packages/airflow/example_dags/tutorial_taskflow_api_etl.py took 0.064 seconds
[2021-03-08 03:11:05,082] {scheduler_job.py:182} INFO - Started process (PID=639) to work on /usr/local/lib/python3.6/dist-packages/airflow/example_dags/tutorial_taskflow_api_etl.py
[2021-03-08 03:11:05,084] {scheduler_job.py:629} INFO - Processing file /usr/local/lib/python3.6/dist-packages/airflow/example_dags/tutorial_taskflow_api_etl.py for tasks to queue
[2021-03-08 03:11:05,085] {logging_mixin.py:104} INFO - [2021-03-08 03:11:05,085] {dagbag.py:448} INFO - Filling up the DagBag from /usr/local/lib/python3.6/dist-packages/airflow/example_dags/tutorial_taskflow_api_etl.py
[2021-03-08 03:11:05,104] {scheduler_job.py:639} INFO - DAG(s) dict_keys(['tutorial_taskflow_api_etl']) retrieved from /usr/local/lib/python3.6/dist-packages/airflow/example_dags/tutorial_taskflow_api_etl.py
[2021-03-08 03:11:05,116] {logging_mixin.py:104} INFO - [2021-03-08 03:11:05,116] {dag.py:1818} INFO - Sync 1 DAGs
[2021-03-08 03:11:05,123] {logging_mixin.py:104} INFO - [2021-03-08 03:11:05,123] {dag.py:2273} INFO - Setting next_dagrun for tutorial_taskflow_api_etl to None
[2021-03-08 03:11:05,134] {scheduler_job.py:190} INFO - Processing /usr/local/lib/python3.6/dist-packages/airflow/example_dags/tutorial_taskflow_api_etl.py took 0.058 seconds
[2021-03-08 03:17:40,014] {scheduler_job.py:182} INFO - Started process (PID=48) to work on /usr/local/lib/python3.6/dist-packages/airflow/example_dags/tutorial_taskflow_api_etl.py
[2021-03-08 03:17:40,015] {scheduler_job.py:629} INFO - Processing file /usr/local/lib/python3.6/dist-packages/airflow/example_dags/tutorial_taskflow_api_etl.py for tasks to queue
[2021-03-08 03:17:40,015] {logging_mixin.py:104} INFO - [2021-03-08 03:17:40,015] {dagbag.py:448} INFO - Filling up the DagBag from /usr/local/lib/python3.6/dist-packages/airflow/example_dags/tutorial_taskflow_api_etl.py
[2021-03-08 03:17:40,023] {scheduler_job.py:639} INFO - DAG(s) dict_keys(['tutorial_taskflow_api_etl']) retrieved from /usr/local/lib/python3.6/dist-packages/airflow/example_dags/tutorial_taskflow_api_etl.py
[2021-03-08 03:17:40,032] {logging_mixin.py:104} INFO - [2021-03-08 03:17:40,032] {dag.py:1818} INFO - Sync 1 DAGs
[2021-03-08 03:17:40,043] {logging_mixin.py:104} INFO - [2021-03-08 03:17:40,043] {dag.py:2273} INFO - Setting next_dagrun for tutorial_taskflow_api_etl to None
[2021-03-08 03:17:40,049] {scheduler_job.py:190} INFO - Processing /usr/local/lib/python3.6/dist-packages/airflow/example_dags/tutorial_taskflow_api_etl.py took 0.036 seconds
[2021-03-08 03:18:13,661] {scheduler_job.py:182} INFO - Started process (PID=46) to work on /usr/local/lib/python3.6/dist-packages/airflow/example_dags/tutorial_taskflow_api_etl.py
[2021-03-08 03:18:13,662] {scheduler_job.py:629} INFO - Processing file /usr/local/lib/python3.6/dist-packages/airflow/example_dags/tutorial_taskflow_api_etl.py for tasks to queue
[2021-03-08 03:18:13,662] {logging_mixin.py:104} INFO - [2021-03-08 03:18:13,662] {dagbag.py:448} INFO - Filling up the DagBag from /usr/local/lib/python3.6/dist-packages/airflow/example_dags/tutorial_taskflow_api_etl.py
[2021-03-08 03:18:13,671] {scheduler_job.py:639} INFO - DAG(s) dict_keys(['tutorial_taskflow_api_etl']) retrieved from /usr/local/lib/python3.6/dist-packages/airflow/example_dags/tutorial_taskflow_api_etl.py
[2021-03-08 03:18:13,686] {logging_mixin.py:104} INFO - [2021-03-08 03:18:13,686] {dag.py:1818} INFO - Sync 1 DAGs
[2021-03-08 03:18:13,696] {logging_mixin.py:104} INFO - [2021-03-08 03:18:13,696] {dag.py:2273} INFO - Setting next_dagrun for tutorial_taskflow_api_etl to None
[2021-03-08 03:18:13,703] {scheduler_job.py:190} INFO - Processing /usr/local/lib/python3.6/dist-packages/airflow/example_dags/tutorial_taskflow_api_etl.py took 0.044 seconds
[2021-03-08 03:18:44,371] {scheduler_job.py:182} INFO - Started process (PID=133) to work on /usr/local/lib/python3.6/dist-packages/airflow/example_dags/tutorial_taskflow_api_etl.py
[2021-03-08 03:18:44,372] {scheduler_job.py:629} INFO - Processing file /usr/local/lib/python3.6/dist-packages/airflow/example_dags/tutorial_taskflow_api_etl.py for tasks to queue
[2021-03-08 03:18:44,372] {logging_mixin.py:104} INFO - [2021-03-08 03:18:44,372] {dagbag.py:448} INFO - Filling up the DagBag from /usr/local/lib/python3.6/dist-packages/airflow/example_dags/tutorial_taskflow_api_etl.py
[2021-03-08 03:18:44,380] {scheduler_job.py:639} INFO - DAG(s) dict_keys(['tutorial_taskflow_api_etl']) retrieved from /usr/local/lib/python3.6/dist-packages/airflow/example_dags/tutorial_taskflow_api_etl.py
[2021-03-08 03:18:44,393] {logging_mixin.py:104} INFO - [2021-03-08 03:18:44,393] {dag.py:1818} INFO - Sync 1 DAGs
[2021-03-08 03:18:44,402] {logging_mixin.py:104} INFO - [2021-03-08 03:18:44,401] {dag.py:2273} INFO - Setting next_dagrun for tutorial_taskflow_api_etl to None
[2021-03-08 03:18:44,407] {scheduler_job.py:190} INFO - Processing /usr/local/lib/python3.6/dist-packages/airflow/example_dags/tutorial_taskflow_api_etl.py took 0.038 seconds
[2021-03-08 03:19:15,005] {scheduler_job.py:182} INFO - Started process (PID=191) to work on /usr/local/lib/python3.6/dist-packages/airflow/example_dags/tutorial_taskflow_api_etl.py
[2021-03-08 03:19:15,006] {scheduler_job.py:629} INFO - Processing file /usr/local/lib/python3.6/dist-packages/airflow/example_dags/tutorial_taskflow_api_etl.py for tasks to queue
[2021-03-08 03:19:15,006] {logging_mixin.py:104} INFO - [2021-03-08 03:19:15,006] {dagbag.py:448} INFO - Filling up the DagBag from /usr/local/lib/python3.6/dist-packages/airflow/example_dags/tutorial_taskflow_api_etl.py
[2021-03-08 03:19:15,014] {scheduler_job.py:639} INFO - DAG(s) dict_keys(['tutorial_taskflow_api_etl']) retrieved from /usr/local/lib/python3.6/dist-packages/airflow/example_dags/tutorial_taskflow_api_etl.py
[2021-03-08 03:19:15,027] {logging_mixin.py:104} INFO - [2021-03-08 03:19:15,027] {dag.py:1818} INFO - Sync 1 DAGs
[2021-03-08 03:19:15,035] {logging_mixin.py:104} INFO - [2021-03-08 03:19:15,035] {dag.py:2273} INFO - Setting next_dagrun for tutorial_taskflow_api_etl to None
[2021-03-08 03:19:15,042] {scheduler_job.py:190} INFO - Processing /usr/local/lib/python3.6/dist-packages/airflow/example_dags/tutorial_taskflow_api_etl.py took 0.038 seconds
[2021-03-08 03:19:45,740] {scheduler_job.py:182} INFO - Started process (PID=33) to work on /usr/local/lib/python3.6/dist-packages/airflow/example_dags/tutorial_taskflow_api_etl.py
[2021-03-08 03:19:45,741] {scheduler_job.py:629} INFO - Processing file /usr/local/lib/python3.6/dist-packages/airflow/example_dags/tutorial_taskflow_api_etl.py for tasks to queue
[2021-03-08 03:19:45,742] {logging_mixin.py:104} INFO - [2021-03-08 03:19:45,741] {dagbag.py:448} INFO - Filling up the DagBag from /usr/local/lib/python3.6/dist-packages/airflow/example_dags/tutorial_taskflow_api_etl.py
[2021-03-08 03:19:45,755] {scheduler_job.py:639} INFO - DAG(s) dict_keys(['tutorial_taskflow_api_etl']) retrieved from /usr/local/lib/python3.6/dist-packages/airflow/example_dags/tutorial_taskflow_api_etl.py
[2021-03-08 03:19:45,777] {logging_mixin.py:104} INFO - [2021-03-08 03:19:45,776] {dag.py:1818} INFO - Sync 1 DAGs
[2021-03-08 03:19:45,793] {logging_mixin.py:104} INFO - [2021-03-08 03:19:45,793] {dag.py:2273} INFO - Setting next_dagrun for tutorial_taskflow_api_etl to None
[2021-03-08 03:19:45,802] {scheduler_job.py:190} INFO - Processing /usr/local/lib/python3.6/dist-packages/airflow/example_dags/tutorial_taskflow_api_etl.py took 0.065 seconds
[2021-03-08 03:20:16,547] {scheduler_job.py:182} INFO - Started process (PID=120) to work on /usr/local/lib/python3.6/dist-packages/airflow/example_dags/tutorial_taskflow_api_etl.py
[2021-03-08 03:20:16,548] {scheduler_job.py:629} INFO - Processing file /usr/local/lib/python3.6/dist-packages/airflow/example_dags/tutorial_taskflow_api_etl.py for tasks to queue
[2021-03-08 03:20:16,548] {logging_mixin.py:104} INFO - [2021-03-08 03:20:16,548] {dagbag.py:448} INFO - Filling up the DagBag from /usr/local/lib/python3.6/dist-packages/airflow/example_dags/tutorial_taskflow_api_etl.py
[2021-03-08 03:20:16,558] {scheduler_job.py:639} INFO - DAG(s) dict_keys(['tutorial_taskflow_api_etl']) retrieved from /usr/local/lib/python3.6/dist-packages/airflow/example_dags/tutorial_taskflow_api_etl.py
[2021-03-08 03:20:16,571] {logging_mixin.py:104} INFO - [2021-03-08 03:20:16,571] {dag.py:1818} INFO - Sync 1 DAGs
[2021-03-08 03:20:16,581] {logging_mixin.py:104} INFO - [2021-03-08 03:20:16,581] {dag.py:2273} INFO - Setting next_dagrun for tutorial_taskflow_api_etl to None
[2021-03-08 03:20:16,588] {scheduler_job.py:190} INFO - Processing /usr/local/lib/python3.6/dist-packages/airflow/example_dags/tutorial_taskflow_api_etl.py took 0.043 seconds
[2021-03-08 03:20:47,304] {scheduler_job.py:182} INFO - Started process (PID=177) to work on /usr/local/lib/python3.6/dist-packages/airflow/example_dags/tutorial_taskflow_api_etl.py
[2021-03-08 03:20:47,306] {scheduler_job.py:629} INFO - Processing file /usr/local/lib/python3.6/dist-packages/airflow/example_dags/tutorial_taskflow_api_etl.py for tasks to queue
[2021-03-08 03:20:47,306] {logging_mixin.py:104} INFO - [2021-03-08 03:20:47,306] {dagbag.py:448} INFO - Filling up the DagBag from /usr/local/lib/python3.6/dist-packages/airflow/example_dags/tutorial_taskflow_api_etl.py
[2021-03-08 03:20:47,313] {scheduler_job.py:639} INFO - DAG(s) dict_keys(['tutorial_taskflow_api_etl']) retrieved from /usr/local/lib/python3.6/dist-packages/airflow/example_dags/tutorial_taskflow_api_etl.py
[2021-03-08 03:20:47,326] {logging_mixin.py:104} INFO - [2021-03-08 03:20:47,326] {dag.py:1818} INFO - Sync 1 DAGs
[2021-03-08 03:20:47,336] {logging_mixin.py:104} INFO - [2021-03-08 03:20:47,336] {dag.py:2273} INFO - Setting next_dagrun for tutorial_taskflow_api_etl to None
[2021-03-08 03:20:47,343] {scheduler_job.py:190} INFO - Processing /usr/local/lib/python3.6/dist-packages/airflow/example_dags/tutorial_taskflow_api_etl.py took 0.041 seconds
[2021-03-08 03:21:17,912] {scheduler_job.py:182} INFO - Started process (PID=235) to work on /usr/local/lib/python3.6/dist-packages/airflow/example_dags/tutorial_taskflow_api_etl.py
[2021-03-08 03:21:17,912] {scheduler_job.py:629} INFO - Processing file /usr/local/lib/python3.6/dist-packages/airflow/example_dags/tutorial_taskflow_api_etl.py for tasks to queue
[2021-03-08 03:21:17,913] {logging_mixin.py:104} INFO - [2021-03-08 03:21:17,913] {dagbag.py:448} INFO - Filling up the DagBag from /usr/local/lib/python3.6/dist-packages/airflow/example_dags/tutorial_taskflow_api_etl.py
[2021-03-08 03:21:17,920] {scheduler_job.py:639} INFO - DAG(s) dict_keys(['tutorial_taskflow_api_etl']) retrieved from /usr/local/lib/python3.6/dist-packages/airflow/example_dags/tutorial_taskflow_api_etl.py
[2021-03-08 03:21:17,933] {logging_mixin.py:104} INFO - [2021-03-08 03:21:17,933] {dag.py:1818} INFO - Sync 1 DAGs
[2021-03-08 03:21:17,942] {logging_mixin.py:104} INFO - [2021-03-08 03:21:17,942] {dag.py:2273} INFO - Setting next_dagrun for tutorial_taskflow_api_etl to None
[2021-03-08 03:21:17,949] {scheduler_job.py:190} INFO - Processing /usr/local/lib/python3.6/dist-packages/airflow/example_dags/tutorial_taskflow_api_etl.py took 0.040 seconds
[2021-03-08 03:21:48,615] {scheduler_job.py:182} INFO - Started process (PID=293) to work on /usr/local/lib/python3.6/dist-packages/airflow/example_dags/tutorial_taskflow_api_etl.py
[2021-03-08 03:21:48,615] {scheduler_job.py:629} INFO - Processing file /usr/local/lib/python3.6/dist-packages/airflow/example_dags/tutorial_taskflow_api_etl.py for tasks to queue
[2021-03-08 03:21:48,616] {logging_mixin.py:104} INFO - [2021-03-08 03:21:48,616] {dagbag.py:448} INFO - Filling up the DagBag from /usr/local/lib/python3.6/dist-packages/airflow/example_dags/tutorial_taskflow_api_etl.py
[2021-03-08 03:21:48,624] {scheduler_job.py:639} INFO - DAG(s) dict_keys(['tutorial_taskflow_api_etl']) retrieved from /usr/local/lib/python3.6/dist-packages/airflow/example_dags/tutorial_taskflow_api_etl.py
[2021-03-08 03:21:48,637] {logging_mixin.py:104} INFO - [2021-03-08 03:21:48,637] {dag.py:1818} INFO - Sync 1 DAGs
[2021-03-08 03:21:48,645] {logging_mixin.py:104} INFO - [2021-03-08 03:21:48,645] {dag.py:2273} INFO - Setting next_dagrun for tutorial_taskflow_api_etl to None
[2021-03-08 03:21:48,653] {scheduler_job.py:190} INFO - Processing /usr/local/lib/python3.6/dist-packages/airflow/example_dags/tutorial_taskflow_api_etl.py took 0.040 seconds
[2021-03-08 03:22:19,296] {scheduler_job.py:182} INFO - Started process (PID=352) to work on /usr/local/lib/python3.6/dist-packages/airflow/example_dags/tutorial_taskflow_api_etl.py
[2021-03-08 03:22:19,296] {scheduler_job.py:629} INFO - Processing file /usr/local/lib/python3.6/dist-packages/airflow/example_dags/tutorial_taskflow_api_etl.py for tasks to queue
[2021-03-08 03:22:19,296] {logging_mixin.py:104} INFO - [2021-03-08 03:22:19,296] {dagbag.py:448} INFO - Filling up the DagBag from /usr/local/lib/python3.6/dist-packages/airflow/example_dags/tutorial_taskflow_api_etl.py
[2021-03-08 03:22:19,303] {scheduler_job.py:639} INFO - DAG(s) dict_keys(['tutorial_taskflow_api_etl']) retrieved from /usr/local/lib/python3.6/dist-packages/airflow/example_dags/tutorial_taskflow_api_etl.py
[2021-03-08 03:22:19,316] {logging_mixin.py:104} INFO - [2021-03-08 03:22:19,316] {dag.py:1818} INFO - Sync 1 DAGs
[2021-03-08 03:22:19,324] {logging_mixin.py:104} INFO - [2021-03-08 03:22:19,324] {dag.py:2273} INFO - Setting next_dagrun for tutorial_taskflow_api_etl to None
[2021-03-08 03:22:19,331] {scheduler_job.py:190} INFO - Processing /usr/local/lib/python3.6/dist-packages/airflow/example_dags/tutorial_taskflow_api_etl.py took 0.037 seconds
[2021-03-08 03:22:49,953] {scheduler_job.py:182} INFO - Started process (PID=411) to work on /usr/local/lib/python3.6/dist-packages/airflow/example_dags/tutorial_taskflow_api_etl.py
[2021-03-08 03:22:49,954] {scheduler_job.py:629} INFO - Processing file /usr/local/lib/python3.6/dist-packages/airflow/example_dags/tutorial_taskflow_api_etl.py for tasks to queue
[2021-03-08 03:22:49,955] {logging_mixin.py:104} INFO - [2021-03-08 03:22:49,955] {dagbag.py:448} INFO - Filling up the DagBag from /usr/local/lib/python3.6/dist-packages/airflow/example_dags/tutorial_taskflow_api_etl.py
[2021-03-08 03:22:49,964] {scheduler_job.py:639} INFO - DAG(s) dict_keys(['tutorial_taskflow_api_etl']) retrieved from /usr/local/lib/python3.6/dist-packages/airflow/example_dags/tutorial_taskflow_api_etl.py
[2021-03-08 03:22:49,978] {logging_mixin.py:104} INFO - [2021-03-08 03:22:49,978] {dag.py:1818} INFO - Sync 1 DAGs
[2021-03-08 03:22:49,986] {logging_mixin.py:104} INFO - [2021-03-08 03:22:49,986] {dag.py:2273} INFO - Setting next_dagrun for tutorial_taskflow_api_etl to None
[2021-03-08 03:22:49,992] {scheduler_job.py:190} INFO - Processing /usr/local/lib/python3.6/dist-packages/airflow/example_dags/tutorial_taskflow_api_etl.py took 0.041 seconds
[2021-03-08 03:23:20,623] {scheduler_job.py:182} INFO - Started process (PID=471) to work on /usr/local/lib/python3.6/dist-packages/airflow/example_dags/tutorial_taskflow_api_etl.py
[2021-03-08 03:23:20,624] {scheduler_job.py:629} INFO - Processing file /usr/local/lib/python3.6/dist-packages/airflow/example_dags/tutorial_taskflow_api_etl.py for tasks to queue
[2021-03-08 03:23:20,624] {logging_mixin.py:104} INFO - [2021-03-08 03:23:20,624] {dagbag.py:448} INFO - Filling up the DagBag from /usr/local/lib/python3.6/dist-packages/airflow/example_dags/tutorial_taskflow_api_etl.py
[2021-03-08 03:23:20,631] {scheduler_job.py:639} INFO - DAG(s) dict_keys(['tutorial_taskflow_api_etl']) retrieved from /usr/local/lib/python3.6/dist-packages/airflow/example_dags/tutorial_taskflow_api_etl.py
[2021-03-08 03:23:20,645] {logging_mixin.py:104} INFO - [2021-03-08 03:23:20,645] {dag.py:1818} INFO - Sync 1 DAGs
[2021-03-08 03:23:20,653] {logging_mixin.py:104} INFO - [2021-03-08 03:23:20,653] {dag.py:2273} INFO - Setting next_dagrun for tutorial_taskflow_api_etl to None
[2021-03-08 03:23:20,660] {scheduler_job.py:190} INFO - Processing /usr/local/lib/python3.6/dist-packages/airflow/example_dags/tutorial_taskflow_api_etl.py took 0.038 seconds
[2021-03-08 03:23:51,356] {scheduler_job.py:182} INFO - Started process (PID=530) to work on /usr/local/lib/python3.6/dist-packages/airflow/example_dags/tutorial_taskflow_api_etl.py
[2021-03-08 03:23:51,357] {scheduler_job.py:629} INFO - Processing file /usr/local/lib/python3.6/dist-packages/airflow/example_dags/tutorial_taskflow_api_etl.py for tasks to queue
[2021-03-08 03:23:51,357] {logging_mixin.py:104} INFO - [2021-03-08 03:23:51,357] {dagbag.py:448} INFO - Filling up the DagBag from /usr/local/lib/python3.6/dist-packages/airflow/example_dags/tutorial_taskflow_api_etl.py
[2021-03-08 03:23:51,367] {scheduler_job.py:639} INFO - DAG(s) dict_keys(['tutorial_taskflow_api_etl']) retrieved from /usr/local/lib/python3.6/dist-packages/airflow/example_dags/tutorial_taskflow_api_etl.py
[2021-03-08 03:23:51,386] {logging_mixin.py:104} INFO - [2021-03-08 03:23:51,386] {dag.py:1818} INFO - Sync 1 DAGs
[2021-03-08 03:23:51,399] {logging_mixin.py:104} INFO - [2021-03-08 03:23:51,399] {dag.py:2273} INFO - Setting next_dagrun for tutorial_taskflow_api_etl to None
[2021-03-08 03:23:51,406] {scheduler_job.py:190} INFO - Processing /usr/local/lib/python3.6/dist-packages/airflow/example_dags/tutorial_taskflow_api_etl.py took 0.053 seconds
[2021-03-08 03:24:22,083] {scheduler_job.py:182} INFO - Started process (PID=588) to work on /usr/local/lib/python3.6/dist-packages/airflow/example_dags/tutorial_taskflow_api_etl.py
[2021-03-08 03:24:22,084] {scheduler_job.py:629} INFO - Processing file /usr/local/lib/python3.6/dist-packages/airflow/example_dags/tutorial_taskflow_api_etl.py for tasks to queue
[2021-03-08 03:24:22,084] {logging_mixin.py:104} INFO - [2021-03-08 03:24:22,084] {dagbag.py:448} INFO - Filling up the DagBag from /usr/local/lib/python3.6/dist-packages/airflow/example_dags/tutorial_taskflow_api_etl.py
[2021-03-08 03:24:22,091] {scheduler_job.py:639} INFO - DAG(s) dict_keys(['tutorial_taskflow_api_etl']) retrieved from /usr/local/lib/python3.6/dist-packages/airflow/example_dags/tutorial_taskflow_api_etl.py
[2021-03-08 03:24:22,107] {logging_mixin.py:104} INFO - [2021-03-08 03:24:22,107] {dag.py:1818} INFO - Sync 1 DAGs
[2021-03-08 03:24:22,115] {logging_mixin.py:104} INFO - [2021-03-08 03:24:22,115] {dag.py:2273} INFO - Setting next_dagrun for tutorial_taskflow_api_etl to None
[2021-03-08 03:24:22,121] {scheduler_job.py:190} INFO - Processing /usr/local/lib/python3.6/dist-packages/airflow/example_dags/tutorial_taskflow_api_etl.py took 0.039 seconds
[2021-03-08 03:24:52,776] {scheduler_job.py:182} INFO - Started process (PID=647) to work on /usr/local/lib/python3.6/dist-packages/airflow/example_dags/tutorial_taskflow_api_etl.py
[2021-03-08 03:24:52,777] {scheduler_job.py:629} INFO - Processing file /usr/local/lib/python3.6/dist-packages/airflow/example_dags/tutorial_taskflow_api_etl.py for tasks to queue
[2021-03-08 03:24:52,777] {logging_mixin.py:104} INFO - [2021-03-08 03:24:52,777] {dagbag.py:448} INFO - Filling up the DagBag from /usr/local/lib/python3.6/dist-packages/airflow/example_dags/tutorial_taskflow_api_etl.py
[2021-03-08 03:24:52,785] {scheduler_job.py:639} INFO - DAG(s) dict_keys(['tutorial_taskflow_api_etl']) retrieved from /usr/local/lib/python3.6/dist-packages/airflow/example_dags/tutorial_taskflow_api_etl.py
[2021-03-08 03:24:52,797] {logging_mixin.py:104} INFO - [2021-03-08 03:24:52,797] {dag.py:1818} INFO - Sync 1 DAGs
[2021-03-08 03:24:52,806] {logging_mixin.py:104} INFO - [2021-03-08 03:24:52,806] {dag.py:2273} INFO - Setting next_dagrun for tutorial_taskflow_api_etl to None
[2021-03-08 03:24:52,812] {scheduler_job.py:190} INFO - Processing /usr/local/lib/python3.6/dist-packages/airflow/example_dags/tutorial_taskflow_api_etl.py took 0.038 seconds
[2021-03-08 03:25:23,600] {scheduler_job.py:182} INFO - Started process (PID=714) to work on /usr/local/lib/python3.6/dist-packages/airflow/example_dags/tutorial_taskflow_api_etl.py
[2021-03-08 03:25:23,613] {scheduler_job.py:629} INFO - Processing file /usr/local/lib/python3.6/dist-packages/airflow/example_dags/tutorial_taskflow_api_etl.py for tasks to queue
[2021-03-08 03:25:23,613] {logging_mixin.py:104} INFO - [2021-03-08 03:25:23,613] {dagbag.py:448} INFO - Filling up the DagBag from /usr/local/lib/python3.6/dist-packages/airflow/example_dags/tutorial_taskflow_api_etl.py
[2021-03-08 03:25:23,627] {scheduler_job.py:639} INFO - DAG(s) dict_keys(['tutorial_taskflow_api_etl']) retrieved from /usr/local/lib/python3.6/dist-packages/airflow/example_dags/tutorial_taskflow_api_etl.py
[2021-03-08 03:25:23,668] {logging_mixin.py:104} INFO - [2021-03-08 03:25:23,668] {dag.py:1818} INFO - Sync 1 DAGs
[2021-03-08 03:25:23,678] {logging_mixin.py:104} INFO - [2021-03-08 03:25:23,677] {dag.py:2273} INFO - Setting next_dagrun for tutorial_taskflow_api_etl to None
[2021-03-08 03:25:23,686] {scheduler_job.py:190} INFO - Processing /usr/local/lib/python3.6/dist-packages/airflow/example_dags/tutorial_taskflow_api_etl.py took 0.088 seconds
[2021-03-08 03:25:54,389] {scheduler_job.py:182} INFO - Started process (PID=773) to work on /usr/local/lib/python3.6/dist-packages/airflow/example_dags/tutorial_taskflow_api_etl.py
[2021-03-08 03:25:54,390] {scheduler_job.py:629} INFO - Processing file /usr/local/lib/python3.6/dist-packages/airflow/example_dags/tutorial_taskflow_api_etl.py for tasks to queue
[2021-03-08 03:25:54,391] {logging_mixin.py:104} INFO - [2021-03-08 03:25:54,390] {dagbag.py:448} INFO - Filling up the DagBag from /usr/local/lib/python3.6/dist-packages/airflow/example_dags/tutorial_taskflow_api_etl.py
[2021-03-08 03:25:54,400] {scheduler_job.py:639} INFO - DAG(s) dict_keys(['tutorial_taskflow_api_etl']) retrieved from /usr/local/lib/python3.6/dist-packages/airflow/example_dags/tutorial_taskflow_api_etl.py
[2021-03-08 03:25:54,424] {logging_mixin.py:104} INFO - [2021-03-08 03:25:54,424] {dag.py:1818} INFO - Sync 1 DAGs
[2021-03-08 03:25:54,436] {logging_mixin.py:104} INFO - [2021-03-08 03:25:54,436] {dag.py:2273} INFO - Setting next_dagrun for tutorial_taskflow_api_etl to None
[2021-03-08 03:25:54,445] {scheduler_job.py:190} INFO - Processing /usr/local/lib/python3.6/dist-packages/airflow/example_dags/tutorial_taskflow_api_etl.py took 0.058 seconds
