[2021-03-08 03:06:17,389] {scheduler_job.py:182} INFO - Started process (PID=37) to work on /usr/local/lib/python3.6/dist-packages/airflow/example_dags/tutorial_etl_dag.py
[2021-03-08 03:06:17,390] {scheduler_job.py:629} INFO - Processing file /usr/local/lib/python3.6/dist-packages/airflow/example_dags/tutorial_etl_dag.py for tasks to queue
[2021-03-08 03:06:17,390] {logging_mixin.py:104} INFO - [2021-03-08 03:06:17,390] {dagbag.py:448} INFO - Filling up the DagBag from /usr/local/lib/python3.6/dist-packages/airflow/example_dags/tutorial_etl_dag.py
[2021-03-08 03:06:17,398] {scheduler_job.py:639} INFO - DAG(s) dict_keys(['tutorial_etl_dag']) retrieved from /usr/local/lib/python3.6/dist-packages/airflow/example_dags/tutorial_etl_dag.py
[2021-03-08 03:06:17,403] {logging_mixin.py:104} INFO - [2021-03-08 03:06:17,402] {dag.py:1818} INFO - Sync 1 DAGs
[2021-03-08 03:06:17,421] {logging_mixin.py:104} INFO - [2021-03-08 03:06:17,421] {dag.py:2273} INFO - Setting next_dagrun for tutorial_etl_dag to None
[2021-03-08 03:06:17,431] {scheduler_job.py:190} INFO - Processing /usr/local/lib/python3.6/dist-packages/airflow/example_dags/tutorial_etl_dag.py took 0.043 seconds
[2021-03-08 03:06:48,059] {scheduler_job.py:182} INFO - Started process (PID=126) to work on /usr/local/lib/python3.6/dist-packages/airflow/example_dags/tutorial_etl_dag.py
[2021-03-08 03:06:48,061] {scheduler_job.py:629} INFO - Processing file /usr/local/lib/python3.6/dist-packages/airflow/example_dags/tutorial_etl_dag.py for tasks to queue
[2021-03-08 03:06:48,063] {logging_mixin.py:104} INFO - [2021-03-08 03:06:48,063] {dagbag.py:448} INFO - Filling up the DagBag from /usr/local/lib/python3.6/dist-packages/airflow/example_dags/tutorial_etl_dag.py
[2021-03-08 03:06:48,084] {scheduler_job.py:639} INFO - DAG(s) dict_keys(['tutorial_etl_dag']) retrieved from /usr/local/lib/python3.6/dist-packages/airflow/example_dags/tutorial_etl_dag.py
[2021-03-08 03:06:48,095] {logging_mixin.py:104} INFO - [2021-03-08 03:06:48,095] {dag.py:1818} INFO - Sync 1 DAGs
[2021-03-08 03:06:48,103] {logging_mixin.py:104} INFO - [2021-03-08 03:06:48,102] {dag.py:2273} INFO - Setting next_dagrun for tutorial_etl_dag to None
[2021-03-08 03:06:48,108] {scheduler_job.py:190} INFO - Processing /usr/local/lib/python3.6/dist-packages/airflow/example_dags/tutorial_etl_dag.py took 0.054 seconds
[2021-03-08 03:07:18,935] {scheduler_job.py:182} INFO - Started process (PID=185) to work on /usr/local/lib/python3.6/dist-packages/airflow/example_dags/tutorial_etl_dag.py
[2021-03-08 03:07:18,936] {scheduler_job.py:629} INFO - Processing file /usr/local/lib/python3.6/dist-packages/airflow/example_dags/tutorial_etl_dag.py for tasks to queue
[2021-03-08 03:07:18,936] {logging_mixin.py:104} INFO - [2021-03-08 03:07:18,936] {dagbag.py:448} INFO - Filling up the DagBag from /usr/local/lib/python3.6/dist-packages/airflow/example_dags/tutorial_etl_dag.py
[2021-03-08 03:07:18,942] {scheduler_job.py:639} INFO - DAG(s) dict_keys(['tutorial_etl_dag']) retrieved from /usr/local/lib/python3.6/dist-packages/airflow/example_dags/tutorial_etl_dag.py
[2021-03-08 03:07:18,950] {logging_mixin.py:104} INFO - [2021-03-08 03:07:18,950] {dag.py:1818} INFO - Sync 1 DAGs
[2021-03-08 03:07:18,956] {logging_mixin.py:104} INFO - [2021-03-08 03:07:18,956] {dag.py:2273} INFO - Setting next_dagrun for tutorial_etl_dag to None
[2021-03-08 03:07:18,960] {scheduler_job.py:190} INFO - Processing /usr/local/lib/python3.6/dist-packages/airflow/example_dags/tutorial_etl_dag.py took 0.026 seconds
[2021-03-08 03:07:49,759] {scheduler_job.py:182} INFO - Started process (PID=245) to work on /usr/local/lib/python3.6/dist-packages/airflow/example_dags/tutorial_etl_dag.py
[2021-03-08 03:07:49,762] {scheduler_job.py:629} INFO - Processing file /usr/local/lib/python3.6/dist-packages/airflow/example_dags/tutorial_etl_dag.py for tasks to queue
[2021-03-08 03:07:49,763] {logging_mixin.py:104} INFO - [2021-03-08 03:07:49,763] {dagbag.py:448} INFO - Filling up the DagBag from /usr/local/lib/python3.6/dist-packages/airflow/example_dags/tutorial_etl_dag.py
[2021-03-08 03:07:49,783] {scheduler_job.py:639} INFO - DAG(s) dict_keys(['tutorial_etl_dag']) retrieved from /usr/local/lib/python3.6/dist-packages/airflow/example_dags/tutorial_etl_dag.py
[2021-03-08 03:07:49,794] {logging_mixin.py:104} INFO - [2021-03-08 03:07:49,794] {dag.py:1818} INFO - Sync 1 DAGs
[2021-03-08 03:07:49,802] {logging_mixin.py:104} INFO - [2021-03-08 03:07:49,802] {dag.py:2273} INFO - Setting next_dagrun for tutorial_etl_dag to None
[2021-03-08 03:07:49,806] {scheduler_job.py:190} INFO - Processing /usr/local/lib/python3.6/dist-packages/airflow/example_dags/tutorial_etl_dag.py took 0.052 seconds
[2021-03-08 03:08:20,744] {scheduler_job.py:182} INFO - Started process (PID=313) to work on /usr/local/lib/python3.6/dist-packages/airflow/example_dags/tutorial_etl_dag.py
[2021-03-08 03:08:20,747] {scheduler_job.py:629} INFO - Processing file /usr/local/lib/python3.6/dist-packages/airflow/example_dags/tutorial_etl_dag.py for tasks to queue
[2021-03-08 03:08:20,748] {logging_mixin.py:104} INFO - [2021-03-08 03:08:20,748] {dagbag.py:448} INFO - Filling up the DagBag from /usr/local/lib/python3.6/dist-packages/airflow/example_dags/tutorial_etl_dag.py
[2021-03-08 03:08:20,772] {scheduler_job.py:639} INFO - DAG(s) dict_keys(['tutorial_etl_dag']) retrieved from /usr/local/lib/python3.6/dist-packages/airflow/example_dags/tutorial_etl_dag.py
[2021-03-08 03:08:20,785] {logging_mixin.py:104} INFO - [2021-03-08 03:08:20,785] {dag.py:1818} INFO - Sync 1 DAGs
[2021-03-08 03:08:20,793] {logging_mixin.py:104} INFO - [2021-03-08 03:08:20,793] {dag.py:2273} INFO - Setting next_dagrun for tutorial_etl_dag to None
[2021-03-08 03:08:20,798] {scheduler_job.py:190} INFO - Processing /usr/local/lib/python3.6/dist-packages/airflow/example_dags/tutorial_etl_dag.py took 0.060 seconds
[2021-03-08 03:08:51,506] {scheduler_job.py:182} INFO - Started process (PID=373) to work on /usr/local/lib/python3.6/dist-packages/airflow/example_dags/tutorial_etl_dag.py
[2021-03-08 03:08:51,508] {scheduler_job.py:629} INFO - Processing file /usr/local/lib/python3.6/dist-packages/airflow/example_dags/tutorial_etl_dag.py for tasks to queue
[2021-03-08 03:08:51,509] {logging_mixin.py:104} INFO - [2021-03-08 03:08:51,509] {dagbag.py:448} INFO - Filling up the DagBag from /usr/local/lib/python3.6/dist-packages/airflow/example_dags/tutorial_etl_dag.py
[2021-03-08 03:08:51,530] {scheduler_job.py:639} INFO - DAG(s) dict_keys(['tutorial_etl_dag']) retrieved from /usr/local/lib/python3.6/dist-packages/airflow/example_dags/tutorial_etl_dag.py
[2021-03-08 03:08:51,541] {logging_mixin.py:104} INFO - [2021-03-08 03:08:51,541] {dag.py:1818} INFO - Sync 1 DAGs
[2021-03-08 03:08:51,549] {logging_mixin.py:104} INFO - [2021-03-08 03:08:51,549] {dag.py:2273} INFO - Setting next_dagrun for tutorial_etl_dag to None
[2021-03-08 03:08:51,553] {scheduler_job.py:190} INFO - Processing /usr/local/lib/python3.6/dist-packages/airflow/example_dags/tutorial_etl_dag.py took 0.053 seconds
[2021-03-08 03:09:22,328] {scheduler_job.py:182} INFO - Started process (PID=434) to work on /usr/local/lib/python3.6/dist-packages/airflow/example_dags/tutorial_etl_dag.py
[2021-03-08 03:09:22,330] {scheduler_job.py:629} INFO - Processing file /usr/local/lib/python3.6/dist-packages/airflow/example_dags/tutorial_etl_dag.py for tasks to queue
[2021-03-08 03:09:22,331] {logging_mixin.py:104} INFO - [2021-03-08 03:09:22,331] {dagbag.py:448} INFO - Filling up the DagBag from /usr/local/lib/python3.6/dist-packages/airflow/example_dags/tutorial_etl_dag.py
[2021-03-08 03:09:22,351] {scheduler_job.py:639} INFO - DAG(s) dict_keys(['tutorial_etl_dag']) retrieved from /usr/local/lib/python3.6/dist-packages/airflow/example_dags/tutorial_etl_dag.py
[2021-03-08 03:09:22,363] {logging_mixin.py:104} INFO - [2021-03-08 03:09:22,363] {dag.py:1818} INFO - Sync 1 DAGs
[2021-03-08 03:09:22,372] {logging_mixin.py:104} INFO - [2021-03-08 03:09:22,372] {dag.py:2273} INFO - Setting next_dagrun for tutorial_etl_dag to None
[2021-03-08 03:09:22,376] {scheduler_job.py:190} INFO - Processing /usr/local/lib/python3.6/dist-packages/airflow/example_dags/tutorial_etl_dag.py took 0.055 seconds
[2021-03-08 03:09:53,097] {scheduler_job.py:182} INFO - Started process (PID=502) to work on /usr/local/lib/python3.6/dist-packages/airflow/example_dags/tutorial_etl_dag.py
[2021-03-08 03:09:53,098] {scheduler_job.py:629} INFO - Processing file /usr/local/lib/python3.6/dist-packages/airflow/example_dags/tutorial_etl_dag.py for tasks to queue
[2021-03-08 03:09:53,098] {logging_mixin.py:104} INFO - [2021-03-08 03:09:53,098] {dagbag.py:448} INFO - Filling up the DagBag from /usr/local/lib/python3.6/dist-packages/airflow/example_dags/tutorial_etl_dag.py
[2021-03-08 03:09:53,105] {scheduler_job.py:639} INFO - DAG(s) dict_keys(['tutorial_etl_dag']) retrieved from /usr/local/lib/python3.6/dist-packages/airflow/example_dags/tutorial_etl_dag.py
[2021-03-08 03:09:53,113] {logging_mixin.py:104} INFO - [2021-03-08 03:09:53,113] {dag.py:1818} INFO - Sync 1 DAGs
[2021-03-08 03:09:53,121] {logging_mixin.py:104} INFO - [2021-03-08 03:09:53,121] {dag.py:2273} INFO - Setting next_dagrun for tutorial_etl_dag to None
[2021-03-08 03:09:53,125] {scheduler_job.py:190} INFO - Processing /usr/local/lib/python3.6/dist-packages/airflow/example_dags/tutorial_etl_dag.py took 0.029 seconds
[2021-03-08 03:10:23,982] {scheduler_job.py:182} INFO - Started process (PID=561) to work on /usr/local/lib/python3.6/dist-packages/airflow/example_dags/tutorial_etl_dag.py
[2021-03-08 03:10:23,983] {scheduler_job.py:629} INFO - Processing file /usr/local/lib/python3.6/dist-packages/airflow/example_dags/tutorial_etl_dag.py for tasks to queue
[2021-03-08 03:10:23,983] {logging_mixin.py:104} INFO - [2021-03-08 03:10:23,983] {dagbag.py:448} INFO - Filling up the DagBag from /usr/local/lib/python3.6/dist-packages/airflow/example_dags/tutorial_etl_dag.py
[2021-03-08 03:10:23,990] {scheduler_job.py:639} INFO - DAG(s) dict_keys(['tutorial_etl_dag']) retrieved from /usr/local/lib/python3.6/dist-packages/airflow/example_dags/tutorial_etl_dag.py
[2021-03-08 03:10:23,997] {logging_mixin.py:104} INFO - [2021-03-08 03:10:23,997] {dag.py:1818} INFO - Sync 1 DAGs
[2021-03-08 03:10:24,004] {logging_mixin.py:104} INFO - [2021-03-08 03:10:24,004] {dag.py:2273} INFO - Setting next_dagrun for tutorial_etl_dag to None
[2021-03-08 03:10:24,008] {scheduler_job.py:190} INFO - Processing /usr/local/lib/python3.6/dist-packages/airflow/example_dags/tutorial_etl_dag.py took 0.028 seconds
[2021-03-08 03:10:54,757] {scheduler_job.py:182} INFO - Started process (PID=620) to work on /usr/local/lib/python3.6/dist-packages/airflow/example_dags/tutorial_etl_dag.py
[2021-03-08 03:10:54,758] {scheduler_job.py:629} INFO - Processing file /usr/local/lib/python3.6/dist-packages/airflow/example_dags/tutorial_etl_dag.py for tasks to queue
[2021-03-08 03:10:54,758] {logging_mixin.py:104} INFO - [2021-03-08 03:10:54,758] {dagbag.py:448} INFO - Filling up the DagBag from /usr/local/lib/python3.6/dist-packages/airflow/example_dags/tutorial_etl_dag.py
[2021-03-08 03:10:54,764] {scheduler_job.py:639} INFO - DAG(s) dict_keys(['tutorial_etl_dag']) retrieved from /usr/local/lib/python3.6/dist-packages/airflow/example_dags/tutorial_etl_dag.py
[2021-03-08 03:10:54,771] {logging_mixin.py:104} INFO - [2021-03-08 03:10:54,771] {dag.py:1818} INFO - Sync 1 DAGs
[2021-03-08 03:10:54,778] {logging_mixin.py:104} INFO - [2021-03-08 03:10:54,778] {dag.py:2273} INFO - Setting next_dagrun for tutorial_etl_dag to None
[2021-03-08 03:10:54,782] {scheduler_job.py:190} INFO - Processing /usr/local/lib/python3.6/dist-packages/airflow/example_dags/tutorial_etl_dag.py took 0.027 seconds
[2021-03-08 03:11:25,321] {scheduler_job.py:182} INFO - Started process (PID=679) to work on /usr/local/lib/python3.6/dist-packages/airflow/example_dags/tutorial_etl_dag.py
[2021-03-08 03:11:25,321] {scheduler_job.py:629} INFO - Processing file /usr/local/lib/python3.6/dist-packages/airflow/example_dags/tutorial_etl_dag.py for tasks to queue
[2021-03-08 03:11:25,322] {logging_mixin.py:104} INFO - [2021-03-08 03:11:25,322] {dagbag.py:448} INFO - Filling up the DagBag from /usr/local/lib/python3.6/dist-packages/airflow/example_dags/tutorial_etl_dag.py
[2021-03-08 03:11:25,329] {scheduler_job.py:639} INFO - DAG(s) dict_keys(['tutorial_etl_dag']) retrieved from /usr/local/lib/python3.6/dist-packages/airflow/example_dags/tutorial_etl_dag.py
[2021-03-08 03:11:25,336] {logging_mixin.py:104} INFO - [2021-03-08 03:11:25,335] {dag.py:1818} INFO - Sync 1 DAGs
[2021-03-08 03:11:25,342] {logging_mixin.py:104} INFO - [2021-03-08 03:11:25,342] {dag.py:2273} INFO - Setting next_dagrun for tutorial_etl_dag to None
[2021-03-08 03:11:25,346] {scheduler_job.py:190} INFO - Processing /usr/local/lib/python3.6/dist-packages/airflow/example_dags/tutorial_etl_dag.py took 0.027 seconds
[2021-03-08 03:17:40,167] {scheduler_job.py:182} INFO - Started process (PID=56) to work on /usr/local/lib/python3.6/dist-packages/airflow/example_dags/tutorial_etl_dag.py
[2021-03-08 03:17:40,167] {scheduler_job.py:629} INFO - Processing file /usr/local/lib/python3.6/dist-packages/airflow/example_dags/tutorial_etl_dag.py for tasks to queue
[2021-03-08 03:17:40,168] {logging_mixin.py:104} INFO - [2021-03-08 03:17:40,167] {dagbag.py:448} INFO - Filling up the DagBag from /usr/local/lib/python3.6/dist-packages/airflow/example_dags/tutorial_etl_dag.py
[2021-03-08 03:17:40,176] {scheduler_job.py:639} INFO - DAG(s) dict_keys(['tutorial_etl_dag']) retrieved from /usr/local/lib/python3.6/dist-packages/airflow/example_dags/tutorial_etl_dag.py
[2021-03-08 03:17:40,185] {logging_mixin.py:104} INFO - [2021-03-08 03:17:40,185] {dag.py:1818} INFO - Sync 1 DAGs
[2021-03-08 03:17:40,197] {logging_mixin.py:104} INFO - [2021-03-08 03:17:40,197] {dag.py:2273} INFO - Setting next_dagrun for tutorial_etl_dag to None
[2021-03-08 03:17:40,204] {scheduler_job.py:190} INFO - Processing /usr/local/lib/python3.6/dist-packages/airflow/example_dags/tutorial_etl_dag.py took 0.039 seconds
[2021-03-08 03:18:13,516] {scheduler_job.py:182} INFO - Started process (PID=41) to work on /usr/local/lib/python3.6/dist-packages/airflow/example_dags/tutorial_etl_dag.py
[2021-03-08 03:18:13,516] {scheduler_job.py:629} INFO - Processing file /usr/local/lib/python3.6/dist-packages/airflow/example_dags/tutorial_etl_dag.py for tasks to queue
[2021-03-08 03:18:13,517] {logging_mixin.py:104} INFO - [2021-03-08 03:18:13,517] {dagbag.py:448} INFO - Filling up the DagBag from /usr/local/lib/python3.6/dist-packages/airflow/example_dags/tutorial_etl_dag.py
[2021-03-08 03:18:13,525] {scheduler_job.py:639} INFO - DAG(s) dict_keys(['tutorial_etl_dag']) retrieved from /usr/local/lib/python3.6/dist-packages/airflow/example_dags/tutorial_etl_dag.py
[2021-03-08 03:18:13,537] {logging_mixin.py:104} INFO - [2021-03-08 03:18:13,537] {dag.py:1818} INFO - Sync 1 DAGs
[2021-03-08 03:18:13,546] {logging_mixin.py:104} INFO - [2021-03-08 03:18:13,546] {dag.py:2273} INFO - Setting next_dagrun for tutorial_etl_dag to None
[2021-03-08 03:18:13,553] {scheduler_job.py:190} INFO - Processing /usr/local/lib/python3.6/dist-packages/airflow/example_dags/tutorial_etl_dag.py took 0.040 seconds
[2021-03-08 03:18:44,242] {scheduler_job.py:182} INFO - Started process (PID=128) to work on /usr/local/lib/python3.6/dist-packages/airflow/example_dags/tutorial_etl_dag.py
[2021-03-08 03:18:44,243] {scheduler_job.py:629} INFO - Processing file /usr/local/lib/python3.6/dist-packages/airflow/example_dags/tutorial_etl_dag.py for tasks to queue
[2021-03-08 03:18:44,243] {logging_mixin.py:104} INFO - [2021-03-08 03:18:44,243] {dagbag.py:448} INFO - Filling up the DagBag from /usr/local/lib/python3.6/dist-packages/airflow/example_dags/tutorial_etl_dag.py
[2021-03-08 03:18:44,251] {scheduler_job.py:639} INFO - DAG(s) dict_keys(['tutorial_etl_dag']) retrieved from /usr/local/lib/python3.6/dist-packages/airflow/example_dags/tutorial_etl_dag.py
[2021-03-08 03:18:44,264] {logging_mixin.py:104} INFO - [2021-03-08 03:18:44,264] {dag.py:1818} INFO - Sync 1 DAGs
[2021-03-08 03:18:44,274] {logging_mixin.py:104} INFO - [2021-03-08 03:18:44,273] {dag.py:2273} INFO - Setting next_dagrun for tutorial_etl_dag to None
[2021-03-08 03:18:44,279] {scheduler_job.py:190} INFO - Processing /usr/local/lib/python3.6/dist-packages/airflow/example_dags/tutorial_etl_dag.py took 0.039 seconds
[2021-03-08 03:19:14,907] {scheduler_job.py:182} INFO - Started process (PID=186) to work on /usr/local/lib/python3.6/dist-packages/airflow/example_dags/tutorial_etl_dag.py
[2021-03-08 03:19:14,907] {scheduler_job.py:629} INFO - Processing file /usr/local/lib/python3.6/dist-packages/airflow/example_dags/tutorial_etl_dag.py for tasks to queue
[2021-03-08 03:19:14,908] {logging_mixin.py:104} INFO - [2021-03-08 03:19:14,908] {dagbag.py:448} INFO - Filling up the DagBag from /usr/local/lib/python3.6/dist-packages/airflow/example_dags/tutorial_etl_dag.py
[2021-03-08 03:19:14,916] {scheduler_job.py:639} INFO - DAG(s) dict_keys(['tutorial_etl_dag']) retrieved from /usr/local/lib/python3.6/dist-packages/airflow/example_dags/tutorial_etl_dag.py
[2021-03-08 03:19:14,927] {logging_mixin.py:104} INFO - [2021-03-08 03:19:14,927] {dag.py:1818} INFO - Sync 1 DAGs
[2021-03-08 03:19:14,935] {logging_mixin.py:104} INFO - [2021-03-08 03:19:14,934] {dag.py:2273} INFO - Setting next_dagrun for tutorial_etl_dag to None
[2021-03-08 03:19:14,940] {scheduler_job.py:190} INFO - Processing /usr/local/lib/python3.6/dist-packages/airflow/example_dags/tutorial_etl_dag.py took 0.035 seconds
[2021-03-08 03:19:45,942] {scheduler_job.py:182} INFO - Started process (PID=37) to work on /usr/local/lib/python3.6/dist-packages/airflow/example_dags/tutorial_etl_dag.py
[2021-03-08 03:19:45,942] {scheduler_job.py:629} INFO - Processing file /usr/local/lib/python3.6/dist-packages/airflow/example_dags/tutorial_etl_dag.py for tasks to queue
[2021-03-08 03:19:45,943] {logging_mixin.py:104} INFO - [2021-03-08 03:19:45,943] {dagbag.py:448} INFO - Filling up the DagBag from /usr/local/lib/python3.6/dist-packages/airflow/example_dags/tutorial_etl_dag.py
[2021-03-08 03:19:45,957] {scheduler_job.py:639} INFO - DAG(s) dict_keys(['tutorial_etl_dag']) retrieved from /usr/local/lib/python3.6/dist-packages/airflow/example_dags/tutorial_etl_dag.py
[2021-03-08 03:19:45,973] {logging_mixin.py:104} INFO - [2021-03-08 03:19:45,973] {dag.py:1818} INFO - Sync 1 DAGs
[2021-03-08 03:19:45,986] {logging_mixin.py:104} INFO - [2021-03-08 03:19:45,986] {dag.py:2273} INFO - Setting next_dagrun for tutorial_etl_dag to None
[2021-03-08 03:19:45,993] {scheduler_job.py:190} INFO - Processing /usr/local/lib/python3.6/dist-packages/airflow/example_dags/tutorial_etl_dag.py took 0.053 seconds
[2021-03-08 03:20:16,657] {scheduler_job.py:182} INFO - Started process (PID=124) to work on /usr/local/lib/python3.6/dist-packages/airflow/example_dags/tutorial_etl_dag.py
[2021-03-08 03:20:16,658] {scheduler_job.py:629} INFO - Processing file /usr/local/lib/python3.6/dist-packages/airflow/example_dags/tutorial_etl_dag.py for tasks to queue
[2021-03-08 03:20:16,658] {logging_mixin.py:104} INFO - [2021-03-08 03:20:16,658] {dagbag.py:448} INFO - Filling up the DagBag from /usr/local/lib/python3.6/dist-packages/airflow/example_dags/tutorial_etl_dag.py
[2021-03-08 03:20:16,667] {scheduler_job.py:639} INFO - DAG(s) dict_keys(['tutorial_etl_dag']) retrieved from /usr/local/lib/python3.6/dist-packages/airflow/example_dags/tutorial_etl_dag.py
[2021-03-08 03:20:16,679] {logging_mixin.py:104} INFO - [2021-03-08 03:20:16,679] {dag.py:1818} INFO - Sync 1 DAGs
[2021-03-08 03:20:16,687] {logging_mixin.py:104} INFO - [2021-03-08 03:20:16,687] {dag.py:2273} INFO - Setting next_dagrun for tutorial_etl_dag to None
[2021-03-08 03:20:16,692] {scheduler_job.py:190} INFO - Processing /usr/local/lib/python3.6/dist-packages/airflow/example_dags/tutorial_etl_dag.py took 0.037 seconds
[2021-03-08 03:20:47,392] {scheduler_job.py:182} INFO - Started process (PID=181) to work on /usr/local/lib/python3.6/dist-packages/airflow/example_dags/tutorial_etl_dag.py
[2021-03-08 03:20:47,395] {scheduler_job.py:629} INFO - Processing file /usr/local/lib/python3.6/dist-packages/airflow/example_dags/tutorial_etl_dag.py for tasks to queue
[2021-03-08 03:20:47,395] {logging_mixin.py:104} INFO - [2021-03-08 03:20:47,395] {dagbag.py:448} INFO - Filling up the DagBag from /usr/local/lib/python3.6/dist-packages/airflow/example_dags/tutorial_etl_dag.py
[2021-03-08 03:20:47,401] {scheduler_job.py:639} INFO - DAG(s) dict_keys(['tutorial_etl_dag']) retrieved from /usr/local/lib/python3.6/dist-packages/airflow/example_dags/tutorial_etl_dag.py
[2021-03-08 03:20:47,412] {logging_mixin.py:104} INFO - [2021-03-08 03:20:47,412] {dag.py:1818} INFO - Sync 1 DAGs
[2021-03-08 03:20:47,421] {logging_mixin.py:104} INFO - [2021-03-08 03:20:47,420] {dag.py:2273} INFO - Setting next_dagrun for tutorial_etl_dag to None
[2021-03-08 03:20:47,426] {scheduler_job.py:190} INFO - Processing /usr/local/lib/python3.6/dist-packages/airflow/example_dags/tutorial_etl_dag.py took 0.035 seconds
[2021-03-08 03:21:18,057] {scheduler_job.py:182} INFO - Started process (PID=239) to work on /usr/local/lib/python3.6/dist-packages/airflow/example_dags/tutorial_etl_dag.py
[2021-03-08 03:21:18,058] {scheduler_job.py:629} INFO - Processing file /usr/local/lib/python3.6/dist-packages/airflow/example_dags/tutorial_etl_dag.py for tasks to queue
[2021-03-08 03:21:18,058] {logging_mixin.py:104} INFO - [2021-03-08 03:21:18,058] {dagbag.py:448} INFO - Filling up the DagBag from /usr/local/lib/python3.6/dist-packages/airflow/example_dags/tutorial_etl_dag.py
[2021-03-08 03:21:18,066] {scheduler_job.py:639} INFO - DAG(s) dict_keys(['tutorial_etl_dag']) retrieved from /usr/local/lib/python3.6/dist-packages/airflow/example_dags/tutorial_etl_dag.py
[2021-03-08 03:21:18,081] {logging_mixin.py:104} INFO - [2021-03-08 03:21:18,081] {dag.py:1818} INFO - Sync 1 DAGs
[2021-03-08 03:21:18,092] {logging_mixin.py:104} INFO - [2021-03-08 03:21:18,092] {dag.py:2273} INFO - Setting next_dagrun for tutorial_etl_dag to None
[2021-03-08 03:21:18,098] {scheduler_job.py:190} INFO - Processing /usr/local/lib/python3.6/dist-packages/airflow/example_dags/tutorial_etl_dag.py took 0.042 seconds
[2021-03-08 03:21:48,750] {scheduler_job.py:182} INFO - Started process (PID=297) to work on /usr/local/lib/python3.6/dist-packages/airflow/example_dags/tutorial_etl_dag.py
[2021-03-08 03:21:48,751] {scheduler_job.py:629} INFO - Processing file /usr/local/lib/python3.6/dist-packages/airflow/example_dags/tutorial_etl_dag.py for tasks to queue
[2021-03-08 03:21:48,751] {logging_mixin.py:104} INFO - [2021-03-08 03:21:48,751] {dagbag.py:448} INFO - Filling up the DagBag from /usr/local/lib/python3.6/dist-packages/airflow/example_dags/tutorial_etl_dag.py
[2021-03-08 03:21:48,758] {scheduler_job.py:639} INFO - DAG(s) dict_keys(['tutorial_etl_dag']) retrieved from /usr/local/lib/python3.6/dist-packages/airflow/example_dags/tutorial_etl_dag.py
[2021-03-08 03:21:48,769] {logging_mixin.py:104} INFO - [2021-03-08 03:21:48,769] {dag.py:1818} INFO - Sync 1 DAGs
[2021-03-08 03:21:48,777] {logging_mixin.py:104} INFO - [2021-03-08 03:21:48,777] {dag.py:2273} INFO - Setting next_dagrun for tutorial_etl_dag to None
[2021-03-08 03:21:48,783] {scheduler_job.py:190} INFO - Processing /usr/local/lib/python3.6/dist-packages/airflow/example_dags/tutorial_etl_dag.py took 0.034 seconds
[2021-03-08 03:22:19,388] {scheduler_job.py:182} INFO - Started process (PID=356) to work on /usr/local/lib/python3.6/dist-packages/airflow/example_dags/tutorial_etl_dag.py
[2021-03-08 03:22:19,389] {scheduler_job.py:629} INFO - Processing file /usr/local/lib/python3.6/dist-packages/airflow/example_dags/tutorial_etl_dag.py for tasks to queue
[2021-03-08 03:22:19,389] {logging_mixin.py:104} INFO - [2021-03-08 03:22:19,389] {dagbag.py:448} INFO - Filling up the DagBag from /usr/local/lib/python3.6/dist-packages/airflow/example_dags/tutorial_etl_dag.py
[2021-03-08 03:22:19,397] {scheduler_job.py:639} INFO - DAG(s) dict_keys(['tutorial_etl_dag']) retrieved from /usr/local/lib/python3.6/dist-packages/airflow/example_dags/tutorial_etl_dag.py
[2021-03-08 03:22:19,408] {logging_mixin.py:104} INFO - [2021-03-08 03:22:19,408] {dag.py:1818} INFO - Sync 1 DAGs
[2021-03-08 03:22:19,416] {logging_mixin.py:104} INFO - [2021-03-08 03:22:19,416] {dag.py:2273} INFO - Setting next_dagrun for tutorial_etl_dag to None
[2021-03-08 03:22:19,421] {scheduler_job.py:190} INFO - Processing /usr/local/lib/python3.6/dist-packages/airflow/example_dags/tutorial_etl_dag.py took 0.035 seconds
[2021-03-08 03:22:50,052] {scheduler_job.py:182} INFO - Started process (PID=415) to work on /usr/local/lib/python3.6/dist-packages/airflow/example_dags/tutorial_etl_dag.py
[2021-03-08 03:22:50,052] {scheduler_job.py:629} INFO - Processing file /usr/local/lib/python3.6/dist-packages/airflow/example_dags/tutorial_etl_dag.py for tasks to queue
[2021-03-08 03:22:50,052] {logging_mixin.py:104} INFO - [2021-03-08 03:22:50,052] {dagbag.py:448} INFO - Filling up the DagBag from /usr/local/lib/python3.6/dist-packages/airflow/example_dags/tutorial_etl_dag.py
[2021-03-08 03:22:50,059] {scheduler_job.py:639} INFO - DAG(s) dict_keys(['tutorial_etl_dag']) retrieved from /usr/local/lib/python3.6/dist-packages/airflow/example_dags/tutorial_etl_dag.py
[2021-03-08 03:22:50,072] {logging_mixin.py:104} INFO - [2021-03-08 03:22:50,072] {dag.py:1818} INFO - Sync 1 DAGs
[2021-03-08 03:22:50,081] {logging_mixin.py:104} INFO - [2021-03-08 03:22:50,081] {dag.py:2273} INFO - Setting next_dagrun for tutorial_etl_dag to None
[2021-03-08 03:22:50,087] {scheduler_job.py:190} INFO - Processing /usr/local/lib/python3.6/dist-packages/airflow/example_dags/tutorial_etl_dag.py took 0.037 seconds
[2021-03-08 03:23:20,725] {scheduler_job.py:182} INFO - Started process (PID=475) to work on /usr/local/lib/python3.6/dist-packages/airflow/example_dags/tutorial_etl_dag.py
[2021-03-08 03:23:20,726] {scheduler_job.py:629} INFO - Processing file /usr/local/lib/python3.6/dist-packages/airflow/example_dags/tutorial_etl_dag.py for tasks to queue
[2021-03-08 03:23:20,726] {logging_mixin.py:104} INFO - [2021-03-08 03:23:20,726] {dagbag.py:448} INFO - Filling up the DagBag from /usr/local/lib/python3.6/dist-packages/airflow/example_dags/tutorial_etl_dag.py
[2021-03-08 03:23:20,732] {scheduler_job.py:639} INFO - DAG(s) dict_keys(['tutorial_etl_dag']) retrieved from /usr/local/lib/python3.6/dist-packages/airflow/example_dags/tutorial_etl_dag.py
[2021-03-08 03:23:20,744] {logging_mixin.py:104} INFO - [2021-03-08 03:23:20,744] {dag.py:1818} INFO - Sync 1 DAGs
[2021-03-08 03:23:20,752] {logging_mixin.py:104} INFO - [2021-03-08 03:23:20,752] {dag.py:2273} INFO - Setting next_dagrun for tutorial_etl_dag to None
[2021-03-08 03:23:20,758] {scheduler_job.py:190} INFO - Processing /usr/local/lib/python3.6/dist-packages/airflow/example_dags/tutorial_etl_dag.py took 0.035 seconds
[2021-03-08 03:23:51,479] {scheduler_job.py:182} INFO - Started process (PID=534) to work on /usr/local/lib/python3.6/dist-packages/airflow/example_dags/tutorial_etl_dag.py
[2021-03-08 03:23:51,480] {scheduler_job.py:629} INFO - Processing file /usr/local/lib/python3.6/dist-packages/airflow/example_dags/tutorial_etl_dag.py for tasks to queue
[2021-03-08 03:23:51,481] {logging_mixin.py:104} INFO - [2021-03-08 03:23:51,480] {dagbag.py:448} INFO - Filling up the DagBag from /usr/local/lib/python3.6/dist-packages/airflow/example_dags/tutorial_etl_dag.py
[2021-03-08 03:23:51,488] {scheduler_job.py:639} INFO - DAG(s) dict_keys(['tutorial_etl_dag']) retrieved from /usr/local/lib/python3.6/dist-packages/airflow/example_dags/tutorial_etl_dag.py
[2021-03-08 03:23:51,503] {logging_mixin.py:104} INFO - [2021-03-08 03:23:51,503] {dag.py:1818} INFO - Sync 1 DAGs
[2021-03-08 03:23:51,516] {logging_mixin.py:104} INFO - [2021-03-08 03:23:51,515] {dag.py:2273} INFO - Setting next_dagrun for tutorial_etl_dag to None
[2021-03-08 03:23:51,522] {scheduler_job.py:190} INFO - Processing /usr/local/lib/python3.6/dist-packages/airflow/example_dags/tutorial_etl_dag.py took 0.046 seconds
[2021-03-08 03:24:22,172] {scheduler_job.py:182} INFO - Started process (PID=592) to work on /usr/local/lib/python3.6/dist-packages/airflow/example_dags/tutorial_etl_dag.py
[2021-03-08 03:24:22,172] {scheduler_job.py:629} INFO - Processing file /usr/local/lib/python3.6/dist-packages/airflow/example_dags/tutorial_etl_dag.py for tasks to queue
[2021-03-08 03:24:22,172] {logging_mixin.py:104} INFO - [2021-03-08 03:24:22,172] {dagbag.py:448} INFO - Filling up the DagBag from /usr/local/lib/python3.6/dist-packages/airflow/example_dags/tutorial_etl_dag.py
[2021-03-08 03:24:22,179] {scheduler_job.py:639} INFO - DAG(s) dict_keys(['tutorial_etl_dag']) retrieved from /usr/local/lib/python3.6/dist-packages/airflow/example_dags/tutorial_etl_dag.py
[2021-03-08 03:24:22,191] {logging_mixin.py:104} INFO - [2021-03-08 03:24:22,191] {dag.py:1818} INFO - Sync 1 DAGs
[2021-03-08 03:24:22,201] {logging_mixin.py:104} INFO - [2021-03-08 03:24:22,201] {dag.py:2273} INFO - Setting next_dagrun for tutorial_etl_dag to None
[2021-03-08 03:24:22,208] {scheduler_job.py:190} INFO - Processing /usr/local/lib/python3.6/dist-packages/airflow/example_dags/tutorial_etl_dag.py took 0.038 seconds
[2021-03-08 03:24:52,870] {scheduler_job.py:182} INFO - Started process (PID=651) to work on /usr/local/lib/python3.6/dist-packages/airflow/example_dags/tutorial_etl_dag.py
[2021-03-08 03:24:52,870] {scheduler_job.py:629} INFO - Processing file /usr/local/lib/python3.6/dist-packages/airflow/example_dags/tutorial_etl_dag.py for tasks to queue
[2021-03-08 03:24:52,871] {logging_mixin.py:104} INFO - [2021-03-08 03:24:52,871] {dagbag.py:448} INFO - Filling up the DagBag from /usr/local/lib/python3.6/dist-packages/airflow/example_dags/tutorial_etl_dag.py
[2021-03-08 03:24:52,877] {scheduler_job.py:639} INFO - DAG(s) dict_keys(['tutorial_etl_dag']) retrieved from /usr/local/lib/python3.6/dist-packages/airflow/example_dags/tutorial_etl_dag.py
[2021-03-08 03:24:52,887] {logging_mixin.py:104} INFO - [2021-03-08 03:24:52,887] {dag.py:1818} INFO - Sync 1 DAGs
[2021-03-08 03:24:52,896] {logging_mixin.py:104} INFO - [2021-03-08 03:24:52,896] {dag.py:2273} INFO - Setting next_dagrun for tutorial_etl_dag to None
[2021-03-08 03:24:52,902] {scheduler_job.py:190} INFO - Processing /usr/local/lib/python3.6/dist-packages/airflow/example_dags/tutorial_etl_dag.py took 0.034 seconds
[2021-03-08 03:25:23,754] {scheduler_job.py:182} INFO - Started process (PID=718) to work on /usr/local/lib/python3.6/dist-packages/airflow/example_dags/tutorial_etl_dag.py
[2021-03-08 03:25:23,755] {scheduler_job.py:629} INFO - Processing file /usr/local/lib/python3.6/dist-packages/airflow/example_dags/tutorial_etl_dag.py for tasks to queue
[2021-03-08 03:25:23,755] {logging_mixin.py:104} INFO - [2021-03-08 03:25:23,755] {dagbag.py:448} INFO - Filling up the DagBag from /usr/local/lib/python3.6/dist-packages/airflow/example_dags/tutorial_etl_dag.py
[2021-03-08 03:25:23,762] {scheduler_job.py:639} INFO - DAG(s) dict_keys(['tutorial_etl_dag']) retrieved from /usr/local/lib/python3.6/dist-packages/airflow/example_dags/tutorial_etl_dag.py
[2021-03-08 03:25:23,774] {logging_mixin.py:104} INFO - [2021-03-08 03:25:23,774] {dag.py:1818} INFO - Sync 1 DAGs
[2021-03-08 03:25:23,783] {logging_mixin.py:104} INFO - [2021-03-08 03:25:23,783] {dag.py:2273} INFO - Setting next_dagrun for tutorial_etl_dag to None
[2021-03-08 03:25:23,788] {scheduler_job.py:190} INFO - Processing /usr/local/lib/python3.6/dist-packages/airflow/example_dags/tutorial_etl_dag.py took 0.035 seconds
[2021-03-08 03:25:54,505] {scheduler_job.py:182} INFO - Started process (PID=777) to work on /usr/local/lib/python3.6/dist-packages/airflow/example_dags/tutorial_etl_dag.py
[2021-03-08 03:25:54,506] {scheduler_job.py:629} INFO - Processing file /usr/local/lib/python3.6/dist-packages/airflow/example_dags/tutorial_etl_dag.py for tasks to queue
[2021-03-08 03:25:54,507] {logging_mixin.py:104} INFO - [2021-03-08 03:25:54,507] {dagbag.py:448} INFO - Filling up the DagBag from /usr/local/lib/python3.6/dist-packages/airflow/example_dags/tutorial_etl_dag.py
[2021-03-08 03:25:54,513] {scheduler_job.py:639} INFO - DAG(s) dict_keys(['tutorial_etl_dag']) retrieved from /usr/local/lib/python3.6/dist-packages/airflow/example_dags/tutorial_etl_dag.py
[2021-03-08 03:25:54,526] {logging_mixin.py:104} INFO - [2021-03-08 03:25:54,526] {dag.py:1818} INFO - Sync 1 DAGs
[2021-03-08 03:25:54,535] {logging_mixin.py:104} INFO - [2021-03-08 03:25:54,535] {dag.py:2273} INFO - Setting next_dagrun for tutorial_etl_dag to None
[2021-03-08 03:25:54,541] {scheduler_job.py:190} INFO - Processing /usr/local/lib/python3.6/dist-packages/airflow/example_dags/tutorial_etl_dag.py took 0.037 seconds
