[2021-03-12 10:31:20,098] {taskinstance.py:851} INFO - Dependencies all met for <TaskInstance: conversion_flow.taskSchemaConv 2021-03-12T10:31:17+00:00 [queued]>
[2021-03-12 10:31:20,108] {taskinstance.py:851} INFO - Dependencies all met for <TaskInstance: conversion_flow.taskSchemaConv 2021-03-12T10:31:17+00:00 [queued]>
[2021-03-12 10:31:20,108] {taskinstance.py:1042} INFO - 
--------------------------------------------------------------------------------
[2021-03-12 10:31:20,108] {taskinstance.py:1043} INFO - Starting attempt 1 of 1
[2021-03-12 10:31:20,108] {taskinstance.py:1044} INFO - 
--------------------------------------------------------------------------------
[2021-03-12 10:31:20,113] {taskinstance.py:1063} INFO - Executing <Task(PythonOperator): taskSchemaConv> on 2021-03-12T10:31:17+00:00
[2021-03-12 10:31:20,114] {standard_task_runner.py:52} INFO - Started process 280 to run task
[2021-03-12 10:31:20,117] {standard_task_runner.py:76} INFO - Running: ['airflow', 'tasks', 'run', 'conversion_flow', 'taskSchemaConv', '2021-03-12T10:31:17+00:00', '--job-id', '10', '--pool', 'default_pool', '--raw', '--subdir', '/srv/app/src/ckanext-mysql2mongodb/ckanext/mysql2mongodb/data_conv/dag/conversion_flow.py', '--cfg-path', '/tmp/tmpp4poocxp', '--error-file', '/tmp/tmp8hnvg8so']
[2021-03-12 10:31:20,118] {standard_task_runner.py:77} INFO - Job 10: Subtask taskSchemaConv
[2021-03-12 10:31:20,140] {logging_mixin.py:104} INFO - Running <TaskInstance: conversion_flow.taskSchemaConv 2021-03-12T10:31:17+00:00 [running]> on host 345538432daf
[2021-03-12 10:31:20,160] {taskinstance.py:1257} INFO - Exporting the following env vars:
AIRFLOW_CTX_DAG_OWNER=airflow
AIRFLOW_CTX_DAG_ID=conversion_flow
AIRFLOW_CTX_TASK_ID=taskSchemaConv
AIRFLOW_CTX_EXECUTION_DATE=2021-03-12T10:31:17+00:00
AIRFLOW_CTX_DAG_RUN_ID=conversion_flow1615545077.282453
[2021-03-12 10:31:22,359] {logging_mixin.py:104} INFO - Generate MySQL database sakila successfully!
[2021-03-12 10:31:22,401] {logging_mixin.py:104} INFO - Save schema from sakila database to MongoDB successfully!
[2021-03-12 10:31:22,466] {logging_mixin.py:104} INFO - Write JSON data to MongoDB collection schema_view successfully!
[2021-03-12 10:31:22,466] {logging_mixin.py:104} INFO - Save schema view from sakila database to MongoDB successfully!
[2021-03-12 10:31:22,784] {logging_mixin.py:104} INFO - Connected to MySQL Server version  8.0.22
[2021-03-12 10:31:23,166] {python.py:118} INFO - Done. Returned value was: None
[2021-03-12 10:31:23,171] {taskinstance.py:1166} INFO - Marking task as SUCCESS. dag_id=conversion_flow, task_id=taskSchemaConv, execution_date=20210312T103117, start_date=20210312T103120, end_date=20210312T103123
[2021-03-12 10:31:23,185] {taskinstance.py:1220} INFO - 1 downstream tasks scheduled from follow-on schedule check
[2021-03-12 10:31:23,215] {local_task_job.py:146} INFO - Task exited with return code 0
