[2021-03-12 08:52:47,484] {taskinstance.py:851} INFO - Dependencies all met for <TaskInstance: conversion_flow.taskSchemaConv 2021-03-12T08:52:43+00:00 [queued]>
[2021-03-12 08:52:47,493] {taskinstance.py:851} INFO - Dependencies all met for <TaskInstance: conversion_flow.taskSchemaConv 2021-03-12T08:52:43+00:00 [queued]>
[2021-03-12 08:52:47,494] {taskinstance.py:1042} INFO - 
--------------------------------------------------------------------------------
[2021-03-12 08:52:47,494] {taskinstance.py:1043} INFO - Starting attempt 1 of 1
[2021-03-12 08:52:47,494] {taskinstance.py:1044} INFO - 
--------------------------------------------------------------------------------
[2021-03-12 08:52:47,498] {taskinstance.py:1063} INFO - Executing <Task(PythonOperator): taskSchemaConv> on 2021-03-12T08:52:43+00:00
[2021-03-12 08:52:47,500] {standard_task_runner.py:52} INFO - Started process 493 to run task
[2021-03-12 08:52:47,502] {standard_task_runner.py:76} INFO - Running: ['airflow', 'tasks', 'run', 'conversion_flow', 'taskSchemaConv', '2021-03-12T08:52:43+00:00', '--job-id', '4', '--pool', 'default_pool', '--raw', '--subdir', '/srv/app/src/ckanext-mysql2mongodb/ckanext/mysql2mongodb/data_conv/dag/conversion_flow.py', '--cfg-path', '/tmp/tmpqda_tah1', '--error-file', '/tmp/tmpl1uhdciu']
[2021-03-12 08:52:47,503] {standard_task_runner.py:77} INFO - Job 4: Subtask taskSchemaConv
[2021-03-12 08:52:47,526] {logging_mixin.py:104} INFO - Running <TaskInstance: conversion_flow.taskSchemaConv 2021-03-12T08:52:43+00:00 [running]> on host ba9f3097ecdf
[2021-03-12 08:52:47,547] {taskinstance.py:1257} INFO - Exporting the following env vars:
AIRFLOW_CTX_DAG_OWNER=airflow
AIRFLOW_CTX_DAG_ID=conversion_flow
AIRFLOW_CTX_TASK_ID=taskSchemaConv
AIRFLOW_CTX_EXECUTION_DATE=2021-03-12T08:52:43+00:00
AIRFLOW_CTX_DAG_RUN_ID=conversion_flow1615539163.517102
[2021-03-12 08:52:50,277] {logging_mixin.py:104} INFO - Generate MySQL database sakila successfully!
[2021-03-12 08:52:50,305] {logging_mixin.py:104} INFO - Save schema from sakila database to MongoDB successfully!
[2021-03-12 08:52:50,337] {logging_mixin.py:104} INFO - Write JSON data to MongoDB collection schema_view successfully!
[2021-03-12 08:52:50,337] {logging_mixin.py:104} INFO - Save schema view from sakila database to MongoDB successfully!
[2021-03-12 08:52:50,527] {logging_mixin.py:104} INFO - Connected to MySQL Server version  8.0.22
[2021-03-12 08:52:50,767] {python.py:118} INFO - Done. Returned value was: None
[2021-03-12 08:52:50,773] {taskinstance.py:1166} INFO - Marking task as SUCCESS. dag_id=conversion_flow, task_id=taskSchemaConv, execution_date=20210312T085243, start_date=20210312T085247, end_date=20210312T085250
[2021-03-12 08:52:50,789] {taskinstance.py:1220} INFO - 1 downstream tasks scheduled from follow-on schedule check
[2021-03-12 08:52:50,811] {local_task_job.py:146} INFO - Task exited with return code 0
