[2021-03-12 11:11:23,073] {taskinstance.py:851} INFO - Dependencies all met for <TaskInstance: conversion_flow.taskSchemaConv 2021-03-12T11:11:20+00:00 [queued]>
[2021-03-12 11:11:23,082] {taskinstance.py:851} INFO - Dependencies all met for <TaskInstance: conversion_flow.taskSchemaConv 2021-03-12T11:11:20+00:00 [queued]>
[2021-03-12 11:11:23,082] {taskinstance.py:1042} INFO - 
--------------------------------------------------------------------------------
[2021-03-12 11:11:23,082] {taskinstance.py:1043} INFO - Starting attempt 1 of 1
[2021-03-12 11:11:23,082] {taskinstance.py:1044} INFO - 
--------------------------------------------------------------------------------
[2021-03-12 11:11:23,087] {taskinstance.py:1063} INFO - Executing <Task(PythonOperator): taskSchemaConv> on 2021-03-12T11:11:20+00:00
[2021-03-12 11:11:23,089] {standard_task_runner.py:52} INFO - Started process 1313 to run task
[2021-03-12 11:11:23,092] {standard_task_runner.py:76} INFO - Running: ['airflow', 'tasks', 'run', 'conversion_flow', 'taskSchemaConv', '2021-03-12T11:11:20+00:00', '--job-id', '9', '--pool', 'default_pool', '--raw', '--subdir', '/srv/app/src/ckanext-mysql2mongodb/ckanext/mysql2mongodb/data_conv/dag/conversion_flow.py', '--cfg-path', '/tmp/tmp4cs9r2iy', '--error-file', '/tmp/tmpndiwgzy2']
[2021-03-12 11:11:23,093] {standard_task_runner.py:77} INFO - Job 9: Subtask taskSchemaConv
[2021-03-12 11:11:23,118] {logging_mixin.py:104} INFO - Running <TaskInstance: conversion_flow.taskSchemaConv 2021-03-12T11:11:20+00:00 [running]> on host 6299f34f884f
[2021-03-12 11:11:23,140] {taskinstance.py:1257} INFO - Exporting the following env vars:
AIRFLOW_CTX_DAG_OWNER=airflow
AIRFLOW_CTX_DAG_ID=conversion_flow
AIRFLOW_CTX_TASK_ID=taskSchemaConv
AIRFLOW_CTX_EXECUTION_DATE=2021-03-12T11:11:20+00:00
AIRFLOW_CTX_DAG_RUN_ID=conversion_flow1615547480.130667
[2021-03-12 11:11:24,811] {logging_mixin.py:104} INFO - Generate MySQL database sakila successfully!
[2021-03-12 11:11:24,832] {logging_mixin.py:104} INFO - Save schema from sakila database to MongoDB successfully!
[2021-03-12 11:11:24,863] {logging_mixin.py:104} INFO - Write JSON data to MongoDB collection schema_view successfully!
[2021-03-12 11:11:24,863] {logging_mixin.py:104} INFO - Save schema view from sakila database to MongoDB successfully!
[2021-03-12 11:11:24,869] {logging_mixin.py:104} INFO - Connected to MySQL Server version  8.0.22
[2021-03-12 11:11:24,915] {python.py:118} INFO - Done. Returned value was: None
[2021-03-12 11:11:24,921] {taskinstance.py:1166} INFO - Marking task as SUCCESS. dag_id=conversion_flow, task_id=taskSchemaConv, execution_date=20210312T111120, start_date=20210312T111123, end_date=20210312T111124
[2021-03-12 11:11:24,936] {taskinstance.py:1220} INFO - 1 downstream tasks scheduled from follow-on schedule check
[2021-03-12 11:11:24,950] {local_task_job.py:146} INFO - Task exited with return code 0
