[2021-03-12 10:31:18,775] {taskinstance.py:851} INFO - Dependencies all met for <TaskInstance: conversion_flow.taskPrepare 2021-03-12T10:31:17+00:00 [queued]>
[2021-03-12 10:31:18,785] {taskinstance.py:851} INFO - Dependencies all met for <TaskInstance: conversion_flow.taskPrepare 2021-03-12T10:31:17+00:00 [queued]>
[2021-03-12 10:31:18,786] {taskinstance.py:1042} INFO - 
--------------------------------------------------------------------------------
[2021-03-12 10:31:18,786] {taskinstance.py:1043} INFO - Starting attempt 1 of 1
[2021-03-12 10:31:18,786] {taskinstance.py:1044} INFO - 
--------------------------------------------------------------------------------
[2021-03-12 10:31:18,790] {taskinstance.py:1063} INFO - Executing <Task(PythonOperator): taskPrepare> on 2021-03-12T10:31:17+00:00
[2021-03-12 10:31:18,791] {standard_task_runner.py:52} INFO - Started process 266 to run task
[2021-03-12 10:31:18,793] {standard_task_runner.py:76} INFO - Running: ['airflow', 'tasks', 'run', 'conversion_flow', 'taskPrepare', '2021-03-12T10:31:17+00:00', '--job-id', '9', '--pool', 'default_pool', '--raw', '--subdir', '/srv/app/src/ckanext-mysql2mongodb/ckanext/mysql2mongodb/data_conv/dag/conversion_flow.py', '--cfg-path', '/tmp/tmprvbpujy6', '--error-file', '/tmp/tmpe_k2n1ea']
[2021-03-12 10:31:18,794] {standard_task_runner.py:77} INFO - Job 9: Subtask taskPrepare
[2021-03-12 10:31:18,817] {logging_mixin.py:104} INFO - Running <TaskInstance: conversion_flow.taskPrepare 2021-03-12T10:31:17+00:00 [running]> on host 345538432daf
[2021-03-12 10:31:18,842] {taskinstance.py:1257} INFO - Exporting the following env vars:
AIRFLOW_CTX_DAG_OWNER=airflow
AIRFLOW_CTX_DAG_ID=conversion_flow
AIRFLOW_CTX_TASK_ID=taskPrepare
AIRFLOW_CTX_EXECUTION_DATE=2021-03-12T10:31:17+00:00
AIRFLOW_CTX_DAG_RUN_ID=conversion_flow1615545077.282453
[2021-03-12 10:31:18,900] {logging_mixin.py:104} INFO - Connected to MySQL Server version  8.0.22
[2021-03-12 10:31:19,006] {python.py:118} INFO - Done. Returned value was: True
[2021-03-12 10:31:19,031] {taskinstance.py:1166} INFO - Marking task as SUCCESS. dag_id=conversion_flow, task_id=taskPrepare, execution_date=20210312T103117, start_date=20210312T103118, end_date=20210312T103119
[2021-03-12 10:31:19,053] {taskinstance.py:1220} INFO - 1 downstream tasks scheduled from follow-on schedule check
[2021-03-12 10:31:19,086] {local_task_job.py:146} INFO - Task exited with return code 0
