[2021-03-12 07:45:16,762] {taskinstance.py:851} INFO - Dependencies all met for <TaskInstance: conversion_flow.taskPrepare 2021-03-12T07:45:15+00:00 [queued]>
[2021-03-12 07:45:16,772] {taskinstance.py:851} INFO - Dependencies all met for <TaskInstance: conversion_flow.taskPrepare 2021-03-12T07:45:15+00:00 [queued]>
[2021-03-12 07:45:16,772] {taskinstance.py:1042} INFO - 
--------------------------------------------------------------------------------
[2021-03-12 07:45:16,772] {taskinstance.py:1043} INFO - Starting attempt 1 of 1
[2021-03-12 07:45:16,772] {taskinstance.py:1044} INFO - 
--------------------------------------------------------------------------------
[2021-03-12 07:45:16,777] {taskinstance.py:1063} INFO - Executing <Task(PythonOperator): taskPrepare> on 2021-03-12T07:45:15+00:00
[2021-03-12 07:45:16,779] {standard_task_runner.py:52} INFO - Started process 5872 to run task
[2021-03-12 07:45:16,781] {standard_task_runner.py:76} INFO - Running: ['airflow', 'tasks', 'run', 'conversion_flow', 'taskPrepare', '2021-03-12T07:45:15+00:00', '--job-id', '19', '--pool', 'default_pool', '--raw', '--subdir', '/srv/app/src/ckanext-mysql2mongodb/ckanext/mysql2mongodb/data_conv/dag/conversion_flow.py', '--cfg-path', '/tmp/tmpox00l9tt', '--error-file', '/tmp/tmpt000nl4w']
[2021-03-12 07:45:16,782] {standard_task_runner.py:77} INFO - Job 19: Subtask taskPrepare
[2021-03-12 07:45:16,807] {logging_mixin.py:104} INFO - Running <TaskInstance: conversion_flow.taskPrepare 2021-03-12T07:45:15+00:00 [running]> on host 83c843b036e0
[2021-03-12 07:45:16,829] {taskinstance.py:1257} INFO - Exporting the following env vars:
AIRFLOW_CTX_DAG_OWNER=airflow
AIRFLOW_CTX_DAG_ID=conversion_flow
AIRFLOW_CTX_TASK_ID=taskPrepare
AIRFLOW_CTX_EXECUTION_DATE=2021-03-12T07:45:15+00:00
AIRFLOW_CTX_DAG_RUN_ID=conversion_flow1615535115.039264
[2021-03-12 07:45:16,885] {logging_mixin.py:104} INFO - Connected to MySQL Server version  8.0.22
[2021-03-12 07:45:19,033] {python.py:118} INFO - Done. Returned value was: True
[2021-03-12 07:45:19,049] {taskinstance.py:1166} INFO - Marking task as SUCCESS. dag_id=conversion_flow, task_id=taskPrepare, execution_date=20210312T074515, start_date=20210312T074516, end_date=20210312T074519
[2021-03-12 07:45:19,069] {taskinstance.py:1220} INFO - 1 downstream tasks scheduled from follow-on schedule check
[2021-03-12 07:45:19,077] {local_task_job.py:146} INFO - Task exited with return code 0
